2023-06-08 14:44:49		dbglog() is deprecated. It was called from auth_plugin_authwordpress::getUserData() in /var/www/akdtu.dk/public_html/wiki/lib/plugins/authwordpress/auth.php:202 \dokuwiki\Logger should be used instead!
2023-06-08 14:44:49		dbglog() is deprecated. It was called from auth_plugin_authwordpress::checkPass() in /var/www/akdtu.dk/public_html/wiki/lib/plugins/authwordpress/auth.php:125 \dokuwiki\Logger should be used instead!
2023-06-08 14:44:49		dbglog() is deprecated. It was called from auth_plugin_authwordpress::getUserData() in /var/www/akdtu.dk/public_html/wiki/lib/plugins/authwordpress/auth.php:202 \dokuwiki\Logger should be used instead!
2023-06-08 14:45:25		require(syntax.php) is deprecated. It was called from require() in /var/www/akdtu.dk/public_html/wiki/lib/plugins/anchor/syntax.php:4 Autoloading should be used instead!
2023-06-08 14:45:25		dbglog() is deprecated. It was called from auth_plugin_authwordpress::getUserData() in /var/www/akdtu.dk/public_html/wiki/lib/plugins/authwordpress/auth.php:202 \dokuwiki\Logger should be used instead!
2023-06-08 14:54:18		require(syntax.php) is deprecated. It was called from require() in /var/www/akdtu.dk/public_html/wiki/lib/plugins/anchor/syntax.php:4 Autoloading should be used instead!
2023-06-08 14:54:43		require(syntax.php) is deprecated. It was called from require() in /var/www/akdtu.dk/public_html/wiki/lib/plugins/anchor/syntax.php:4 Autoloading should be used instead!
2023-06-08 14:56:31		require(syntax.php) is deprecated. It was called from require() in /var/www/akdtu.dk/public_html/wiki/lib/plugins/anchor/syntax.php:4 Autoloading should be used instead!
2023-06-08 14:56:31		dbglog() is deprecated. It was called from auth_plugin_authwordpress::getUserData() in /var/www/akdtu.dk/public_html/wiki/lib/plugins/authwordpress/auth.php:202 \dokuwiki\Logger should be used instead!
2023-06-08 14:56:31		require(syntax.php) is deprecated. It was called from require() in /var/www/akdtu.dk/public_html/wiki/lib/plugins/anchor/syntax.php:4 Autoloading should be used instead!
2023-06-08 14:56:34		require(syntax.php) is deprecated. It was called from require() in /var/www/akdtu.dk/public_html/wiki/lib/plugins/anchor/syntax.php:4 Autoloading should be used instead!
2023-06-08 14:56:44		dbglog() is deprecated. It was called from auth_plugin_authwordpress::getUserData() in /var/www/akdtu.dk/public_html/wiki/lib/plugins/authwordpress/auth.php:202 \dokuwiki\Logger should be used instead!
2023-06-08 14:57:22		require(syntax.php) is deprecated. It was called from require() in /var/www/akdtu.dk/public_html/wiki/lib/plugins/anchor/syntax.php:4 Autoloading should be used instead!
2023-06-08 14:57:22		dbglog() is deprecated. It was called from auth_plugin_authwordpress::getUserData() in /var/www/akdtu.dk/public_html/wiki/lib/plugins/authwordpress/auth.php:202 \dokuwiki\Logger should be used instead!
2023-06-08 14:57:22		require(syntax.php) is deprecated. It was called from require() in /var/www/akdtu.dk/public_html/wiki/lib/plugins/anchor/syntax.php:4 Autoloading should be used instead!
2023-06-08 14:57:28		require(syntax.php) is deprecated. It was called from require() in /var/www/akdtu.dk/public_html/wiki/lib/plugins/anchor/syntax.php:4 Autoloading should be used instead!
2023-06-08 14:58:13		dbglog() is deprecated. It was called from auth_plugin_authwordpress::getUserData() in /var/www/akdtu.dk/public_html/wiki/lib/plugins/authwordpress/auth.php:202 \dokuwiki\Logger should be used instead!
2023-06-08 14:58:15		dbglog() is deprecated. It was called from auth_plugin_authwordpress::getUserData() in /var/www/akdtu.dk/public_html/wiki/lib/plugins/authwordpress/auth.php:202 \dokuwiki\Logger should be used instead!
2023-06-08 14:58:21		dbglog() is deprecated. It was called from auth_plugin_authwordpress::getUserData() in /var/www/akdtu.dk/public_html/wiki/lib/plugins/authwordpress/auth.php:202 \dokuwiki\Logger should be used instead!
2023-06-08 14:58:22		dbglog() is deprecated. It was called from auth_plugin_authwordpress::getUserData() in /var/www/akdtu.dk/public_html/wiki/lib/plugins/authwordpress/auth.php:202 \dokuwiki\Logger should be used instead!
2023-06-08 14:58:26		dbglog() is deprecated. It was called from auth_plugin_authwordpress::getUserData() in /var/www/akdtu.dk/public_html/wiki/lib/plugins/authwordpress/auth.php:202 \dokuwiki\Logger should be used instead!
2023-06-08 14:58:28		dbglog() is deprecated. It was called from auth_plugin_authwordpress::getUserData() in /var/www/akdtu.dk/public_html/wiki/lib/plugins/authwordpress/auth.php:202 \dokuwiki\Logger should be used instead!
2023-06-08 14:58:31		dbglog() is deprecated. It was called from auth_plugin_authwordpress::getUserData() in /var/www/akdtu.dk/public_html/wiki/lib/plugins/authwordpress/auth.php:202 \dokuwiki\Logger should be used instead!
2023-06-08 14:58:31		dbglog() is deprecated. It was called from auth_plugin_authwordpress::getUserData() in /var/www/akdtu.dk/public_html/wiki/lib/plugins/authwordpress/auth.php:202 \dokuwiki\Logger should be used instead!
2023-06-08 14:58:33		dbglog() is deprecated. It was called from auth_plugin_authwordpress::getUserData() in /var/www/akdtu.dk/public_html/wiki/lib/plugins/authwordpress/auth.php:202 \dokuwiki\Logger should be used instead!
2023-06-08 14:58:47		require(syntax.php) is deprecated. It was called from require() in /var/www/akdtu.dk/public_html/wiki/lib/plugins/anchor/syntax.php:4 Autoloading should be used instead!
2023-06-08 14:58:47		dbglog() is deprecated. It was called from auth_plugin_authwordpress::getUserData() in /var/www/akdtu.dk/public_html/wiki/lib/plugins/authwordpress/auth.php:202 \dokuwiki\Logger should be used instead!
2023-06-08 14:59:01		dbglog() is deprecated. It was called from auth_plugin_authwordpress::getUserData() in /var/www/akdtu.dk/public_html/wiki/lib/plugins/authwordpress/auth.php:202 \dokuwiki\Logger should be used instead!
2023-06-08 14:59:09		require(syntax.php) is deprecated. It was called from require() in /var/www/akdtu.dk/public_html/wiki/lib/plugins/anchor/syntax.php:4 Autoloading should be used instead!
2023-06-08 14:59:09		dbglog() is deprecated. It was called from auth_plugin_authwordpress::getUserData() in /var/www/akdtu.dk/public_html/wiki/lib/plugins/authwordpress/auth.php:202 \dokuwiki\Logger should be used instead!
2023-06-08 14:59:22		dbglog() is deprecated. It was called from auth_plugin_authwordpress::getUserData() in /var/www/akdtu.dk/public_html/wiki/lib/plugins/authwordpress/auth.php:202 \dokuwiki\Logger should be used instead!
2023-06-08 14:59:22		dbglog() is deprecated. It was called from auth_plugin_authwordpress::getUserData() in /var/www/akdtu.dk/public_html/wiki/lib/plugins/authwordpress/auth.php:202 \dokuwiki\Logger should be used instead!
2023-06-08 14:59:22		dbglog() is deprecated. It was called from auth_plugin_authwordpress::getUserData() in /var/www/akdtu.dk/public_html/wiki/lib/plugins/authwordpress/auth.php:202 \dokuwiki\Logger should be used instead!
2023-06-08 14:59:24		dbglog() is deprecated. It was called from auth_plugin_authwordpress::getUserData() in /var/www/akdtu.dk/public_html/wiki/lib/plugins/authwordpress/auth.php:202 \dokuwiki\Logger should be used instead!
2023-06-08 14:59:26		dbglog() is deprecated. It was called from auth_plugin_authwordpress::getUserData() in /var/www/akdtu.dk/public_html/wiki/lib/plugins/authwordpress/auth.php:202 \dokuwiki\Logger should be used instead!
2023-06-08 14:59:27		dbglog() is deprecated. It was called from auth_plugin_authwordpress::getUserData() in /var/www/akdtu.dk/public_html/wiki/lib/plugins/authwordpress/auth.php:202 \dokuwiki\Logger should be used instead!
2023-06-08 14:59:30		dbglog() is deprecated. It was called from auth_plugin_authwordpress::getUserData() in /var/www/akdtu.dk/public_html/wiki/lib/plugins/authwordpress/auth.php:202 \dokuwiki\Logger should be used instead!
2023-06-08 14:59:39		dbglog() is deprecated. It was called from auth_plugin_authwordpress::getUserData() in /var/www/akdtu.dk/public_html/wiki/lib/plugins/authwordpress/auth.php:202 \dokuwiki\Logger should be used instead!
2023-06-08 14:59:45		dbglog() is deprecated. It was called from auth_plugin_authwordpress::getUserData() in /var/www/akdtu.dk/public_html/wiki/lib/plugins/authwordpress/auth.php:202 \dokuwiki\Logger should be used instead!
2023-06-08 14:59:45		dbglog() is deprecated. It was called from auth_plugin_authwordpress::getUserData() in /var/www/akdtu.dk/public_html/wiki/lib/plugins/authwordpress/auth.php:202 \dokuwiki\Logger should be used instead!
2023-06-08 14:59:48		dbglog() is deprecated. It was called from auth_plugin_authwordpress::getUserData() in /var/www/akdtu.dk/public_html/wiki/lib/plugins/authwordpress/auth.php:202 \dokuwiki\Logger should be used instead!
2023-06-08 14:59:51		dbglog() is deprecated. It was called from auth_plugin_authwordpress::getUserData() in /var/www/akdtu.dk/public_html/wiki/lib/plugins/authwordpress/auth.php:202 \dokuwiki\Logger should be used instead!
2023-06-08 14:59:51		dbglog() is deprecated. It was called from auth_plugin_authwordpress::checkPass() in /var/www/akdtu.dk/public_html/wiki/lib/plugins/authwordpress/auth.php:125 \dokuwiki\Logger should be used instead!
2023-06-08 14:59:51		dbglog() is deprecated. It was called from auth_plugin_authwordpress::getUserData() in /var/www/akdtu.dk/public_html/wiki/lib/plugins/authwordpress/auth.php:202 \dokuwiki\Logger should be used instead!
2023-06-08 14:59:54		require(syntax.php) is deprecated. It was called from require() in /var/www/akdtu.dk/public_html/wiki/lib/plugins/anchor/syntax.php:4 Autoloading should be used instead!
2023-06-08 14:59:54		dbglog() is deprecated. It was called from auth_plugin_authwordpress::getUserData() in /var/www/akdtu.dk/public_html/wiki/lib/plugins/authwordpress/auth.php:202 \dokuwiki\Logger should be used instead!
2023-06-08 15:00:03		require(syntax.php) is deprecated. It was called from require() in /var/www/akdtu.dk/public_html/wiki/lib/plugins/anchor/syntax.php:4 Autoloading should be used instead!
2023-06-08 15:00:03		dbglog() is deprecated. It was called from auth_plugin_authwordpress::getUserData() in /var/www/akdtu.dk/public_html/wiki/lib/plugins/authwordpress/auth.php:202 \dokuwiki\Logger should be used instead!
2023-06-08 15:00:09		dbglog() is deprecated. It was called from auth_plugin_authwordpress::getUserData() in /var/www/akdtu.dk/public_html/wiki/lib/plugins/authwordpress/auth.php:202 \dokuwiki\Logger should be used instead!
2023-06-08 15:00:13		dbglog() is deprecated. It was called from auth_plugin_authwordpress::getUserData() in /var/www/akdtu.dk/public_html/wiki/lib/plugins/authwordpress/auth.php:202 \dokuwiki\Logger should be used instead!
2023-06-08 15:00:15		dbglog() is deprecated. It was called from auth_plugin_authwordpress::getUserData() in /var/www/akdtu.dk/public_html/wiki/lib/plugins/authwordpress/auth.php:202 \dokuwiki\Logger should be used instead!
2023-06-08 15:00:30		dbglog() is deprecated. It was called from auth_plugin_authwordpress::getUserData() in /var/www/akdtu.dk/public_html/wiki/lib/plugins/authwordpress/auth.php:202 \dokuwiki\Logger should be used instead!
2023-06-08 15:00:41		require(syntax.php) is deprecated. It was called from require() in /var/www/akdtu.dk/public_html/wiki/lib/plugins/anchor/syntax.php:4 Autoloading should be used instead!
2023-06-08 15:00:41		dbglog() is deprecated. It was called from auth_plugin_authwordpress::getUserData() in /var/www/akdtu.dk/public_html/wiki/lib/plugins/authwordpress/auth.php:202 \dokuwiki\Logger should be used instead!
2023-06-08 15:00:41		require(syntax.php) is deprecated. It was called from require() in /var/www/akdtu.dk/public_html/wiki/lib/plugins/anchor/syntax.php:4 Autoloading should be used instead!
2023-06-08 15:00:41		require(syntax.php) is deprecated. It was called from require() in /var/www/akdtu.dk/public_html/wiki/lib/plugins/anchor/syntax.php:4 Autoloading should be used instead!
2023-06-08 15:00:44		require(syntax.php) is deprecated. It was called from require() in /var/www/akdtu.dk/public_html/wiki/lib/plugins/anchor/syntax.php:4 Autoloading should be used instead!
2023-06-08 15:00:44		dbglog() is deprecated. It was called from auth_plugin_authwordpress::getUserData() in /var/www/akdtu.dk/public_html/wiki/lib/plugins/authwordpress/auth.php:202 \dokuwiki\Logger should be used instead!
2023-06-08 15:06:39		dbglog() is deprecated. It was called from auth_plugin_authwordpress::getUserData() in /var/www/akdtu.dk/public_html/wiki/lib/plugins/authwordpress/auth.php:202 \dokuwiki\Logger should be used instead!
2023-06-08 15:06:40		dbglog() is deprecated. It was called from auth_plugin_authwordpress::getUserData() in /var/www/akdtu.dk/public_html/wiki/lib/plugins/authwordpress/auth.php:202 \dokuwiki\Logger should be used instead!
2023-06-08 15:06:43		dbglog() is deprecated. It was called from auth_plugin_authwordpress::getUserData() in /var/www/akdtu.dk/public_html/wiki/lib/plugins/authwordpress/auth.php:202 \dokuwiki\Logger should be used instead!
2023-06-08 15:06:44		dbglog() is deprecated. It was called from auth_plugin_authwordpress::getUserData() in /var/www/akdtu.dk/public_html/wiki/lib/plugins/authwordpress/auth.php:202 \dokuwiki\Logger should be used instead!
2023-06-08 15:08:21		require(syntax.php) is deprecated. It was called from require() in /var/www/akdtu.dk/public_html/wiki/lib/plugins/anchor/syntax.php:4 Autoloading should be used instead!
2023-06-08 15:08:21		Doku_Handler::_addCall() is deprecated. It was called from syntax_plugin_wrap_div::handle() in /var/www/akdtu.dk/public_html/wiki/lib/plugins/wrap/syntax/div.php:49 addCall should be used instead!
2023-06-08 15:08:21		dbglog() is deprecated. It was called from auth_plugin_authwordpress::getUserData() in /var/www/akdtu.dk/public_html/wiki/lib/plugins/authwordpress/auth.php:202 \dokuwiki\Logger should be used instead!
2023-06-08 15:09:05		require(syntax.php) is deprecated. It was called from require() in /var/www/akdtu.dk/public_html/wiki/lib/plugins/anchor/syntax.php:4 Autoloading should be used instead!
2023-06-08 15:09:05		Doku_Handler::_addCall() is deprecated. It was called from syntax_plugin_wrap_div::handle() in /var/www/akdtu.dk/public_html/wiki/lib/plugins/wrap/syntax/div.php:49 addCall should be used instead!
2023-06-08 15:09:05		Doku_Handler::_addCall() is deprecated. It was called from syntax_plugin_wrap_span::handle() in /var/www/akdtu.dk/public_html/wiki/lib/plugins/wrap/syntax/span.php:47 addCall should be used instead!
2023-06-08 15:09:05		Doku_Handler::_addCall() is deprecated. It was called from syntax_plugin_wrap_div::handle() in /var/www/akdtu.dk/public_html/wiki/lib/plugins/wrap/syntax/div.php:49 addCall should be used instead!
2023-06-08 15:09:05		dbglog() is deprecated. It was called from auth_plugin_authwordpress::getUserData() in /var/www/akdtu.dk/public_html/wiki/lib/plugins/authwordpress/auth.php:202 \dokuwiki\Logger should be used instead!
2023-06-08 15:09:19		require(syntax.php) is deprecated. It was called from require() in /var/www/akdtu.dk/public_html/wiki/lib/plugins/anchor/syntax.php:4 Autoloading should be used instead!
2023-06-08 15:09:19		Doku_Handler::_addCall() is deprecated. It was called from syntax_plugin_wrap_span::handle() in /var/www/akdtu.dk/public_html/wiki/lib/plugins/wrap/syntax/span.php:47 addCall should be used instead!
2023-06-08 15:09:19		dbglog() is deprecated. It was called from auth_plugin_authwordpress::getUserData() in /var/www/akdtu.dk/public_html/wiki/lib/plugins/authwordpress/auth.php:202 \dokuwiki\Logger should be used instead!
2023-06-08 15:09:36		require(syntax.php) is deprecated. It was called from require() in /var/www/akdtu.dk/public_html/wiki/lib/plugins/anchor/syntax.php:4 Autoloading should be used instead!
2023-06-08 15:09:36		Doku_Handler::_addCall() is deprecated. It was called from syntax_plugin_wrap_div::handle() in /var/www/akdtu.dk/public_html/wiki/lib/plugins/wrap/syntax/div.php:49 addCall should be used instead!
2023-06-08 15:09:36		Doku_Handler::_addCall() is deprecated. It was called from syntax_plugin_wrap_div::handle() in /var/www/akdtu.dk/public_html/wiki/lib/plugins/wrap/syntax/div.php:49 addCall should be used instead!
2023-06-08 15:09:36		Doku_Handler::_addCall() is deprecated. It was called from syntax_plugin_wrap_span::handle() in /var/www/akdtu.dk/public_html/wiki/lib/plugins/wrap/syntax/span.php:47 addCall should be used instead!
2023-06-08 15:09:36		Doku_Handler::_addCall() is deprecated. It was called from syntax_plugin_wrap_div::handle() in /var/www/akdtu.dk/public_html/wiki/lib/plugins/wrap/syntax/div.php:49 addCall should be used instead!
2023-06-08 15:09:36		Doku_Handler::_addCall() is deprecated. It was called from syntax_plugin_wrap_div::handle() in /var/www/akdtu.dk/public_html/wiki/lib/plugins/wrap/syntax/div.php:49 addCall should be used instead!
2023-06-08 15:09:36		dbglog() is deprecated. It was called from auth_plugin_authwordpress::getUserData() in /var/www/akdtu.dk/public_html/wiki/lib/plugins/authwordpress/auth.php:202 \dokuwiki\Logger should be used instead!
2023-06-08 15:11:14		require(syntax.php) is deprecated. It was called from require() in /var/www/akdtu.dk/public_html/wiki/lib/plugins/anchor/syntax.php:4 Autoloading should be used instead!
2023-06-08 15:11:14		Doku_Handler::_addCall() is deprecated. It was called from syntax_plugin_wrap_span::handle() in /var/www/akdtu.dk/public_html/wiki/lib/plugins/wrap/syntax/span.php:47 addCall should be used instead!
2023-06-08 15:11:14		dbglog() is deprecated. It was called from auth_plugin_authwordpress::getUserData() in /var/www/akdtu.dk/public_html/wiki/lib/plugins/authwordpress/auth.php:202 \dokuwiki\Logger should be used instead!
2023-06-08 15:11:27		require(syntax.php) is deprecated. It was called from require() in /var/www/akdtu.dk/public_html/wiki/lib/plugins/anchor/syntax.php:4 Autoloading should be used instead!
2023-06-08 15:11:27		Doku_Handler::_addCall() is deprecated. It was called from syntax_plugin_wrap_span::handle() in /var/www/akdtu.dk/public_html/wiki/lib/plugins/wrap/syntax/span.php:47 addCall should be used instead!
2023-06-08 15:11:27		dbglog() is deprecated. It was called from auth_plugin_authwordpress::getUserData() in /var/www/akdtu.dk/public_html/wiki/lib/plugins/authwordpress/auth.php:202 \dokuwiki\Logger should be used instead!
2023-06-08 15:11:44		dbglog() is deprecated. It was called from auth_plugin_authwordpress::getUserData() in /var/www/akdtu.dk/public_html/wiki/lib/plugins/authwordpress/auth.php:202 \dokuwiki\Logger should be used instead!
2023-06-08 15:12:15		require(syntax.php) is deprecated. It was called from require() in /var/www/akdtu.dk/public_html/wiki/lib/plugins/anchor/syntax.php:4 Autoloading should be used instead!
2023-06-08 15:12:15		Doku_Handler::_addCall() is deprecated. It was called from syntax_plugin_wrap_div::handle() in /var/www/akdtu.dk/public_html/wiki/lib/plugins/wrap/syntax/div.php:49 addCall should be used instead!
2023-06-08 15:12:15		Doku_Handler::_addCall() is deprecated. It was called from syntax_plugin_wrap_div::handle() in /var/www/akdtu.dk/public_html/wiki/lib/plugins/wrap/syntax/div.php:49 addCall should be used instead!
2023-06-08 15:12:15		Doku_Handler::_addCall() is deprecated. It was called from syntax_plugin_wrap_div::handle() in /var/www/akdtu.dk/public_html/wiki/lib/plugins/wrap/syntax/div.php:49 addCall should be used instead!
2023-06-08 15:12:15		Doku_Handler::_addCall() is deprecated. It was called from syntax_plugin_wrap_div::handle() in /var/www/akdtu.dk/public_html/wiki/lib/plugins/wrap/syntax/div.php:49 addCall should be used instead!
2023-06-08 15:12:15		Doku_Handler::_addCall() is deprecated. It was called from syntax_plugin_wrap_div::handle() in /var/www/akdtu.dk/public_html/wiki/lib/plugins/wrap/syntax/div.php:49 addCall should be used instead!
2023-06-08 15:12:15		Doku_Handler::_addCall() is deprecated. It was called from syntax_plugin_wrap_div::handle() in /var/www/akdtu.dk/public_html/wiki/lib/plugins/wrap/syntax/div.php:49 addCall should be used instead!
2023-06-08 15:12:15		Doku_Handler::_addCall() is deprecated. It was called from syntax_plugin_wrap_div::handle() in /var/www/akdtu.dk/public_html/wiki/lib/plugins/wrap/syntax/div.php:49 addCall should be used instead!
2023-06-08 15:12:15		Doku_Handler::_addCall() is deprecated. It was called from syntax_plugin_wrap_div::handle() in /var/www/akdtu.dk/public_html/wiki/lib/plugins/wrap/syntax/div.php:49 addCall should be used instead!
2023-06-08 15:12:15		Doku_Handler::_addCall() is deprecated. It was called from syntax_plugin_wrap_div::handle() in /var/www/akdtu.dk/public_html/wiki/lib/plugins/wrap/syntax/div.php:49 addCall should be used instead!
2023-06-08 15:12:15		Doku_Handler::_addCall() is deprecated. It was called from syntax_plugin_wrap_div::handle() in /var/www/akdtu.dk/public_html/wiki/lib/plugins/wrap/syntax/div.php:49 addCall should be used instead!
2023-06-08 15:12:15		Doku_Handler::_addCall() is deprecated. It was called from syntax_plugin_wrap_div::handle() in /var/www/akdtu.dk/public_html/wiki/lib/plugins/wrap/syntax/div.php:49 addCall should be used instead!
2023-06-08 15:12:15		Doku_Handler::_addCall() is deprecated. It was called from syntax_plugin_wrap_div::handle() in /var/www/akdtu.dk/public_html/wiki/lib/plugins/wrap/syntax/div.php:49 addCall should be used instead!
2023-06-08 15:12:15		Doku_Handler::_addCall() is deprecated. It was called from syntax_plugin_wrap_div::handle() in /var/www/akdtu.dk/public_html/wiki/lib/plugins/wrap/syntax/div.php:49 addCall should be used instead!
2023-06-08 15:12:15		Doku_Handler::_addCall() is deprecated. It was called from syntax_plugin_wrap_div::handle() in /var/www/akdtu.dk/public_html/wiki/lib/plugins/wrap/syntax/div.php:49 addCall should be used instead!
2023-06-08 15:12:15		Doku_Handler::_addCall() is deprecated. It was called from syntax_plugin_wrap_div::handle() in /var/www/akdtu.dk/public_html/wiki/lib/plugins/wrap/syntax/div.php:49 addCall should be used instead!
2023-06-08 15:12:15		Doku_Handler::_addCall() is deprecated. It was called from syntax_plugin_wrap_div::handle() in /var/www/akdtu.dk/public_html/wiki/lib/plugins/wrap/syntax/div.php:49 addCall should be used instead!
2023-06-08 15:12:15		Doku_Handler::_addCall() is deprecated. It was called from syntax_plugin_wrap_div::handle() in /var/www/akdtu.dk/public_html/wiki/lib/plugins/wrap/syntax/div.php:49 addCall should be used instead!
2023-06-08 15:12:15		Doku_Handler::_addCall() is deprecated. It was called from syntax_plugin_wrap_div::handle() in /var/www/akdtu.dk/public_html/wiki/lib/plugins/wrap/syntax/div.php:49 addCall should be used instead!
2023-06-08 15:12:15		Doku_Handler::_addCall() is deprecated. It was called from syntax_plugin_wrap_div::handle() in /var/www/akdtu.dk/public_html/wiki/lib/plugins/wrap/syntax/div.php:49 addCall should be used instead!
2023-06-08 15:12:15		Doku_Handler::_addCall() is deprecated. It was called from syntax_plugin_wrap_div::handle() in /var/www/akdtu.dk/public_html/wiki/lib/plugins/wrap/syntax/div.php:49 addCall should be used instead!
2023-06-08 15:12:15		Doku_Handler::_addCall() is deprecated. It was called from syntax_plugin_wrap_div::handle() in /var/www/akdtu.dk/public_html/wiki/lib/plugins/wrap/syntax/div.php:49 addCall should be used instead!
2023-06-08 15:12:15		Doku_Handler::_addCall() is deprecated. It was called from syntax_plugin_wrap_div::handle() in /var/www/akdtu.dk/public_html/wiki/lib/plugins/wrap/syntax/div.php:49 addCall should be used instead!
2023-06-08 15:12:15		Doku_Handler::_addCall() is deprecated. It was called from syntax_plugin_wrap_div::handle() in /var/www/akdtu.dk/public_html/wiki/lib/plugins/wrap/syntax/div.php:49 addCall should be used instead!
2023-06-08 15:12:15		Doku_Handler::_addCall() is deprecated. It was called from syntax_plugin_wrap_div::handle() in /var/www/akdtu.dk/public_html/wiki/lib/plugins/wrap/syntax/div.php:49 addCall should be used instead!
2023-06-08 15:12:15		Doku_Handler::_addCall() is deprecated. It was called from syntax_plugin_wrap_div::handle() in /var/www/akdtu.dk/public_html/wiki/lib/plugins/wrap/syntax/div.php:49 addCall should be used instead!
2023-06-08 15:12:15		Doku_Handler::_addCall() is deprecated. It was called from syntax_plugin_wrap_div::handle() in /var/www/akdtu.dk/public_html/wiki/lib/plugins/wrap/syntax/div.php:49 addCall should be used instead!
2023-06-08 15:12:15		Doku_Handler::_addCall() is deprecated. It was called from syntax_plugin_wrap_div::handle() in /var/www/akdtu.dk/public_html/wiki/lib/plugins/wrap/syntax/div.php:49 addCall should be used instead!
2023-06-08 15:12:15		Doku_Handler::_addCall() is deprecated. It was called from syntax_plugin_wrap_div::handle() in /var/www/akdtu.dk/public_html/wiki/lib/plugins/wrap/syntax/div.php:49 addCall should be used instead!
2023-06-08 15:12:15		Doku_Handler::_addCall() is deprecated. It was called from syntax_plugin_wrap_div::handle() in /var/www/akdtu.dk/public_html/wiki/lib/plugins/wrap/syntax/div.php:49 addCall should be used instead!
2023-06-08 15:12:15		Doku_Handler::_addCall() is deprecated. It was called from syntax_plugin_wrap_div::handle() in /var/www/akdtu.dk/public_html/wiki/lib/plugins/wrap/syntax/div.php:49 addCall should be used instead!
2023-06-08 15:12:15		dbglog() is deprecated. It was called from auth_plugin_authwordpress::getUserData() in /var/www/akdtu.dk/public_html/wiki/lib/plugins/authwordpress/auth.php:202 \dokuwiki\Logger should be used instead!
2023-06-08 15:12:18		dbglog() is deprecated. It was called from auth_plugin_authwordpress::getUserData() in /var/www/akdtu.dk/public_html/wiki/lib/plugins/authwordpress/auth.php:202 \dokuwiki\Logger should be used instead!
2023-06-08 15:12:26		dbglog() is deprecated. It was called from auth_plugin_authwordpress::getUserData() in /var/www/akdtu.dk/public_html/wiki/lib/plugins/authwordpress/auth.php:202 \dokuwiki\Logger should be used instead!
2023-06-08 15:12:44		require(syntax.php) is deprecated. It was called from require() in /var/www/akdtu.dk/public_html/wiki/lib/plugins/pagebreak/syntax.php:12 Autoloading should be used instead!
2023-06-08 15:12:54		require(syntax.php) is deprecated. It was called from require() in /var/www/akdtu.dk/public_html/wiki/lib/plugins/anchor/syntax.php:4 Autoloading should be used instead!
2023-06-08 15:12:54		dbglog() is deprecated. It was called from auth_plugin_authwordpress::getUserData() in /var/www/akdtu.dk/public_html/wiki/lib/plugins/authwordpress/auth.php:202 \dokuwiki\Logger should be used instead!
2023-06-08 15:12:58		require(syntax.php) is deprecated. It was called from require() in /var/www/akdtu.dk/public_html/wiki/lib/plugins/anchor/syntax.php:4 Autoloading should be used instead!
2023-06-08 15:12:58		dbglog() is deprecated. It was called from auth_plugin_authwordpress::getUserData() in /var/www/akdtu.dk/public_html/wiki/lib/plugins/authwordpress/auth.php:202 \dokuwiki\Logger should be used instead!
2023-06-08 15:13:37		dbglog() is deprecated. It was called from auth_plugin_authwordpress::getUserData() in /var/www/akdtu.dk/public_html/wiki/lib/plugins/authwordpress/auth.php:202 \dokuwiki\Logger should be used instead!
2023-06-08 15:13:42		dbglog() is deprecated. It was called from auth_plugin_authwordpress::getUserData() in /var/www/akdtu.dk/public_html/wiki/lib/plugins/authwordpress/auth.php:202 \dokuwiki\Logger should be used instead!
2023-06-08 15:25:11		dbglog() is deprecated. It was called from auth_plugin_authwordpress::getUserData() in /var/www/akdtu.dk/public_html/wiki/lib/plugins/authwordpress/auth.php:202 \dokuwiki\Logger should be used instead!
2023-06-08 15:25:11		dbglog() is deprecated. It was called from auth_plugin_authwordpress::checkPass() in /var/www/akdtu.dk/public_html/wiki/lib/plugins/authwordpress/auth.php:125 \dokuwiki\Logger should be used instead!
2023-06-08 15:25:11		dbglog() is deprecated. It was called from auth_plugin_authwordpress::getUserData() in /var/www/akdtu.dk/public_html/wiki/lib/plugins/authwordpress/auth.php:202 \dokuwiki\Logger should be used instead!
2023-06-08 15:25:16		require(syntax.php) is deprecated. It was called from require() in /var/www/akdtu.dk/public_html/wiki/lib/plugins/anchor/syntax.php:4 Autoloading should be used instead!
2023-06-08 15:25:20		dbglog() is deprecated. It was called from auth_plugin_authwordpress::getUserData() in /var/www/akdtu.dk/public_html/wiki/lib/plugins/authwordpress/auth.php:202 \dokuwiki\Logger should be used instead!
2023-06-08 15:25:27		require(syntax.php) is deprecated. It was called from require() in /var/www/akdtu.dk/public_html/wiki/lib/plugins/anchor/syntax.php:4 Autoloading should be used instead!
2023-06-08 15:25:27		dbglog() is deprecated. It was called from auth_plugin_authwordpress::getUserData() in /var/www/akdtu.dk/public_html/wiki/lib/plugins/authwordpress/auth.php:202 \dokuwiki\Logger should be used instead!
2023-06-08 15:25:31		dbglog() is deprecated. It was called from auth_plugin_authwordpress::getUserData() in /var/www/akdtu.dk/public_html/wiki/lib/plugins/authwordpress/auth.php:202 \dokuwiki\Logger should be used instead!
2023-06-08 15:25:50		require(syntax.php) is deprecated. It was called from require() in /var/www/akdtu.dk/public_html/wiki/lib/plugins/anchor/syntax.php:4 Autoloading should be used instead!
2023-06-08 15:25:50		Doku_Handler::_addCall() is deprecated. It was called from syntax_plugin_wrap_div::handle() in /var/www/akdtu.dk/public_html/wiki/lib/plugins/wrap/syntax/div.php:49 addCall should be used instead!
2023-06-08 15:25:50		Doku_Handler::_addCall() is deprecated. It was called from syntax_plugin_wrap_div::handle() in /var/www/akdtu.dk/public_html/wiki/lib/plugins/wrap/syntax/div.php:49 addCall should be used instead!
2023-06-08 15:25:50		Doku_Handler::_addCall() is deprecated. It was called from syntax_plugin_wrap_div::handle() in /var/www/akdtu.dk/public_html/wiki/lib/plugins/wrap/syntax/div.php:49 addCall should be used instead!
2023-06-08 15:25:50		Doku_Handler::_addCall() is deprecated. It was called from syntax_plugin_wrap_div::handle() in /var/www/akdtu.dk/public_html/wiki/lib/plugins/wrap/syntax/div.php:49 addCall should be used instead!
2023-06-08 15:25:50		Doku_Handler::_addCall() is deprecated. It was called from syntax_plugin_wrap_div::handle() in /var/www/akdtu.dk/public_html/wiki/lib/plugins/wrap/syntax/div.php:49 addCall should be used instead!
2023-06-08 15:25:50		Doku_Handler::_addCall() is deprecated. It was called from syntax_plugin_wrap_div::handle() in /var/www/akdtu.dk/public_html/wiki/lib/plugins/wrap/syntax/div.php:49 addCall should be used instead!
2023-06-08 15:25:50		Doku_Handler::_addCall() is deprecated. It was called from syntax_plugin_wrap_div::handle() in /var/www/akdtu.dk/public_html/wiki/lib/plugins/wrap/syntax/div.php:49 addCall should be used instead!
2023-06-08 15:25:50		Doku_Handler::_addCall() is deprecated. It was called from syntax_plugin_wrap_div::handle() in /var/www/akdtu.dk/public_html/wiki/lib/plugins/wrap/syntax/div.php:49 addCall should be used instead!
2023-06-08 15:25:50		Doku_Handler::_addCall() is deprecated. It was called from syntax_plugin_wrap_div::handle() in /var/www/akdtu.dk/public_html/wiki/lib/plugins/wrap/syntax/div.php:49 addCall should be used instead!
2023-06-08 15:25:50		Doku_Handler::_addCall() is deprecated. It was called from syntax_plugin_wrap_div::handle() in /var/www/akdtu.dk/public_html/wiki/lib/plugins/wrap/syntax/div.php:49 addCall should be used instead!
2023-06-08 15:25:50		Doku_Handler::_addCall() is deprecated. It was called from syntax_plugin_wrap_div::handle() in /var/www/akdtu.dk/public_html/wiki/lib/plugins/wrap/syntax/div.php:49 addCall should be used instead!
2023-06-08 15:25:50		Doku_Handler::_addCall() is deprecated. It was called from syntax_plugin_wrap_div::handle() in /var/www/akdtu.dk/public_html/wiki/lib/plugins/wrap/syntax/div.php:49 addCall should be used instead!
2023-06-08 15:25:50		Doku_Handler::_addCall() is deprecated. It was called from syntax_plugin_wrap_div::handle() in /var/www/akdtu.dk/public_html/wiki/lib/plugins/wrap/syntax/div.php:49 addCall should be used instead!
2023-06-08 15:25:50		Doku_Handler::_addCall() is deprecated. It was called from syntax_plugin_wrap_div::handle() in /var/www/akdtu.dk/public_html/wiki/lib/plugins/wrap/syntax/div.php:49 addCall should be used instead!
2023-06-08 15:25:50		Doku_Handler::_addCall() is deprecated. It was called from syntax_plugin_wrap_div::handle() in /var/www/akdtu.dk/public_html/wiki/lib/plugins/wrap/syntax/div.php:49 addCall should be used instead!
2023-06-08 15:25:50		Doku_Handler::_addCall() is deprecated. It was called from syntax_plugin_wrap_div::handle() in /var/www/akdtu.dk/public_html/wiki/lib/plugins/wrap/syntax/div.php:49 addCall should be used instead!
2023-06-08 15:25:50		Doku_Handler::_addCall() is deprecated. It was called from syntax_plugin_wrap_div::handle() in /var/www/akdtu.dk/public_html/wiki/lib/plugins/wrap/syntax/div.php:49 addCall should be used instead!
2023-06-08 15:25:50		Doku_Handler::_addCall() is deprecated. It was called from syntax_plugin_wrap_div::handle() in /var/www/akdtu.dk/public_html/wiki/lib/plugins/wrap/syntax/div.php:49 addCall should be used instead!
2023-06-08 15:25:51		dbglog() is deprecated. It was called from auth_plugin_authwordpress::getUserData() in /var/www/akdtu.dk/public_html/wiki/lib/plugins/authwordpress/auth.php:202 \dokuwiki\Logger should be used instead!
2023-06-08 15:25:51		require(syntax.php) is deprecated. It was called from require() in /var/www/akdtu.dk/public_html/wiki/lib/plugins/anchor/syntax.php:4 Autoloading should be used instead!
2023-06-08 15:26:01		require(syntax.php) is deprecated. It was called from require() in /var/www/akdtu.dk/public_html/wiki/lib/plugins/anchor/syntax.php:4 Autoloading should be used instead!
2023-06-08 15:26:01		require(syntax.php) is deprecated. It was called from require() in /var/www/akdtu.dk/public_html/wiki/lib/plugins/anchor/syntax.php:4 Autoloading should be used instead!
2023-06-08 15:26:01		dbglog() is deprecated. It was called from auth_plugin_authwordpress::getUserData() in /var/www/akdtu.dk/public_html/wiki/lib/plugins/authwordpress/auth.php:202 \dokuwiki\Logger should be used instead!
2023-06-08 15:26:01		require(syntax.php) is deprecated. It was called from require() in /var/www/akdtu.dk/public_html/wiki/lib/plugins/anchor/syntax.php:4 Autoloading should be used instead!
2023-06-08 15:26:12		require(syntax.php) is deprecated. It was called from require() in /var/www/akdtu.dk/public_html/wiki/lib/plugins/anchor/syntax.php:4 Autoloading should be used instead!
2023-06-08 15:26:12		Doku_Handler::_addCall() is deprecated. It was called from syntax_plugin_wrap_div::handle() in /var/www/akdtu.dk/public_html/wiki/lib/plugins/wrap/syntax/div.php:49 addCall should be used instead!
2023-06-08 15:26:12		Doku_Handler::_addCall() is deprecated. It was called from syntax_plugin_wrap_div::handle() in /var/www/akdtu.dk/public_html/wiki/lib/plugins/wrap/syntax/div.php:49 addCall should be used instead!
2023-06-08 15:26:12		Doku_Handler::_addCall() is deprecated. It was called from syntax_plugin_wrap_div::handle() in /var/www/akdtu.dk/public_html/wiki/lib/plugins/wrap/syntax/div.php:49 addCall should be used instead!
2023-06-08 15:26:12		Doku_Handler::_addCall() is deprecated. It was called from syntax_plugin_wrap_div::handle() in /var/www/akdtu.dk/public_html/wiki/lib/plugins/wrap/syntax/div.php:49 addCall should be used instead!
2023-06-08 15:26:12		Doku_Handler::_addCall() is deprecated. It was called from syntax_plugin_wrap_div::handle() in /var/www/akdtu.dk/public_html/wiki/lib/plugins/wrap/syntax/div.php:49 addCall should be used instead!
2023-06-08 15:26:12		Doku_Handler::_addCall() is deprecated. It was called from syntax_plugin_wrap_div::handle() in /var/www/akdtu.dk/public_html/wiki/lib/plugins/wrap/syntax/div.php:49 addCall should be used instead!
2023-06-08 15:26:12		Doku_Handler::_addCall() is deprecated. It was called from syntax_plugin_wrap_div::handle() in /var/www/akdtu.dk/public_html/wiki/lib/plugins/wrap/syntax/div.php:49 addCall should be used instead!
2023-06-08 15:26:12		Doku_Handler::_addCall() is deprecated. It was called from syntax_plugin_wrap_div::handle() in /var/www/akdtu.dk/public_html/wiki/lib/plugins/wrap/syntax/div.php:49 addCall should be used instead!
2023-06-08 15:26:12		Doku_Handler::_addCall() is deprecated. It was called from syntax_plugin_wrap_div::handle() in /var/www/akdtu.dk/public_html/wiki/lib/plugins/wrap/syntax/div.php:49 addCall should be used instead!
2023-06-08 15:26:12		Doku_Handler::_addCall() is deprecated. It was called from syntax_plugin_wrap_div::handle() in /var/www/akdtu.dk/public_html/wiki/lib/plugins/wrap/syntax/div.php:49 addCall should be used instead!
2023-06-08 15:26:12		Doku_Handler::_addCall() is deprecated. It was called from syntax_plugin_wrap_div::handle() in /var/www/akdtu.dk/public_html/wiki/lib/plugins/wrap/syntax/div.php:49 addCall should be used instead!
2023-06-08 15:26:12		Doku_Handler::_addCall() is deprecated. It was called from syntax_plugin_wrap_div::handle() in /var/www/akdtu.dk/public_html/wiki/lib/plugins/wrap/syntax/div.php:49 addCall should be used instead!
2023-06-08 15:26:12		Doku_Handler::_addCall() is deprecated. It was called from syntax_plugin_wrap_div::handle() in /var/www/akdtu.dk/public_html/wiki/lib/plugins/wrap/syntax/div.php:49 addCall should be used instead!
2023-06-08 15:26:12		Doku_Handler::_addCall() is deprecated. It was called from syntax_plugin_wrap_div::handle() in /var/www/akdtu.dk/public_html/wiki/lib/plugins/wrap/syntax/div.php:49 addCall should be used instead!
2023-06-08 15:26:12		Doku_Handler::_addCall() is deprecated. It was called from syntax_plugin_wrap_div::handle() in /var/www/akdtu.dk/public_html/wiki/lib/plugins/wrap/syntax/div.php:49 addCall should be used instead!
2023-06-08 15:26:12		Doku_Handler::_addCall() is deprecated. It was called from syntax_plugin_wrap_div::handle() in /var/www/akdtu.dk/public_html/wiki/lib/plugins/wrap/syntax/div.php:49 addCall should be used instead!
2023-06-08 15:26:12		Doku_Handler::_addCall() is deprecated. It was called from syntax_plugin_wrap_div::handle() in /var/www/akdtu.dk/public_html/wiki/lib/plugins/wrap/syntax/div.php:49 addCall should be used instead!
2023-06-08 15:26:12		Doku_Handler::_addCall() is deprecated. It was called from syntax_plugin_wrap_div::handle() in /var/www/akdtu.dk/public_html/wiki/lib/plugins/wrap/syntax/div.php:49 addCall should be used instead!
2023-06-08 15:26:12		dbglog() is deprecated. It was called from auth_plugin_authwordpress::getUserData() in /var/www/akdtu.dk/public_html/wiki/lib/plugins/authwordpress/auth.php:202 \dokuwiki\Logger should be used instead!
2023-06-08 15:26:41		dbglog() is deprecated. It was called from auth_plugin_authwordpress::getUserData() in /var/www/akdtu.dk/public_html/wiki/lib/plugins/authwordpress/auth.php:202 \dokuwiki\Logger should be used instead!
2023-06-08 15:26:46		require(syntax.php) is deprecated. It was called from require() in /var/www/akdtu.dk/public_html/wiki/lib/plugins/anchor/syntax.php:4 Autoloading should be used instead!
2023-06-08 15:26:47		dbglog() is deprecated. It was called from auth_plugin_authwordpress::getUserData() in /var/www/akdtu.dk/public_html/wiki/lib/plugins/authwordpress/auth.php:202 \dokuwiki\Logger should be used instead!
2023-06-08 15:26:49		dbglog() is deprecated. It was called from auth_plugin_authwordpress::getUserData() in /var/www/akdtu.dk/public_html/wiki/lib/plugins/authwordpress/auth.php:202 \dokuwiki\Logger should be used instead!
2023-06-08 15:26:50		dbglog() is deprecated. It was called from auth_plugin_authwordpress::getUserData() in /var/www/akdtu.dk/public_html/wiki/lib/plugins/authwordpress/auth.php:202 \dokuwiki\Logger should be used instead!
2023-06-08 15:26:51		require(syntax.php) is deprecated. It was called from require() in /var/www/akdtu.dk/public_html/wiki/lib/plugins/anchor/syntax.php:4 Autoloading should be used instead!
2023-06-08 15:26:51		dbglog() is deprecated. It was called from auth_plugin_authwordpress::getUserData() in /var/www/akdtu.dk/public_html/wiki/lib/plugins/authwordpress/auth.php:202 \dokuwiki\Logger should be used instead!
2023-06-08 15:26:53		require(syntax.php) is deprecated. It was called from require() in /var/www/akdtu.dk/public_html/wiki/lib/plugins/anchor/syntax.php:4 Autoloading should be used instead!
2023-06-08 15:26:53		dbglog() is deprecated. It was called from auth_plugin_authwordpress::getUserData() in /var/www/akdtu.dk/public_html/wiki/lib/plugins/authwordpress/auth.php:202 \dokuwiki\Logger should be used instead!
2023-06-08 15:27:13		require(syntax.php) is deprecated. It was called from require() in /var/www/akdtu.dk/public_html/wiki/lib/plugins/anchor/syntax.php:4 Autoloading should be used instead!
2023-06-08 15:27:13		Doku_Handler::_addCall() is deprecated. It was called from syntax_plugin_wrap_div::handle() in /var/www/akdtu.dk/public_html/wiki/lib/plugins/wrap/syntax/div.php:49 addCall should be used instead!
2023-06-08 15:27:13		Doku_Handler::_addCall() is deprecated. It was called from syntax_plugin_wrap_div::handle() in /var/www/akdtu.dk/public_html/wiki/lib/plugins/wrap/syntax/div.php:49 addCall should be used instead!
2023-06-08 15:27:13		Doku_Handler::_addCall() is deprecated. It was called from syntax_plugin_wrap_div::handle() in /var/www/akdtu.dk/public_html/wiki/lib/plugins/wrap/syntax/div.php:49 addCall should be used instead!
2023-06-08 15:27:13		Doku_Handler::_addCall() is deprecated. It was called from syntax_plugin_wrap_div::handle() in /var/www/akdtu.dk/public_html/wiki/lib/plugins/wrap/syntax/div.php:49 addCall should be used instead!
2023-06-08 15:27:13		Doku_Handler::_addCall() is deprecated. It was called from syntax_plugin_wrap_div::handle() in /var/www/akdtu.dk/public_html/wiki/lib/plugins/wrap/syntax/div.php:49 addCall should be used instead!
2023-06-08 15:27:13		Doku_Handler::_addCall() is deprecated. It was called from syntax_plugin_wrap_div::handle() in /var/www/akdtu.dk/public_html/wiki/lib/plugins/wrap/syntax/div.php:49 addCall should be used instead!
2023-06-08 15:27:13		Doku_Handler::_addCall() is deprecated. It was called from syntax_plugin_wrap_div::handle() in /var/www/akdtu.dk/public_html/wiki/lib/plugins/wrap/syntax/div.php:49 addCall should be used instead!
2023-06-08 15:27:13		Doku_Handler::_addCall() is deprecated. It was called from syntax_plugin_wrap_div::handle() in /var/www/akdtu.dk/public_html/wiki/lib/plugins/wrap/syntax/div.php:49 addCall should be used instead!
2023-06-08 15:27:13		Doku_Handler::_addCall() is deprecated. It was called from syntax_plugin_wrap_div::handle() in /var/www/akdtu.dk/public_html/wiki/lib/plugins/wrap/syntax/div.php:49 addCall should be used instead!
2023-06-08 15:27:13		Doku_Handler::_addCall() is deprecated. It was called from syntax_plugin_wrap_div::handle() in /var/www/akdtu.dk/public_html/wiki/lib/plugins/wrap/syntax/div.php:49 addCall should be used instead!
2023-06-08 15:27:13		Doku_Handler::_addCall() is deprecated. It was called from syntax_plugin_wrap_div::handle() in /var/www/akdtu.dk/public_html/wiki/lib/plugins/wrap/syntax/div.php:49 addCall should be used instead!
2023-06-08 15:27:13		Doku_Handler::_addCall() is deprecated. It was called from syntax_plugin_wrap_div::handle() in /var/www/akdtu.dk/public_html/wiki/lib/plugins/wrap/syntax/div.php:49 addCall should be used instead!
2023-06-08 15:27:13		Doku_Handler::_addCall() is deprecated. It was called from syntax_plugin_wrap_div::handle() in /var/www/akdtu.dk/public_html/wiki/lib/plugins/wrap/syntax/div.php:49 addCall should be used instead!
2023-06-08 15:27:13		Doku_Handler::_addCall() is deprecated. It was called from syntax_plugin_wrap_div::handle() in /var/www/akdtu.dk/public_html/wiki/lib/plugins/wrap/syntax/div.php:49 addCall should be used instead!
2023-06-08 15:27:13		Doku_Handler::_addCall() is deprecated. It was called from syntax_plugin_wrap_div::handle() in /var/www/akdtu.dk/public_html/wiki/lib/plugins/wrap/syntax/div.php:49 addCall should be used instead!
2023-06-08 15:27:13		Doku_Handler::_addCall() is deprecated. It was called from syntax_plugin_wrap_div::handle() in /var/www/akdtu.dk/public_html/wiki/lib/plugins/wrap/syntax/div.php:49 addCall should be used instead!
2023-06-08 15:27:13		Doku_Handler::_addCall() is deprecated. It was called from syntax_plugin_wrap_div::handle() in /var/www/akdtu.dk/public_html/wiki/lib/plugins/wrap/syntax/div.php:49 addCall should be used instead!
2023-06-08 15:27:13		Doku_Handler::_addCall() is deprecated. It was called from syntax_plugin_wrap_div::handle() in /var/www/akdtu.dk/public_html/wiki/lib/plugins/wrap/syntax/div.php:49 addCall should be used instead!
2023-06-08 15:27:13		dbglog() is deprecated. It was called from auth_plugin_authwordpress::getUserData() in /var/www/akdtu.dk/public_html/wiki/lib/plugins/authwordpress/auth.php:202 \dokuwiki\Logger should be used instead!
2023-06-08 15:27:14		require(syntax.php) is deprecated. It was called from require() in /var/www/akdtu.dk/public_html/wiki/lib/plugins/anchor/syntax.php:4 Autoloading should be used instead!
2023-06-08 15:27:27		require(syntax.php) is deprecated. It was called from require() in /var/www/akdtu.dk/public_html/wiki/lib/plugins/anchor/syntax.php:4 Autoloading should be used instead!
2023-06-08 15:27:27		dbglog() is deprecated. It was called from auth_plugin_authwordpress::getUserData() in /var/www/akdtu.dk/public_html/wiki/lib/plugins/authwordpress/auth.php:202 \dokuwiki\Logger should be used instead!
2023-06-08 15:27:31		require(syntax.php) is deprecated. It was called from require() in /var/www/akdtu.dk/public_html/wiki/lib/plugins/anchor/syntax.php:4 Autoloading should be used instead!
2023-06-08 15:27:31		dbglog() is deprecated. It was called from auth_plugin_authwordpress::getUserData() in /var/www/akdtu.dk/public_html/wiki/lib/plugins/authwordpress/auth.php:202 \dokuwiki\Logger should be used instead!
2023-06-08 15:27:37		require(syntax.php) is deprecated. It was called from require() in /var/www/akdtu.dk/public_html/wiki/lib/plugins/anchor/syntax.php:4 Autoloading should be used instead!
2023-06-08 15:27:37		dbglog() is deprecated. It was called from auth_plugin_authwordpress::getUserData() in /var/www/akdtu.dk/public_html/wiki/lib/plugins/authwordpress/auth.php:202 \dokuwiki\Logger should be used instead!
2023-06-08 15:27:50		require(syntax.php) is deprecated. It was called from require() in /var/www/akdtu.dk/public_html/wiki/lib/plugins/anchor/syntax.php:4 Autoloading should be used instead!
2023-06-08 15:27:50		dbglog() is deprecated. It was called from auth_plugin_authwordpress::getUserData() in /var/www/akdtu.dk/public_html/wiki/lib/plugins/authwordpress/auth.php:202 \dokuwiki\Logger should be used instead!
2023-06-08 15:27:54		require(syntax.php) is deprecated. It was called from require() in /var/www/akdtu.dk/public_html/wiki/lib/plugins/anchor/syntax.php:4 Autoloading should be used instead!
2023-06-08 15:27:54		dbglog() is deprecated. It was called from auth_plugin_authwordpress::getUserData() in /var/www/akdtu.dk/public_html/wiki/lib/plugins/authwordpress/auth.php:202 \dokuwiki\Logger should be used instead!
2023-06-08 15:27:54		require(syntax.php) is deprecated. It was called from require() in /var/www/akdtu.dk/public_html/wiki/lib/plugins/anchor/syntax.php:4 Autoloading should be used instead!
2023-06-08 15:27:56		require(syntax.php) is deprecated. It was called from require() in /var/www/akdtu.dk/public_html/wiki/lib/plugins/anchor/syntax.php:4 Autoloading should be used instead!
2023-06-08 15:28:05		dbglog() is deprecated. It was called from auth_plugin_authwordpress::getUserData() in /var/www/akdtu.dk/public_html/wiki/lib/plugins/authwordpress/auth.php:202 \dokuwiki\Logger should be used instead!
2023-06-08 15:28:27		require(syntax.php) is deprecated. It was called from require() in /var/www/akdtu.dk/public_html/wiki/lib/plugins/anchor/syntax.php:4 Autoloading should be used instead!
2023-06-08 15:28:27		dbglog() is deprecated. It was called from auth_plugin_authwordpress::getUserData() in /var/www/akdtu.dk/public_html/wiki/lib/plugins/authwordpress/auth.php:202 \dokuwiki\Logger should be used instead!
2023-06-08 15:28:27		require(syntax.php) is deprecated. It was called from require() in /var/www/akdtu.dk/public_html/wiki/lib/plugins/anchor/syntax.php:4 Autoloading should be used instead!
2023-06-08 15:28:30		require(syntax.php) is deprecated. It was called from require() in /var/www/akdtu.dk/public_html/wiki/lib/plugins/anchor/syntax.php:4 Autoloading should be used instead!
2023-06-08 15:28:40		dbglog() is deprecated. It was called from auth_plugin_authwordpress::getUserData() in /var/www/akdtu.dk/public_html/wiki/lib/plugins/authwordpress/auth.php:202 \dokuwiki\Logger should be used instead!
2023-06-08 15:28:47		require(syntax.php) is deprecated. It was called from require() in /var/www/akdtu.dk/public_html/wiki/lib/plugins/anchor/syntax.php:4 Autoloading should be used instead!
2023-06-08 15:28:47		dbglog() is deprecated. It was called from auth_plugin_authwordpress::getUserData() in /var/www/akdtu.dk/public_html/wiki/lib/plugins/authwordpress/auth.php:202 \dokuwiki\Logger should be used instead!
2023-06-08 15:28:47		require(syntax.php) is deprecated. It was called from require() in /var/www/akdtu.dk/public_html/wiki/lib/plugins/anchor/syntax.php:4 Autoloading should be used instead!
2023-06-08 15:28:49		require(syntax.php) is deprecated. It was called from require() in /var/www/akdtu.dk/public_html/wiki/lib/plugins/anchor/syntax.php:4 Autoloading should be used instead!
2023-06-08 15:28:56		dbglog() is deprecated. It was called from auth_plugin_authwordpress::getUserData() in /var/www/akdtu.dk/public_html/wiki/lib/plugins/authwordpress/auth.php:202 \dokuwiki\Logger should be used instead!
2023-06-08 15:29:12		require(syntax.php) is deprecated. It was called from require() in /var/www/akdtu.dk/public_html/wiki/lib/plugins/anchor/syntax.php:4 Autoloading should be used instead!
2023-06-08 15:29:12		dbglog() is deprecated. It was called from auth_plugin_authwordpress::getUserData() in /var/www/akdtu.dk/public_html/wiki/lib/plugins/authwordpress/auth.php:202 \dokuwiki\Logger should be used instead!
2023-06-08 15:29:32		require(syntax.php) is deprecated. It was called from require() in /var/www/akdtu.dk/public_html/wiki/lib/plugins/anchor/syntax.php:4 Autoloading should be used instead!
2023-06-08 15:29:32		dbglog() is deprecated. It was called from auth_plugin_authwordpress::getUserData() in /var/www/akdtu.dk/public_html/wiki/lib/plugins/authwordpress/auth.php:202 \dokuwiki\Logger should be used instead!
2023-06-08 15:29:32		require(syntax.php) is deprecated. It was called from require() in /var/www/akdtu.dk/public_html/wiki/lib/plugins/anchor/syntax.php:4 Autoloading should be used instead!
2023-06-08 15:29:36		require(syntax.php) is deprecated. It was called from require() in /var/www/akdtu.dk/public_html/wiki/lib/plugins/anchor/syntax.php:4 Autoloading should be used instead!
2023-06-08 15:29:43		dbglog() is deprecated. It was called from auth_plugin_authwordpress::getUserData() in /var/www/akdtu.dk/public_html/wiki/lib/plugins/authwordpress/auth.php:202 \dokuwiki\Logger should be used instead!
2023-06-08 15:30:16		require(syntax.php) is deprecated. It was called from require() in /var/www/akdtu.dk/public_html/wiki/lib/plugins/anchor/syntax.php:4 Autoloading should be used instead!
2023-06-08 15:30:16		dbglog() is deprecated. It was called from auth_plugin_authwordpress::getUserData() in /var/www/akdtu.dk/public_html/wiki/lib/plugins/authwordpress/auth.php:202 \dokuwiki\Logger should be used instead!
2023-06-08 15:30:16		require(syntax.php) is deprecated. It was called from require() in /var/www/akdtu.dk/public_html/wiki/lib/plugins/anchor/syntax.php:4 Autoloading should be used instead!
2023-06-08 15:30:20		require(syntax.php) is deprecated. It was called from require() in /var/www/akdtu.dk/public_html/wiki/lib/plugins/anchor/syntax.php:4 Autoloading should be used instead!
2023-06-08 15:30:26		dbglog() is deprecated. It was called from auth_plugin_authwordpress::getUserData() in /var/www/akdtu.dk/public_html/wiki/lib/plugins/authwordpress/auth.php:202 \dokuwiki\Logger should be used instead!
2023-06-08 15:30:36		require(syntax.php) is deprecated. It was called from require() in /var/www/akdtu.dk/public_html/wiki/lib/plugins/anchor/syntax.php:4 Autoloading should be used instead!
2023-06-08 15:30:36		dbglog() is deprecated. It was called from auth_plugin_authwordpress::getUserData() in /var/www/akdtu.dk/public_html/wiki/lib/plugins/authwordpress/auth.php:202 \dokuwiki\Logger should be used instead!
2023-06-08 15:30:36		require(syntax.php) is deprecated. It was called from require() in /var/www/akdtu.dk/public_html/wiki/lib/plugins/anchor/syntax.php:4 Autoloading should be used instead!
2023-06-08 15:30:39		require(syntax.php) is deprecated. It was called from require() in /var/www/akdtu.dk/public_html/wiki/lib/plugins/anchor/syntax.php:4 Autoloading should be used instead!
2023-06-08 15:30:39		dbglog() is deprecated. It was called from auth_plugin_authwordpress::getUserData() in /var/www/akdtu.dk/public_html/wiki/lib/plugins/authwordpress/auth.php:202 \dokuwiki\Logger should be used instead!
2023-06-08 15:30:51		require(syntax.php) is deprecated. It was called from require() in /var/www/akdtu.dk/public_html/wiki/lib/plugins/anchor/syntax.php:4 Autoloading should be used instead!
2023-06-08 15:30:51		dbglog() is deprecated. It was called from auth_plugin_authwordpress::getUserData() in /var/www/akdtu.dk/public_html/wiki/lib/plugins/authwordpress/auth.php:202 \dokuwiki\Logger should be used instead!
2023-06-08 15:30:51		require(syntax.php) is deprecated. It was called from require() in /var/www/akdtu.dk/public_html/wiki/lib/plugins/anchor/syntax.php:4 Autoloading should be used instead!
2023-06-08 15:30:56		require(syntax.php) is deprecated. It was called from require() in /var/www/akdtu.dk/public_html/wiki/lib/plugins/anchor/syntax.php:4 Autoloading should be used instead!
2023-06-08 15:31:03		dbglog() is deprecated. It was called from auth_plugin_authwordpress::getUserData() in /var/www/akdtu.dk/public_html/wiki/lib/plugins/authwordpress/auth.php:202 \dokuwiki\Logger should be used instead!
2023-06-08 15:31:16		require(syntax.php) is deprecated. It was called from require() in /var/www/akdtu.dk/public_html/wiki/lib/plugins/anchor/syntax.php:4 Autoloading should be used instead!
2023-06-08 15:31:16		dbglog() is deprecated. It was called from auth_plugin_authwordpress::getUserData() in /var/www/akdtu.dk/public_html/wiki/lib/plugins/authwordpress/auth.php:202 \dokuwiki\Logger should be used instead!
2023-06-08 15:31:16		require(syntax.php) is deprecated. It was called from require() in /var/www/akdtu.dk/public_html/wiki/lib/plugins/anchor/syntax.php:4 Autoloading should be used instead!
2023-06-08 15:31:19		require(syntax.php) is deprecated. It was called from require() in /var/www/akdtu.dk/public_html/wiki/lib/plugins/anchor/syntax.php:4 Autoloading should be used instead!
2023-06-08 15:31:27		dbglog() is deprecated. It was called from auth_plugin_authwordpress::getUserData() in /var/www/akdtu.dk/public_html/wiki/lib/plugins/authwordpress/auth.php:202 \dokuwiki\Logger should be used instead!
2023-06-08 15:31:49		require(syntax.php) is deprecated. It was called from require() in /var/www/akdtu.dk/public_html/wiki/lib/plugins/anchor/syntax.php:4 Autoloading should be used instead!
2023-06-08 15:31:49		dbglog() is deprecated. It was called from auth_plugin_authwordpress::getUserData() in /var/www/akdtu.dk/public_html/wiki/lib/plugins/authwordpress/auth.php:202 \dokuwiki\Logger should be used instead!
2023-06-08 15:31:49		require(syntax.php) is deprecated. It was called from require() in /var/www/akdtu.dk/public_html/wiki/lib/plugins/anchor/syntax.php:4 Autoloading should be used instead!
2023-06-08 15:31:54		require(syntax.php) is deprecated. It was called from require() in /var/www/akdtu.dk/public_html/wiki/lib/plugins/anchor/syntax.php:4 Autoloading should be used instead!
2023-06-08 15:32:00		dbglog() is deprecated. It was called from auth_plugin_authwordpress::getUserData() in /var/www/akdtu.dk/public_html/wiki/lib/plugins/authwordpress/auth.php:202 \dokuwiki\Logger should be used instead!
2023-06-08 15:32:05		require(syntax.php) is deprecated. It was called from require() in /var/www/akdtu.dk/public_html/wiki/lib/plugins/anchor/syntax.php:4 Autoloading should be used instead!
2023-06-08 15:32:05		dbglog() is deprecated. It was called from auth_plugin_authwordpress::getUserData() in /var/www/akdtu.dk/public_html/wiki/lib/plugins/authwordpress/auth.php:202 \dokuwiki\Logger should be used instead!
2023-06-08 15:32:05		require(syntax.php) is deprecated. It was called from require() in /var/www/akdtu.dk/public_html/wiki/lib/plugins/anchor/syntax.php:4 Autoloading should be used instead!
2023-06-08 15:32:07		require(syntax.php) is deprecated. It was called from require() in /var/www/akdtu.dk/public_html/wiki/lib/plugins/anchor/syntax.php:4 Autoloading should be used instead!
2023-06-08 15:41:18		dbglog() is deprecated. It was called from auth_plugin_authwordpress::getUserData() in /var/www/akdtu.dk/public_html/wiki/lib/plugins/authwordpress/auth.php:202 \dokuwiki\Logger should be used instead!
2023-06-08 15:41:18		dbglog() is deprecated. It was called from auth_plugin_authwordpress::checkPass() in /var/www/akdtu.dk/public_html/wiki/lib/plugins/authwordpress/auth.php:125 \dokuwiki\Logger should be used instead!
2023-06-08 15:43:47		require(syntax.php) is deprecated. It was called from require() in /var/www/akdtu.dk/public_html/wiki/lib/plugins/anchor/syntax.php:4 Autoloading should be used instead!
2023-06-08 15:43:47		dbglog() is deprecated. It was called from auth_plugin_authwordpress::getUserData() in /var/www/akdtu.dk/public_html/wiki/lib/plugins/authwordpress/auth.php:202 \dokuwiki\Logger should be used instead!
2023-06-08 15:43:47		require(syntax.php) is deprecated. It was called from require() in /var/www/akdtu.dk/public_html/wiki/lib/plugins/anchor/syntax.php:4 Autoloading should be used instead!
2023-06-08 15:43:51		require(syntax.php) is deprecated. It was called from require() in /var/www/akdtu.dk/public_html/wiki/lib/plugins/anchor/syntax.php:4 Autoloading should be used instead!
2023-06-08 15:43:51		dbglog() is deprecated. It was called from auth_plugin_authwordpress::getUserData() in /var/www/akdtu.dk/public_html/wiki/lib/plugins/authwordpress/auth.php:202 \dokuwiki\Logger should be used instead!
2023-06-08 15:44:10		require(syntax.php) is deprecated. It was called from require() in /var/www/akdtu.dk/public_html/wiki/lib/plugins/anchor/syntax.php:4 Autoloading should be used instead!
2023-06-08 15:44:10		dbglog() is deprecated. It was called from auth_plugin_authwordpress::getUserData() in /var/www/akdtu.dk/public_html/wiki/lib/plugins/authwordpress/auth.php:202 \dokuwiki\Logger should be used instead!
2023-06-08 15:44:10		require(syntax.php) is deprecated. It was called from require() in /var/www/akdtu.dk/public_html/wiki/lib/plugins/anchor/syntax.php:4 Autoloading should be used instead!
2023-06-08 15:44:15		require(syntax.php) is deprecated. It was called from require() in /var/www/akdtu.dk/public_html/wiki/lib/plugins/anchor/syntax.php:4 Autoloading should be used instead!
2023-06-08 15:44:21		dbglog() is deprecated. It was called from auth_plugin_authwordpress::getUserData() in /var/www/akdtu.dk/public_html/wiki/lib/plugins/authwordpress/auth.php:202 \dokuwiki\Logger should be used instead!
2023-06-08 15:44:55		dbglog() is deprecated. It was called from auth_plugin_authwordpress::getUserData() in /var/www/akdtu.dk/public_html/wiki/lib/plugins/authwordpress/auth.php:202 \dokuwiki\Logger should be used instead!
2023-06-08 15:45:36		require(syntax.php) is deprecated. It was called from require() in /var/www/akdtu.dk/public_html/wiki/lib/plugins/anchor/syntax.php:4 Autoloading should be used instead!
2023-06-08 15:45:36		dbglog() is deprecated. It was called from auth_plugin_authwordpress::getUserData() in /var/www/akdtu.dk/public_html/wiki/lib/plugins/authwordpress/auth.php:202 \dokuwiki\Logger should be used instead!
2023-06-08 15:46:08		dbglog() is deprecated. It was called from auth_plugin_authwordpress::getUserData() in /var/www/akdtu.dk/public_html/wiki/lib/plugins/authwordpress/auth.php:202 \dokuwiki\Logger should be used instead!
2023-06-08 15:46:12		require(syntax.php) is deprecated. It was called from require() in /var/www/akdtu.dk/public_html/wiki/lib/plugins/anchor/syntax.php:4 Autoloading should be used instead!
2023-06-08 15:46:12		dbglog() is deprecated. It was called from auth_plugin_authwordpress::getUserData() in /var/www/akdtu.dk/public_html/wiki/lib/plugins/authwordpress/auth.php:202 \dokuwiki\Logger should be used instead!
2023-06-08 15:46:12		require(syntax.php) is deprecated. It was called from require() in /var/www/akdtu.dk/public_html/wiki/lib/plugins/anchor/syntax.php:4 Autoloading should be used instead!
2023-06-08 15:46:15		require(syntax.php) is deprecated. It was called from require() in /var/www/akdtu.dk/public_html/wiki/lib/plugins/anchor/syntax.php:4 Autoloading should be used instead!
2023-06-08 15:47:46		dbglog() is deprecated. It was called from auth_plugin_authwordpress::getUserData() in /var/www/akdtu.dk/public_html/wiki/lib/plugins/authwordpress/auth.php:202 \dokuwiki\Logger should be used instead!
2023-06-08 15:47:53		require(syntax.php) is deprecated. It was called from require() in /var/www/akdtu.dk/public_html/wiki/lib/plugins/anchor/syntax.php:4 Autoloading should be used instead!
2023-06-08 15:47:53		dbglog() is deprecated. It was called from auth_plugin_authwordpress::getUserData() in /var/www/akdtu.dk/public_html/wiki/lib/plugins/authwordpress/auth.php:202 \dokuwiki\Logger should be used instead!
2023-06-08 15:48:07		require(syntax.php) is deprecated. It was called from require() in /var/www/akdtu.dk/public_html/wiki/lib/plugins/anchor/syntax.php:4 Autoloading should be used instead!
2023-06-08 15:48:07		dbglog() is deprecated. It was called from auth_plugin_authwordpress::getUserData() in /var/www/akdtu.dk/public_html/wiki/lib/plugins/authwordpress/auth.php:202 \dokuwiki\Logger should be used instead!
2023-06-08 15:48:42		require(syntax.php) is deprecated. It was called from require() in /var/www/akdtu.dk/public_html/wiki/lib/plugins/anchor/syntax.php:4 Autoloading should be used instead!
2023-06-08 15:48:42		dbglog() is deprecated. It was called from auth_plugin_authwordpress::getUserData() in /var/www/akdtu.dk/public_html/wiki/lib/plugins/authwordpress/auth.php:202 \dokuwiki\Logger should be used instead!
2023-06-08 15:48:45		require(syntax.php) is deprecated. It was called from require() in /var/www/akdtu.dk/public_html/wiki/lib/plugins/anchor/syntax.php:4 Autoloading should be used instead!
2023-06-08 15:48:45		dbglog() is deprecated. It was called from auth_plugin_authwordpress::getUserData() in /var/www/akdtu.dk/public_html/wiki/lib/plugins/authwordpress/auth.php:202 \dokuwiki\Logger should be used instead!
2023-06-08 15:48:45		require(syntax.php) is deprecated. It was called from require() in /var/www/akdtu.dk/public_html/wiki/lib/plugins/anchor/syntax.php:4 Autoloading should be used instead!
2023-06-08 15:48:53		require(syntax.php) is deprecated. It was called from require() in /var/www/akdtu.dk/public_html/wiki/lib/plugins/anchor/syntax.php:4 Autoloading should be used instead!
2023-06-08 15:50:41		dbglog() is deprecated. It was called from auth_plugin_authwordpress::getUserData() in /var/www/akdtu.dk/public_html/wiki/lib/plugins/authwordpress/auth.php:202 \dokuwiki\Logger should be used instead!
2023-06-08 15:51:14		require(syntax.php) is deprecated. It was called from require() in /var/www/akdtu.dk/public_html/wiki/lib/plugins/anchor/syntax.php:4 Autoloading should be used instead!
2023-06-08 15:51:14		dbglog() is deprecated. It was called from auth_plugin_authwordpress::getUserData() in /var/www/akdtu.dk/public_html/wiki/lib/plugins/authwordpress/auth.php:202 \dokuwiki\Logger should be used instead!
2023-06-08 15:51:25		require(syntax.php) is deprecated. It was called from require() in /var/www/akdtu.dk/public_html/wiki/lib/plugins/anchor/syntax.php:4 Autoloading should be used instead!
2023-06-08 15:51:25		dbglog() is deprecated. It was called from auth_plugin_authwordpress::getUserData() in /var/www/akdtu.dk/public_html/wiki/lib/plugins/authwordpress/auth.php:202 \dokuwiki\Logger should be used instead!
2023-06-08 15:51:25		require(syntax.php) is deprecated. It was called from require() in /var/www/akdtu.dk/public_html/wiki/lib/plugins/anchor/syntax.php:4 Autoloading should be used instead!
2023-06-08 15:51:28		require(syntax.php) is deprecated. It was called from require() in /var/www/akdtu.dk/public_html/wiki/lib/plugins/anchor/syntax.php:4 Autoloading should be used instead!
2023-06-08 15:51:38		dbglog() is deprecated. It was called from auth_plugin_authwordpress::getUserData() in /var/www/akdtu.dk/public_html/wiki/lib/plugins/authwordpress/auth.php:202 \dokuwiki\Logger should be used instead!
2023-06-08 15:51:48		require(syntax.php) is deprecated. It was called from require() in /var/www/akdtu.dk/public_html/wiki/lib/plugins/anchor/syntax.php:4 Autoloading should be used instead!
2023-06-08 15:51:48		dbglog() is deprecated. It was called from auth_plugin_authwordpress::getUserData() in /var/www/akdtu.dk/public_html/wiki/lib/plugins/authwordpress/auth.php:202 \dokuwiki\Logger should be used instead!
2023-06-08 16:23:47		dbglog() is deprecated. It was called from auth_plugin_authwordpress::getUserData() in /var/www/akdtu.dk/public_html/wiki/lib/plugins/authwordpress/auth.php:202 \dokuwiki\Logger should be used instead!
2023-06-08 16:23:47		dbglog() is deprecated. It was called from auth_plugin_authwordpress::checkPass() in /var/www/akdtu.dk/public_html/wiki/lib/plugins/authwordpress/auth.php:125 \dokuwiki\Logger should be used instead!
2023-06-08 16:23:48		require(syntax.php) is deprecated. It was called from require() in /var/www/akdtu.dk/public_html/wiki/lib/plugins/anchor/syntax.php:4 Autoloading should be used instead!
2023-06-08 16:23:48		Doku_Handler::_addCall() is deprecated. It was called from syntax_plugin_wrap_div::handle() in /var/www/akdtu.dk/public_html/wiki/lib/plugins/wrap/syntax/div.php:49 addCall should be used instead!
2023-06-08 16:23:48		Doku_Handler::_addCall() is deprecated. It was called from syntax_plugin_wrap_div::handle() in /var/www/akdtu.dk/public_html/wiki/lib/plugins/wrap/syntax/div.php:49 addCall should be used instead!
2023-06-08 16:23:48		Doku_Handler::_addCall() is deprecated. It was called from syntax_plugin_wrap_div::handle() in /var/www/akdtu.dk/public_html/wiki/lib/plugins/wrap/syntax/div.php:49 addCall should be used instead!
2023-06-08 16:23:48		Doku_Handler::_addCall() is deprecated. It was called from syntax_plugin_wrap_div::handle() in /var/www/akdtu.dk/public_html/wiki/lib/plugins/wrap/syntax/div.php:49 addCall should be used instead!
2023-06-08 16:23:48		Doku_Handler::_addCall() is deprecated. It was called from syntax_plugin_wrap_div::handle() in /var/www/akdtu.dk/public_html/wiki/lib/plugins/wrap/syntax/div.php:49 addCall should be used instead!
2023-06-08 16:23:48		Doku_Handler::_addCall() is deprecated. It was called from syntax_plugin_wrap_div::handle() in /var/www/akdtu.dk/public_html/wiki/lib/plugins/wrap/syntax/div.php:49 addCall should be used instead!
2023-06-08 16:23:48		Doku_Handler::_addCall() is deprecated. It was called from syntax_plugin_wrap_div::handle() in /var/www/akdtu.dk/public_html/wiki/lib/plugins/wrap/syntax/div.php:49 addCall should be used instead!
2023-06-08 16:23:48		Doku_Handler::_addCall() is deprecated. It was called from syntax_plugin_wrap_div::handle() in /var/www/akdtu.dk/public_html/wiki/lib/plugins/wrap/syntax/div.php:49 addCall should be used instead!
2023-06-08 16:23:48		Doku_Handler::_addCall() is deprecated. It was called from syntax_plugin_wrap_div::handle() in /var/www/akdtu.dk/public_html/wiki/lib/plugins/wrap/syntax/div.php:49 addCall should be used instead!
2023-06-08 16:23:48		Doku_Handler::_addCall() is deprecated. It was called from syntax_plugin_wrap_div::handle() in /var/www/akdtu.dk/public_html/wiki/lib/plugins/wrap/syntax/div.php:49 addCall should be used instead!
2023-06-08 16:23:48		Doku_Handler::_addCall() is deprecated. It was called from syntax_plugin_wrap_div::handle() in /var/www/akdtu.dk/public_html/wiki/lib/plugins/wrap/syntax/div.php:49 addCall should be used instead!
2023-06-08 16:23:48		Doku_Handler::_addCall() is deprecated. It was called from syntax_plugin_wrap_div::handle() in /var/www/akdtu.dk/public_html/wiki/lib/plugins/wrap/syntax/div.php:49 addCall should be used instead!
2023-06-08 16:23:48		Doku_Handler::_addCall() is deprecated. It was called from syntax_plugin_wrap_div::handle() in /var/www/akdtu.dk/public_html/wiki/lib/plugins/wrap/syntax/div.php:49 addCall should be used instead!
2023-06-08 16:23:48		Doku_Handler::_addCall() is deprecated. It was called from syntax_plugin_wrap_div::handle() in /var/www/akdtu.dk/public_html/wiki/lib/plugins/wrap/syntax/div.php:49 addCall should be used instead!
2023-06-08 16:23:48		Doku_Handler::_addCall() is deprecated. It was called from syntax_plugin_wrap_div::handle() in /var/www/akdtu.dk/public_html/wiki/lib/plugins/wrap/syntax/div.php:49 addCall should be used instead!
2023-06-08 16:23:48		Doku_Handler::_addCall() is deprecated. It was called from syntax_plugin_wrap_div::handle() in /var/www/akdtu.dk/public_html/wiki/lib/plugins/wrap/syntax/div.php:49 addCall should be used instead!
2023-06-08 16:23:48		Doku_Handler::_addCall() is deprecated. It was called from syntax_plugin_wrap_div::handle() in /var/www/akdtu.dk/public_html/wiki/lib/plugins/wrap/syntax/div.php:49 addCall should be used instead!
2023-06-08 16:23:48		Doku_Handler::_addCall() is deprecated. It was called from syntax_plugin_wrap_div::handle() in /var/www/akdtu.dk/public_html/wiki/lib/plugins/wrap/syntax/div.php:49 addCall should be used instead!
2023-06-08 16:23:48		dbglog() is deprecated. It was called from auth_plugin_authwordpress::getUserData() in /var/www/akdtu.dk/public_html/wiki/lib/plugins/authwordpress/auth.php:202 \dokuwiki\Logger should be used instead!
