2023-11-27 20:37:21		dbglog() is deprecated. It was called from helper_plugin_davcal::__construct() in /var/www/akdtu.dk/public_html/wiki/lib/plugins/davcal/helper.php:20 \dokuwiki\Logger should be used instead!
2023-11-27 20:37:22		dbglog() is deprecated. It was called from helper_plugin_davcal::__construct() in /var/www/akdtu.dk/public_html/wiki/lib/plugins/davcal/helper.php:20 \dokuwiki\Logger should be used instead!
2023-11-27 20:37:22		dbglog() is deprecated. It was called from helper_plugin_davcal::__construct() in /var/www/akdtu.dk/public_html/wiki/lib/plugins/davcal/helper.php:20 \dokuwiki\Logger should be used instead!
2023-11-27 20:37:22		dbglog() is deprecated. It was called from helper_plugin_davcal::__construct() in /var/www/akdtu.dk/public_html/wiki/lib/plugins/davcal/helper.php:20 \dokuwiki\Logger should be used instead!
2023-11-27 20:37:22		dbglog() is deprecated. It was called from helper_plugin_davcal::__construct() in /var/www/akdtu.dk/public_html/wiki/lib/plugins/davcal/helper.php:20 \dokuwiki\Logger should be used instead!
2023-11-27 20:37:22		dbglog() is deprecated. It was called from helper_plugin_davcal::__construct() in /var/www/akdtu.dk/public_html/wiki/lib/plugins/davcal/helper.php:20 \dokuwiki\Logger should be used instead!
2023-11-27 20:37:22		dbglog() is deprecated. It was called from helper_plugin_davcal::__construct() in /var/www/akdtu.dk/public_html/wiki/lib/plugins/davcal/helper.php:20 \dokuwiki\Logger should be used instead!
2023-11-27 20:37:22		dbglog() is deprecated. It was called from helper_plugin_davcal::__construct() in /var/www/akdtu.dk/public_html/wiki/lib/plugins/davcal/helper.php:20 \dokuwiki\Logger should be used instead!
2023-11-27 20:37:22		dbglog() is deprecated. It was called from helper_plugin_davcal::__construct() in /var/www/akdtu.dk/public_html/wiki/lib/plugins/davcal/helper.php:20 \dokuwiki\Logger should be used instead!
2023-11-27 20:37:23		dbglog() is deprecated. It was called from helper_plugin_davcal::__construct() in /var/www/akdtu.dk/public_html/wiki/lib/plugins/davcal/helper.php:20 \dokuwiki\Logger should be used instead!
2023-11-27 20:37:23		dbglog() is deprecated. It was called from helper_plugin_davcal::__construct() in /var/www/akdtu.dk/public_html/wiki/lib/plugins/davcal/helper.php:20 \dokuwiki\Logger should be used instead!
2023-11-27 20:37:23		dbglog() is deprecated. It was called from helper_plugin_davcal::__construct() in /var/www/akdtu.dk/public_html/wiki/lib/plugins/davcal/helper.php:20 \dokuwiki\Logger should be used instead!
2023-11-27 20:37:23		dbglog() is deprecated. It was called from helper_plugin_davcal::__construct() in /var/www/akdtu.dk/public_html/wiki/lib/plugins/davcal/helper.php:20 \dokuwiki\Logger should be used instead!
2023-11-27 20:37:23		dbglog() is deprecated. It was called from helper_plugin_davcal::__construct() in /var/www/akdtu.dk/public_html/wiki/lib/plugins/davcal/helper.php:20 \dokuwiki\Logger should be used instead!
2023-11-27 20:37:23		dbglog() is deprecated. It was called from helper_plugin_davcal::__construct() in /var/www/akdtu.dk/public_html/wiki/lib/plugins/davcal/helper.php:20 \dokuwiki\Logger should be used instead!
2023-11-27 20:37:23		dbglog() is deprecated. It was called from helper_plugin_davcal::__construct() in /var/www/akdtu.dk/public_html/wiki/lib/plugins/davcal/helper.php:20 \dokuwiki\Logger should be used instead!
2023-11-27 20:37:23		dbglog() is deprecated. It was called from helper_plugin_davcal::__construct() in /var/www/akdtu.dk/public_html/wiki/lib/plugins/davcal/helper.php:20 \dokuwiki\Logger should be used instead!
2023-11-27 20:37:37		dbglog() is deprecated. It was called from helper_plugin_davcal::__construct() in /var/www/akdtu.dk/public_html/wiki/lib/plugins/davcal/helper.php:20 \dokuwiki\Logger should be used instead!
2023-11-27 20:37:37		require(syntax.php) is deprecated. It was called from require() in /var/www/akdtu.dk/public_html/wiki/lib/plugins/akdtu/syntax.php:12 Autoloading should be used instead!
2023-11-27 20:37:37		dbglog() is deprecated. It was called from helper_plugin_davcal::__construct() in /var/www/akdtu.dk/public_html/wiki/lib/plugins/davcal/helper.php:20 \dokuwiki\Logger should be used instead!
2023-11-27 20:37:38		dbglog() is deprecated. It was called from helper_plugin_davcal::__construct() in /var/www/akdtu.dk/public_html/wiki/lib/plugins/davcal/helper.php:20 \dokuwiki\Logger should be used instead!
2023-11-27 20:37:38		dbglog() is deprecated. It was called from helper_plugin_davcal::__construct() in /var/www/akdtu.dk/public_html/wiki/lib/plugins/davcal/helper.php:20 \dokuwiki\Logger should be used instead!
2023-11-27 20:37:38		dbglog() is deprecated. It was called from helper_plugin_davcal::__construct() in /var/www/akdtu.dk/public_html/wiki/lib/plugins/davcal/helper.php:20 \dokuwiki\Logger should be used instead!
2023-11-27 20:37:38		dbglog() is deprecated. It was called from helper_plugin_davcal::__construct() in /var/www/akdtu.dk/public_html/wiki/lib/plugins/davcal/helper.php:20 \dokuwiki\Logger should be used instead!
2023-11-27 20:37:38		dbglog() is deprecated. It was called from helper_plugin_davcal::__construct() in /var/www/akdtu.dk/public_html/wiki/lib/plugins/davcal/helper.php:20 \dokuwiki\Logger should be used instead!
2023-11-27 20:37:38		dbglog() is deprecated. It was called from helper_plugin_davcal::__construct() in /var/www/akdtu.dk/public_html/wiki/lib/plugins/davcal/helper.php:20 \dokuwiki\Logger should be used instead!
2023-11-27 20:39:44		dbglog() is deprecated. It was called from helper_plugin_davcal::__construct() in /var/www/akdtu.dk/public_html/wiki/lib/plugins/davcal/helper.php:20 \dokuwiki\Logger should be used instead!
2023-11-27 20:39:44		dbglog() is deprecated. It was called from helper_plugin_davcal::__construct() in /var/www/akdtu.dk/public_html/wiki/lib/plugins/davcal/helper.php:20 \dokuwiki\Logger should be used instead!
2023-11-27 20:39:44		dbglog() is deprecated. It was called from helper_plugin_davcal::__construct() in /var/www/akdtu.dk/public_html/wiki/lib/plugins/davcal/helper.php:20 \dokuwiki\Logger should be used instead!
2023-11-27 20:39:44		dbglog() is deprecated. It was called from helper_plugin_davcal::__construct() in /var/www/akdtu.dk/public_html/wiki/lib/plugins/davcal/helper.php:20 \dokuwiki\Logger should be used instead!
2023-11-27 20:39:44		dbglog() is deprecated. It was called from helper_plugin_davcal::__construct() in /var/www/akdtu.dk/public_html/wiki/lib/plugins/davcal/helper.php:20 \dokuwiki\Logger should be used instead!
2023-11-27 20:39:44		dbglog() is deprecated. It was called from helper_plugin_davcal::__construct() in /var/www/akdtu.dk/public_html/wiki/lib/plugins/davcal/helper.php:20 \dokuwiki\Logger should be used instead!
2023-11-27 20:39:44		dbglog() is deprecated. It was called from helper_plugin_davcal::__construct() in /var/www/akdtu.dk/public_html/wiki/lib/plugins/davcal/helper.php:20 \dokuwiki\Logger should be used instead!
2023-11-27 20:39:44		dbglog() is deprecated. It was called from helper_plugin_davcal::__construct() in /var/www/akdtu.dk/public_html/wiki/lib/plugins/davcal/helper.php:20 \dokuwiki\Logger should be used instead!
2023-11-27 20:39:44		dbglog() is deprecated. It was called from helper_plugin_davcal::__construct() in /var/www/akdtu.dk/public_html/wiki/lib/plugins/davcal/helper.php:20 \dokuwiki\Logger should be used instead!
2023-11-27 20:39:52		dbglog() is deprecated. It was called from helper_plugin_davcal::__construct() in /var/www/akdtu.dk/public_html/wiki/lib/plugins/davcal/helper.php:20 \dokuwiki\Logger should be used instead!
2023-11-27 20:39:52		dbglog() is deprecated. It was called from helper_plugin_davcal::__construct() in /var/www/akdtu.dk/public_html/wiki/lib/plugins/davcal/helper.php:20 \dokuwiki\Logger should be used instead!
2023-11-27 20:39:52		dbglog() is deprecated. It was called from helper_plugin_davcal::__construct() in /var/www/akdtu.dk/public_html/wiki/lib/plugins/davcal/helper.php:20 \dokuwiki\Logger should be used instead!
2023-11-27 20:39:52		dbglog() is deprecated. It was called from helper_plugin_davcal::__construct() in /var/www/akdtu.dk/public_html/wiki/lib/plugins/davcal/helper.php:20 \dokuwiki\Logger should be used instead!
2023-11-27 20:39:52		dbglog() is deprecated. It was called from helper_plugin_davcal::__construct() in /var/www/akdtu.dk/public_html/wiki/lib/plugins/davcal/helper.php:20 \dokuwiki\Logger should be used instead!
2023-11-27 21:02:44		dbglog() is deprecated. It was called from helper_plugin_davcal::__construct() in /var/www/akdtu.dk/public_html/wiki/lib/plugins/davcal/helper.php:20 \dokuwiki\Logger should be used instead!
2023-11-27 21:02:44		dbglog() is deprecated. It was called from helper_plugin_davcal::__construct() in /var/www/akdtu.dk/public_html/wiki/lib/plugins/davcal/helper.php:20 \dokuwiki\Logger should be used instead!
2023-11-27 21:02:44		dbglog() is deprecated. It was called from helper_plugin_davcal::__construct() in /var/www/akdtu.dk/public_html/wiki/lib/plugins/davcal/helper.php:20 \dokuwiki\Logger should be used instead!
2023-11-27 21:02:44		dbglog() is deprecated. It was called from helper_plugin_davcal::__construct() in /var/www/akdtu.dk/public_html/wiki/lib/plugins/davcal/helper.php:20 \dokuwiki\Logger should be used instead!
2023-11-27 21:02:44		dbglog() is deprecated. It was called from helper_plugin_davcal::__construct() in /var/www/akdtu.dk/public_html/wiki/lib/plugins/davcal/helper.php:20 \dokuwiki\Logger should be used instead!
2023-11-27 21:02:44		dbglog() is deprecated. It was called from auth_plugin_authwordpress::logDebug() in /var/www/akdtu.dk/public_html/wiki/lib/plugins/authwordpress/auth.php:381 \dokuwiki\Logger should be used instead!
2023-11-27 21:02:44		dbglog() is deprecated. It was called from auth_plugin_authwordpress::logDebug() in /var/www/akdtu.dk/public_html/wiki/lib/plugins/authwordpress/auth.php:381 \dokuwiki\Logger should be used instead!
2023-11-27 21:02:44		dbglog() is deprecated. It was called from auth_plugin_authwordpress::logDebug() in /var/www/akdtu.dk/public_html/wiki/lib/plugins/authwordpress/auth.php:381 \dokuwiki\Logger should be used instead!
2023-11-27 21:02:45		dbglog() is deprecated. It was called from helper_plugin_davcal::__construct() in /var/www/akdtu.dk/public_html/wiki/lib/plugins/davcal/helper.php:20 \dokuwiki\Logger should be used instead!
2023-11-27 21:02:45		dbglog() is deprecated. It was called from helper_plugin_davcal::__construct() in /var/www/akdtu.dk/public_html/wiki/lib/plugins/davcal/helper.php:20 \dokuwiki\Logger should be used instead!
2023-11-27 21:02:46		dbglog() is deprecated. It was called from helper_plugin_davcal::__construct() in /var/www/akdtu.dk/public_html/wiki/lib/plugins/davcal/helper.php:20 \dokuwiki\Logger should be used instead!
2023-11-27 21:02:46		dbglog() is deprecated. It was called from helper_plugin_davcal::__construct() in /var/www/akdtu.dk/public_html/wiki/lib/plugins/davcal/helper.php:20 \dokuwiki\Logger should be used instead!
2023-11-27 21:02:46		dbglog() is deprecated. It was called from helper_plugin_davcal::__construct() in /var/www/akdtu.dk/public_html/wiki/lib/plugins/davcal/helper.php:20 \dokuwiki\Logger should be used instead!
2023-11-27 21:02:46		dbglog() is deprecated. It was called from helper_plugin_davcal::__construct() in /var/www/akdtu.dk/public_html/wiki/lib/plugins/davcal/helper.php:20 \dokuwiki\Logger should be used instead!
2023-11-27 21:02:46		dbglog() is deprecated. It was called from helper_plugin_davcal::__construct() in /var/www/akdtu.dk/public_html/wiki/lib/plugins/davcal/helper.php:20 \dokuwiki\Logger should be used instead!
2023-11-27 21:02:46		dbglog() is deprecated. It was called from helper_plugin_davcal::__construct() in /var/www/akdtu.dk/public_html/wiki/lib/plugins/davcal/helper.php:20 \dokuwiki\Logger should be used instead!
2023-11-27 21:02:46		dbglog() is deprecated. It was called from helper_plugin_davcal::__construct() in /var/www/akdtu.dk/public_html/wiki/lib/plugins/davcal/helper.php:20 \dokuwiki\Logger should be used instead!
2023-11-27 21:02:47		dbglog() is deprecated. It was called from helper_plugin_davcal::__construct() in /var/www/akdtu.dk/public_html/wiki/lib/plugins/davcal/helper.php:20 \dokuwiki\Logger should be used instead!
2023-11-27 21:02:47		dbglog() is deprecated. It was called from helper_plugin_davcal::__construct() in /var/www/akdtu.dk/public_html/wiki/lib/plugins/davcal/helper.php:20 \dokuwiki\Logger should be used instead!
2023-11-27 21:02:48		dbglog() is deprecated. It was called from helper_plugin_davcal::__construct() in /var/www/akdtu.dk/public_html/wiki/lib/plugins/davcal/helper.php:20 \dokuwiki\Logger should be used instead!
2023-11-27 21:02:48		dbglog() is deprecated. It was called from helper_plugin_davcal::__construct() in /var/www/akdtu.dk/public_html/wiki/lib/plugins/davcal/helper.php:20 \dokuwiki\Logger should be used instead!
2023-11-27 21:02:48		dbglog() is deprecated. It was called from helper_plugin_davcal::__construct() in /var/www/akdtu.dk/public_html/wiki/lib/plugins/davcal/helper.php:20 \dokuwiki\Logger should be used instead!
2023-11-27 21:02:48		dbglog() is deprecated. It was called from helper_plugin_davcal::__construct() in /var/www/akdtu.dk/public_html/wiki/lib/plugins/davcal/helper.php:20 \dokuwiki\Logger should be used instead!
2023-11-27 21:02:48		dbglog() is deprecated. It was called from helper_plugin_davcal::__construct() in /var/www/akdtu.dk/public_html/wiki/lib/plugins/davcal/helper.php:20 \dokuwiki\Logger should be used instead!
2023-11-27 21:02:48		dbglog() is deprecated. It was called from helper_plugin_davcal::__construct() in /var/www/akdtu.dk/public_html/wiki/lib/plugins/davcal/helper.php:20 \dokuwiki\Logger should be used instead!
2023-11-27 21:02:48		dbglog() is deprecated. It was called from helper_plugin_davcal::__construct() in /var/www/akdtu.dk/public_html/wiki/lib/plugins/davcal/helper.php:20 \dokuwiki\Logger should be used instead!
2023-11-27 21:02:48		dbglog() is deprecated. It was called from helper_plugin_davcal::__construct() in /var/www/akdtu.dk/public_html/wiki/lib/plugins/davcal/helper.php:20 \dokuwiki\Logger should be used instead!
2023-11-27 21:02:48		dbglog() is deprecated. It was called from helper_plugin_davcal::__construct() in /var/www/akdtu.dk/public_html/wiki/lib/plugins/davcal/helper.php:20 \dokuwiki\Logger should be used instead!
2023-11-27 21:02:48		dbglog() is deprecated. It was called from helper_plugin_davcal::__construct() in /var/www/akdtu.dk/public_html/wiki/lib/plugins/davcal/helper.php:20 \dokuwiki\Logger should be used instead!
2023-11-27 21:02:48		dbglog() is deprecated. It was called from helper_plugin_davcal::__construct() in /var/www/akdtu.dk/public_html/wiki/lib/plugins/davcal/helper.php:20 \dokuwiki\Logger should be used instead!
2023-11-27 21:02:54		dbglog() is deprecated. It was called from helper_plugin_davcal::__construct() in /var/www/akdtu.dk/public_html/wiki/lib/plugins/davcal/helper.php:20 \dokuwiki\Logger should be used instead!
2023-11-27 21:02:54		require(syntax.php) is deprecated. It was called from require() in /var/www/akdtu.dk/public_html/wiki/lib/plugins/akdtu/syntax.php:12 Autoloading should be used instead!
2023-11-27 21:02:54		dbglog() is deprecated. It was called from helper_plugin_davcal::__construct() in /var/www/akdtu.dk/public_html/wiki/lib/plugins/davcal/helper.php:20 \dokuwiki\Logger should be used instead!
2023-11-27 21:02:54		dbglog() is deprecated. It was called from helper_plugin_davcal::__construct() in /var/www/akdtu.dk/public_html/wiki/lib/plugins/davcal/helper.php:20 \dokuwiki\Logger should be used instead!
2023-11-27 21:02:54		dbglog() is deprecated. It was called from helper_plugin_davcal::__construct() in /var/www/akdtu.dk/public_html/wiki/lib/plugins/davcal/helper.php:20 \dokuwiki\Logger should be used instead!
2023-11-27 21:02:55		dbglog() is deprecated. It was called from helper_plugin_davcal::__construct() in /var/www/akdtu.dk/public_html/wiki/lib/plugins/davcal/helper.php:20 \dokuwiki\Logger should be used instead!
2023-11-27 21:02:55		dbglog() is deprecated. It was called from helper_plugin_davcal::__construct() in /var/www/akdtu.dk/public_html/wiki/lib/plugins/davcal/helper.php:20 \dokuwiki\Logger should be used instead!
2023-11-27 21:02:59		dbglog() is deprecated. It was called from helper_plugin_davcal::__construct() in /var/www/akdtu.dk/public_html/wiki/lib/plugins/davcal/helper.php:20 \dokuwiki\Logger should be used instead!
2023-11-27 21:02:59		dbglog() is deprecated. It was called from helper_plugin_davcal::__construct() in /var/www/akdtu.dk/public_html/wiki/lib/plugins/davcal/helper.php:20 \dokuwiki\Logger should be used instead!
2023-11-27 21:03:00		dbglog() is deprecated. It was called from helper_plugin_davcal::__construct() in /var/www/akdtu.dk/public_html/wiki/lib/plugins/davcal/helper.php:20 \dokuwiki\Logger should be used instead!
2023-11-27 21:03:00		dbglog() is deprecated. It was called from helper_plugin_davcal::__construct() in /var/www/akdtu.dk/public_html/wiki/lib/plugins/davcal/helper.php:20 \dokuwiki\Logger should be used instead!
2023-11-27 21:03:05		dbglog() is deprecated. It was called from helper_plugin_davcal::__construct() in /var/www/akdtu.dk/public_html/wiki/lib/plugins/davcal/helper.php:20 \dokuwiki\Logger should be used instead!
2023-11-27 21:03:05		dbglog() is deprecated. It was called from helper_plugin_davcal::__construct() in /var/www/akdtu.dk/public_html/wiki/lib/plugins/davcal/helper.php:20 \dokuwiki\Logger should be used instead!
2023-11-27 21:03:05		dbglog() is deprecated. It was called from helper_plugin_davcal::__construct() in /var/www/akdtu.dk/public_html/wiki/lib/plugins/davcal/helper.php:20 \dokuwiki\Logger should be used instead!
2023-11-27 21:03:05		dbglog() is deprecated. It was called from helper_plugin_davcal::__construct() in /var/www/akdtu.dk/public_html/wiki/lib/plugins/davcal/helper.php:20 \dokuwiki\Logger should be used instead!
2023-11-27 21:03:07		dbglog() is deprecated. It was called from helper_plugin_davcal::__construct() in /var/www/akdtu.dk/public_html/wiki/lib/plugins/davcal/helper.php:20 \dokuwiki\Logger should be used instead!
2023-11-27 21:03:07		dbglog() is deprecated. It was called from helper_plugin_davcal::__construct() in /var/www/akdtu.dk/public_html/wiki/lib/plugins/davcal/helper.php:20 \dokuwiki\Logger should be used instead!
2023-11-27 21:03:07		dbglog() is deprecated. It was called from helper_plugin_davcal::__construct() in /var/www/akdtu.dk/public_html/wiki/lib/plugins/davcal/helper.php:20 \dokuwiki\Logger should be used instead!
2023-11-27 21:03:07		dbglog() is deprecated. It was called from helper_plugin_davcal::__construct() in /var/www/akdtu.dk/public_html/wiki/lib/plugins/davcal/helper.php:20 \dokuwiki\Logger should be used instead!
2023-11-27 21:03:09		dbglog() is deprecated. It was called from helper_plugin_davcal::__construct() in /var/www/akdtu.dk/public_html/wiki/lib/plugins/davcal/helper.php:20 \dokuwiki\Logger should be used instead!
2023-11-27 21:03:09		dbglog() is deprecated. It was called from helper_plugin_davcal::__construct() in /var/www/akdtu.dk/public_html/wiki/lib/plugins/davcal/helper.php:20 \dokuwiki\Logger should be used instead!
2023-11-27 21:03:09		dbglog() is deprecated. It was called from helper_plugin_davcal::__construct() in /var/www/akdtu.dk/public_html/wiki/lib/plugins/davcal/helper.php:20 \dokuwiki\Logger should be used instead!
2023-11-27 21:03:14		dbglog() is deprecated. It was called from helper_plugin_davcal::__construct() in /var/www/akdtu.dk/public_html/wiki/lib/plugins/davcal/helper.php:20 \dokuwiki\Logger should be used instead!
2023-11-27 21:03:25		dbglog() is deprecated. It was called from helper_plugin_davcal::__construct() in /var/www/akdtu.dk/public_html/wiki/lib/plugins/davcal/helper.php:20 \dokuwiki\Logger should be used instead!
2023-11-27 21:03:25		require(syntax.php) is deprecated. It was called from require() in /var/www/akdtu.dk/public_html/wiki/lib/plugins/akdtu/syntax.php:12 Autoloading should be used instead!
2023-11-27 21:03:25		dbglog() is deprecated. It was called from helper_plugin_davcal::__construct() in /var/www/akdtu.dk/public_html/wiki/lib/plugins/davcal/helper.php:20 \dokuwiki\Logger should be used instead!
2023-11-27 21:03:25		dbglog() is deprecated. It was called from helper_plugin_davcal::__construct() in /var/www/akdtu.dk/public_html/wiki/lib/plugins/davcal/helper.php:20 \dokuwiki\Logger should be used instead!
2023-11-27 21:03:25		dbglog() is deprecated. It was called from helper_plugin_davcal::__construct() in /var/www/akdtu.dk/public_html/wiki/lib/plugins/davcal/helper.php:20 \dokuwiki\Logger should be used instead!
2023-11-27 21:03:37		dbglog() is deprecated. It was called from helper_plugin_davcal::__construct() in /var/www/akdtu.dk/public_html/wiki/lib/plugins/davcal/helper.php:20 \dokuwiki\Logger should be used instead!
2023-11-27 21:03:37		require(syntax.php) is deprecated. It was called from require() in /var/www/akdtu.dk/public_html/wiki/lib/plugins/akdtu/syntax.php:12 Autoloading should be used instead!
2023-11-27 21:03:37		Doku_Handler::_addCall() is deprecated. It was called from syntax_plugin_wrap_div::handle() in /var/www/akdtu.dk/public_html/wiki/lib/plugins/wrap/syntax/div.php:49 addCall should be used instead!
2023-11-27 21:03:37		Doku_Handler::_addCall() is deprecated. It was called from syntax_plugin_wrap_div::handle() in /var/www/akdtu.dk/public_html/wiki/lib/plugins/wrap/syntax/div.php:49 addCall should be used instead!
2023-11-27 21:03:37		Doku_Handler::_addCall() is deprecated. It was called from syntax_plugin_wrap_div::handle() in /var/www/akdtu.dk/public_html/wiki/lib/plugins/wrap/syntax/div.php:49 addCall should be used instead!
2023-11-27 21:03:37		dbglog() is deprecated. It was called from helper_plugin_davcal::__construct() in /var/www/akdtu.dk/public_html/wiki/lib/plugins/davcal/helper.php:20 \dokuwiki\Logger should be used instead!
2023-11-27 21:03:37		dbglog() is deprecated. It was called from helper_plugin_davcal::__construct() in /var/www/akdtu.dk/public_html/wiki/lib/plugins/davcal/helper.php:20 \dokuwiki\Logger should be used instead!
2023-11-27 21:03:37		dbglog() is deprecated. It was called from helper_plugin_davcal::__construct() in /var/www/akdtu.dk/public_html/wiki/lib/plugins/davcal/helper.php:20 \dokuwiki\Logger should be used instead!
2023-11-27 21:03:55		dbglog() is deprecated. It was called from helper_plugin_davcal::__construct() in /var/www/akdtu.dk/public_html/wiki/lib/plugins/davcal/helper.php:20 \dokuwiki\Logger should be used instead!
2023-11-27 21:03:56		dbglog() is deprecated. It was called from helper_plugin_davcal::__construct() in /var/www/akdtu.dk/public_html/wiki/lib/plugins/davcal/helper.php:20 \dokuwiki\Logger should be used instead!
2023-11-27 21:03:56		dbglog() is deprecated. It was called from helper_plugin_davcal::__construct() in /var/www/akdtu.dk/public_html/wiki/lib/plugins/davcal/helper.php:20 \dokuwiki\Logger should be used instead!
2023-11-27 21:03:56		dbglog() is deprecated. It was called from helper_plugin_davcal::__construct() in /var/www/akdtu.dk/public_html/wiki/lib/plugins/davcal/helper.php:20 \dokuwiki\Logger should be used instead!
2023-11-27 21:03:56		dbglog() is deprecated. It was called from helper_plugin_davcal::__construct() in /var/www/akdtu.dk/public_html/wiki/lib/plugins/davcal/helper.php:20 \dokuwiki\Logger should be used instead!
2023-11-27 21:03:56		dbglog() is deprecated. It was called from helper_plugin_davcal::__construct() in /var/www/akdtu.dk/public_html/wiki/lib/plugins/davcal/helper.php:20 \dokuwiki\Logger should be used instead!
2023-11-27 21:03:56		dbglog() is deprecated. It was called from helper_plugin_davcal::__construct() in /var/www/akdtu.dk/public_html/wiki/lib/plugins/davcal/helper.php:20 \dokuwiki\Logger should be used instead!
2023-11-27 21:03:56		dbglog() is deprecated. It was called from helper_plugin_davcal::__construct() in /var/www/akdtu.dk/public_html/wiki/lib/plugins/davcal/helper.php:20 \dokuwiki\Logger should be used instead!
2023-11-27 21:04:02		dbglog() is deprecated. It was called from helper_plugin_davcal::__construct() in /var/www/akdtu.dk/public_html/wiki/lib/plugins/davcal/helper.php:20 \dokuwiki\Logger should be used instead!
2023-11-27 21:04:02		require(syntax.php) is deprecated. It was called from require() in /var/www/akdtu.dk/public_html/wiki/lib/plugins/akdtu/syntax.php:12 Autoloading should be used instead!
2023-11-27 21:04:02		dbglog() is deprecated. It was called from helper_plugin_davcal::__construct() in /var/www/akdtu.dk/public_html/wiki/lib/plugins/davcal/helper.php:20 \dokuwiki\Logger should be used instead!
2023-11-27 21:04:02		dbglog() is deprecated. It was called from helper_plugin_davcal::__construct() in /var/www/akdtu.dk/public_html/wiki/lib/plugins/davcal/helper.php:20 \dokuwiki\Logger should be used instead!
2023-11-27 21:04:02		dbglog() is deprecated. It was called from helper_plugin_davcal::__construct() in /var/www/akdtu.dk/public_html/wiki/lib/plugins/davcal/helper.php:20 \dokuwiki\Logger should be used instead!
2023-11-27 21:04:06		dbglog() is deprecated. It was called from helper_plugin_davcal::__construct() in /var/www/akdtu.dk/public_html/wiki/lib/plugins/davcal/helper.php:20 \dokuwiki\Logger should be used instead!
2023-11-27 21:04:06		dbglog() is deprecated. It was called from helper_plugin_davcal::__construct() in /var/www/akdtu.dk/public_html/wiki/lib/plugins/davcal/helper.php:20 \dokuwiki\Logger should be used instead!
2023-11-27 21:04:06		dbglog() is deprecated. It was called from helper_plugin_davcal::__construct() in /var/www/akdtu.dk/public_html/wiki/lib/plugins/davcal/helper.php:20 \dokuwiki\Logger should be used instead!
2023-11-27 21:04:06		dbglog() is deprecated. It was called from helper_plugin_davcal::__construct() in /var/www/akdtu.dk/public_html/wiki/lib/plugins/davcal/helper.php:20 \dokuwiki\Logger should be used instead!
2023-11-27 21:04:09		dbglog() is deprecated. It was called from helper_plugin_davcal::__construct() in /var/www/akdtu.dk/public_html/wiki/lib/plugins/davcal/helper.php:20 \dokuwiki\Logger should be used instead!
2023-11-27 21:04:09		dbglog() is deprecated. It was called from helper_plugin_davcal::__construct() in /var/www/akdtu.dk/public_html/wiki/lib/plugins/davcal/helper.php:20 \dokuwiki\Logger should be used instead!
2023-11-27 21:04:09		dbglog() is deprecated. It was called from helper_plugin_davcal::__construct() in /var/www/akdtu.dk/public_html/wiki/lib/plugins/davcal/helper.php:20 \dokuwiki\Logger should be used instead!
2023-11-27 21:04:09		dbglog() is deprecated. It was called from helper_plugin_davcal::__construct() in /var/www/akdtu.dk/public_html/wiki/lib/plugins/davcal/helper.php:20 \dokuwiki\Logger should be used instead!
2023-11-27 21:04:09		dbglog() is deprecated. It was called from helper_plugin_davcal::__construct() in /var/www/akdtu.dk/public_html/wiki/lib/plugins/davcal/helper.php:20 \dokuwiki\Logger should be used instead!
2023-11-27 21:04:09		dbglog() is deprecated. It was called from helper_plugin_davcal::__construct() in /var/www/akdtu.dk/public_html/wiki/lib/plugins/davcal/helper.php:20 \dokuwiki\Logger should be used instead!
2023-11-27 21:04:10		dbglog() is deprecated. It was called from helper_plugin_davcal::__construct() in /var/www/akdtu.dk/public_html/wiki/lib/plugins/davcal/helper.php:20 \dokuwiki\Logger should be used instead!
2023-11-27 21:04:10		dbglog() is deprecated. It was called from helper_plugin_davcal::__construct() in /var/www/akdtu.dk/public_html/wiki/lib/plugins/davcal/helper.php:20 \dokuwiki\Logger should be used instead!
2023-11-27 21:04:13		dbglog() is deprecated. It was called from helper_plugin_davcal::__construct() in /var/www/akdtu.dk/public_html/wiki/lib/plugins/davcal/helper.php:20 \dokuwiki\Logger should be used instead!
2023-11-27 21:04:13		dbglog() is deprecated. It was called from helper_plugin_davcal::__construct() in /var/www/akdtu.dk/public_html/wiki/lib/plugins/davcal/helper.php:20 \dokuwiki\Logger should be used instead!
2023-11-27 21:04:13		dbglog() is deprecated. It was called from helper_plugin_davcal::__construct() in /var/www/akdtu.dk/public_html/wiki/lib/plugins/davcal/helper.php:20 \dokuwiki\Logger should be used instead!
2023-11-27 21:04:13		dbglog() is deprecated. It was called from helper_plugin_davcal::__construct() in /var/www/akdtu.dk/public_html/wiki/lib/plugins/davcal/helper.php:20 \dokuwiki\Logger should be used instead!
2023-11-27 21:04:21		dbglog() is deprecated. It was called from helper_plugin_davcal::__construct() in /var/www/akdtu.dk/public_html/wiki/lib/plugins/davcal/helper.php:20 \dokuwiki\Logger should be used instead!
2023-11-27 21:04:21		helper_plugin_sqlite::init() is deprecated. It was called from helper_plugin_davcal::getDB() in /var/www/akdtu.dk/public_html/wiki/lib/plugins/davcal/helper.php:37 dokuwiki\plugin\sqlite\SQLiteDB should be used instead!
2023-11-27 21:04:21		dbglog() is deprecated. It was called from helper_plugin_davcal::__construct() in /var/www/akdtu.dk/public_html/wiki/lib/plugins/davcal/helper.php:20 \dokuwiki\Logger should be used instead!
2023-11-27 21:04:21		require(syntax.php) is deprecated. It was called from require() in /var/www/akdtu.dk/public_html/wiki/lib/plugins/akdtu/syntax.php:12 Autoloading should be used instead!
2023-11-27 21:04:22		dbglog() is deprecated. It was called from helper_plugin_davcal::__construct() in /var/www/akdtu.dk/public_html/wiki/lib/plugins/davcal/helper.php:20 \dokuwiki\Logger should be used instead!
2023-11-27 21:04:22		require(syntax.php) is deprecated. It was called from require() in /var/www/akdtu.dk/public_html/wiki/lib/plugins/akdtu/syntax.php:12 Autoloading should be used instead!
2023-11-27 21:04:22		dbglog() is deprecated. It was called from helper_plugin_davcal::__construct() in /var/www/akdtu.dk/public_html/wiki/lib/plugins/davcal/helper.php:20 \dokuwiki\Logger should be used instead!
2023-11-27 21:04:22		dbglog() is deprecated. It was called from helper_plugin_davcal::__construct() in /var/www/akdtu.dk/public_html/wiki/lib/plugins/davcal/helper.php:20 \dokuwiki\Logger should be used instead!
2023-11-27 21:04:23		dbglog() is deprecated. It was called from helper_plugin_davcal::__construct() in /var/www/akdtu.dk/public_html/wiki/lib/plugins/davcal/helper.php:20 \dokuwiki\Logger should be used instead!
2023-11-27 21:04:23		dbglog() is deprecated. It was called from helper_plugin_davcal::__construct() in /var/www/akdtu.dk/public_html/wiki/lib/plugins/davcal/helper.php:20 \dokuwiki\Logger should be used instead!
2023-11-27 21:04:24		dbglog() is deprecated. It was called from helper_plugin_davcal::__construct() in /var/www/akdtu.dk/public_html/wiki/lib/plugins/davcal/helper.php:20 \dokuwiki\Logger should be used instead!
2023-11-27 21:04:24		dbglog() is deprecated. It was called from helper_plugin_davcal::__construct() in /var/www/akdtu.dk/public_html/wiki/lib/plugins/davcal/helper.php:20 \dokuwiki\Logger should be used instead!
2023-11-27 21:04:49		dbglog() is deprecated. It was called from helper_plugin_davcal::__construct() in /var/www/akdtu.dk/public_html/wiki/lib/plugins/davcal/helper.php:20 \dokuwiki\Logger should be used instead!
2023-11-27 21:04:49		dbglog() is deprecated. It was called from helper_plugin_davcal::__construct() in /var/www/akdtu.dk/public_html/wiki/lib/plugins/davcal/helper.php:20 \dokuwiki\Logger should be used instead!
2023-11-27 21:04:50		dbglog() is deprecated. It was called from helper_plugin_davcal::__construct() in /var/www/akdtu.dk/public_html/wiki/lib/plugins/davcal/helper.php:20 \dokuwiki\Logger should be used instead!
2023-11-27 21:04:50		dbglog() is deprecated. It was called from helper_plugin_davcal::__construct() in /var/www/akdtu.dk/public_html/wiki/lib/plugins/davcal/helper.php:20 \dokuwiki\Logger should be used instead!
2023-11-27 21:04:56		dbglog() is deprecated. It was called from helper_plugin_davcal::__construct() in /var/www/akdtu.dk/public_html/wiki/lib/plugins/davcal/helper.php:20 \dokuwiki\Logger should be used instead!
2023-11-27 21:04:56		helper_plugin_sqlite::init() is deprecated. It was called from helper_plugin_davcal::getDB() in /var/www/akdtu.dk/public_html/wiki/lib/plugins/davcal/helper.php:37 dokuwiki\plugin\sqlite\SQLiteDB should be used instead!
2023-11-27 21:04:56		dbglog() is deprecated. It was called from helper_plugin_davcal::__construct() in /var/www/akdtu.dk/public_html/wiki/lib/plugins/davcal/helper.php:20 \dokuwiki\Logger should be used instead!
2023-11-27 21:04:56		require(syntax.php) is deprecated. It was called from require() in /var/www/akdtu.dk/public_html/wiki/lib/plugins/akdtu/syntax.php:12 Autoloading should be used instead!
2023-11-27 21:04:56		dbglog() is deprecated. It was called from helper_plugin_davcal::__construct() in /var/www/akdtu.dk/public_html/wiki/lib/plugins/davcal/helper.php:20 \dokuwiki\Logger should be used instead!
2023-11-27 21:04:56		require(syntax.php) is deprecated. It was called from require() in /var/www/akdtu.dk/public_html/wiki/lib/plugins/akdtu/syntax.php:12 Autoloading should be used instead!
2023-11-27 21:04:56		dbglog() is deprecated. It was called from helper_plugin_davcal::__construct() in /var/www/akdtu.dk/public_html/wiki/lib/plugins/davcal/helper.php:20 \dokuwiki\Logger should be used instead!
2023-11-27 21:04:56		dbglog() is deprecated. It was called from helper_plugin_davcal::__construct() in /var/www/akdtu.dk/public_html/wiki/lib/plugins/davcal/helper.php:20 \dokuwiki\Logger should be used instead!
2023-11-27 21:05:06		dbglog() is deprecated. It was called from helper_plugin_davcal::__construct() in /var/www/akdtu.dk/public_html/wiki/lib/plugins/davcal/helper.php:20 \dokuwiki\Logger should be used instead!
2023-11-27 21:05:06		helper_plugin_sqlite::init() is deprecated. It was called from helper_plugin_davcal::getDB() in /var/www/akdtu.dk/public_html/wiki/lib/plugins/davcal/helper.php:37 dokuwiki\plugin\sqlite\SQLiteDB should be used instead!
2023-11-27 21:05:06		dbglog() is deprecated. It was called from helper_plugin_davcal::__construct() in /var/www/akdtu.dk/public_html/wiki/lib/plugins/davcal/helper.php:20 \dokuwiki\Logger should be used instead!
2023-11-27 21:05:06		require(syntax.php) is deprecated. It was called from require() in /var/www/akdtu.dk/public_html/wiki/lib/plugins/akdtu/syntax.php:12 Autoloading should be used instead!
2023-11-27 21:05:06		dbglog() is deprecated. It was called from helper_plugin_davcal::__construct() in /var/www/akdtu.dk/public_html/wiki/lib/plugins/davcal/helper.php:20 \dokuwiki\Logger should be used instead!
2023-11-27 21:05:06		dbglog() is deprecated. It was called from helper_plugin_davcal::__construct() in /var/www/akdtu.dk/public_html/wiki/lib/plugins/davcal/helper.php:20 \dokuwiki\Logger should be used instead!
2023-11-27 21:05:06		require(syntax.php) is deprecated. It was called from require() in /var/www/akdtu.dk/public_html/wiki/lib/plugins/akdtu/syntax.php:12 Autoloading should be used instead!
2023-11-27 21:05:07		dbglog() is deprecated. It was called from helper_plugin_davcal::__construct() in /var/www/akdtu.dk/public_html/wiki/lib/plugins/davcal/helper.php:20 \dokuwiki\Logger should be used instead!
2023-11-27 21:05:07		dbglog() is deprecated. It was called from helper_plugin_davcal::__construct() in /var/www/akdtu.dk/public_html/wiki/lib/plugins/davcal/helper.php:20 \dokuwiki\Logger should be used instead!
2023-11-27 21:05:09		dbglog() is deprecated. It was called from helper_plugin_davcal::__construct() in /var/www/akdtu.dk/public_html/wiki/lib/plugins/davcal/helper.php:20 \dokuwiki\Logger should be used instead!
2023-11-27 21:05:09		require(syntax.php) is deprecated. It was called from require() in /var/www/akdtu.dk/public_html/wiki/lib/plugins/akdtu/syntax.php:12 Autoloading should be used instead!
2023-11-27 21:05:09		dbglog() is deprecated. It was called from helper_plugin_davcal::__construct() in /var/www/akdtu.dk/public_html/wiki/lib/plugins/davcal/helper.php:20 \dokuwiki\Logger should be used instead!
2023-11-27 21:05:09		dbglog() is deprecated. It was called from helper_plugin_davcal::__construct() in /var/www/akdtu.dk/public_html/wiki/lib/plugins/davcal/helper.php:20 \dokuwiki\Logger should be used instead!
2023-11-27 21:05:09		dbglog() is deprecated. It was called from helper_plugin_davcal::__construct() in /var/www/akdtu.dk/public_html/wiki/lib/plugins/davcal/helper.php:20 \dokuwiki\Logger should be used instead!
2023-11-27 21:05:16		dbglog() is deprecated. It was called from helper_plugin_davcal::__construct() in /var/www/akdtu.dk/public_html/wiki/lib/plugins/davcal/helper.php:20 \dokuwiki\Logger should be used instead!
2023-11-27 21:05:16		helper_plugin_sqlite::init() is deprecated. It was called from helper_plugin_davcal::getDB() in /var/www/akdtu.dk/public_html/wiki/lib/plugins/davcal/helper.php:37 dokuwiki\plugin\sqlite\SQLiteDB should be used instead!
2023-11-27 21:05:16		dbglog() is deprecated. It was called from helper_plugin_davcal::__construct() in /var/www/akdtu.dk/public_html/wiki/lib/plugins/davcal/helper.php:20 \dokuwiki\Logger should be used instead!
2023-11-27 21:05:16		require(syntax.php) is deprecated. It was called from require() in /var/www/akdtu.dk/public_html/wiki/lib/plugins/akdtu/syntax.php:12 Autoloading should be used instead!
2023-11-27 21:05:16		dbglog() is deprecated. It was called from helper_plugin_davcal::__construct() in /var/www/akdtu.dk/public_html/wiki/lib/plugins/davcal/helper.php:20 \dokuwiki\Logger should be used instead!
2023-11-27 21:05:16		require(syntax.php) is deprecated. It was called from require() in /var/www/akdtu.dk/public_html/wiki/lib/plugins/akdtu/syntax.php:12 Autoloading should be used instead!
2023-11-27 21:05:16		dbglog() is deprecated. It was called from helper_plugin_davcal::__construct() in /var/www/akdtu.dk/public_html/wiki/lib/plugins/davcal/helper.php:20 \dokuwiki\Logger should be used instead!
2023-11-27 21:05:16		dbglog() is deprecated. It was called from helper_plugin_davcal::__construct() in /var/www/akdtu.dk/public_html/wiki/lib/plugins/davcal/helper.php:20 \dokuwiki\Logger should be used instead!
2023-11-27 21:05:17		dbglog() is deprecated. It was called from helper_plugin_davcal::__construct() in /var/www/akdtu.dk/public_html/wiki/lib/plugins/davcal/helper.php:20 \dokuwiki\Logger should be used instead!
2023-11-27 21:05:17		require(syntax.php) is deprecated. It was called from require() in /var/www/akdtu.dk/public_html/wiki/lib/plugins/akdtu/syntax.php:12 Autoloading should be used instead!
2023-11-27 21:05:17		dbglog() is deprecated. It was called from helper_plugin_davcal::__construct() in /var/www/akdtu.dk/public_html/wiki/lib/plugins/davcal/helper.php:20 \dokuwiki\Logger should be used instead!
2023-11-27 21:05:18		dbglog() is deprecated. It was called from helper_plugin_davcal::__construct() in /var/www/akdtu.dk/public_html/wiki/lib/plugins/davcal/helper.php:20 \dokuwiki\Logger should be used instead!
2023-11-27 21:05:18		dbglog() is deprecated. It was called from helper_plugin_davcal::__construct() in /var/www/akdtu.dk/public_html/wiki/lib/plugins/davcal/helper.php:20 \dokuwiki\Logger should be used instead!
2023-11-27 21:05:27		dbglog() is deprecated. It was called from helper_plugin_davcal::__construct() in /var/www/akdtu.dk/public_html/wiki/lib/plugins/davcal/helper.php:20 \dokuwiki\Logger should be used instead!
2023-11-27 21:05:27		helper_plugin_sqlite::init() is deprecated. It was called from helper_plugin_davcal::getDB() in /var/www/akdtu.dk/public_html/wiki/lib/plugins/davcal/helper.php:37 dokuwiki\plugin\sqlite\SQLiteDB should be used instead!
2023-11-27 21:05:27		dbglog() is deprecated. It was called from helper_plugin_davcal::__construct() in /var/www/akdtu.dk/public_html/wiki/lib/plugins/davcal/helper.php:20 \dokuwiki\Logger should be used instead!
2023-11-27 21:05:27		require(syntax.php) is deprecated. It was called from require() in /var/www/akdtu.dk/public_html/wiki/lib/plugins/akdtu/syntax.php:12 Autoloading should be used instead!
2023-11-27 21:05:27		dbglog() is deprecated. It was called from helper_plugin_davcal::__construct() in /var/www/akdtu.dk/public_html/wiki/lib/plugins/davcal/helper.php:20 \dokuwiki\Logger should be used instead!
2023-11-27 21:05:27		require(syntax.php) is deprecated. It was called from require() in /var/www/akdtu.dk/public_html/wiki/lib/plugins/akdtu/syntax.php:12 Autoloading should be used instead!
2023-11-27 21:05:28		dbglog() is deprecated. It was called from helper_plugin_davcal::__construct() in /var/www/akdtu.dk/public_html/wiki/lib/plugins/davcal/helper.php:20 \dokuwiki\Logger should be used instead!
2023-11-27 21:05:28		dbglog() is deprecated. It was called from helper_plugin_davcal::__construct() in /var/www/akdtu.dk/public_html/wiki/lib/plugins/davcal/helper.php:20 \dokuwiki\Logger should be used instead!
2023-11-27 21:05:31		dbglog() is deprecated. It was called from helper_plugin_davcal::__construct() in /var/www/akdtu.dk/public_html/wiki/lib/plugins/davcal/helper.php:20 \dokuwiki\Logger should be used instead!
2023-11-27 21:05:31		require(syntax.php) is deprecated. It was called from require() in /var/www/akdtu.dk/public_html/wiki/lib/plugins/akdtu/syntax.php:12 Autoloading should be used instead!
2023-11-27 21:05:31		dbglog() is deprecated. It was called from helper_plugin_davcal::__construct() in /var/www/akdtu.dk/public_html/wiki/lib/plugins/davcal/helper.php:20 \dokuwiki\Logger should be used instead!
2023-11-27 21:05:31		dbglog() is deprecated. It was called from helper_plugin_davcal::__construct() in /var/www/akdtu.dk/public_html/wiki/lib/plugins/davcal/helper.php:20 \dokuwiki\Logger should be used instead!
2023-11-27 21:05:31		dbglog() is deprecated. It was called from helper_plugin_davcal::__construct() in /var/www/akdtu.dk/public_html/wiki/lib/plugins/davcal/helper.php:20 \dokuwiki\Logger should be used instead!
2023-11-27 21:05:39		dbglog() is deprecated. It was called from helper_plugin_davcal::__construct() in /var/www/akdtu.dk/public_html/wiki/lib/plugins/davcal/helper.php:20 \dokuwiki\Logger should be used instead!
2023-11-27 21:05:39		helper_plugin_sqlite::init() is deprecated. It was called from helper_plugin_davcal::getDB() in /var/www/akdtu.dk/public_html/wiki/lib/plugins/davcal/helper.php:37 dokuwiki\plugin\sqlite\SQLiteDB should be used instead!
2023-11-27 21:05:39		dbglog() is deprecated. It was called from helper_plugin_davcal::__construct() in /var/www/akdtu.dk/public_html/wiki/lib/plugins/davcal/helper.php:20 \dokuwiki\Logger should be used instead!
2023-11-27 21:05:39		require(syntax.php) is deprecated. It was called from require() in /var/www/akdtu.dk/public_html/wiki/lib/plugins/akdtu/syntax.php:12 Autoloading should be used instead!
2023-11-27 21:05:39		dbglog() is deprecated. It was called from helper_plugin_davcal::__construct() in /var/www/akdtu.dk/public_html/wiki/lib/plugins/davcal/helper.php:20 \dokuwiki\Logger should be used instead!
2023-11-27 21:05:39		require(syntax.php) is deprecated. It was called from require() in /var/www/akdtu.dk/public_html/wiki/lib/plugins/akdtu/syntax.php:12 Autoloading should be used instead!
2023-11-27 21:05:39		dbglog() is deprecated. It was called from helper_plugin_davcal::__construct() in /var/www/akdtu.dk/public_html/wiki/lib/plugins/davcal/helper.php:20 \dokuwiki\Logger should be used instead!
2023-11-27 21:05:39		dbglog() is deprecated. It was called from helper_plugin_davcal::__construct() in /var/www/akdtu.dk/public_html/wiki/lib/plugins/davcal/helper.php:20 \dokuwiki\Logger should be used instead!
2023-11-27 21:05:40		dbglog() is deprecated. It was called from helper_plugin_davcal::__construct() in /var/www/akdtu.dk/public_html/wiki/lib/plugins/davcal/helper.php:20 \dokuwiki\Logger should be used instead!
2023-11-27 21:05:40		require(syntax.php) is deprecated. It was called from require() in /var/www/akdtu.dk/public_html/wiki/lib/plugins/akdtu/syntax.php:12 Autoloading should be used instead!
2023-11-27 21:05:40		dbglog() is deprecated. It was called from helper_plugin_davcal::__construct() in /var/www/akdtu.dk/public_html/wiki/lib/plugins/davcal/helper.php:20 \dokuwiki\Logger should be used instead!
2023-11-27 21:05:41		dbglog() is deprecated. It was called from helper_plugin_davcal::__construct() in /var/www/akdtu.dk/public_html/wiki/lib/plugins/davcal/helper.php:20 \dokuwiki\Logger should be used instead!
2023-11-27 21:05:41		dbglog() is deprecated. It was called from helper_plugin_davcal::__construct() in /var/www/akdtu.dk/public_html/wiki/lib/plugins/davcal/helper.php:20 \dokuwiki\Logger should be used instead!
2023-11-27 21:05:45		dbglog() is deprecated. It was called from helper_plugin_davcal::__construct() in /var/www/akdtu.dk/public_html/wiki/lib/plugins/davcal/helper.php:20 \dokuwiki\Logger should be used instead!
2023-11-27 21:05:45		helper_plugin_sqlite::init() is deprecated. It was called from helper_plugin_davcal::getDB() in /var/www/akdtu.dk/public_html/wiki/lib/plugins/davcal/helper.php:37 dokuwiki\plugin\sqlite\SQLiteDB should be used instead!
2023-11-27 21:05:45		dbglog() is deprecated. It was called from helper_plugin_davcal::__construct() in /var/www/akdtu.dk/public_html/wiki/lib/plugins/davcal/helper.php:20 \dokuwiki\Logger should be used instead!
2023-11-27 21:05:45		require(syntax.php) is deprecated. It was called from require() in /var/www/akdtu.dk/public_html/wiki/lib/plugins/akdtu/syntax.php:12 Autoloading should be used instead!
2023-11-27 21:05:45		dbglog() is deprecated. It was called from helper_plugin_davcal::__construct() in /var/www/akdtu.dk/public_html/wiki/lib/plugins/davcal/helper.php:20 \dokuwiki\Logger should be used instead!
2023-11-27 21:05:45		require(syntax.php) is deprecated. It was called from require() in /var/www/akdtu.dk/public_html/wiki/lib/plugins/akdtu/syntax.php:12 Autoloading should be used instead!
2023-11-27 21:05:45		dbglog() is deprecated. It was called from helper_plugin_davcal::__construct() in /var/www/akdtu.dk/public_html/wiki/lib/plugins/davcal/helper.php:20 \dokuwiki\Logger should be used instead!
2023-11-27 21:05:45		dbglog() is deprecated. It was called from helper_plugin_davcal::__construct() in /var/www/akdtu.dk/public_html/wiki/lib/plugins/davcal/helper.php:20 \dokuwiki\Logger should be used instead!
2023-11-27 21:05:47		dbglog() is deprecated. It was called from helper_plugin_davcal::__construct() in /var/www/akdtu.dk/public_html/wiki/lib/plugins/davcal/helper.php:20 \dokuwiki\Logger should be used instead!
2023-11-27 21:05:47		require(syntax.php) is deprecated. It was called from require() in /var/www/akdtu.dk/public_html/wiki/lib/plugins/akdtu/syntax.php:12 Autoloading should be used instead!
