2023-08-25 14:13:55		dbglog() is deprecated. It was called from helper_plugin_davcal::__construct() in /var/www/akdtu.dk/public_html/wiki/lib/plugins/davcal/helper.php:20 \dokuwiki\Logger should be used instead!
2023-08-25 14:13:55		require(syntax.php) is deprecated. It was called from require() in /var/www/akdtu.dk/public_html/wiki/lib/plugins/anchor/syntax.php:4 Autoloading should be used instead!
2023-08-25 14:13:56		dbglog() is deprecated. It was called from helper_plugin_davcal::__construct() in /var/www/akdtu.dk/public_html/wiki/lib/plugins/davcal/helper.php:20 \dokuwiki\Logger should be used instead!
2023-08-25 14:13:56		dbglog() is deprecated. It was called from helper_plugin_davcal::__construct() in /var/www/akdtu.dk/public_html/wiki/lib/plugins/davcal/helper.php:20 \dokuwiki\Logger should be used instead!
2023-08-25 14:13:56		dbglog() is deprecated. It was called from helper_plugin_davcal::__construct() in /var/www/akdtu.dk/public_html/wiki/lib/plugins/davcal/helper.php:20 \dokuwiki\Logger should be used instead!
2023-08-25 14:13:56		dbglog() is deprecated. It was called from helper_plugin_davcal::__construct() in /var/www/akdtu.dk/public_html/wiki/lib/plugins/davcal/helper.php:20 \dokuwiki\Logger should be used instead!
2023-08-25 14:13:56		dbglog() is deprecated. It was called from helper_plugin_davcal::__construct() in /var/www/akdtu.dk/public_html/wiki/lib/plugins/davcal/helper.php:20 \dokuwiki\Logger should be used instead!
2023-08-25 14:13:56		dbglog() is deprecated. It was called from helper_plugin_davcal::__construct() in /var/www/akdtu.dk/public_html/wiki/lib/plugins/davcal/helper.php:20 \dokuwiki\Logger should be used instead!
2023-08-25 14:13:56		dbglog() is deprecated. It was called from helper_plugin_davcal::__construct() in /var/www/akdtu.dk/public_html/wiki/lib/plugins/davcal/helper.php:20 \dokuwiki\Logger should be used instead!
2023-08-25 14:13:57		dbglog() is deprecated. It was called from helper_plugin_davcal::__construct() in /var/www/akdtu.dk/public_html/wiki/lib/plugins/davcal/helper.php:20 \dokuwiki\Logger should be used instead!
2023-08-25 14:13:57		dbglog() is deprecated. It was called from auth_plugin_authwordpress::getUserData() in /var/www/akdtu.dk/public_html/wiki/lib/plugins/authwordpress/auth.php:202 \dokuwiki\Logger should be used instead!
2023-08-25 14:13:57		dbglog() is deprecated. It was called from auth_plugin_authwordpress::checkPass() in /var/www/akdtu.dk/public_html/wiki/lib/plugins/authwordpress/auth.php:125 \dokuwiki\Logger should be used instead!
2023-08-25 14:13:57		dbglog() is deprecated. It was called from auth_plugin_authwordpress::getUserData() in /var/www/akdtu.dk/public_html/wiki/lib/plugins/authwordpress/auth.php:202 \dokuwiki\Logger should be used instead!
2023-08-25 14:13:57		dbglog() is deprecated. It was called from helper_plugin_davcal::__construct() in /var/www/akdtu.dk/public_html/wiki/lib/plugins/davcal/helper.php:20 \dokuwiki\Logger should be used instead!
2023-08-25 14:13:57		dbglog() is deprecated. It was called from auth_plugin_authwordpress::getUserData() in /var/www/akdtu.dk/public_html/wiki/lib/plugins/authwordpress/auth.php:202 \dokuwiki\Logger should be used instead!
2023-08-25 14:13:57		dbglog() is deprecated. It was called from helper_plugin_davcal::__construct() in /var/www/akdtu.dk/public_html/wiki/lib/plugins/davcal/helper.php:20 \dokuwiki\Logger should be used instead!
2023-08-25 14:13:57		dbglog() is deprecated. It was called from helper_plugin_davcal::__construct() in /var/www/akdtu.dk/public_html/wiki/lib/plugins/davcal/helper.php:20 \dokuwiki\Logger should be used instead!
2023-08-25 14:13:57		dbglog() is deprecated. It was called from helper_plugin_davcal::__construct() in /var/www/akdtu.dk/public_html/wiki/lib/plugins/davcal/helper.php:20 \dokuwiki\Logger should be used instead!
2023-08-25 14:13:57		dbglog() is deprecated. It was called from helper_plugin_davcal::__construct() in /var/www/akdtu.dk/public_html/wiki/lib/plugins/davcal/helper.php:20 \dokuwiki\Logger should be used instead!
2023-08-25 14:13:57		dbglog() is deprecated. It was called from helper_plugin_davcal::__construct() in /var/www/akdtu.dk/public_html/wiki/lib/plugins/davcal/helper.php:20 \dokuwiki\Logger should be used instead!
2023-08-25 14:14:02		dbglog() is deprecated. It was called from helper_plugin_davcal::__construct() in /var/www/akdtu.dk/public_html/wiki/lib/plugins/davcal/helper.php:20 \dokuwiki\Logger should be used instead!
2023-08-25 14:14:02		require(syntax.php) is deprecated. It was called from require() in /var/www/akdtu.dk/public_html/wiki/lib/plugins/anchor/syntax.php:4 Autoloading should be used instead!
2023-08-25 14:14:03		dbglog() is deprecated. It was called from auth_plugin_authwordpress::getUserData() in /var/www/akdtu.dk/public_html/wiki/lib/plugins/authwordpress/auth.php:202 \dokuwiki\Logger should be used instead!
2023-08-25 14:14:03		dbglog() is deprecated. It was called from helper_plugin_davcal::__construct() in /var/www/akdtu.dk/public_html/wiki/lib/plugins/davcal/helper.php:20 \dokuwiki\Logger should be used instead!
2023-08-25 14:14:03		dbglog() is deprecated. It was called from helper_plugin_davcal::__construct() in /var/www/akdtu.dk/public_html/wiki/lib/plugins/davcal/helper.php:20 \dokuwiki\Logger should be used instead!
2023-08-25 14:14:03		dbglog() is deprecated. It was called from helper_plugin_davcal::__construct() in /var/www/akdtu.dk/public_html/wiki/lib/plugins/davcal/helper.php:20 \dokuwiki\Logger should be used instead!
2023-08-25 14:14:11		dbglog() is deprecated. It was called from helper_plugin_davcal::__construct() in /var/www/akdtu.dk/public_html/wiki/lib/plugins/davcal/helper.php:20 \dokuwiki\Logger should be used instead!
2023-08-25 14:14:11		require(syntax.php) is deprecated. It was called from require() in /var/www/akdtu.dk/public_html/wiki/lib/plugins/anchor/syntax.php:4 Autoloading should be used instead!
2023-08-25 14:14:11		dbglog() is deprecated. It was called from auth_plugin_authwordpress::getUserData() in /var/www/akdtu.dk/public_html/wiki/lib/plugins/authwordpress/auth.php:202 \dokuwiki\Logger should be used instead!
2023-08-25 14:14:11		dbglog() is deprecated. It was called from helper_plugin_davcal::__construct() in /var/www/akdtu.dk/public_html/wiki/lib/plugins/davcal/helper.php:20 \dokuwiki\Logger should be used instead!
2023-08-25 14:14:11		dbglog() is deprecated. It was called from helper_plugin_davcal::__construct() in /var/www/akdtu.dk/public_html/wiki/lib/plugins/davcal/helper.php:20 \dokuwiki\Logger should be used instead!
2023-08-25 14:14:11		dbglog() is deprecated. It was called from helper_plugin_davcal::__construct() in /var/www/akdtu.dk/public_html/wiki/lib/plugins/davcal/helper.php:20 \dokuwiki\Logger should be used instead!
2023-08-25 14:14:24		dbglog() is deprecated. It was called from helper_plugin_davcal::__construct() in /var/www/akdtu.dk/public_html/wiki/lib/plugins/davcal/helper.php:20 \dokuwiki\Logger should be used instead!
2023-08-25 14:14:24		require(syntax.php) is deprecated. It was called from require() in /var/www/akdtu.dk/public_html/wiki/lib/plugins/anchor/syntax.php:4 Autoloading should be used instead!
2023-08-25 14:14:24		dbglog() is deprecated. It was called from auth_plugin_authwordpress::getUserData() in /var/www/akdtu.dk/public_html/wiki/lib/plugins/authwordpress/auth.php:202 \dokuwiki\Logger should be used instead!
2023-08-25 14:14:24		dbglog() is deprecated. It was called from helper_plugin_davcal::__construct() in /var/www/akdtu.dk/public_html/wiki/lib/plugins/davcal/helper.php:20 \dokuwiki\Logger should be used instead!
2023-08-25 14:14:24		dbglog() is deprecated. It was called from helper_plugin_davcal::__construct() in /var/www/akdtu.dk/public_html/wiki/lib/plugins/davcal/helper.php:20 \dokuwiki\Logger should be used instead!
2023-08-25 14:14:24		dbglog() is deprecated. It was called from helper_plugin_davcal::__construct() in /var/www/akdtu.dk/public_html/wiki/lib/plugins/davcal/helper.php:20 \dokuwiki\Logger should be used instead!
2023-08-25 14:14:28		dbglog() is deprecated. It was called from helper_plugin_davcal::__construct() in /var/www/akdtu.dk/public_html/wiki/lib/plugins/davcal/helper.php:20 \dokuwiki\Logger should be used instead!
2023-08-25 14:14:28		dbglog() is deprecated. It was called from auth_plugin_authwordpress::getUserData() in /var/www/akdtu.dk/public_html/wiki/lib/plugins/authwordpress/auth.php:202 \dokuwiki\Logger should be used instead!
2023-08-25 14:14:28		dbglog() is deprecated. It was called from helper_plugin_davcal::__construct() in /var/www/akdtu.dk/public_html/wiki/lib/plugins/davcal/helper.php:20 \dokuwiki\Logger should be used instead!
2023-08-25 14:14:28		dbglog() is deprecated. It was called from helper_plugin_davcal::__construct() in /var/www/akdtu.dk/public_html/wiki/lib/plugins/davcal/helper.php:20 \dokuwiki\Logger should be used instead!
2023-08-25 14:14:28		dbglog() is deprecated. It was called from helper_plugin_davcal::__construct() in /var/www/akdtu.dk/public_html/wiki/lib/plugins/davcal/helper.php:20 \dokuwiki\Logger should be used instead!
2023-08-25 14:14:33		dbglog() is deprecated. It was called from helper_plugin_davcal::__construct() in /var/www/akdtu.dk/public_html/wiki/lib/plugins/davcal/helper.php:20 \dokuwiki\Logger should be used instead!
2023-08-25 14:14:33		helper_plugin_sqlite::init() is deprecated. It was called from helper_plugin_davcal::getDB() in /var/www/akdtu.dk/public_html/wiki/lib/plugins/davcal/helper.php:37 dokuwiki\plugin\sqlite\SQLiteDB should be used instead!
2023-08-25 14:14:33		dbglog() is deprecated. It was called from helper_plugin_davcal::__construct() in /var/www/akdtu.dk/public_html/wiki/lib/plugins/davcal/helper.php:20 \dokuwiki\Logger should be used instead!
2023-08-25 14:14:33		require(syntax.php) is deprecated. It was called from require() in /var/www/akdtu.dk/public_html/wiki/lib/plugins/anchor/syntax.php:4 Autoloading should be used instead!
2023-08-25 14:14:33		dbglog() is deprecated. It was called from auth_plugin_authwordpress::getUserData() in /var/www/akdtu.dk/public_html/wiki/lib/plugins/authwordpress/auth.php:202 \dokuwiki\Logger should be used instead!
2023-08-25 14:14:33		dbglog() is deprecated. It was called from helper_plugin_davcal::__construct() in /var/www/akdtu.dk/public_html/wiki/lib/plugins/davcal/helper.php:20 \dokuwiki\Logger should be used instead!
2023-08-25 14:14:33		require(syntax.php) is deprecated. It was called from require() in /var/www/akdtu.dk/public_html/wiki/lib/plugins/anchor/syntax.php:4 Autoloading should be used instead!
2023-08-25 14:14:33		dbglog() is deprecated. It was called from helper_plugin_davcal::__construct() in /var/www/akdtu.dk/public_html/wiki/lib/plugins/davcal/helper.php:20 \dokuwiki\Logger should be used instead!
2023-08-25 14:14:33		dbglog() is deprecated. It was called from helper_plugin_davcal::__construct() in /var/www/akdtu.dk/public_html/wiki/lib/plugins/davcal/helper.php:20 \dokuwiki\Logger should be used instead!
2023-08-25 14:14:39		dbglog() is deprecated. It was called from helper_plugin_davcal::__construct() in /var/www/akdtu.dk/public_html/wiki/lib/plugins/davcal/helper.php:20 \dokuwiki\Logger should be used instead!
2023-08-25 14:14:39		require(syntax.php) is deprecated. It was called from require() in /var/www/akdtu.dk/public_html/wiki/lib/plugins/anchor/syntax.php:4 Autoloading should be used instead!
2023-08-25 14:14:39		Doku_Handler::_addCall() is deprecated. It was called from syntax_plugin_wrap_div::handle() in /var/www/akdtu.dk/public_html/wiki/lib/plugins/wrap/syntax/div.php:49 addCall should be used instead!
2023-08-25 14:14:39		Doku_Handler::_addCall() is deprecated. It was called from syntax_plugin_wrap_div::handle() in /var/www/akdtu.dk/public_html/wiki/lib/plugins/wrap/syntax/div.php:49 addCall should be used instead!
2023-08-25 14:14:39		Doku_Handler::_addCall() is deprecated. It was called from syntax_plugin_wrap_div::handle() in /var/www/akdtu.dk/public_html/wiki/lib/plugins/wrap/syntax/div.php:49 addCall should be used instead!
2023-08-25 14:14:39		dbglog() is deprecated. It was called from auth_plugin_authwordpress::getUserData() in /var/www/akdtu.dk/public_html/wiki/lib/plugins/authwordpress/auth.php:202 \dokuwiki\Logger should be used instead!
2023-08-25 14:14:39		dbglog() is deprecated. It was called from helper_plugin_davcal::__construct() in /var/www/akdtu.dk/public_html/wiki/lib/plugins/davcal/helper.php:20 \dokuwiki\Logger should be used instead!
2023-08-25 14:14:39		dbglog() is deprecated. It was called from helper_plugin_davcal::__construct() in /var/www/akdtu.dk/public_html/wiki/lib/plugins/davcal/helper.php:20 \dokuwiki\Logger should be used instead!
2023-08-25 14:14:39		dbglog() is deprecated. It was called from helper_plugin_davcal::__construct() in /var/www/akdtu.dk/public_html/wiki/lib/plugins/davcal/helper.php:20 \dokuwiki\Logger should be used instead!
2023-08-25 14:15:15		dbglog() is deprecated. It was called from helper_plugin_davcal::__construct() in /var/www/akdtu.dk/public_html/wiki/lib/plugins/davcal/helper.php:20 \dokuwiki\Logger should be used instead!
2023-08-25 14:15:15		require(syntax.php) is deprecated. It was called from require() in /var/www/akdtu.dk/public_html/wiki/lib/plugins/anchor/syntax.php:4 Autoloading should be used instead!
2023-08-25 14:15:15		dbglog() is deprecated. It was called from helper_plugin_davcal::__construct() in /var/www/akdtu.dk/public_html/wiki/lib/plugins/davcal/helper.php:20 \dokuwiki\Logger should be used instead!
2023-08-25 14:15:15		dbglog() is deprecated. It was called from helper_plugin_davcal::__construct() in /var/www/akdtu.dk/public_html/wiki/lib/plugins/davcal/helper.php:20 \dokuwiki\Logger should be used instead!
2023-08-25 14:15:15		dbglog() is deprecated. It was called from helper_plugin_davcal::__construct() in /var/www/akdtu.dk/public_html/wiki/lib/plugins/davcal/helper.php:20 \dokuwiki\Logger should be used instead!
2023-08-25 14:15:15		dbglog() is deprecated. It was called from helper_plugin_davcal::__construct() in /var/www/akdtu.dk/public_html/wiki/lib/plugins/davcal/helper.php:20 \dokuwiki\Logger should be used instead!
2023-08-25 14:15:15		dbglog() is deprecated. It was called from helper_plugin_davcal::__construct() in /var/www/akdtu.dk/public_html/wiki/lib/plugins/davcal/helper.php:20 \dokuwiki\Logger should be used instead!
2023-08-25 14:15:17		dbglog() is deprecated. It was called from helper_plugin_davcal::__construct() in /var/www/akdtu.dk/public_html/wiki/lib/plugins/davcal/helper.php:20 \dokuwiki\Logger should be used instead!
2023-08-25 14:15:17		require(syntax.php) is deprecated. It was called from require() in /var/www/akdtu.dk/public_html/wiki/lib/plugins/anchor/syntax.php:4 Autoloading should be used instead!
2023-08-25 14:15:17		Doku_Handler::_addCall() is deprecated. It was called from syntax_plugin_wrap_div::handle() in /var/www/akdtu.dk/public_html/wiki/lib/plugins/wrap/syntax/div.php:49 addCall should be used instead!
2023-08-25 14:15:17		dbglog() is deprecated. It was called from auth_plugin_authwordpress::getUserData() in /var/www/akdtu.dk/public_html/wiki/lib/plugins/authwordpress/auth.php:202 \dokuwiki\Logger should be used instead!
2023-08-25 14:15:17		dbglog() is deprecated. It was called from helper_plugin_davcal::__construct() in /var/www/akdtu.dk/public_html/wiki/lib/plugins/davcal/helper.php:20 \dokuwiki\Logger should be used instead!
2023-08-25 14:15:17		dbglog() is deprecated. It was called from helper_plugin_davcal::__construct() in /var/www/akdtu.dk/public_html/wiki/lib/plugins/davcal/helper.php:20 \dokuwiki\Logger should be used instead!
2023-08-25 14:15:17		dbglog() is deprecated. It was called from helper_plugin_davcal::__construct() in /var/www/akdtu.dk/public_html/wiki/lib/plugins/davcal/helper.php:20 \dokuwiki\Logger should be used instead!
2023-08-25 14:15:26		dbglog() is deprecated. It was called from helper_plugin_davcal::__construct() in /var/www/akdtu.dk/public_html/wiki/lib/plugins/davcal/helper.php:20 \dokuwiki\Logger should be used instead!
2023-08-25 14:15:26		require(syntax.php) is deprecated. It was called from require() in /var/www/akdtu.dk/public_html/wiki/lib/plugins/anchor/syntax.php:4 Autoloading should be used instead!
2023-08-25 14:15:26		dbglog() is deprecated. It was called from auth_plugin_authwordpress::getUserData() in /var/www/akdtu.dk/public_html/wiki/lib/plugins/authwordpress/auth.php:202 \dokuwiki\Logger should be used instead!
2023-08-25 14:15:26		dbglog() is deprecated. It was called from helper_plugin_davcal::__construct() in /var/www/akdtu.dk/public_html/wiki/lib/plugins/davcal/helper.php:20 \dokuwiki\Logger should be used instead!
2023-08-25 14:15:26		dbglog() is deprecated. It was called from helper_plugin_davcal::__construct() in /var/www/akdtu.dk/public_html/wiki/lib/plugins/davcal/helper.php:20 \dokuwiki\Logger should be used instead!
2023-08-25 14:15:26		dbglog() is deprecated. It was called from helper_plugin_davcal::__construct() in /var/www/akdtu.dk/public_html/wiki/lib/plugins/davcal/helper.php:20 \dokuwiki\Logger should be used instead!
2023-08-25 14:15:26		dbglog() is deprecated. It was called from helper_plugin_davcal::__construct() in /var/www/akdtu.dk/public_html/wiki/lib/plugins/davcal/helper.php:20 \dokuwiki\Logger should be used instead!
2023-08-25 14:15:26		dbglog() is deprecated. It was called from helper_plugin_davcal::__construct() in /var/www/akdtu.dk/public_html/wiki/lib/plugins/davcal/helper.php:20 \dokuwiki\Logger should be used instead!
2023-08-25 14:15:35		dbglog() is deprecated. It was called from helper_plugin_davcal::__construct() in /var/www/akdtu.dk/public_html/wiki/lib/plugins/davcal/helper.php:20 \dokuwiki\Logger should be used instead!
2023-08-25 14:15:35		require(syntax.php) is deprecated. It was called from require() in /var/www/akdtu.dk/public_html/wiki/lib/plugins/anchor/syntax.php:4 Autoloading should be used instead!
2023-08-25 14:15:35		Doku_Handler::_addCall() is deprecated. It was called from syntax_plugin_wrap_div::handle() in /var/www/akdtu.dk/public_html/wiki/lib/plugins/wrap/syntax/div.php:49 addCall should be used instead!
2023-08-25 14:15:35		Doku_Handler::_addCall() is deprecated. It was called from syntax_plugin_wrap_div::handle() in /var/www/akdtu.dk/public_html/wiki/lib/plugins/wrap/syntax/div.php:49 addCall should be used instead!
2023-08-25 14:15:35		Doku_Handler::_addCall() is deprecated. It was called from syntax_plugin_wrap_div::handle() in /var/www/akdtu.dk/public_html/wiki/lib/plugins/wrap/syntax/div.php:49 addCall should be used instead!
2023-08-25 14:15:35		dbglog() is deprecated. It was called from auth_plugin_authwordpress::getUserData() in /var/www/akdtu.dk/public_html/wiki/lib/plugins/authwordpress/auth.php:202 \dokuwiki\Logger should be used instead!
2023-08-25 14:15:35		dbglog() is deprecated. It was called from helper_plugin_davcal::__construct() in /var/www/akdtu.dk/public_html/wiki/lib/plugins/davcal/helper.php:20 \dokuwiki\Logger should be used instead!
2023-08-25 14:15:35		dbglog() is deprecated. It was called from helper_plugin_davcal::__construct() in /var/www/akdtu.dk/public_html/wiki/lib/plugins/davcal/helper.php:20 \dokuwiki\Logger should be used instead!
2023-08-25 14:15:35		dbglog() is deprecated. It was called from helper_plugin_davcal::__construct() in /var/www/akdtu.dk/public_html/wiki/lib/plugins/davcal/helper.php:20 \dokuwiki\Logger should be used instead!
2023-08-25 14:15:35		dbglog() is deprecated. It was called from helper_plugin_davcal::__construct() in /var/www/akdtu.dk/public_html/wiki/lib/plugins/davcal/helper.php:20 \dokuwiki\Logger should be used instead!
2023-08-25 14:15:35		dbglog() is deprecated. It was called from helper_plugin_davcal::__construct() in /var/www/akdtu.dk/public_html/wiki/lib/plugins/davcal/helper.php:20 \dokuwiki\Logger should be used instead!
2023-08-25 14:15:35		dbglog() is deprecated. It was called from helper_plugin_davcal::__construct() in /var/www/akdtu.dk/public_html/wiki/lib/plugins/davcal/helper.php:20 \dokuwiki\Logger should be used instead!
2023-08-25 14:15:58		dbglog() is deprecated. It was called from helper_plugin_davcal::__construct() in /var/www/akdtu.dk/public_html/wiki/lib/plugins/davcal/helper.php:20 \dokuwiki\Logger should be used instead!
2023-08-25 14:15:58		require(syntax.php) is deprecated. It was called from require() in /var/www/akdtu.dk/public_html/wiki/lib/plugins/anchor/syntax.php:4 Autoloading should be used instead!
2023-08-25 14:15:58		dbglog() is deprecated. It was called from auth_plugin_authwordpress::getUserData() in /var/www/akdtu.dk/public_html/wiki/lib/plugins/authwordpress/auth.php:202 \dokuwiki\Logger should be used instead!
2023-08-25 14:15:58		dbglog() is deprecated. It was called from helper_plugin_davcal::__construct() in /var/www/akdtu.dk/public_html/wiki/lib/plugins/davcal/helper.php:20 \dokuwiki\Logger should be used instead!
2023-08-25 14:15:58		dbglog() is deprecated. It was called from helper_plugin_davcal::__construct() in /var/www/akdtu.dk/public_html/wiki/lib/plugins/davcal/helper.php:20 \dokuwiki\Logger should be used instead!
2023-08-25 14:15:58		dbglog() is deprecated. It was called from helper_plugin_davcal::__construct() in /var/www/akdtu.dk/public_html/wiki/lib/plugins/davcal/helper.php:20 \dokuwiki\Logger should be used instead!
2023-08-25 14:17:05		dbglog() is deprecated. It was called from helper_plugin_davcal::__construct() in /var/www/akdtu.dk/public_html/wiki/lib/plugins/davcal/helper.php:20 \dokuwiki\Logger should be used instead!
2023-08-25 14:17:05		require(syntax.php) is deprecated. It was called from require() in /var/www/akdtu.dk/public_html/wiki/lib/plugins/anchor/syntax.php:4 Autoloading should be used instead!
2023-08-25 14:17:05		dbglog() is deprecated. It was called from auth_plugin_authwordpress::getUserData() in /var/www/akdtu.dk/public_html/wiki/lib/plugins/authwordpress/auth.php:202 \dokuwiki\Logger should be used instead!
2023-08-25 14:17:05		dbglog() is deprecated. It was called from helper_plugin_davcal::__construct() in /var/www/akdtu.dk/public_html/wiki/lib/plugins/davcal/helper.php:20 \dokuwiki\Logger should be used instead!
2023-08-25 14:17:05		dbglog() is deprecated. It was called from helper_plugin_davcal::__construct() in /var/www/akdtu.dk/public_html/wiki/lib/plugins/davcal/helper.php:20 \dokuwiki\Logger should be used instead!
2023-08-25 14:17:05		dbglog() is deprecated. It was called from helper_plugin_davcal::__construct() in /var/www/akdtu.dk/public_html/wiki/lib/plugins/davcal/helper.php:20 \dokuwiki\Logger should be used instead!
2023-08-25 14:17:05		dbglog() is deprecated. It was called from helper_plugin_davcal::__construct() in /var/www/akdtu.dk/public_html/wiki/lib/plugins/davcal/helper.php:20 \dokuwiki\Logger should be used instead!
2023-08-25 14:17:10		dbglog() is deprecated. It was called from helper_plugin_davcal::__construct() in /var/www/akdtu.dk/public_html/wiki/lib/plugins/davcal/helper.php:20 \dokuwiki\Logger should be used instead!
2023-08-25 14:17:10		dbglog() is deprecated. It was called from auth_plugin_authwordpress::getUserData() in /var/www/akdtu.dk/public_html/wiki/lib/plugins/authwordpress/auth.php:202 \dokuwiki\Logger should be used instead!
2023-08-25 14:17:10		dbglog() is deprecated. It was called from helper_plugin_davcal::__construct() in /var/www/akdtu.dk/public_html/wiki/lib/plugins/davcal/helper.php:20 \dokuwiki\Logger should be used instead!
2023-08-25 14:17:10		dbglog() is deprecated. It was called from helper_plugin_davcal::__construct() in /var/www/akdtu.dk/public_html/wiki/lib/plugins/davcal/helper.php:20 \dokuwiki\Logger should be used instead!
2023-08-25 14:17:10		dbglog() is deprecated. It was called from helper_plugin_davcal::__construct() in /var/www/akdtu.dk/public_html/wiki/lib/plugins/davcal/helper.php:20 \dokuwiki\Logger should be used instead!
2023-08-25 14:17:15		dbglog() is deprecated. It was called from helper_plugin_davcal::__construct() in /var/www/akdtu.dk/public_html/wiki/lib/plugins/davcal/helper.php:20 \dokuwiki\Logger should be used instead!
2023-08-25 14:17:15		helper_plugin_sqlite::init() is deprecated. It was called from helper_plugin_davcal::getDB() in /var/www/akdtu.dk/public_html/wiki/lib/plugins/davcal/helper.php:37 dokuwiki\plugin\sqlite\SQLiteDB should be used instead!
2023-08-25 14:17:15		dbglog() is deprecated. It was called from helper_plugin_davcal::__construct() in /var/www/akdtu.dk/public_html/wiki/lib/plugins/davcal/helper.php:20 \dokuwiki\Logger should be used instead!
2023-08-25 14:17:15		require(syntax.php) is deprecated. It was called from require() in /var/www/akdtu.dk/public_html/wiki/lib/plugins/anchor/syntax.php:4 Autoloading should be used instead!
2023-08-25 14:17:15		dbglog() is deprecated. It was called from auth_plugin_authwordpress::getUserData() in /var/www/akdtu.dk/public_html/wiki/lib/plugins/authwordpress/auth.php:202 \dokuwiki\Logger should be used instead!
2023-08-25 14:17:15		dbglog() is deprecated. It was called from helper_plugin_davcal::__construct() in /var/www/akdtu.dk/public_html/wiki/lib/plugins/davcal/helper.php:20 \dokuwiki\Logger should be used instead!
2023-08-25 14:17:15		require(syntax.php) is deprecated. It was called from require() in /var/www/akdtu.dk/public_html/wiki/lib/plugins/anchor/syntax.php:4 Autoloading should be used instead!
2023-08-25 14:17:15		dbglog() is deprecated. It was called from helper_plugin_davcal::__construct() in /var/www/akdtu.dk/public_html/wiki/lib/plugins/davcal/helper.php:20 \dokuwiki\Logger should be used instead!
2023-08-25 14:17:15		dbglog() is deprecated. It was called from helper_plugin_davcal::__construct() in /var/www/akdtu.dk/public_html/wiki/lib/plugins/davcal/helper.php:20 \dokuwiki\Logger should be used instead!
2023-08-25 14:17:15		dbglog() is deprecated. It was called from helper_plugin_davcal::__construct() in /var/www/akdtu.dk/public_html/wiki/lib/plugins/davcal/helper.php:20 \dokuwiki\Logger should be used instead!
2023-08-25 14:17:42		dbglog() is deprecated. It was called from helper_plugin_davcal::__construct() in /var/www/akdtu.dk/public_html/wiki/lib/plugins/davcal/helper.php:20 \dokuwiki\Logger should be used instead!
2023-08-25 14:17:42		dbglog() is deprecated. It was called from auth_plugin_authwordpress::getUserData() in /var/www/akdtu.dk/public_html/wiki/lib/plugins/authwordpress/auth.php:202 \dokuwiki\Logger should be used instead!
2023-08-25 14:17:42		dbglog() is deprecated. It was called from helper_plugin_davcal::__construct() in /var/www/akdtu.dk/public_html/wiki/lib/plugins/davcal/helper.php:20 \dokuwiki\Logger should be used instead!
2023-08-25 14:17:42		dbglog() is deprecated. It was called from helper_plugin_davcal::__construct() in /var/www/akdtu.dk/public_html/wiki/lib/plugins/davcal/helper.php:20 \dokuwiki\Logger should be used instead!
2023-08-25 14:17:42		dbglog() is deprecated. It was called from helper_plugin_davcal::__construct() in /var/www/akdtu.dk/public_html/wiki/lib/plugins/davcal/helper.php:20 \dokuwiki\Logger should be used instead!
2023-08-25 14:18:14		dbglog() is deprecated. It was called from helper_plugin_davcal::__construct() in /var/www/akdtu.dk/public_html/wiki/lib/plugins/davcal/helper.php:20 \dokuwiki\Logger should be used instead!
2023-08-25 14:18:14		require(syntax.php) is deprecated. It was called from require() in /var/www/akdtu.dk/public_html/wiki/lib/plugins/anchor/syntax.php:4 Autoloading should be used instead!
2023-08-25 14:18:14		dbglog() is deprecated. It was called from auth_plugin_authwordpress::getUserData() in /var/www/akdtu.dk/public_html/wiki/lib/plugins/authwordpress/auth.php:202 \dokuwiki\Logger should be used instead!
2023-08-25 14:18:14		dbglog() is deprecated. It was called from helper_plugin_davcal::__construct() in /var/www/akdtu.dk/public_html/wiki/lib/plugins/davcal/helper.php:20 \dokuwiki\Logger should be used instead!
2023-08-25 14:18:14		dbglog() is deprecated. It was called from helper_plugin_davcal::__construct() in /var/www/akdtu.dk/public_html/wiki/lib/plugins/davcal/helper.php:20 \dokuwiki\Logger should be used instead!
2023-08-25 14:18:14		dbglog() is deprecated. It was called from helper_plugin_davcal::__construct() in /var/www/akdtu.dk/public_html/wiki/lib/plugins/davcal/helper.php:20 \dokuwiki\Logger should be used instead!
2023-08-25 14:18:19		dbglog() is deprecated. It was called from helper_plugin_davcal::__construct() in /var/www/akdtu.dk/public_html/wiki/lib/plugins/davcal/helper.php:20 \dokuwiki\Logger should be used instead!
2023-08-25 14:18:19		dbglog() is deprecated. It was called from auth_plugin_authwordpress::getUserData() in /var/www/akdtu.dk/public_html/wiki/lib/plugins/authwordpress/auth.php:202 \dokuwiki\Logger should be used instead!
2023-08-25 14:18:19		dbglog() is deprecated. It was called from helper_plugin_davcal::__construct() in /var/www/akdtu.dk/public_html/wiki/lib/plugins/davcal/helper.php:20 \dokuwiki\Logger should be used instead!
2023-08-25 14:18:19		dbglog() is deprecated. It was called from helper_plugin_davcal::__construct() in /var/www/akdtu.dk/public_html/wiki/lib/plugins/davcal/helper.php:20 \dokuwiki\Logger should be used instead!
2023-08-25 14:18:19		dbglog() is deprecated. It was called from helper_plugin_davcal::__construct() in /var/www/akdtu.dk/public_html/wiki/lib/plugins/davcal/helper.php:20 \dokuwiki\Logger should be used instead!
2023-08-25 14:18:24		dbglog() is deprecated. It was called from helper_plugin_davcal::__construct() in /var/www/akdtu.dk/public_html/wiki/lib/plugins/davcal/helper.php:20 \dokuwiki\Logger should be used instead!
2023-08-25 14:18:24		dbglog() is deprecated. It was called from auth_plugin_authwordpress::getUserData() in /var/www/akdtu.dk/public_html/wiki/lib/plugins/authwordpress/auth.php:202 \dokuwiki\Logger should be used instead!
2023-08-25 14:18:24		dbglog() is deprecated. It was called from helper_plugin_davcal::__construct() in /var/www/akdtu.dk/public_html/wiki/lib/plugins/davcal/helper.php:20 \dokuwiki\Logger should be used instead!
2023-08-25 14:18:24		dbglog() is deprecated. It was called from helper_plugin_davcal::__construct() in /var/www/akdtu.dk/public_html/wiki/lib/plugins/davcal/helper.php:20 \dokuwiki\Logger should be used instead!
2023-08-25 14:18:24		dbglog() is deprecated. It was called from helper_plugin_davcal::__construct() in /var/www/akdtu.dk/public_html/wiki/lib/plugins/davcal/helper.php:20 \dokuwiki\Logger should be used instead!
2023-08-25 14:18:36		dbglog() is deprecated. It was called from helper_plugin_davcal::__construct() in /var/www/akdtu.dk/public_html/wiki/lib/plugins/davcal/helper.php:20 \dokuwiki\Logger should be used instead!
2023-08-25 14:18:36		helper_plugin_sqlite::init() is deprecated. It was called from helper_plugin_davcal::getDB() in /var/www/akdtu.dk/public_html/wiki/lib/plugins/davcal/helper.php:37 dokuwiki\plugin\sqlite\SQLiteDB should be used instead!
2023-08-25 14:18:36		dbglog() is deprecated. It was called from helper_plugin_davcal::__construct() in /var/www/akdtu.dk/public_html/wiki/lib/plugins/davcal/helper.php:20 \dokuwiki\Logger should be used instead!
2023-08-25 14:18:36		require(syntax.php) is deprecated. It was called from require() in /var/www/akdtu.dk/public_html/wiki/lib/plugins/anchor/syntax.php:4 Autoloading should be used instead!
2023-08-25 14:18:36		dbglog() is deprecated. It was called from auth_plugin_authwordpress::getUserData() in /var/www/akdtu.dk/public_html/wiki/lib/plugins/authwordpress/auth.php:202 \dokuwiki\Logger should be used instead!
2023-08-25 14:18:36		dbglog() is deprecated. It was called from helper_plugin_davcal::__construct() in /var/www/akdtu.dk/public_html/wiki/lib/plugins/davcal/helper.php:20 \dokuwiki\Logger should be used instead!
2023-08-25 14:18:36		require(syntax.php) is deprecated. It was called from require() in /var/www/akdtu.dk/public_html/wiki/lib/plugins/anchor/syntax.php:4 Autoloading should be used instead!
2023-08-25 14:18:36		dbglog() is deprecated. It was called from helper_plugin_davcal::__construct() in /var/www/akdtu.dk/public_html/wiki/lib/plugins/davcal/helper.php:20 \dokuwiki\Logger should be used instead!
2023-08-25 14:18:36		dbglog() is deprecated. It was called from helper_plugin_davcal::__construct() in /var/www/akdtu.dk/public_html/wiki/lib/plugins/davcal/helper.php:20 \dokuwiki\Logger should be used instead!
2023-08-25 14:18:38		dbglog() is deprecated. It was called from helper_plugin_davcal::__construct() in /var/www/akdtu.dk/public_html/wiki/lib/plugins/davcal/helper.php:20 \dokuwiki\Logger should be used instead!
2023-08-25 14:18:38		dbglog() is deprecated. It was called from auth_plugin_authwordpress::getUserData() in /var/www/akdtu.dk/public_html/wiki/lib/plugins/authwordpress/auth.php:202 \dokuwiki\Logger should be used instead!
2023-08-25 14:18:38		dbglog() is deprecated. It was called from helper_plugin_davcal::__construct() in /var/www/akdtu.dk/public_html/wiki/lib/plugins/davcal/helper.php:20 \dokuwiki\Logger should be used instead!
2023-08-25 14:18:38		dbglog() is deprecated. It was called from helper_plugin_davcal::__construct() in /var/www/akdtu.dk/public_html/wiki/lib/plugins/davcal/helper.php:20 \dokuwiki\Logger should be used instead!
2023-08-25 14:18:38		dbglog() is deprecated. It was called from helper_plugin_davcal::__construct() in /var/www/akdtu.dk/public_html/wiki/lib/plugins/davcal/helper.php:20 \dokuwiki\Logger should be used instead!
2023-08-25 14:18:38		dbglog() is deprecated. It was called from helper_plugin_davcal::__construct() in /var/www/akdtu.dk/public_html/wiki/lib/plugins/davcal/helper.php:20 \dokuwiki\Logger should be used instead!
2023-08-25 14:18:38		require(syntax.php) is deprecated. It was called from require() in /var/www/akdtu.dk/public_html/wiki/lib/plugins/anchor/syntax.php:4 Autoloading should be used instead!
2023-08-25 14:18:38		dbglog() is deprecated. It was called from auth_plugin_authwordpress::getUserData() in /var/www/akdtu.dk/public_html/wiki/lib/plugins/authwordpress/auth.php:202 \dokuwiki\Logger should be used instead!
2023-08-25 14:18:39		dbglog() is deprecated. It was called from helper_plugin_davcal::__construct() in /var/www/akdtu.dk/public_html/wiki/lib/plugins/davcal/helper.php:20 \dokuwiki\Logger should be used instead!
2023-08-25 14:18:39		dbglog() is deprecated. It was called from helper_plugin_davcal::__construct() in /var/www/akdtu.dk/public_html/wiki/lib/plugins/davcal/helper.php:20 \dokuwiki\Logger should be used instead!
2023-08-25 14:18:39		dbglog() is deprecated. It was called from helper_plugin_davcal::__construct() in /var/www/akdtu.dk/public_html/wiki/lib/plugins/davcal/helper.php:20 \dokuwiki\Logger should be used instead!
2023-08-25 14:18:52		dbglog() is deprecated. It was called from helper_plugin_davcal::__construct() in /var/www/akdtu.dk/public_html/wiki/lib/plugins/davcal/helper.php:20 \dokuwiki\Logger should be used instead!
2023-08-25 14:18:52		require(syntax.php) is deprecated. It was called from require() in /var/www/akdtu.dk/public_html/wiki/lib/plugins/anchor/syntax.php:4 Autoloading should be used instead!
2023-08-25 14:18:52		Doku_Handler::_addCall() is deprecated. It was called from syntax_plugin_wrap_div::handle() in /var/www/akdtu.dk/public_html/wiki/lib/plugins/wrap/syntax/div.php:49 addCall should be used instead!
2023-08-25 14:18:52		Doku_Handler::_addCall() is deprecated. It was called from syntax_plugin_wrap_div::handle() in /var/www/akdtu.dk/public_html/wiki/lib/plugins/wrap/syntax/div.php:49 addCall should be used instead!
2023-08-25 14:18:52		Doku_Handler::_addCall() is deprecated. It was called from syntax_plugin_wrap_div::handle() in /var/www/akdtu.dk/public_html/wiki/lib/plugins/wrap/syntax/div.php:49 addCall should be used instead!
2023-08-25 14:18:52		Doku_Handler::_addCall() is deprecated. It was called from syntax_plugin_wrap_div::handle() in /var/www/akdtu.dk/public_html/wiki/lib/plugins/wrap/syntax/div.php:49 addCall should be used instead!
2023-08-25 14:18:52		Doku_Handler::_addCall() is deprecated. It was called from syntax_plugin_wrap_div::handle() in /var/www/akdtu.dk/public_html/wiki/lib/plugins/wrap/syntax/div.php:49 addCall should be used instead!
2023-08-25 14:18:52		Doku_Handler::_addCall() is deprecated. It was called from syntax_plugin_wrap_div::handle() in /var/www/akdtu.dk/public_html/wiki/lib/plugins/wrap/syntax/div.php:49 addCall should be used instead!
2023-08-25 14:18:52		Doku_Handler::_addCall() is deprecated. It was called from syntax_plugin_wrap_div::handle() in /var/www/akdtu.dk/public_html/wiki/lib/plugins/wrap/syntax/div.php:49 addCall should be used instead!
2023-08-25 14:18:52		Doku_Handler::_addCall() is deprecated. It was called from syntax_plugin_wrap_div::handle() in /var/www/akdtu.dk/public_html/wiki/lib/plugins/wrap/syntax/div.php:49 addCall should be used instead!
2023-08-25 14:18:52		Doku_Handler::_addCall() is deprecated. It was called from syntax_plugin_wrap_div::handle() in /var/www/akdtu.dk/public_html/wiki/lib/plugins/wrap/syntax/div.php:49 addCall should be used instead!
2023-08-25 14:18:52		Doku_Handler::_addCall() is deprecated. It was called from syntax_plugin_wrap_div::handle() in /var/www/akdtu.dk/public_html/wiki/lib/plugins/wrap/syntax/div.php:49 addCall should be used instead!
2023-08-25 14:18:52		Doku_Handler::_addCall() is deprecated. It was called from syntax_plugin_wrap_div::handle() in /var/www/akdtu.dk/public_html/wiki/lib/plugins/wrap/syntax/div.php:49 addCall should be used instead!
2023-08-25 14:18:52		Doku_Handler::_addCall() is deprecated. It was called from syntax_plugin_wrap_div::handle() in /var/www/akdtu.dk/public_html/wiki/lib/plugins/wrap/syntax/div.php:49 addCall should be used instead!
2023-08-25 14:18:52		Doku_Handler::_addCall() is deprecated. It was called from syntax_plugin_wrap_div::handle() in /var/www/akdtu.dk/public_html/wiki/lib/plugins/wrap/syntax/div.php:49 addCall should be used instead!
2023-08-25 14:18:52		Doku_Handler::_addCall() is deprecated. It was called from syntax_plugin_wrap_div::handle() in /var/www/akdtu.dk/public_html/wiki/lib/plugins/wrap/syntax/div.php:49 addCall should be used instead!
2023-08-25 14:18:52		Doku_Handler::_addCall() is deprecated. It was called from syntax_plugin_wrap_div::handle() in /var/www/akdtu.dk/public_html/wiki/lib/plugins/wrap/syntax/div.php:49 addCall should be used instead!
2023-08-25 14:18:52		Doku_Handler::_addCall() is deprecated. It was called from syntax_plugin_wrap_div::handle() in /var/www/akdtu.dk/public_html/wiki/lib/plugins/wrap/syntax/div.php:49 addCall should be used instead!
2023-08-25 14:18:52		Doku_Handler::_addCall() is deprecated. It was called from syntax_plugin_wrap_div::handle() in /var/www/akdtu.dk/public_html/wiki/lib/plugins/wrap/syntax/div.php:49 addCall should be used instead!
2023-08-25 14:18:52		Doku_Handler::_addCall() is deprecated. It was called from syntax_plugin_wrap_div::handle() in /var/www/akdtu.dk/public_html/wiki/lib/plugins/wrap/syntax/div.php:49 addCall should be used instead!
2023-08-25 14:18:52		Doku_Handler::_addCall() is deprecated. It was called from syntax_plugin_wrap_div::handle() in /var/www/akdtu.dk/public_html/wiki/lib/plugins/wrap/syntax/div.php:49 addCall should be used instead!
2023-08-25 14:18:52		Doku_Handler::_addCall() is deprecated. It was called from syntax_plugin_wrap_div::handle() in /var/www/akdtu.dk/public_html/wiki/lib/plugins/wrap/syntax/div.php:49 addCall should be used instead!
2023-08-25 14:18:52		Doku_Handler::_addCall() is deprecated. It was called from syntax_plugin_wrap_div::handle() in /var/www/akdtu.dk/public_html/wiki/lib/plugins/wrap/syntax/div.php:49 addCall should be used instead!
2023-08-25 14:18:52		Doku_Handler::_addCall() is deprecated. It was called from syntax_plugin_wrap_div::handle() in /var/www/akdtu.dk/public_html/wiki/lib/plugins/wrap/syntax/div.php:49 addCall should be used instead!
2023-08-25 14:18:52		Doku_Handler::_addCall() is deprecated. It was called from syntax_plugin_wrap_div::handle() in /var/www/akdtu.dk/public_html/wiki/lib/plugins/wrap/syntax/div.php:49 addCall should be used instead!
2023-08-25 14:18:52		Doku_Handler::_addCall() is deprecated. It was called from syntax_plugin_wrap_div::handle() in /var/www/akdtu.dk/public_html/wiki/lib/plugins/wrap/syntax/div.php:49 addCall should be used instead!
2023-08-25 14:18:52		Doku_Handler::_addCall() is deprecated. It was called from syntax_plugin_wrap_div::handle() in /var/www/akdtu.dk/public_html/wiki/lib/plugins/wrap/syntax/div.php:49 addCall should be used instead!
2023-08-25 14:18:52		Doku_Handler::_addCall() is deprecated. It was called from syntax_plugin_wrap_div::handle() in /var/www/akdtu.dk/public_html/wiki/lib/plugins/wrap/syntax/div.php:49 addCall should be used instead!
2023-08-25 14:18:52		Doku_Handler::_addCall() is deprecated. It was called from syntax_plugin_wrap_div::handle() in /var/www/akdtu.dk/public_html/wiki/lib/plugins/wrap/syntax/div.php:49 addCall should be used instead!
2023-08-25 14:18:52		Doku_Handler::_addCall() is deprecated. It was called from syntax_plugin_wrap_div::handle() in /var/www/akdtu.dk/public_html/wiki/lib/plugins/wrap/syntax/div.php:49 addCall should be used instead!
2023-08-25 14:18:52		Doku_Handler::_addCall() is deprecated. It was called from syntax_plugin_wrap_div::handle() in /var/www/akdtu.dk/public_html/wiki/lib/plugins/wrap/syntax/div.php:49 addCall should be used instead!
2023-08-25 14:18:52		Doku_Handler::_addCall() is deprecated. It was called from syntax_plugin_wrap_div::handle() in /var/www/akdtu.dk/public_html/wiki/lib/plugins/wrap/syntax/div.php:49 addCall should be used instead!
2023-08-25 14:18:52		Doku_Handler::_addCall() is deprecated. It was called from syntax_plugin_wrap_div::handle() in /var/www/akdtu.dk/public_html/wiki/lib/plugins/wrap/syntax/div.php:49 addCall should be used instead!
2023-08-25 14:18:52		Doku_Handler::_addCall() is deprecated. It was called from syntax_plugin_wrap_div::handle() in /var/www/akdtu.dk/public_html/wiki/lib/plugins/wrap/syntax/div.php:49 addCall should be used instead!
2023-08-25 14:18:52		Doku_Handler::_addCall() is deprecated. It was called from syntax_plugin_wrap_div::handle() in /var/www/akdtu.dk/public_html/wiki/lib/plugins/wrap/syntax/div.php:49 addCall should be used instead!
2023-08-25 14:18:52		Doku_Handler::_addCall() is deprecated. It was called from syntax_plugin_wrap_div::handle() in /var/www/akdtu.dk/public_html/wiki/lib/plugins/wrap/syntax/div.php:49 addCall should be used instead!
2023-08-25 14:18:52		Doku_Handler::_addCall() is deprecated. It was called from syntax_plugin_wrap_div::handle() in /var/www/akdtu.dk/public_html/wiki/lib/plugins/wrap/syntax/div.php:49 addCall should be used instead!
2023-08-25 14:18:52		Doku_Handler::_addCall() is deprecated. It was called from syntax_plugin_wrap_div::handle() in /var/www/akdtu.dk/public_html/wiki/lib/plugins/wrap/syntax/div.php:49 addCall should be used instead!
2023-08-25 14:18:52		Doku_Handler::_addCall() is deprecated. It was called from syntax_plugin_wrap_div::handle() in /var/www/akdtu.dk/public_html/wiki/lib/plugins/wrap/syntax/div.php:49 addCall should be used instead!
2023-08-25 14:18:52		Doku_Handler::_addCall() is deprecated. It was called from syntax_plugin_wrap_div::handle() in /var/www/akdtu.dk/public_html/wiki/lib/plugins/wrap/syntax/div.php:49 addCall should be used instead!
2023-08-25 14:18:52		Doku_Handler::_addCall() is deprecated. It was called from syntax_plugin_wrap_div::handle() in /var/www/akdtu.dk/public_html/wiki/lib/plugins/wrap/syntax/div.php:49 addCall should be used instead!
2023-08-25 14:18:52		Doku_Handler::_addCall() is deprecated. It was called from syntax_plugin_wrap_div::handle() in /var/www/akdtu.dk/public_html/wiki/lib/plugins/wrap/syntax/div.php:49 addCall should be used instead!
2023-08-25 14:18:52		Doku_Handler::_addCall() is deprecated. It was called from syntax_plugin_wrap_div::handle() in /var/www/akdtu.dk/public_html/wiki/lib/plugins/wrap/syntax/div.php:49 addCall should be used instead!
2023-08-25 14:18:52		Doku_Handler::_addCall() is deprecated. It was called from syntax_plugin_wrap_div::handle() in /var/www/akdtu.dk/public_html/wiki/lib/plugins/wrap/syntax/div.php:49 addCall should be used instead!
2023-08-25 14:18:52		Doku_Handler::_addCall() is deprecated. It was called from syntax_plugin_wrap_div::handle() in /var/www/akdtu.dk/public_html/wiki/lib/plugins/wrap/syntax/div.php:49 addCall should be used instead!
2023-08-25 14:18:52		Doku_Handler::_addCall() is deprecated. It was called from syntax_plugin_wrap_div::handle() in /var/www/akdtu.dk/public_html/wiki/lib/plugins/wrap/syntax/div.php:49 addCall should be used instead!
2023-08-25 14:18:52		Doku_Handler::_addCall() is deprecated. It was called from syntax_plugin_wrap_div::handle() in /var/www/akdtu.dk/public_html/wiki/lib/plugins/wrap/syntax/div.php:49 addCall should be used instead!
2023-08-25 14:18:52		Doku_Handler::_addCall() is deprecated. It was called from syntax_plugin_wrap_div::handle() in /var/www/akdtu.dk/public_html/wiki/lib/plugins/wrap/syntax/div.php:49 addCall should be used instead!
2023-08-25 14:18:52		Doku_Handler::_addCall() is deprecated. It was called from syntax_plugin_wrap_div::handle() in /var/www/akdtu.dk/public_html/wiki/lib/plugins/wrap/syntax/div.php:49 addCall should be used instead!
2023-08-25 14:18:52		Doku_Handler::_addCall() is deprecated. It was called from syntax_plugin_wrap_div::handle() in /var/www/akdtu.dk/public_html/wiki/lib/plugins/wrap/syntax/div.php:49 addCall should be used instead!
2023-08-25 14:18:52		Doku_Handler::_addCall() is deprecated. It was called from syntax_plugin_wrap_div::handle() in /var/www/akdtu.dk/public_html/wiki/lib/plugins/wrap/syntax/div.php:49 addCall should be used instead!
2023-08-25 14:18:52		Doku_Handler::_addCall() is deprecated. It was called from syntax_plugin_wrap_div::handle() in /var/www/akdtu.dk/public_html/wiki/lib/plugins/wrap/syntax/div.php:49 addCall should be used instead!
2023-08-25 14:18:52		Doku_Handler::_addCall() is deprecated. It was called from syntax_plugin_wrap_div::handle() in /var/www/akdtu.dk/public_html/wiki/lib/plugins/wrap/syntax/div.php:49 addCall should be used instead!
2023-08-25 14:18:52		Doku_Handler::_addCall() is deprecated. It was called from syntax_plugin_wrap_div::handle() in /var/www/akdtu.dk/public_html/wiki/lib/plugins/wrap/syntax/div.php:49 addCall should be used instead!
2023-08-25 14:18:52		Doku_Handler::_addCall() is deprecated. It was called from syntax_plugin_wrap_div::handle() in /var/www/akdtu.dk/public_html/wiki/lib/plugins/wrap/syntax/div.php:49 addCall should be used instead!
2023-08-25 14:18:52		dbglog() is deprecated. It was called from auth_plugin_authwordpress::getUserData() in /var/www/akdtu.dk/public_html/wiki/lib/plugins/authwordpress/auth.php:202 \dokuwiki\Logger should be used instead!
2023-08-25 14:18:52		dbglog() is deprecated. It was called from helper_plugin_davcal::__construct() in /var/www/akdtu.dk/public_html/wiki/lib/plugins/davcal/helper.php:20 \dokuwiki\Logger should be used instead!
2023-08-25 14:18:52		dbglog() is deprecated. It was called from helper_plugin_davcal::__construct() in /var/www/akdtu.dk/public_html/wiki/lib/plugins/davcal/helper.php:20 \dokuwiki\Logger should be used instead!
2023-08-25 14:18:52		dbglog() is deprecated. It was called from helper_plugin_davcal::__construct() in /var/www/akdtu.dk/public_html/wiki/lib/plugins/davcal/helper.php:20 \dokuwiki\Logger should be used instead!
2023-08-25 14:19:03		dbglog() is deprecated. It was called from helper_plugin_davcal::__construct() in /var/www/akdtu.dk/public_html/wiki/lib/plugins/davcal/helper.php:20 \dokuwiki\Logger should be used instead!
2023-08-25 14:19:03		require(syntax.php) is deprecated. It was called from require() in /var/www/akdtu.dk/public_html/wiki/lib/plugins/anchor/syntax.php:4 Autoloading should be used instead!
2023-08-25 14:19:03		Doku_Handler::_addCall() is deprecated. It was called from syntax_plugin_wrap_div::handle() in /var/www/akdtu.dk/public_html/wiki/lib/plugins/wrap/syntax/div.php:49 addCall should be used instead!
2023-08-25 14:19:03		Doku_Handler::_addCall() is deprecated. It was called from syntax_plugin_wrap_div::handle() in /var/www/akdtu.dk/public_html/wiki/lib/plugins/wrap/syntax/div.php:49 addCall should be used instead!
2023-08-25 14:19:03		dbglog() is deprecated. It was called from auth_plugin_authwordpress::getUserData() in /var/www/akdtu.dk/public_html/wiki/lib/plugins/authwordpress/auth.php:202 \dokuwiki\Logger should be used instead!
2023-08-25 14:19:03		dbglog() is deprecated. It was called from helper_plugin_davcal::__construct() in /var/www/akdtu.dk/public_html/wiki/lib/plugins/davcal/helper.php:20 \dokuwiki\Logger should be used instead!
2023-08-25 14:19:03		dbglog() is deprecated. It was called from helper_plugin_davcal::__construct() in /var/www/akdtu.dk/public_html/wiki/lib/plugins/davcal/helper.php:20 \dokuwiki\Logger should be used instead!
2023-08-25 14:19:03		dbglog() is deprecated. It was called from helper_plugin_davcal::__construct() in /var/www/akdtu.dk/public_html/wiki/lib/plugins/davcal/helper.php:20 \dokuwiki\Logger should be used instead!
2023-08-25 14:19:03		dbglog() is deprecated. It was called from helper_plugin_davcal::__construct() in /var/www/akdtu.dk/public_html/wiki/lib/plugins/davcal/helper.php:20 \dokuwiki\Logger should be used instead!
2023-08-25 14:19:48		dbglog() is deprecated. It was called from helper_plugin_davcal::__construct() in /var/www/akdtu.dk/public_html/wiki/lib/plugins/davcal/helper.php:20 \dokuwiki\Logger should be used instead!
2023-08-25 14:19:48		require(syntax.php) is deprecated. It was called from require() in /var/www/akdtu.dk/public_html/wiki/lib/plugins/anchor/syntax.php:4 Autoloading should be used instead!
2023-08-25 14:19:48		dbglog() is deprecated. It was called from auth_plugin_authwordpress::getUserData() in /var/www/akdtu.dk/public_html/wiki/lib/plugins/authwordpress/auth.php:202 \dokuwiki\Logger should be used instead!
2023-08-25 14:19:48		dbglog() is deprecated. It was called from helper_plugin_davcal::__construct() in /var/www/akdtu.dk/public_html/wiki/lib/plugins/davcal/helper.php:20 \dokuwiki\Logger should be used instead!
2023-08-25 14:19:48		dbglog() is deprecated. It was called from helper_plugin_davcal::__construct() in /var/www/akdtu.dk/public_html/wiki/lib/plugins/davcal/helper.php:20 \dokuwiki\Logger should be used instead!
2023-08-25 14:19:48		dbglog() is deprecated. It was called from helper_plugin_davcal::__construct() in /var/www/akdtu.dk/public_html/wiki/lib/plugins/davcal/helper.php:20 \dokuwiki\Logger should be used instead!
2023-08-25 14:20:13		dbglog() is deprecated. It was called from helper_plugin_davcal::__construct() in /var/www/akdtu.dk/public_html/wiki/lib/plugins/davcal/helper.php:20 \dokuwiki\Logger should be used instead!
2023-08-25 14:20:13		require(syntax.php) is deprecated. It was called from require() in /var/www/akdtu.dk/public_html/wiki/lib/plugins/anchor/syntax.php:4 Autoloading should be used instead!
2023-08-25 14:20:13		dbglog() is deprecated. It was called from auth_plugin_authwordpress::getUserData() in /var/www/akdtu.dk/public_html/wiki/lib/plugins/authwordpress/auth.php:202 \dokuwiki\Logger should be used instead!
2023-08-25 14:20:13		dbglog() is deprecated. It was called from helper_plugin_davcal::__construct() in /var/www/akdtu.dk/public_html/wiki/lib/plugins/davcal/helper.php:20 \dokuwiki\Logger should be used instead!
2023-08-25 14:20:13		dbglog() is deprecated. It was called from helper_plugin_davcal::__construct() in /var/www/akdtu.dk/public_html/wiki/lib/plugins/davcal/helper.php:20 \dokuwiki\Logger should be used instead!
2023-08-25 14:20:13		dbglog() is deprecated. It was called from helper_plugin_davcal::__construct() in /var/www/akdtu.dk/public_html/wiki/lib/plugins/davcal/helper.php:20 \dokuwiki\Logger should be used instead!
2023-08-25 14:20:24		dbglog() is deprecated. It was called from helper_plugin_davcal::__construct() in /var/www/akdtu.dk/public_html/wiki/lib/plugins/davcal/helper.php:20 \dokuwiki\Logger should be used instead!
2023-08-25 14:20:24		dbglog() is deprecated. It was called from auth_plugin_authwordpress::getUserData() in /var/www/akdtu.dk/public_html/wiki/lib/plugins/authwordpress/auth.php:202 \dokuwiki\Logger should be used instead!
2023-08-25 14:20:24		dbglog() is deprecated. It was called from helper_plugin_davcal::__construct() in /var/www/akdtu.dk/public_html/wiki/lib/plugins/davcal/helper.php:20 \dokuwiki\Logger should be used instead!
2023-08-25 14:20:24		dbglog() is deprecated. It was called from helper_plugin_davcal::__construct() in /var/www/akdtu.dk/public_html/wiki/lib/plugins/davcal/helper.php:20 \dokuwiki\Logger should be used instead!
2023-08-25 14:20:24		dbglog() is deprecated. It was called from helper_plugin_davcal::__construct() in /var/www/akdtu.dk/public_html/wiki/lib/plugins/davcal/helper.php:20 \dokuwiki\Logger should be used instead!
2023-08-25 14:20:54		dbglog() is deprecated. It was called from helper_plugin_davcal::__construct() in /var/www/akdtu.dk/public_html/wiki/lib/plugins/davcal/helper.php:20 \dokuwiki\Logger should be used instead!
2023-08-25 14:21:24		dbglog() is deprecated. It was called from helper_plugin_davcal::__construct() in /var/www/akdtu.dk/public_html/wiki/lib/plugins/davcal/helper.php:20 \dokuwiki\Logger should be used instead!
2023-08-25 14:21:50		dbglog() is deprecated. It was called from helper_plugin_davcal::__construct() in /var/www/akdtu.dk/public_html/wiki/lib/plugins/davcal/helper.php:20 \dokuwiki\Logger should be used instead!
2023-08-25 14:21:50		helper_plugin_sqlite::init() is deprecated. It was called from helper_plugin_davcal::getDB() in /var/www/akdtu.dk/public_html/wiki/lib/plugins/davcal/helper.php:37 dokuwiki\plugin\sqlite\SQLiteDB should be used instead!
2023-08-25 14:21:50		dbglog() is deprecated. It was called from helper_plugin_davcal::__construct() in /var/www/akdtu.dk/public_html/wiki/lib/plugins/davcal/helper.php:20 \dokuwiki\Logger should be used instead!
2023-08-25 14:21:50		require(syntax.php) is deprecated. It was called from require() in /var/www/akdtu.dk/public_html/wiki/lib/plugins/anchor/syntax.php:4 Autoloading should be used instead!
2023-08-25 14:21:50		dbglog() is deprecated. It was called from auth_plugin_authwordpress::getUserData() in /var/www/akdtu.dk/public_html/wiki/lib/plugins/authwordpress/auth.php:202 \dokuwiki\Logger should be used instead!
2023-08-25 14:21:50		dbglog() is deprecated. It was called from helper_plugin_davcal::__construct() in /var/www/akdtu.dk/public_html/wiki/lib/plugins/davcal/helper.php:20 \dokuwiki\Logger should be used instead!
2023-08-25 14:21:50		dbglog() is deprecated. It was called from helper_plugin_davcal::__construct() in /var/www/akdtu.dk/public_html/wiki/lib/plugins/davcal/helper.php:20 \dokuwiki\Logger should be used instead!
2023-08-25 14:21:50		dbglog() is deprecated. It was called from helper_plugin_davcal::__construct() in /var/www/akdtu.dk/public_html/wiki/lib/plugins/davcal/helper.php:20 \dokuwiki\Logger should be used instead!
2023-08-25 14:21:50		dbglog() is deprecated. It was called from helper_plugin_davcal::__construct() in /var/www/akdtu.dk/public_html/wiki/lib/plugins/davcal/helper.php:20 \dokuwiki\Logger should be used instead!
2023-08-25 14:21:50		require(syntax.php) is deprecated. It was called from require() in /var/www/akdtu.dk/public_html/wiki/lib/plugins/anchor/syntax.php:4 Autoloading should be used instead!
2023-08-25 14:21:50		dbglog() is deprecated. It was called from helper_plugin_davcal::__construct() in /var/www/akdtu.dk/public_html/wiki/lib/plugins/davcal/helper.php:20 \dokuwiki\Logger should be used instead!
2023-08-25 14:21:50		dbglog() is deprecated. It was called from helper_plugin_davcal::__construct() in /var/www/akdtu.dk/public_html/wiki/lib/plugins/davcal/helper.php:20 \dokuwiki\Logger should be used instead!
