2023-07-28 23:07:32		dbglog() is deprecated. It was called from auth_plugin_authwordpress::getUserData() in /var/www/akdtu.dk/public_html/wiki/lib/plugins/authwordpress/auth.php:202 \dokuwiki\Logger should be used instead!
2023-07-28 23:07:32		dbglog() is deprecated. It was called from auth_plugin_authwordpress::checkPass() in /var/www/akdtu.dk/public_html/wiki/lib/plugins/authwordpress/auth.php:125 \dokuwiki\Logger should be used instead!
2023-07-28 23:07:32		dbglog() is deprecated. It was called from auth_plugin_authwordpress::getUserData() in /var/www/akdtu.dk/public_html/wiki/lib/plugins/authwordpress/auth.php:202 \dokuwiki\Logger should be used instead!
2023-07-28 23:07:32		dbglog() is deprecated. It was called from auth_plugin_authwordpress::getUserData() in /var/www/akdtu.dk/public_html/wiki/lib/plugins/authwordpress/auth.php:202 \dokuwiki\Logger should be used instead!
2023-07-28 23:07:41		require(syntax.php) is deprecated. It was called from require() in /var/www/akdtu.dk/public_html/wiki/lib/plugins/anchor/syntax.php:4 Autoloading should be used instead!
2023-07-28 23:07:41		dbglog() is deprecated. It was called from auth_plugin_authwordpress::getUserData() in /var/www/akdtu.dk/public_html/wiki/lib/plugins/authwordpress/auth.php:202 \dokuwiki\Logger should be used instead!
2023-07-28 23:07:45		require(syntax.php) is deprecated. It was called from require() in /var/www/akdtu.dk/public_html/wiki/lib/plugins/anchor/syntax.php:4 Autoloading should be used instead!
2023-07-28 23:07:45		dbglog() is deprecated. It was called from auth_plugin_authwordpress::getUserData() in /var/www/akdtu.dk/public_html/wiki/lib/plugins/authwordpress/auth.php:202 \dokuwiki\Logger should be used instead!
2023-07-28 23:11:07		dbglog() is deprecated. It was called from auth_plugin_authwordpress::getUserData() in /var/www/akdtu.dk/public_html/wiki/lib/plugins/authwordpress/auth.php:202 \dokuwiki\Logger should be used instead!
2023-07-28 23:13:17		dbglog() is deprecated. It was called from auth_plugin_authwordpress::getUserData() in /var/www/akdtu.dk/public_html/wiki/lib/plugins/authwordpress/auth.php:202 \dokuwiki\Logger should be used instead!
2023-07-28 23:13:17		dbglog() is deprecated. It was called from auth_plugin_authwordpress::checkPass() in /var/www/akdtu.dk/public_html/wiki/lib/plugins/authwordpress/auth.php:125 \dokuwiki\Logger should be used instead!
2023-07-28 23:13:17		dbglog() is deprecated. It was called from auth_plugin_authwordpress::getUserData() in /var/www/akdtu.dk/public_html/wiki/lib/plugins/authwordpress/auth.php:202 \dokuwiki\Logger should be used instead!
2023-07-28 23:13:17		require(syntax.php) is deprecated. It was called from require() in /var/www/akdtu.dk/public_html/wiki/lib/plugins/anchor/syntax.php:4 Autoloading should be used instead!
2023-07-28 23:13:17		dbglog() is deprecated. It was called from auth_plugin_authwordpress::getUserData() in /var/www/akdtu.dk/public_html/wiki/lib/plugins/authwordpress/auth.php:202 \dokuwiki\Logger should be used instead!
2023-07-28 23:19:22		dbglog() is deprecated. It was called from auth_plugin_authwordpress::getUserData() in /var/www/akdtu.dk/public_html/wiki/lib/plugins/authwordpress/auth.php:202 \dokuwiki\Logger should be used instead!
2023-07-28 23:22:16		dbglog() is deprecated. It was called from auth_plugin_authwordpress::getUserData() in /var/www/akdtu.dk/public_html/wiki/lib/plugins/authwordpress/auth.php:202 \dokuwiki\Logger should be used instead!
2023-07-28 23:22:42		dbglog() is deprecated. It was called from auth_plugin_authwordpress::getUserData() in /var/www/akdtu.dk/public_html/wiki/lib/plugins/authwordpress/auth.php:202 \dokuwiki\Logger should be used instead!
2023-07-28 23:22:42		dbglog() is deprecated. It was called from auth_plugin_authwordpress::checkPass() in /var/www/akdtu.dk/public_html/wiki/lib/plugins/authwordpress/auth.php:125 \dokuwiki\Logger should be used instead!
2023-07-28 23:22:42		dbglog() is deprecated. It was called from auth_plugin_authwordpress::getUserData() in /var/www/akdtu.dk/public_html/wiki/lib/plugins/authwordpress/auth.php:202 \dokuwiki\Logger should be used instead!
2023-07-28 23:22:42		dbglog() is deprecated. It was called from auth_plugin_authwordpress::getUserData() in /var/www/akdtu.dk/public_html/wiki/lib/plugins/authwordpress/auth.php:202 \dokuwiki\Logger should be used instead!
2023-07-28 23:22:47		dbglog() is deprecated. It was called from auth_plugin_authwordpress::getUserData() in /var/www/akdtu.dk/public_html/wiki/lib/plugins/authwordpress/auth.php:202 \dokuwiki\Logger should be used instead!
2023-07-28 23:22:50		dbglog() is deprecated. It was called from auth_plugin_authwordpress::getUserData() in /var/www/akdtu.dk/public_html/wiki/lib/plugins/authwordpress/auth.php:202 \dokuwiki\Logger should be used instead!
2023-07-28 23:23:44		dbglog() is deprecated. It was called from auth_plugin_authwordpress::getUserData() in /var/www/akdtu.dk/public_html/wiki/lib/plugins/authwordpress/auth.php:202 \dokuwiki\Logger should be used instead!
2023-07-28 23:23:48		dbglog() is deprecated. It was called from auth_plugin_authwordpress::getUserData() in /var/www/akdtu.dk/public_html/wiki/lib/plugins/authwordpress/auth.php:202 \dokuwiki\Logger should be used instead!
2023-07-28 23:24:38		dbglog() is deprecated. It was called from auth_plugin_authwordpress::getUserData() in /var/www/akdtu.dk/public_html/wiki/lib/plugins/authwordpress/auth.php:202 \dokuwiki\Logger should be used instead!
2023-07-28 23:24:48		dbglog() is deprecated. It was called from auth_plugin_authwordpress::getUserData() in /var/www/akdtu.dk/public_html/wiki/lib/plugins/authwordpress/auth.php:202 \dokuwiki\Logger should be used instead!
2023-07-28 23:25:02		dbglog() is deprecated. It was called from auth_plugin_authwordpress::getUserData() in /var/www/akdtu.dk/public_html/wiki/lib/plugins/authwordpress/auth.php:202 \dokuwiki\Logger should be used instead!
2023-07-28 23:25:24		dbglog() is deprecated. It was called from auth_plugin_authwordpress::getUserData() in /var/www/akdtu.dk/public_html/wiki/lib/plugins/authwordpress/auth.php:202 \dokuwiki\Logger should be used instead!
2023-07-28 23:25:26		dbglog() is deprecated. It was called from auth_plugin_authwordpress::getUserData() in /var/www/akdtu.dk/public_html/wiki/lib/plugins/authwordpress/auth.php:202 \dokuwiki\Logger should be used instead!
2023-07-28 23:25:49		dbglog() is deprecated. It was called from auth_plugin_authwordpress::getUserData() in /var/www/akdtu.dk/public_html/wiki/lib/plugins/authwordpress/auth.php:202 \dokuwiki\Logger should be used instead!
2023-07-28 23:25:53		require(syntax.php) is deprecated. It was called from require() in /var/www/akdtu.dk/public_html/wiki/lib/plugins/anchor/syntax.php:4 Autoloading should be used instead!
2023-07-28 23:25:53		dbglog() is deprecated. It was called from auth_plugin_authwordpress::getUserData() in /var/www/akdtu.dk/public_html/wiki/lib/plugins/authwordpress/auth.php:202 \dokuwiki\Logger should be used instead!
2023-07-28 23:26:20		dbglog() is deprecated. It was called from auth_plugin_authwordpress::getUserData() in /var/www/akdtu.dk/public_html/wiki/lib/plugins/authwordpress/auth.php:202 \dokuwiki\Logger should be used instead!
2023-07-28 23:26:22		require(syntax.php) is deprecated. It was called from require() in /var/www/akdtu.dk/public_html/wiki/lib/plugins/anchor/syntax.php:4 Autoloading should be used instead!
2023-07-28 23:26:22		dbglog() is deprecated. It was called from auth_plugin_authwordpress::getUserData() in /var/www/akdtu.dk/public_html/wiki/lib/plugins/authwordpress/auth.php:202 \dokuwiki\Logger should be used instead!
2023-07-28 23:26:26		require(syntax.php) is deprecated. It was called from require() in /var/www/akdtu.dk/public_html/wiki/lib/plugins/anchor/syntax.php:4 Autoloading should be used instead!
2023-07-28 23:26:26		dbglog() is deprecated. It was called from auth_plugin_authwordpress::getUserData() in /var/www/akdtu.dk/public_html/wiki/lib/plugins/authwordpress/auth.php:202 \dokuwiki\Logger should be used instead!
2023-07-28 23:26:54		require(syntax.php) is deprecated. It was called from require() in /var/www/akdtu.dk/public_html/wiki/lib/plugins/anchor/syntax.php:4 Autoloading should be used instead!
2023-07-28 23:26:54		dbglog() is deprecated. It was called from auth_plugin_authwordpress::getUserData() in /var/www/akdtu.dk/public_html/wiki/lib/plugins/authwordpress/auth.php:202 \dokuwiki\Logger should be used instead!
2023-07-28 23:26:59		dbglog() is deprecated. It was called from auth_plugin_authwordpress::getUserData() in /var/www/akdtu.dk/public_html/wiki/lib/plugins/authwordpress/auth.php:202 \dokuwiki\Logger should be used instead!
2023-07-28 23:27:41		require(syntax.php) is deprecated. It was called from require() in /var/www/akdtu.dk/public_html/wiki/lib/plugins/anchor/syntax.php:4 Autoloading should be used instead!
2023-07-28 23:27:41		dbglog() is deprecated. It was called from auth_plugin_authwordpress::getUserData() in /var/www/akdtu.dk/public_html/wiki/lib/plugins/authwordpress/auth.php:202 \dokuwiki\Logger should be used instead!
2023-07-28 23:27:57		require(syntax.php) is deprecated. It was called from require() in /var/www/akdtu.dk/public_html/wiki/lib/plugins/anchor/syntax.php:4 Autoloading should be used instead!
2023-07-28 23:27:57		dbglog() is deprecated. It was called from auth_plugin_authwordpress::getUserData() in /var/www/akdtu.dk/public_html/wiki/lib/plugins/authwordpress/auth.php:202 \dokuwiki\Logger should be used instead!
2023-07-28 23:28:01		require(syntax.php) is deprecated. It was called from require() in /var/www/akdtu.dk/public_html/wiki/lib/plugins/anchor/syntax.php:4 Autoloading should be used instead!
2023-07-28 23:28:01		dbglog() is deprecated. It was called from auth_plugin_authwordpress::getUserData() in /var/www/akdtu.dk/public_html/wiki/lib/plugins/authwordpress/auth.php:202 \dokuwiki\Logger should be used instead!
2023-07-28 23:28:07		require(syntax.php) is deprecated. It was called from require() in /var/www/akdtu.dk/public_html/wiki/lib/plugins/anchor/syntax.php:4 Autoloading should be used instead!
2023-07-28 23:28:07		dbglog() is deprecated. It was called from auth_plugin_authwordpress::getUserData() in /var/www/akdtu.dk/public_html/wiki/lib/plugins/authwordpress/auth.php:202 \dokuwiki\Logger should be used instead!
2023-07-28 23:28:11		require(syntax.php) is deprecated. It was called from require() in /var/www/akdtu.dk/public_html/wiki/lib/plugins/anchor/syntax.php:4 Autoloading should be used instead!
2023-07-28 23:28:11		dbglog() is deprecated. It was called from auth_plugin_authwordpress::getUserData() in /var/www/akdtu.dk/public_html/wiki/lib/plugins/authwordpress/auth.php:202 \dokuwiki\Logger should be used instead!
2023-07-28 23:28:37		dbglog() is deprecated. It was called from auth_plugin_authwordpress::getUserData() in /var/www/akdtu.dk/public_html/wiki/lib/plugins/authwordpress/auth.php:202 \dokuwiki\Logger should be used instead!
2023-07-28 23:28:37		dbglog() is deprecated. It was called from auth_plugin_authwordpress::checkPass() in /var/www/akdtu.dk/public_html/wiki/lib/plugins/authwordpress/auth.php:125 \dokuwiki\Logger should be used instead!
2023-07-28 23:28:37		dbglog() is deprecated. It was called from auth_plugin_authwordpress::getUserData() in /var/www/akdtu.dk/public_html/wiki/lib/plugins/authwordpress/auth.php:202 \dokuwiki\Logger should be used instead!
2023-07-28 23:28:37		require(syntax.php) is deprecated. It was called from require() in /var/www/akdtu.dk/public_html/wiki/lib/plugins/anchor/syntax.php:4 Autoloading should be used instead!
2023-07-28 23:28:37		dbglog() is deprecated. It was called from auth_plugin_authwordpress::getUserData() in /var/www/akdtu.dk/public_html/wiki/lib/plugins/authwordpress/auth.php:202 \dokuwiki\Logger should be used instead!
2023-07-28 23:28:44		require(syntax.php) is deprecated. It was called from require() in /var/www/akdtu.dk/public_html/wiki/lib/plugins/anchor/syntax.php:4 Autoloading should be used instead!
2023-07-28 23:28:44		dbglog() is deprecated. It was called from auth_plugin_authwordpress::getUserData() in /var/www/akdtu.dk/public_html/wiki/lib/plugins/authwordpress/auth.php:202 \dokuwiki\Logger should be used instead!
2023-07-28 23:29:16		require(syntax.php) is deprecated. It was called from require() in /var/www/akdtu.dk/public_html/wiki/lib/plugins/anchor/syntax.php:4 Autoloading should be used instead!
2023-07-28 23:29:16		dbglog() is deprecated. It was called from auth_plugin_authwordpress::getUserData() in /var/www/akdtu.dk/public_html/wiki/lib/plugins/authwordpress/auth.php:202 \dokuwiki\Logger should be used instead!
2023-07-28 23:29:26		dbglog() is deprecated. It was called from auth_plugin_authwordpress::getUserData() in /var/www/akdtu.dk/public_html/wiki/lib/plugins/authwordpress/auth.php:202 \dokuwiki\Logger should be used instead!
2023-07-28 23:29:40		require(syntax.php) is deprecated. It was called from require() in /var/www/akdtu.dk/public_html/wiki/lib/plugins/anchor/syntax.php:4 Autoloading should be used instead!
2023-07-28 23:29:40		dbglog() is deprecated. It was called from auth_plugin_authwordpress::getUserData() in /var/www/akdtu.dk/public_html/wiki/lib/plugins/authwordpress/auth.php:202 \dokuwiki\Logger should be used instead!
2023-07-28 23:30:14		dbglog() is deprecated. It was called from auth_plugin_authwordpress::getUserData() in /var/www/akdtu.dk/public_html/wiki/lib/plugins/authwordpress/auth.php:202 \dokuwiki\Logger should be used instead!
2023-07-28 23:30:16		require(syntax.php) is deprecated. It was called from require() in /var/www/akdtu.dk/public_html/wiki/lib/plugins/anchor/syntax.php:4 Autoloading should be used instead!
2023-07-28 23:30:16		dbglog() is deprecated. It was called from auth_plugin_authwordpress::getUserData() in /var/www/akdtu.dk/public_html/wiki/lib/plugins/authwordpress/auth.php:202 \dokuwiki\Logger should be used instead!
2023-07-28 23:30:44		dbglog() is deprecated. It was called from auth_plugin_authwordpress::getUserData() in /var/www/akdtu.dk/public_html/wiki/lib/plugins/authwordpress/auth.php:202 \dokuwiki\Logger should be used instead!
2023-07-28 23:33:01		dbglog() is deprecated. It was called from auth_plugin_authwordpress::getUserData() in /var/www/akdtu.dk/public_html/wiki/lib/plugins/authwordpress/auth.php:202 \dokuwiki\Logger should be used instead!
2023-07-28 23:33:10		require(syntax.php) is deprecated. It was called from require() in /var/www/akdtu.dk/public_html/wiki/lib/plugins/anchor/syntax.php:4 Autoloading should be used instead!
2023-07-28 23:33:10		Doku_Handler::_addCall() is deprecated. It was called from syntax_plugin_wrap_div::handle() in /var/www/akdtu.dk/public_html/wiki/lib/plugins/wrap/syntax/div.php:49 addCall should be used instead!
2023-07-28 23:33:10		Doku_Handler::_addCall() is deprecated. It was called from syntax_plugin_wrap_div::handle() in /var/www/akdtu.dk/public_html/wiki/lib/plugins/wrap/syntax/div.php:49 addCall should be used instead!
2023-07-28 23:33:10		Doku_Handler::_addCall() is deprecated. It was called from syntax_plugin_wrap_div::handle() in /var/www/akdtu.dk/public_html/wiki/lib/plugins/wrap/syntax/div.php:49 addCall should be used instead!
2023-07-28 23:33:10		Doku_Handler::_addCall() is deprecated. It was called from syntax_plugin_wrap_div::handle() in /var/www/akdtu.dk/public_html/wiki/lib/plugins/wrap/syntax/div.php:49 addCall should be used instead!
2023-07-28 23:33:10		Doku_Handler::_addCall() is deprecated. It was called from syntax_plugin_wrap_div::handle() in /var/www/akdtu.dk/public_html/wiki/lib/plugins/wrap/syntax/div.php:49 addCall should be used instead!
2023-07-28 23:33:10		Doku_Handler::_addCall() is deprecated. It was called from syntax_plugin_wrap_div::handle() in /var/www/akdtu.dk/public_html/wiki/lib/plugins/wrap/syntax/div.php:49 addCall should be used instead!
2023-07-28 23:33:10		Doku_Handler::_addCall() is deprecated. It was called from syntax_plugin_wrap_div::handle() in /var/www/akdtu.dk/public_html/wiki/lib/plugins/wrap/syntax/div.php:49 addCall should be used instead!
2023-07-28 23:33:10		Doku_Handler::_addCall() is deprecated. It was called from syntax_plugin_wrap_div::handle() in /var/www/akdtu.dk/public_html/wiki/lib/plugins/wrap/syntax/div.php:49 addCall should be used instead!
2023-07-28 23:33:10		Doku_Handler::_addCall() is deprecated. It was called from syntax_plugin_wrap_div::handle() in /var/www/akdtu.dk/public_html/wiki/lib/plugins/wrap/syntax/div.php:49 addCall should be used instead!
2023-07-28 23:33:10		Doku_Handler::_addCall() is deprecated. It was called from syntax_plugin_wrap_div::handle() in /var/www/akdtu.dk/public_html/wiki/lib/plugins/wrap/syntax/div.php:49 addCall should be used instead!
2023-07-28 23:33:10		Doku_Handler::_addCall() is deprecated. It was called from syntax_plugin_wrap_div::handle() in /var/www/akdtu.dk/public_html/wiki/lib/plugins/wrap/syntax/div.php:49 addCall should be used instead!
2023-07-28 23:33:10		Doku_Handler::_addCall() is deprecated. It was called from syntax_plugin_wrap_div::handle() in /var/www/akdtu.dk/public_html/wiki/lib/plugins/wrap/syntax/div.php:49 addCall should be used instead!
2023-07-28 23:33:10		Doku_Handler::_addCall() is deprecated. It was called from syntax_plugin_wrap_div::handle() in /var/www/akdtu.dk/public_html/wiki/lib/plugins/wrap/syntax/div.php:49 addCall should be used instead!
2023-07-28 23:33:10		Doku_Handler::_addCall() is deprecated. It was called from syntax_plugin_wrap_div::handle() in /var/www/akdtu.dk/public_html/wiki/lib/plugins/wrap/syntax/div.php:49 addCall should be used instead!
2023-07-28 23:33:10		Doku_Handler::_addCall() is deprecated. It was called from syntax_plugin_wrap_div::handle() in /var/www/akdtu.dk/public_html/wiki/lib/plugins/wrap/syntax/div.php:49 addCall should be used instead!
2023-07-28 23:33:10		Doku_Handler::_addCall() is deprecated. It was called from syntax_plugin_wrap_div::handle() in /var/www/akdtu.dk/public_html/wiki/lib/plugins/wrap/syntax/div.php:49 addCall should be used instead!
2023-07-28 23:33:10		Doku_Handler::_addCall() is deprecated. It was called from syntax_plugin_wrap_div::handle() in /var/www/akdtu.dk/public_html/wiki/lib/plugins/wrap/syntax/div.php:49 addCall should be used instead!
2023-07-28 23:33:10		Doku_Handler::_addCall() is deprecated. It was called from syntax_plugin_wrap_div::handle() in /var/www/akdtu.dk/public_html/wiki/lib/plugins/wrap/syntax/div.php:49 addCall should be used instead!
2023-07-28 23:33:10		Doku_Handler::_addCall() is deprecated. It was called from syntax_plugin_wrap_div::handle() in /var/www/akdtu.dk/public_html/wiki/lib/plugins/wrap/syntax/div.php:49 addCall should be used instead!
2023-07-28 23:33:10		Doku_Handler::_addCall() is deprecated. It was called from syntax_plugin_wrap_div::handle() in /var/www/akdtu.dk/public_html/wiki/lib/plugins/wrap/syntax/div.php:49 addCall should be used instead!
2023-07-28 23:33:10		Doku_Handler::_addCall() is deprecated. It was called from syntax_plugin_wrap_div::handle() in /var/www/akdtu.dk/public_html/wiki/lib/plugins/wrap/syntax/div.php:49 addCall should be used instead!
2023-07-28 23:33:10		Doku_Handler::_addCall() is deprecated. It was called from syntax_plugin_wrap_div::handle() in /var/www/akdtu.dk/public_html/wiki/lib/plugins/wrap/syntax/div.php:49 addCall should be used instead!
2023-07-28 23:33:10		Doku_Handler::_addCall() is deprecated. It was called from syntax_plugin_wrap_div::handle() in /var/www/akdtu.dk/public_html/wiki/lib/plugins/wrap/syntax/div.php:49 addCall should be used instead!
2023-07-28 23:33:10		Doku_Handler::_addCall() is deprecated. It was called from syntax_plugin_wrap_div::handle() in /var/www/akdtu.dk/public_html/wiki/lib/plugins/wrap/syntax/div.php:49 addCall should be used instead!
2023-07-28 23:33:10		Doku_Handler::_addCall() is deprecated. It was called from syntax_plugin_wrap_div::handle() in /var/www/akdtu.dk/public_html/wiki/lib/plugins/wrap/syntax/div.php:49 addCall should be used instead!
2023-07-28 23:33:10		Doku_Handler::_addCall() is deprecated. It was called from syntax_plugin_wrap_div::handle() in /var/www/akdtu.dk/public_html/wiki/lib/plugins/wrap/syntax/div.php:49 addCall should be used instead!
2023-07-28 23:33:10		Doku_Handler::_addCall() is deprecated. It was called from syntax_plugin_wrap_div::handle() in /var/www/akdtu.dk/public_html/wiki/lib/plugins/wrap/syntax/div.php:49 addCall should be used instead!
2023-07-28 23:33:10		Doku_Handler::_addCall() is deprecated. It was called from syntax_plugin_wrap_div::handle() in /var/www/akdtu.dk/public_html/wiki/lib/plugins/wrap/syntax/div.php:49 addCall should be used instead!
2023-07-28 23:33:10		Doku_Handler::_addCall() is deprecated. It was called from syntax_plugin_wrap_div::handle() in /var/www/akdtu.dk/public_html/wiki/lib/plugins/wrap/syntax/div.php:49 addCall should be used instead!
2023-07-28 23:33:10		Doku_Handler::_addCall() is deprecated. It was called from syntax_plugin_wrap_div::handle() in /var/www/akdtu.dk/public_html/wiki/lib/plugins/wrap/syntax/div.php:49 addCall should be used instead!
2023-07-28 23:33:10		Doku_Handler::_addCall() is deprecated. It was called from syntax_plugin_wrap_div::handle() in /var/www/akdtu.dk/public_html/wiki/lib/plugins/wrap/syntax/div.php:49 addCall should be used instead!
2023-07-28 23:33:10		Doku_Handler::_addCall() is deprecated. It was called from syntax_plugin_wrap_div::handle() in /var/www/akdtu.dk/public_html/wiki/lib/plugins/wrap/syntax/div.php:49 addCall should be used instead!
2023-07-28 23:33:10		Doku_Handler::_addCall() is deprecated. It was called from syntax_plugin_wrap_div::handle() in /var/www/akdtu.dk/public_html/wiki/lib/plugins/wrap/syntax/div.php:49 addCall should be used instead!
2023-07-28 23:33:10		Doku_Handler::_addCall() is deprecated. It was called from syntax_plugin_wrap_div::handle() in /var/www/akdtu.dk/public_html/wiki/lib/plugins/wrap/syntax/div.php:49 addCall should be used instead!
2023-07-28 23:33:10		Doku_Handler::_addCall() is deprecated. It was called from syntax_plugin_wrap_div::handle() in /var/www/akdtu.dk/public_html/wiki/lib/plugins/wrap/syntax/div.php:49 addCall should be used instead!
2023-07-28 23:33:10		Doku_Handler::_addCall() is deprecated. It was called from syntax_plugin_wrap_div::handle() in /var/www/akdtu.dk/public_html/wiki/lib/plugins/wrap/syntax/div.php:49 addCall should be used instead!
2023-07-28 23:33:10		Doku_Handler::_addCall() is deprecated. It was called from syntax_plugin_wrap_div::handle() in /var/www/akdtu.dk/public_html/wiki/lib/plugins/wrap/syntax/div.php:49 addCall should be used instead!
2023-07-28 23:33:10		Doku_Handler::_addCall() is deprecated. It was called from syntax_plugin_wrap_div::handle() in /var/www/akdtu.dk/public_html/wiki/lib/plugins/wrap/syntax/div.php:49 addCall should be used instead!
2023-07-28 23:33:10		Doku_Handler::_addCall() is deprecated. It was called from syntax_plugin_wrap_div::handle() in /var/www/akdtu.dk/public_html/wiki/lib/plugins/wrap/syntax/div.php:49 addCall should be used instead!
2023-07-28 23:33:10		Doku_Handler::_addCall() is deprecated. It was called from syntax_plugin_wrap_div::handle() in /var/www/akdtu.dk/public_html/wiki/lib/plugins/wrap/syntax/div.php:49 addCall should be used instead!
2023-07-28 23:33:10		Doku_Handler::_addCall() is deprecated. It was called from syntax_plugin_wrap_div::handle() in /var/www/akdtu.dk/public_html/wiki/lib/plugins/wrap/syntax/div.php:49 addCall should be used instead!
2023-07-28 23:33:10		Doku_Handler::_addCall() is deprecated. It was called from syntax_plugin_wrap_div::handle() in /var/www/akdtu.dk/public_html/wiki/lib/plugins/wrap/syntax/div.php:49 addCall should be used instead!
2023-07-28 23:33:10		Doku_Handler::_addCall() is deprecated. It was called from syntax_plugin_wrap_div::handle() in /var/www/akdtu.dk/public_html/wiki/lib/plugins/wrap/syntax/div.php:49 addCall should be used instead!
2023-07-28 23:33:10		Doku_Handler::_addCall() is deprecated. It was called from syntax_plugin_wrap_div::handle() in /var/www/akdtu.dk/public_html/wiki/lib/plugins/wrap/syntax/div.php:49 addCall should be used instead!
2023-07-28 23:33:10		Doku_Handler::_addCall() is deprecated. It was called from syntax_plugin_wrap_div::handle() in /var/www/akdtu.dk/public_html/wiki/lib/plugins/wrap/syntax/div.php:49 addCall should be used instead!
2023-07-28 23:33:10		Doku_Handler::_addCall() is deprecated. It was called from syntax_plugin_wrap_div::handle() in /var/www/akdtu.dk/public_html/wiki/lib/plugins/wrap/syntax/div.php:49 addCall should be used instead!
2023-07-28 23:33:10		Doku_Handler::_addCall() is deprecated. It was called from syntax_plugin_wrap_div::handle() in /var/www/akdtu.dk/public_html/wiki/lib/plugins/wrap/syntax/div.php:49 addCall should be used instead!
2023-07-28 23:33:10		Doku_Handler::_addCall() is deprecated. It was called from syntax_plugin_wrap_div::handle() in /var/www/akdtu.dk/public_html/wiki/lib/plugins/wrap/syntax/div.php:49 addCall should be used instead!
2023-07-28 23:33:10		Doku_Handler::_addCall() is deprecated. It was called from syntax_plugin_wrap_div::handle() in /var/www/akdtu.dk/public_html/wiki/lib/plugins/wrap/syntax/div.php:49 addCall should be used instead!
2023-07-28 23:33:10		Doku_Handler::_addCall() is deprecated. It was called from syntax_plugin_wrap_div::handle() in /var/www/akdtu.dk/public_html/wiki/lib/plugins/wrap/syntax/div.php:49 addCall should be used instead!
2023-07-28 23:33:10		Doku_Handler::_addCall() is deprecated. It was called from syntax_plugin_wrap_div::handle() in /var/www/akdtu.dk/public_html/wiki/lib/plugins/wrap/syntax/div.php:49 addCall should be used instead!
2023-07-28 23:33:10		Doku_Handler::_addCall() is deprecated. It was called from syntax_plugin_wrap_div::handle() in /var/www/akdtu.dk/public_html/wiki/lib/plugins/wrap/syntax/div.php:49 addCall should be used instead!
2023-07-28 23:33:10		Doku_Handler::_addCall() is deprecated. It was called from syntax_plugin_wrap_div::handle() in /var/www/akdtu.dk/public_html/wiki/lib/plugins/wrap/syntax/div.php:49 addCall should be used instead!
2023-07-28 23:33:10		Doku_Handler::_addCall() is deprecated. It was called from syntax_plugin_wrap_div::handle() in /var/www/akdtu.dk/public_html/wiki/lib/plugins/wrap/syntax/div.php:49 addCall should be used instead!
2023-07-28 23:33:10		Doku_Handler::_addCall() is deprecated. It was called from syntax_plugin_wrap_div::handle() in /var/www/akdtu.dk/public_html/wiki/lib/plugins/wrap/syntax/div.php:49 addCall should be used instead!
2023-07-28 23:33:10		Doku_Handler::_addCall() is deprecated. It was called from syntax_plugin_wrap_div::handle() in /var/www/akdtu.dk/public_html/wiki/lib/plugins/wrap/syntax/div.php:49 addCall should be used instead!
2023-07-28 23:33:10		Doku_Handler::_addCall() is deprecated. It was called from syntax_plugin_wrap_div::handle() in /var/www/akdtu.dk/public_html/wiki/lib/plugins/wrap/syntax/div.php:49 addCall should be used instead!
2023-07-28 23:33:10		Doku_Handler::_addCall() is deprecated. It was called from syntax_plugin_wrap_div::handle() in /var/www/akdtu.dk/public_html/wiki/lib/plugins/wrap/syntax/div.php:49 addCall should be used instead!
2023-07-28 23:33:10		Doku_Handler::_addCall() is deprecated. It was called from syntax_plugin_wrap_div::handle() in /var/www/akdtu.dk/public_html/wiki/lib/plugins/wrap/syntax/div.php:49 addCall should be used instead!
2023-07-28 23:33:10		Doku_Handler::_addCall() is deprecated. It was called from syntax_plugin_wrap_div::handle() in /var/www/akdtu.dk/public_html/wiki/lib/plugins/wrap/syntax/div.php:49 addCall should be used instead!
2023-07-28 23:33:10		Doku_Handler::_addCall() is deprecated. It was called from syntax_plugin_wrap_div::handle() in /var/www/akdtu.dk/public_html/wiki/lib/plugins/wrap/syntax/div.php:49 addCall should be used instead!
2023-07-28 23:33:10		Doku_Handler::_addCall() is deprecated. It was called from syntax_plugin_wrap_div::handle() in /var/www/akdtu.dk/public_html/wiki/lib/plugins/wrap/syntax/div.php:49 addCall should be used instead!
2023-07-28 23:33:10		Doku_Handler::_addCall() is deprecated. It was called from syntax_plugin_wrap_div::handle() in /var/www/akdtu.dk/public_html/wiki/lib/plugins/wrap/syntax/div.php:49 addCall should be used instead!
2023-07-28 23:33:10		Doku_Handler::_addCall() is deprecated. It was called from syntax_plugin_wrap_div::handle() in /var/www/akdtu.dk/public_html/wiki/lib/plugins/wrap/syntax/div.php:49 addCall should be used instead!
2023-07-28 23:33:10		Doku_Handler::_addCall() is deprecated. It was called from syntax_plugin_wrap_div::handle() in /var/www/akdtu.dk/public_html/wiki/lib/plugins/wrap/syntax/div.php:49 addCall should be used instead!
2023-07-28 23:33:10		Doku_Handler::_addCall() is deprecated. It was called from syntax_plugin_wrap_div::handle() in /var/www/akdtu.dk/public_html/wiki/lib/plugins/wrap/syntax/div.php:49 addCall should be used instead!
2023-07-28 23:33:10		Doku_Handler::_addCall() is deprecated. It was called from syntax_plugin_wrap_div::handle() in /var/www/akdtu.dk/public_html/wiki/lib/plugins/wrap/syntax/div.php:49 addCall should be used instead!
2023-07-28 23:33:10		Doku_Handler::_addCall() is deprecated. It was called from syntax_plugin_wrap_div::handle() in /var/www/akdtu.dk/public_html/wiki/lib/plugins/wrap/syntax/div.php:49 addCall should be used instead!
2023-07-28 23:33:10		Doku_Handler::_addCall() is deprecated. It was called from syntax_plugin_wrap_div::handle() in /var/www/akdtu.dk/public_html/wiki/lib/plugins/wrap/syntax/div.php:49 addCall should be used instead!
2023-07-28 23:33:10		Doku_Handler::_addCall() is deprecated. It was called from syntax_plugin_wrap_div::handle() in /var/www/akdtu.dk/public_html/wiki/lib/plugins/wrap/syntax/div.php:49 addCall should be used instead!
2023-07-28 23:33:10		Doku_Handler::_addCall() is deprecated. It was called from syntax_plugin_wrap_div::handle() in /var/www/akdtu.dk/public_html/wiki/lib/plugins/wrap/syntax/div.php:49 addCall should be used instead!
2023-07-28 23:33:10		Doku_Handler::_addCall() is deprecated. It was called from syntax_plugin_wrap_div::handle() in /var/www/akdtu.dk/public_html/wiki/lib/plugins/wrap/syntax/div.php:49 addCall should be used instead!
2023-07-28 23:33:10		Doku_Handler::_addCall() is deprecated. It was called from syntax_plugin_wrap_div::handle() in /var/www/akdtu.dk/public_html/wiki/lib/plugins/wrap/syntax/div.php:49 addCall should be used instead!
2023-07-28 23:33:10		Doku_Handler::_addCall() is deprecated. It was called from syntax_plugin_wrap_div::handle() in /var/www/akdtu.dk/public_html/wiki/lib/plugins/wrap/syntax/div.php:49 addCall should be used instead!
2023-07-28 23:33:10		Doku_Handler::_addCall() is deprecated. It was called from syntax_plugin_wrap_div::handle() in /var/www/akdtu.dk/public_html/wiki/lib/plugins/wrap/syntax/div.php:49 addCall should be used instead!
2023-07-28 23:33:10		Doku_Handler::_addCall() is deprecated. It was called from syntax_plugin_wrap_div::handle() in /var/www/akdtu.dk/public_html/wiki/lib/plugins/wrap/syntax/div.php:49 addCall should be used instead!
2023-07-28 23:33:10		Doku_Handler::_addCall() is deprecated. It was called from syntax_plugin_wrap_div::handle() in /var/www/akdtu.dk/public_html/wiki/lib/plugins/wrap/syntax/div.php:49 addCall should be used instead!
2023-07-28 23:33:10		Doku_Handler::_addCall() is deprecated. It was called from syntax_plugin_wrap_div::handle() in /var/www/akdtu.dk/public_html/wiki/lib/plugins/wrap/syntax/div.php:49 addCall should be used instead!
2023-07-28 23:33:10		Doku_Handler::_addCall() is deprecated. It was called from syntax_plugin_wrap_div::handle() in /var/www/akdtu.dk/public_html/wiki/lib/plugins/wrap/syntax/div.php:49 addCall should be used instead!
2023-07-28 23:33:10		Doku_Handler::_addCall() is deprecated. It was called from syntax_plugin_wrap_div::handle() in /var/www/akdtu.dk/public_html/wiki/lib/plugins/wrap/syntax/div.php:49 addCall should be used instead!
2023-07-28 23:33:10		dbglog() is deprecated. It was called from auth_plugin_authwordpress::getUserData() in /var/www/akdtu.dk/public_html/wiki/lib/plugins/authwordpress/auth.php:202 \dokuwiki\Logger should be used instead!
2023-07-28 23:33:39		dbglog() is deprecated. It was called from auth_plugin_authwordpress::getUserData() in /var/www/akdtu.dk/public_html/wiki/lib/plugins/authwordpress/auth.php:202 \dokuwiki\Logger should be used instead!
2023-07-28 23:35:15		dbglog() is deprecated. It was called from auth_plugin_authwordpress::getUserData() in /var/www/akdtu.dk/public_html/wiki/lib/plugins/authwordpress/auth.php:202 \dokuwiki\Logger should be used instead!
2023-07-28 23:37:19		dbglog() is deprecated. It was called from auth_plugin_authwordpress::getUserData() in /var/www/akdtu.dk/public_html/wiki/lib/plugins/authwordpress/auth.php:202 \dokuwiki\Logger should be used instead!
2023-07-28 23:37:27		dbglog() is deprecated. It was called from auth_plugin_authwordpress::getUserData() in /var/www/akdtu.dk/public_html/wiki/lib/plugins/authwordpress/auth.php:202 \dokuwiki\Logger should be used instead!
2023-07-28 23:37:36		dbglog() is deprecated. It was called from auth_plugin_authwordpress::getUserData() in /var/www/akdtu.dk/public_html/wiki/lib/plugins/authwordpress/auth.php:202 \dokuwiki\Logger should be used instead!
2023-07-28 23:38:02		dbglog() is deprecated. It was called from auth_plugin_authwordpress::getUserData() in /var/www/akdtu.dk/public_html/wiki/lib/plugins/authwordpress/auth.php:202 \dokuwiki\Logger should be used instead!
2023-07-28 23:38:29		dbglog() is deprecated. It was called from auth_plugin_authwordpress::getUserData() in /var/www/akdtu.dk/public_html/wiki/lib/plugins/authwordpress/auth.php:202 \dokuwiki\Logger should be used instead!
2023-07-28 23:38:32		require(syntax.php) is deprecated. It was called from require() in /var/www/akdtu.dk/public_html/wiki/lib/plugins/anchor/syntax.php:4 Autoloading should be used instead!
2023-07-28 23:38:32		dbglog() is deprecated. It was called from auth_plugin_authwordpress::getUserData() in /var/www/akdtu.dk/public_html/wiki/lib/plugins/authwordpress/auth.php:202 \dokuwiki\Logger should be used instead!
2023-07-28 23:38:34		dbglog() is deprecated. It was called from auth_plugin_authwordpress::getUserData() in /var/www/akdtu.dk/public_html/wiki/lib/plugins/authwordpress/auth.php:202 \dokuwiki\Logger should be used instead!
2023-07-28 23:39:01		dbglog() is deprecated. It was called from auth_plugin_authwordpress::getUserData() in /var/www/akdtu.dk/public_html/wiki/lib/plugins/authwordpress/auth.php:202 \dokuwiki\Logger should be used instead!
2023-07-28 23:39:08		require(syntax.php) is deprecated. It was called from require() in /var/www/akdtu.dk/public_html/wiki/lib/plugins/anchor/syntax.php:4 Autoloading should be used instead!
2023-07-28 23:39:08		dbglog() is deprecated. It was called from auth_plugin_authwordpress::getUserData() in /var/www/akdtu.dk/public_html/wiki/lib/plugins/authwordpress/auth.php:202 \dokuwiki\Logger should be used instead!
2023-07-28 23:40:39		require(syntax.php) is deprecated. It was called from require() in /var/www/akdtu.dk/public_html/wiki/lib/plugins/anchor/syntax.php:4 Autoloading should be used instead!
2023-07-28 23:40:39		dbglog() is deprecated. It was called from auth_plugin_authwordpress::getUserData() in /var/www/akdtu.dk/public_html/wiki/lib/plugins/authwordpress/auth.php:202 \dokuwiki\Logger should be used instead!
2023-07-28 23:40:45		require(syntax.php) is deprecated. It was called from require() in /var/www/akdtu.dk/public_html/wiki/lib/plugins/anchor/syntax.php:4 Autoloading should be used instead!
2023-07-28 23:40:45		Doku_Handler::_addCall() is deprecated. It was called from syntax_plugin_wrap_div::handle() in /var/www/akdtu.dk/public_html/wiki/lib/plugins/wrap/syntax/div.php:49 addCall should be used instead!
2023-07-28 23:40:45		Doku_Handler::_addCall() is deprecated. It was called from syntax_plugin_wrap_div::handle() in /var/www/akdtu.dk/public_html/wiki/lib/plugins/wrap/syntax/div.php:49 addCall should be used instead!
2023-07-28 23:40:45		Doku_Handler::_addCall() is deprecated. It was called from syntax_plugin_wrap_div::handle() in /var/www/akdtu.dk/public_html/wiki/lib/plugins/wrap/syntax/div.php:49 addCall should be used instead!
2023-07-28 23:40:45		Doku_Handler::_addCall() is deprecated. It was called from syntax_plugin_wrap_div::handle() in /var/www/akdtu.dk/public_html/wiki/lib/plugins/wrap/syntax/div.php:49 addCall should be used instead!
2023-07-28 23:40:45		Doku_Handler::_addCall() is deprecated. It was called from syntax_plugin_wrap_div::handle() in /var/www/akdtu.dk/public_html/wiki/lib/plugins/wrap/syntax/div.php:49 addCall should be used instead!
2023-07-28 23:40:45		Doku_Handler::_addCall() is deprecated. It was called from syntax_plugin_wrap_div::handle() in /var/www/akdtu.dk/public_html/wiki/lib/plugins/wrap/syntax/div.php:49 addCall should be used instead!
2023-07-28 23:40:45		Doku_Handler::_addCall() is deprecated. It was called from syntax_plugin_wrap_div::handle() in /var/www/akdtu.dk/public_html/wiki/lib/plugins/wrap/syntax/div.php:49 addCall should be used instead!
2023-07-28 23:40:45		Doku_Handler::_addCall() is deprecated. It was called from syntax_plugin_wrap_div::handle() in /var/www/akdtu.dk/public_html/wiki/lib/plugins/wrap/syntax/div.php:49 addCall should be used instead!
2023-07-28 23:40:45		Doku_Handler::_addCall() is deprecated. It was called from syntax_plugin_wrap_div::handle() in /var/www/akdtu.dk/public_html/wiki/lib/plugins/wrap/syntax/div.php:49 addCall should be used instead!
2023-07-28 23:40:45		Doku_Handler::_addCall() is deprecated. It was called from syntax_plugin_wrap_div::handle() in /var/www/akdtu.dk/public_html/wiki/lib/plugins/wrap/syntax/div.php:49 addCall should be used instead!
2023-07-28 23:40:45		Doku_Handler::_addCall() is deprecated. It was called from syntax_plugin_wrap_div::handle() in /var/www/akdtu.dk/public_html/wiki/lib/plugins/wrap/syntax/div.php:49 addCall should be used instead!
2023-07-28 23:40:45		Doku_Handler::_addCall() is deprecated. It was called from syntax_plugin_wrap_div::handle() in /var/www/akdtu.dk/public_html/wiki/lib/plugins/wrap/syntax/div.php:49 addCall should be used instead!
2023-07-28 23:40:45		Doku_Handler::_addCall() is deprecated. It was called from syntax_plugin_wrap_div::handle() in /var/www/akdtu.dk/public_html/wiki/lib/plugins/wrap/syntax/div.php:49 addCall should be used instead!
2023-07-28 23:40:45		Doku_Handler::_addCall() is deprecated. It was called from syntax_plugin_wrap_div::handle() in /var/www/akdtu.dk/public_html/wiki/lib/plugins/wrap/syntax/div.php:49 addCall should be used instead!
2023-07-28 23:40:45		Doku_Handler::_addCall() is deprecated. It was called from syntax_plugin_wrap_div::handle() in /var/www/akdtu.dk/public_html/wiki/lib/plugins/wrap/syntax/div.php:49 addCall should be used instead!
2023-07-28 23:40:45		Doku_Handler::_addCall() is deprecated. It was called from syntax_plugin_wrap_div::handle() in /var/www/akdtu.dk/public_html/wiki/lib/plugins/wrap/syntax/div.php:49 addCall should be used instead!
2023-07-28 23:40:45		Doku_Handler::_addCall() is deprecated. It was called from syntax_plugin_wrap_div::handle() in /var/www/akdtu.dk/public_html/wiki/lib/plugins/wrap/syntax/div.php:49 addCall should be used instead!
2023-07-28 23:40:45		Doku_Handler::_addCall() is deprecated. It was called from syntax_plugin_wrap_div::handle() in /var/www/akdtu.dk/public_html/wiki/lib/plugins/wrap/syntax/div.php:49 addCall should be used instead!
2023-07-28 23:40:45		Doku_Handler::_addCall() is deprecated. It was called from syntax_plugin_wrap_div::handle() in /var/www/akdtu.dk/public_html/wiki/lib/plugins/wrap/syntax/div.php:49 addCall should be used instead!
2023-07-28 23:40:45		Doku_Handler::_addCall() is deprecated. It was called from syntax_plugin_wrap_div::handle() in /var/www/akdtu.dk/public_html/wiki/lib/plugins/wrap/syntax/div.php:49 addCall should be used instead!
2023-07-28 23:40:45		Doku_Handler::_addCall() is deprecated. It was called from syntax_plugin_wrap_div::handle() in /var/www/akdtu.dk/public_html/wiki/lib/plugins/wrap/syntax/div.php:49 addCall should be used instead!
2023-07-28 23:40:45		Doku_Handler::_addCall() is deprecated. It was called from syntax_plugin_wrap_div::handle() in /var/www/akdtu.dk/public_html/wiki/lib/plugins/wrap/syntax/div.php:49 addCall should be used instead!
2023-07-28 23:40:45		Doku_Handler::_addCall() is deprecated. It was called from syntax_plugin_wrap_div::handle() in /var/www/akdtu.dk/public_html/wiki/lib/plugins/wrap/syntax/div.php:49 addCall should be used instead!
2023-07-28 23:40:45		Doku_Handler::_addCall() is deprecated. It was called from syntax_plugin_wrap_div::handle() in /var/www/akdtu.dk/public_html/wiki/lib/plugins/wrap/syntax/div.php:49 addCall should be used instead!
2023-07-28 23:40:45		Doku_Handler::_addCall() is deprecated. It was called from syntax_plugin_wrap_div::handle() in /var/www/akdtu.dk/public_html/wiki/lib/plugins/wrap/syntax/div.php:49 addCall should be used instead!
2023-07-28 23:40:45		Doku_Handler::_addCall() is deprecated. It was called from syntax_plugin_wrap_div::handle() in /var/www/akdtu.dk/public_html/wiki/lib/plugins/wrap/syntax/div.php:49 addCall should be used instead!
2023-07-28 23:40:45		Doku_Handler::_addCall() is deprecated. It was called from syntax_plugin_wrap_div::handle() in /var/www/akdtu.dk/public_html/wiki/lib/plugins/wrap/syntax/div.php:49 addCall should be used instead!
2023-07-28 23:40:45		Doku_Handler::_addCall() is deprecated. It was called from syntax_plugin_wrap_div::handle() in /var/www/akdtu.dk/public_html/wiki/lib/plugins/wrap/syntax/div.php:49 addCall should be used instead!
2023-07-28 23:40:45		Doku_Handler::_addCall() is deprecated. It was called from syntax_plugin_wrap_div::handle() in /var/www/akdtu.dk/public_html/wiki/lib/plugins/wrap/syntax/div.php:49 addCall should be used instead!
2023-07-28 23:40:45		Doku_Handler::_addCall() is deprecated. It was called from syntax_plugin_wrap_div::handle() in /var/www/akdtu.dk/public_html/wiki/lib/plugins/wrap/syntax/div.php:49 addCall should be used instead!
2023-07-28 23:40:45		Doku_Handler::_addCall() is deprecated. It was called from syntax_plugin_wrap_div::handle() in /var/www/akdtu.dk/public_html/wiki/lib/plugins/wrap/syntax/div.php:49 addCall should be used instead!
2023-07-28 23:40:45		Doku_Handler::_addCall() is deprecated. It was called from syntax_plugin_wrap_div::handle() in /var/www/akdtu.dk/public_html/wiki/lib/plugins/wrap/syntax/div.php:49 addCall should be used instead!
2023-07-28 23:40:45		Doku_Handler::_addCall() is deprecated. It was called from syntax_plugin_wrap_div::handle() in /var/www/akdtu.dk/public_html/wiki/lib/plugins/wrap/syntax/div.php:49 addCall should be used instead!
2023-07-28 23:40:45		Doku_Handler::_addCall() is deprecated. It was called from syntax_plugin_wrap_div::handle() in /var/www/akdtu.dk/public_html/wiki/lib/plugins/wrap/syntax/div.php:49 addCall should be used instead!
2023-07-28 23:40:45		Doku_Handler::_addCall() is deprecated. It was called from syntax_plugin_wrap_div::handle() in /var/www/akdtu.dk/public_html/wiki/lib/plugins/wrap/syntax/div.php:49 addCall should be used instead!
2023-07-28 23:40:45		Doku_Handler::_addCall() is deprecated. It was called from syntax_plugin_wrap_div::handle() in /var/www/akdtu.dk/public_html/wiki/lib/plugins/wrap/syntax/div.php:49 addCall should be used instead!
2023-07-28 23:40:45		Doku_Handler::_addCall() is deprecated. It was called from syntax_plugin_wrap_div::handle() in /var/www/akdtu.dk/public_html/wiki/lib/plugins/wrap/syntax/div.php:49 addCall should be used instead!
2023-07-28 23:40:45		Doku_Handler::_addCall() is deprecated. It was called from syntax_plugin_wrap_div::handle() in /var/www/akdtu.dk/public_html/wiki/lib/plugins/wrap/syntax/div.php:49 addCall should be used instead!
2023-07-28 23:40:45		Doku_Handler::_addCall() is deprecated. It was called from syntax_plugin_wrap_div::handle() in /var/www/akdtu.dk/public_html/wiki/lib/plugins/wrap/syntax/div.php:49 addCall should be used instead!
2023-07-28 23:40:45		Doku_Handler::_addCall() is deprecated. It was called from syntax_plugin_wrap_div::handle() in /var/www/akdtu.dk/public_html/wiki/lib/plugins/wrap/syntax/div.php:49 addCall should be used instead!
2023-07-28 23:40:45		Doku_Handler::_addCall() is deprecated. It was called from syntax_plugin_wrap_div::handle() in /var/www/akdtu.dk/public_html/wiki/lib/plugins/wrap/syntax/div.php:49 addCall should be used instead!
2023-07-28 23:40:45		Doku_Handler::_addCall() is deprecated. It was called from syntax_plugin_wrap_div::handle() in /var/www/akdtu.dk/public_html/wiki/lib/plugins/wrap/syntax/div.php:49 addCall should be used instead!
2023-07-28 23:40:45		Doku_Handler::_addCall() is deprecated. It was called from syntax_plugin_wrap_div::handle() in /var/www/akdtu.dk/public_html/wiki/lib/plugins/wrap/syntax/div.php:49 addCall should be used instead!
2023-07-28 23:40:45		Doku_Handler::_addCall() is deprecated. It was called from syntax_plugin_wrap_div::handle() in /var/www/akdtu.dk/public_html/wiki/lib/plugins/wrap/syntax/div.php:49 addCall should be used instead!
2023-07-28 23:40:45		Doku_Handler::_addCall() is deprecated. It was called from syntax_plugin_wrap_div::handle() in /var/www/akdtu.dk/public_html/wiki/lib/plugins/wrap/syntax/div.php:49 addCall should be used instead!
2023-07-28 23:40:45		Doku_Handler::_addCall() is deprecated. It was called from syntax_plugin_wrap_div::handle() in /var/www/akdtu.dk/public_html/wiki/lib/plugins/wrap/syntax/div.php:49 addCall should be used instead!
2023-07-28 23:40:45		Doku_Handler::_addCall() is deprecated. It was called from syntax_plugin_wrap_div::handle() in /var/www/akdtu.dk/public_html/wiki/lib/plugins/wrap/syntax/div.php:49 addCall should be used instead!
2023-07-28 23:40:45		Doku_Handler::_addCall() is deprecated. It was called from syntax_plugin_wrap_div::handle() in /var/www/akdtu.dk/public_html/wiki/lib/plugins/wrap/syntax/div.php:49 addCall should be used instead!
2023-07-28 23:40:45		Doku_Handler::_addCall() is deprecated. It was called from syntax_plugin_wrap_div::handle() in /var/www/akdtu.dk/public_html/wiki/lib/plugins/wrap/syntax/div.php:49 addCall should be used instead!
2023-07-28 23:40:45		Doku_Handler::_addCall() is deprecated. It was called from syntax_plugin_wrap_div::handle() in /var/www/akdtu.dk/public_html/wiki/lib/plugins/wrap/syntax/div.php:49 addCall should be used instead!
2023-07-28 23:40:45		Doku_Handler::_addCall() is deprecated. It was called from syntax_plugin_wrap_div::handle() in /var/www/akdtu.dk/public_html/wiki/lib/plugins/wrap/syntax/div.php:49 addCall should be used instead!
2023-07-28 23:40:45		Doku_Handler::_addCall() is deprecated. It was called from syntax_plugin_wrap_div::handle() in /var/www/akdtu.dk/public_html/wiki/lib/plugins/wrap/syntax/div.php:49 addCall should be used instead!
2023-07-28 23:40:45		Doku_Handler::_addCall() is deprecated. It was called from syntax_plugin_wrap_div::handle() in /var/www/akdtu.dk/public_html/wiki/lib/plugins/wrap/syntax/div.php:49 addCall should be used instead!
2023-07-28 23:40:45		Doku_Handler::_addCall() is deprecated. It was called from syntax_plugin_wrap_div::handle() in /var/www/akdtu.dk/public_html/wiki/lib/plugins/wrap/syntax/div.php:49 addCall should be used instead!
2023-07-28 23:40:45		Doku_Handler::_addCall() is deprecated. It was called from syntax_plugin_wrap_div::handle() in /var/www/akdtu.dk/public_html/wiki/lib/plugins/wrap/syntax/div.php:49 addCall should be used instead!
2023-07-28 23:40:45		Doku_Handler::_addCall() is deprecated. It was called from syntax_plugin_wrap_div::handle() in /var/www/akdtu.dk/public_html/wiki/lib/plugins/wrap/syntax/div.php:49 addCall should be used instead!
2023-07-28 23:40:45		Doku_Handler::_addCall() is deprecated. It was called from syntax_plugin_wrap_div::handle() in /var/www/akdtu.dk/public_html/wiki/lib/plugins/wrap/syntax/div.php:49 addCall should be used instead!
2023-07-28 23:40:45		Doku_Handler::_addCall() is deprecated. It was called from syntax_plugin_wrap_div::handle() in /var/www/akdtu.dk/public_html/wiki/lib/plugins/wrap/syntax/div.php:49 addCall should be used instead!
2023-07-28 23:40:45		Doku_Handler::_addCall() is deprecated. It was called from syntax_plugin_wrap_div::handle() in /var/www/akdtu.dk/public_html/wiki/lib/plugins/wrap/syntax/div.php:49 addCall should be used instead!
2023-07-28 23:40:45		Doku_Handler::_addCall() is deprecated. It was called from syntax_plugin_wrap_div::handle() in /var/www/akdtu.dk/public_html/wiki/lib/plugins/wrap/syntax/div.php:49 addCall should be used instead!
2023-07-28 23:40:45		Doku_Handler::_addCall() is deprecated. It was called from syntax_plugin_wrap_div::handle() in /var/www/akdtu.dk/public_html/wiki/lib/plugins/wrap/syntax/div.php:49 addCall should be used instead!
2023-07-28 23:40:45		Doku_Handler::_addCall() is deprecated. It was called from syntax_plugin_wrap_div::handle() in /var/www/akdtu.dk/public_html/wiki/lib/plugins/wrap/syntax/div.php:49 addCall should be used instead!
2023-07-28 23:40:45		Doku_Handler::_addCall() is deprecated. It was called from syntax_plugin_wrap_div::handle() in /var/www/akdtu.dk/public_html/wiki/lib/plugins/wrap/syntax/div.php:49 addCall should be used instead!
2023-07-28 23:40:45		Doku_Handler::_addCall() is deprecated. It was called from syntax_plugin_wrap_div::handle() in /var/www/akdtu.dk/public_html/wiki/lib/plugins/wrap/syntax/div.php:49 addCall should be used instead!
2023-07-28 23:40:45		Doku_Handler::_addCall() is deprecated. It was called from syntax_plugin_wrap_div::handle() in /var/www/akdtu.dk/public_html/wiki/lib/plugins/wrap/syntax/div.php:49 addCall should be used instead!
2023-07-28 23:40:45		Doku_Handler::_addCall() is deprecated. It was called from syntax_plugin_wrap_div::handle() in /var/www/akdtu.dk/public_html/wiki/lib/plugins/wrap/syntax/div.php:49 addCall should be used instead!
2023-07-28 23:40:45		Doku_Handler::_addCall() is deprecated. It was called from syntax_plugin_wrap_div::handle() in /var/www/akdtu.dk/public_html/wiki/lib/plugins/wrap/syntax/div.php:49 addCall should be used instead!
2023-07-28 23:40:45		Doku_Handler::_addCall() is deprecated. It was called from syntax_plugin_wrap_div::handle() in /var/www/akdtu.dk/public_html/wiki/lib/plugins/wrap/syntax/div.php:49 addCall should be used instead!
2023-07-28 23:40:45		Doku_Handler::_addCall() is deprecated. It was called from syntax_plugin_wrap_div::handle() in /var/www/akdtu.dk/public_html/wiki/lib/plugins/wrap/syntax/div.php:49 addCall should be used instead!
2023-07-28 23:40:45		Doku_Handler::_addCall() is deprecated. It was called from syntax_plugin_wrap_div::handle() in /var/www/akdtu.dk/public_html/wiki/lib/plugins/wrap/syntax/div.php:49 addCall should be used instead!
2023-07-28 23:40:45		Doku_Handler::_addCall() is deprecated. It was called from syntax_plugin_wrap_div::handle() in /var/www/akdtu.dk/public_html/wiki/lib/plugins/wrap/syntax/div.php:49 addCall should be used instead!
2023-07-28 23:40:45		Doku_Handler::_addCall() is deprecated. It was called from syntax_plugin_wrap_div::handle() in /var/www/akdtu.dk/public_html/wiki/lib/plugins/wrap/syntax/div.php:49 addCall should be used instead!
2023-07-28 23:40:45		Doku_Handler::_addCall() is deprecated. It was called from syntax_plugin_wrap_div::handle() in /var/www/akdtu.dk/public_html/wiki/lib/plugins/wrap/syntax/div.php:49 addCall should be used instead!
2023-07-28 23:40:45		Doku_Handler::_addCall() is deprecated. It was called from syntax_plugin_wrap_div::handle() in /var/www/akdtu.dk/public_html/wiki/lib/plugins/wrap/syntax/div.php:49 addCall should be used instead!
2023-07-28 23:40:45		Doku_Handler::_addCall() is deprecated. It was called from syntax_plugin_wrap_div::handle() in /var/www/akdtu.dk/public_html/wiki/lib/plugins/wrap/syntax/div.php:49 addCall should be used instead!
2023-07-28 23:40:45		Doku_Handler::_addCall() is deprecated. It was called from syntax_plugin_wrap_div::handle() in /var/www/akdtu.dk/public_html/wiki/lib/plugins/wrap/syntax/div.php:49 addCall should be used instead!
2023-07-28 23:40:45		Doku_Handler::_addCall() is deprecated. It was called from syntax_plugin_wrap_div::handle() in /var/www/akdtu.dk/public_html/wiki/lib/plugins/wrap/syntax/div.php:49 addCall should be used instead!
2023-07-28 23:40:45		Doku_Handler::_addCall() is deprecated. It was called from syntax_plugin_wrap_div::handle() in /var/www/akdtu.dk/public_html/wiki/lib/plugins/wrap/syntax/div.php:49 addCall should be used instead!
2023-07-28 23:40:45		Doku_Handler::_addCall() is deprecated. It was called from syntax_plugin_wrap_div::handle() in /var/www/akdtu.dk/public_html/wiki/lib/plugins/wrap/syntax/div.php:49 addCall should be used instead!
2023-07-28 23:40:45		Doku_Handler::_addCall() is deprecated. It was called from syntax_plugin_wrap_div::handle() in /var/www/akdtu.dk/public_html/wiki/lib/plugins/wrap/syntax/div.php:49 addCall should be used instead!
2023-07-28 23:40:45		dbglog() is deprecated. It was called from auth_plugin_authwordpress::getUserData() in /var/www/akdtu.dk/public_html/wiki/lib/plugins/authwordpress/auth.php:202 \dokuwiki\Logger should be used instead!
2023-07-28 23:41:02		dbglog() is deprecated. It was called from auth_plugin_authwordpress::getUserData() in /var/www/akdtu.dk/public_html/wiki/lib/plugins/authwordpress/auth.php:202 \dokuwiki\Logger should be used instead!
2023-07-28 23:41:06		dbglog() is deprecated. It was called from auth_plugin_authwordpress::getUserData() in /var/www/akdtu.dk/public_html/wiki/lib/plugins/authwordpress/auth.php:202 \dokuwiki\Logger should be used instead!
2023-07-28 23:41:09		dbglog() is deprecated. It was called from auth_plugin_authwordpress::getUserData() in /var/www/akdtu.dk/public_html/wiki/lib/plugins/authwordpress/auth.php:202 \dokuwiki\Logger should be used instead!
2023-07-28 23:41:12		require(syntax.php) is deprecated. It was called from require() in /var/www/akdtu.dk/public_html/wiki/lib/plugins/anchor/syntax.php:4 Autoloading should be used instead!
2023-07-28 23:41:20		dbglog() is deprecated. It was called from auth_plugin_authwordpress::getUserData() in /var/www/akdtu.dk/public_html/wiki/lib/plugins/authwordpress/auth.php:202 \dokuwiki\Logger should be used instead!
2023-07-28 23:41:20		dbglog() is deprecated. It was called from auth_plugin_authwordpress::checkPass() in /var/www/akdtu.dk/public_html/wiki/lib/plugins/authwordpress/auth.php:125 \dokuwiki\Logger should be used instead!
2023-07-28 23:41:20		dbglog() is deprecated. It was called from auth_plugin_authwordpress::getUserData() in /var/www/akdtu.dk/public_html/wiki/lib/plugins/authwordpress/auth.php:202 \dokuwiki\Logger should be used instead!
2023-07-28 23:43:56		dbglog() is deprecated. It was called from auth_plugin_authwordpress::getUserData() in /var/www/akdtu.dk/public_html/wiki/lib/plugins/authwordpress/auth.php:202 \dokuwiki\Logger should be used instead!
2023-07-28 23:43:56		dbglog() is deprecated. It was called from auth_plugin_authwordpress::checkPass() in /var/www/akdtu.dk/public_html/wiki/lib/plugins/authwordpress/auth.php:125 \dokuwiki\Logger should be used instead!
2023-07-28 23:43:56		dbglog() is deprecated. It was called from auth_plugin_authwordpress::getUserData() in /var/www/akdtu.dk/public_html/wiki/lib/plugins/authwordpress/auth.php:202 \dokuwiki\Logger should be used instead!
2023-07-28 23:43:56		require(syntax.php) is deprecated. It was called from require() in /var/www/akdtu.dk/public_html/wiki/lib/plugins/anchor/syntax.php:4 Autoloading should be used instead!
2023-07-28 23:43:59		require(syntax.php) is deprecated. It was called from require() in /var/www/akdtu.dk/public_html/wiki/lib/plugins/anchor/syntax.php:4 Autoloading should be used instead!
2023-07-28 23:46:21		dbglog() is deprecated. It was called from auth_plugin_authwordpress::getUserData() in /var/www/akdtu.dk/public_html/wiki/lib/plugins/authwordpress/auth.php:202 \dokuwiki\Logger should be used instead!
2023-07-28 23:46:23		dbglog() is deprecated. It was called from auth_plugin_authwordpress::getUserData() in /var/www/akdtu.dk/public_html/wiki/lib/plugins/authwordpress/auth.php:202 \dokuwiki\Logger should be used instead!
2023-07-28 23:47:22		dbglog() is deprecated. It was called from auth_plugin_authwordpress::getUserData() in /var/www/akdtu.dk/public_html/wiki/lib/plugins/authwordpress/auth.php:202 \dokuwiki\Logger should be used instead!
2023-07-28 23:47:29		require(syntax.php) is deprecated. It was called from require() in /var/www/akdtu.dk/public_html/wiki/lib/plugins/anchor/syntax.php:4 Autoloading should be used instead!
2023-07-28 23:47:29		dbglog() is deprecated. It was called from auth_plugin_authwordpress::getUserData() in /var/www/akdtu.dk/public_html/wiki/lib/plugins/authwordpress/auth.php:202 \dokuwiki\Logger should be used instead!
2023-07-28 23:47:34		dbglog() is deprecated. It was called from auth_plugin_authwordpress::getUserData() in /var/www/akdtu.dk/public_html/wiki/lib/plugins/authwordpress/auth.php:202 \dokuwiki\Logger should be used instead!
2023-07-28 23:58:36		dbglog() is deprecated. It was called from auth_plugin_authwordpress::getUserData() in /var/www/akdtu.dk/public_html/wiki/lib/plugins/authwordpress/auth.php:202 \dokuwiki\Logger should be used instead!
2023-07-28 23:58:47		dbglog() is deprecated. It was called from auth_plugin_authwordpress::getUserData() in /var/www/akdtu.dk/public_html/wiki/lib/plugins/authwordpress/auth.php:202 \dokuwiki\Logger should be used instead!
2023-07-28 23:58:52		require(syntax.php) is deprecated. It was called from require() in /var/www/akdtu.dk/public_html/wiki/lib/plugins/anchor/syntax.php:4 Autoloading should be used instead!
2023-07-28 23:58:52		dbglog() is deprecated. It was called from auth_plugin_authwordpress::getUserData() in /var/www/akdtu.dk/public_html/wiki/lib/plugins/authwordpress/auth.php:202 \dokuwiki\Logger should be used instead!
