2023-08-14 20:10:55		dbglog() is deprecated. It was called from auth_plugin_authwordpress::getUserData() in /var/www/akdtu.dk/public_html/wiki/lib/plugins/authwordpress/auth.php:202 \dokuwiki\Logger should be used instead!
2023-08-14 20:10:55		dbglog() is deprecated. It was called from auth_plugin_authwordpress::checkPass() in /var/www/akdtu.dk/public_html/wiki/lib/plugins/authwordpress/auth.php:125 \dokuwiki\Logger should be used instead!
2023-08-14 20:10:55		dbglog() is deprecated. It was called from auth_plugin_authwordpress::getUserData() in /var/www/akdtu.dk/public_html/wiki/lib/plugins/authwordpress/auth.php:202 \dokuwiki\Logger should be used instead!
2023-08-14 20:10:55		dbglog() is deprecated. It was called from auth_plugin_authwordpress::getUserData() in /var/www/akdtu.dk/public_html/wiki/lib/plugins/authwordpress/auth.php:202 \dokuwiki\Logger should be used instead!
2023-08-14 20:11:04		require(syntax.php) is deprecated. It was called from require() in /var/www/akdtu.dk/public_html/wiki/lib/plugins/anchor/syntax.php:4 Autoloading should be used instead!
2023-08-14 20:11:05		dbglog() is deprecated. It was called from auth_plugin_authwordpress::getUserData() in /var/www/akdtu.dk/public_html/wiki/lib/plugins/authwordpress/auth.php:202 \dokuwiki\Logger should be used instead!
2023-08-14 20:11:18		require(syntax.php) is deprecated. It was called from require() in /var/www/akdtu.dk/public_html/wiki/lib/plugins/anchor/syntax.php:4 Autoloading should be used instead!
2023-08-14 20:11:18		dbglog() is deprecated. It was called from auth_plugin_authwordpress::getUserData() in /var/www/akdtu.dk/public_html/wiki/lib/plugins/authwordpress/auth.php:202 \dokuwiki\Logger should be used instead!
2023-08-14 20:11:18		require(syntax.php) is deprecated. It was called from require() in /var/www/akdtu.dk/public_html/wiki/lib/plugins/anchor/syntax.php:4 Autoloading should be used instead!
2023-08-14 20:11:19		require(syntax.php) is deprecated. It was called from require() in /var/www/akdtu.dk/public_html/wiki/lib/plugins/anchor/syntax.php:4 Autoloading should be used instead!
2023-08-14 20:11:24		require(syntax.php) is deprecated. It was called from require() in /var/www/akdtu.dk/public_html/wiki/lib/plugins/anchor/syntax.php:4 Autoloading should be used instead!
2023-08-14 20:11:36		require(syntax.php) is deprecated. It was called from require() in /var/www/akdtu.dk/public_html/wiki/lib/plugins/anchor/syntax.php:4 Autoloading should be used instead!
2023-08-14 20:11:44		require(syntax.php) is deprecated. It was called from require() in /var/www/akdtu.dk/public_html/wiki/lib/plugins/anchor/syntax.php:4 Autoloading should be used instead!
2023-08-14 20:11:58		dbglog() is deprecated. It was called from helper_plugin_davcal::__construct() in /var/www/akdtu.dk/public_html/wiki/lib/plugins/davcal/helper.php:20 \dokuwiki\Logger should be used instead!
2023-08-14 20:11:58		require(syntax.php) is deprecated. It was called from require() in /var/www/akdtu.dk/public_html/wiki/lib/plugins/anchor/syntax.php:4 Autoloading should be used instead!
2023-08-14 20:11:59		dbglog() is deprecated. It was called from helper_plugin_davcal::__construct() in /var/www/akdtu.dk/public_html/wiki/lib/plugins/davcal/helper.php:20 \dokuwiki\Logger should be used instead!
2023-08-14 20:11:59		dbglog() is deprecated. It was called from helper_plugin_davcal::__construct() in /var/www/akdtu.dk/public_html/wiki/lib/plugins/davcal/helper.php:20 \dokuwiki\Logger should be used instead!
2023-08-14 20:11:59		dbglog() is deprecated. It was called from helper_plugin_davcal::__construct() in /var/www/akdtu.dk/public_html/wiki/lib/plugins/davcal/helper.php:20 \dokuwiki\Logger should be used instead!
2023-08-14 20:11:59		dbglog() is deprecated. It was called from helper_plugin_davcal::__construct() in /var/www/akdtu.dk/public_html/wiki/lib/plugins/davcal/helper.php:20 \dokuwiki\Logger should be used instead!
2023-08-14 20:12:00		dbglog() is deprecated. It was called from helper_plugin_davcal::__construct() in /var/www/akdtu.dk/public_html/wiki/lib/plugins/davcal/helper.php:20 \dokuwiki\Logger should be used instead!
2023-08-14 20:12:47		dbglog() is deprecated. It was called from helper_plugin_davcal::__construct() in /var/www/akdtu.dk/public_html/wiki/lib/plugins/davcal/helper.php:20 \dokuwiki\Logger should be used instead!
2023-08-14 20:12:48		require(syntax.php) is deprecated. It was called from require() in /var/www/akdtu.dk/public_html/wiki/lib/plugins/anchor/syntax.php:4 Autoloading should be used instead!
2023-08-14 20:12:48		dbglog() is deprecated. It was called from helper_plugin_davcal::__construct() in /var/www/akdtu.dk/public_html/wiki/lib/plugins/davcal/helper.php:20 \dokuwiki\Logger should be used instead!
2023-08-14 20:12:49		dbglog() is deprecated. It was called from helper_plugin_davcal::__construct() in /var/www/akdtu.dk/public_html/wiki/lib/plugins/davcal/helper.php:20 \dokuwiki\Logger should be used instead!
2023-08-14 20:12:49		dbglog() is deprecated. It was called from helper_plugin_davcal::__construct() in /var/www/akdtu.dk/public_html/wiki/lib/plugins/davcal/helper.php:20 \dokuwiki\Logger should be used instead!
2023-08-14 20:13:00		dbglog() is deprecated. It was called from helper_plugin_davcal::__construct() in /var/www/akdtu.dk/public_html/wiki/lib/plugins/davcal/helper.php:20 \dokuwiki\Logger should be used instead!
2023-08-14 20:13:00		dbglog() is deprecated. It was called from helper_plugin_davcal::__construct() in /var/www/akdtu.dk/public_html/wiki/lib/plugins/davcal/helper.php:20 \dokuwiki\Logger should be used instead!
2023-08-14 20:13:00		require(syntax.php) is deprecated. It was called from require() in /var/www/akdtu.dk/public_html/wiki/lib/plugins/anchor/syntax.php:4 Autoloading should be used instead!
2023-08-14 20:13:00		dbglog() is deprecated. It was called from helper_plugin_davcal::getDB() in /var/www/akdtu.dk/public_html/wiki/lib/plugins/davcal/helper.php:33 \dokuwiki\Logger should be used instead!
2023-08-14 20:13:00		dbglog() is deprecated. It was called from helper_plugin_davcal::getDB() in /var/www/akdtu.dk/public_html/wiki/lib/plugins/davcal/helper.php:33 \dokuwiki\Logger should be used instead!
2023-08-14 20:13:00		dbglog() is deprecated. It was called from helper_plugin_davcal::getDB() in /var/www/akdtu.dk/public_html/wiki/lib/plugins/davcal/helper.php:33 \dokuwiki\Logger should be used instead!
2023-08-14 20:13:01		dbglog() is deprecated. It was called from helper_plugin_davcal::getDB() in /var/www/akdtu.dk/public_html/wiki/lib/plugins/davcal/helper.php:33 \dokuwiki\Logger should be used instead!
2023-08-14 20:13:01		dbglog() is deprecated. It was called from auth_plugin_authwordpress::getUserData() in /var/www/akdtu.dk/public_html/wiki/lib/plugins/authwordpress/auth.php:202 \dokuwiki\Logger should be used instead!
2023-08-14 20:13:01		dbglog() is deprecated. It was called from helper_plugin_davcal::__construct() in /var/www/akdtu.dk/public_html/wiki/lib/plugins/davcal/helper.php:20 \dokuwiki\Logger should be used instead!
2023-08-14 20:13:01		dbglog() is deprecated. It was called from helper_plugin_davcal::__construct() in /var/www/akdtu.dk/public_html/wiki/lib/plugins/davcal/helper.php:20 \dokuwiki\Logger should be used instead!
2023-08-14 20:13:01		dbglog() is deprecated. It was called from helper_plugin_davcal::getDB() in /var/www/akdtu.dk/public_html/wiki/lib/plugins/davcal/helper.php:33 \dokuwiki\Logger should be used instead!
2023-08-14 20:13:01		dbglog() is deprecated. It was called from helper_plugin_davcal::getDB() in /var/www/akdtu.dk/public_html/wiki/lib/plugins/davcal/helper.php:33 \dokuwiki\Logger should be used instead!
2023-08-14 20:13:01		dbglog() is deprecated. It was called from helper_plugin_davcal::getDB() in /var/www/akdtu.dk/public_html/wiki/lib/plugins/davcal/helper.php:33 \dokuwiki\Logger should be used instead!
2023-08-14 20:13:01		dbglog() is deprecated. It was called from helper_plugin_davcal::getDB() in /var/www/akdtu.dk/public_html/wiki/lib/plugins/davcal/helper.php:33 \dokuwiki\Logger should be used instead!
2023-08-14 20:13:01		dbglog() is deprecated. It was called from helper_plugin_davcal::getDB() in /var/www/akdtu.dk/public_html/wiki/lib/plugins/davcal/helper.php:33 \dokuwiki\Logger should be used instead!
2023-08-14 20:13:01		dbglog() is deprecated. It was called from helper_plugin_davcal::getDB() in /var/www/akdtu.dk/public_html/wiki/lib/plugins/davcal/helper.php:33 \dokuwiki\Logger should be used instead!
2023-08-14 20:13:01		dbglog() is deprecated. It was called from helper_plugin_davcal::__construct() in /var/www/akdtu.dk/public_html/wiki/lib/plugins/davcal/helper.php:20 \dokuwiki\Logger should be used instead!
2023-08-14 20:13:01		dbglog() is deprecated. It was called from helper_plugin_davcal::getDB() in /var/www/akdtu.dk/public_html/wiki/lib/plugins/davcal/helper.php:33 \dokuwiki\Logger should be used instead!
2023-08-14 20:13:01		dbglog() is deprecated. It was called from helper_plugin_davcal::getDB() in /var/www/akdtu.dk/public_html/wiki/lib/plugins/davcal/helper.php:33 \dokuwiki\Logger should be used instead!
2023-08-14 20:13:01		dbglog() is deprecated. It was called from helper_plugin_davcal::getDB() in /var/www/akdtu.dk/public_html/wiki/lib/plugins/davcal/helper.php:33 \dokuwiki\Logger should be used instead!
2023-08-14 20:13:01		dbglog() is deprecated. It was called from helper_plugin_davcal::__construct() in /var/www/akdtu.dk/public_html/wiki/lib/plugins/davcal/helper.php:20 \dokuwiki\Logger should be used instead!
2023-08-14 20:13:01		dbglog() is deprecated. It was called from helper_plugin_davcal::__construct() in /var/www/akdtu.dk/public_html/wiki/lib/plugins/davcal/helper.php:20 \dokuwiki\Logger should be used instead!
2023-08-14 20:13:08		dbglog() is deprecated. It was called from helper_plugin_davcal::__construct() in /var/www/akdtu.dk/public_html/wiki/lib/plugins/davcal/helper.php:20 \dokuwiki\Logger should be used instead!
2023-08-14 20:13:08		require(syntax.php) is deprecated. It was called from require() in /var/www/akdtu.dk/public_html/wiki/lib/plugins/anchor/syntax.php:4 Autoloading should be used instead!
2023-08-14 20:13:08		dbglog() is deprecated. It was called from auth_plugin_authwordpress::getUserData() in /var/www/akdtu.dk/public_html/wiki/lib/plugins/authwordpress/auth.php:202 \dokuwiki\Logger should be used instead!
2023-08-14 20:13:09		dbglog() is deprecated. It was called from helper_plugin_davcal::__construct() in /var/www/akdtu.dk/public_html/wiki/lib/plugins/davcal/helper.php:20 \dokuwiki\Logger should be used instead!
2023-08-14 20:13:09		dbglog() is deprecated. It was called from helper_plugin_davcal::__construct() in /var/www/akdtu.dk/public_html/wiki/lib/plugins/davcal/helper.php:20 \dokuwiki\Logger should be used instead!
2023-08-14 20:13:09		dbglog() is deprecated. It was called from helper_plugin_davcal::__construct() in /var/www/akdtu.dk/public_html/wiki/lib/plugins/davcal/helper.php:20 \dokuwiki\Logger should be used instead!
2023-08-14 20:13:17		dbglog() is deprecated. It was called from helper_plugin_davcal::__construct() in /var/www/akdtu.dk/public_html/wiki/lib/plugins/davcal/helper.php:20 \dokuwiki\Logger should be used instead!
2023-08-14 20:13:17		dbglog() is deprecated. It was called from auth_plugin_authwordpress::getUserData() in /var/www/akdtu.dk/public_html/wiki/lib/plugins/authwordpress/auth.php:202 \dokuwiki\Logger should be used instead!
2023-08-14 20:13:18		dbglog() is deprecated. It was called from helper_plugin_davcal::__construct() in /var/www/akdtu.dk/public_html/wiki/lib/plugins/davcal/helper.php:20 \dokuwiki\Logger should be used instead!
2023-08-14 20:13:18		dbglog() is deprecated. It was called from helper_plugin_davcal::__construct() in /var/www/akdtu.dk/public_html/wiki/lib/plugins/davcal/helper.php:20 \dokuwiki\Logger should be used instead!
2023-08-14 20:13:18		dbglog() is deprecated. It was called from helper_plugin_davcal::__construct() in /var/www/akdtu.dk/public_html/wiki/lib/plugins/davcal/helper.php:20 \dokuwiki\Logger should be used instead!
2023-08-14 20:13:40		dbglog() is deprecated. It was called from helper_plugin_davcal::__construct() in /var/www/akdtu.dk/public_html/wiki/lib/plugins/davcal/helper.php:20 \dokuwiki\Logger should be used instead!
2023-08-14 20:13:41		dbglog() is deprecated. It was called from helper_plugin_davcal::__construct() in /var/www/akdtu.dk/public_html/wiki/lib/plugins/davcal/helper.php:20 \dokuwiki\Logger should be used instead!
2023-08-14 20:13:41		require(syntax.php) is deprecated. It was called from require() in /var/www/akdtu.dk/public_html/wiki/lib/plugins/anchor/syntax.php:4 Autoloading should be used instead!
2023-08-14 20:13:41		helper_plugin_sqlite::init() is deprecated. It was called from helper_plugin_davcal::getDB() in /var/www/akdtu.dk/public_html/wiki/lib/plugins/davcal/helper.php:37 dokuwiki\plugin\sqlite\SQLiteDB should be used instead!
2023-08-14 20:13:41		dbglog() is deprecated. It was called from helper_plugin_davcal::__construct() in /var/www/akdtu.dk/public_html/wiki/lib/plugins/davcal/helper.php:20 \dokuwiki\Logger should be used instead!
2023-08-14 20:13:41		dbglog() is deprecated. It was called from helper_plugin_davcal::__construct() in /var/www/akdtu.dk/public_html/wiki/lib/plugins/davcal/helper.php:20 \dokuwiki\Logger should be used instead!
2023-08-14 20:13:41		dbglog() is deprecated. It was called from auth_plugin_authwordpress::getUserData() in /var/www/akdtu.dk/public_html/wiki/lib/plugins/authwordpress/auth.php:202 \dokuwiki\Logger should be used instead!
2023-08-14 20:13:41		dbglog() is deprecated. It was called from helper_plugin_davcal::__construct() in /var/www/akdtu.dk/public_html/wiki/lib/plugins/davcal/helper.php:20 \dokuwiki\Logger should be used instead!
2023-08-14 20:13:42		dbglog() is deprecated. It was called from helper_plugin_davcal::__construct() in /var/www/akdtu.dk/public_html/wiki/lib/plugins/davcal/helper.php:20 \dokuwiki\Logger should be used instead!
2023-08-14 20:13:42		dbglog() is deprecated. It was called from helper_plugin_davcal::__construct() in /var/www/akdtu.dk/public_html/wiki/lib/plugins/davcal/helper.php:20 \dokuwiki\Logger should be used instead!
2023-08-14 20:13:42		dbglog() is deprecated. It was called from helper_plugin_davcal::__construct() in /var/www/akdtu.dk/public_html/wiki/lib/plugins/davcal/helper.php:20 \dokuwiki\Logger should be used instead!
2023-08-14 20:13:42		require(syntax.php) is deprecated. It was called from require() in /var/www/akdtu.dk/public_html/wiki/lib/plugins/anchor/syntax.php:4 Autoloading should be used instead!
2023-08-14 20:13:42		helper_plugin_sqlite::init() is deprecated. It was called from helper_plugin_davcal::getDB() in /var/www/akdtu.dk/public_html/wiki/lib/plugins/davcal/helper.php:37 dokuwiki\plugin\sqlite\SQLiteDB should be used instead!
2023-08-14 20:13:42		dbglog() is deprecated. It was called from auth_plugin_authwordpress::getUserData() in /var/www/akdtu.dk/public_html/wiki/lib/plugins/authwordpress/auth.php:202 \dokuwiki\Logger should be used instead!
2023-08-14 20:13:43		dbglog() is deprecated. It was called from helper_plugin_davcal::__construct() in /var/www/akdtu.dk/public_html/wiki/lib/plugins/davcal/helper.php:20 \dokuwiki\Logger should be used instead!
2023-08-14 20:13:43		dbglog() is deprecated. It was called from helper_plugin_davcal::__construct() in /var/www/akdtu.dk/public_html/wiki/lib/plugins/davcal/helper.php:20 \dokuwiki\Logger should be used instead!
2023-08-14 20:13:43		helper_plugin_sqlite::init() is deprecated. It was called from helper_plugin_davcal::getDB() in /var/www/akdtu.dk/public_html/wiki/lib/plugins/davcal/helper.php:37 dokuwiki\plugin\sqlite\SQLiteDB should be used instead!
2023-08-14 20:13:43		dbglog() is deprecated. It was called from helper_plugin_davcal::__construct() in /var/www/akdtu.dk/public_html/wiki/lib/plugins/davcal/helper.php:20 \dokuwiki\Logger should be used instead!
2023-08-14 20:13:43		helper_plugin_sqlite::init() is deprecated. It was called from helper_plugin_davcal::getDB() in /var/www/akdtu.dk/public_html/wiki/lib/plugins/davcal/helper.php:37 dokuwiki\plugin\sqlite\SQLiteDB should be used instead!
2023-08-14 20:13:43		dbglog() is deprecated. It was called from helper_plugin_davcal::__construct() in /var/www/akdtu.dk/public_html/wiki/lib/plugins/davcal/helper.php:20 \dokuwiki\Logger should be used instead!
2023-08-14 20:13:43		dbglog() is deprecated. It was called from helper_plugin_davcal::__construct() in /var/www/akdtu.dk/public_html/wiki/lib/plugins/davcal/helper.php:20 \dokuwiki\Logger should be used instead!
2023-08-14 20:13:43		dbglog() is deprecated. It was called from helper_plugin_davcal::__construct() in /var/www/akdtu.dk/public_html/wiki/lib/plugins/davcal/helper.php:20 \dokuwiki\Logger should be used instead!
2023-08-14 20:15:12		dbglog() is deprecated. It was called from helper_plugin_davcal::__construct() in /var/www/akdtu.dk/public_html/wiki/lib/plugins/davcal/helper.php:20 \dokuwiki\Logger should be used instead!
2023-08-14 20:15:12		require(syntax.php) is deprecated. It was called from require() in /var/www/akdtu.dk/public_html/wiki/lib/plugins/anchor/syntax.php:4 Autoloading should be used instead!
2023-08-14 20:15:13		dbglog() is deprecated. It was called from auth_plugin_authwordpress::getUserData() in /var/www/akdtu.dk/public_html/wiki/lib/plugins/authwordpress/auth.php:202 \dokuwiki\Logger should be used instead!
2023-08-14 20:15:13		dbglog() is deprecated. It was called from helper_plugin_davcal::__construct() in /var/www/akdtu.dk/public_html/wiki/lib/plugins/davcal/helper.php:20 \dokuwiki\Logger should be used instead!
2023-08-14 20:15:14		dbglog() is deprecated. It was called from helper_plugin_davcal::__construct() in /var/www/akdtu.dk/public_html/wiki/lib/plugins/davcal/helper.php:20 \dokuwiki\Logger should be used instead!
2023-08-14 20:15:14		dbglog() is deprecated. It was called from helper_plugin_davcal::__construct() in /var/www/akdtu.dk/public_html/wiki/lib/plugins/davcal/helper.php:20 \dokuwiki\Logger should be used instead!
2023-08-14 20:15:44		dbglog() is deprecated. It was called from helper_plugin_davcal::__construct() in /var/www/akdtu.dk/public_html/wiki/lib/plugins/davcal/helper.php:20 \dokuwiki\Logger should be used instead!
2023-08-14 20:16:00		dbglog() is deprecated. It was called from helper_plugin_davcal::__construct() in /var/www/akdtu.dk/public_html/wiki/lib/plugins/davcal/helper.php:20 \dokuwiki\Logger should be used instead!
2023-08-14 20:16:00		dbglog() is deprecated. It was called from helper_plugin_davcal::__construct() in /var/www/akdtu.dk/public_html/wiki/lib/plugins/davcal/helper.php:20 \dokuwiki\Logger should be used instead!
2023-08-14 20:16:00		require(syntax.php) is deprecated. It was called from require() in /var/www/akdtu.dk/public_html/wiki/lib/plugins/anchor/syntax.php:4 Autoloading should be used instead!
2023-08-14 20:16:00		helper_plugin_sqlite::init() is deprecated. It was called from helper_plugin_davcal::getDB() in /var/www/akdtu.dk/public_html/wiki/lib/plugins/davcal/helper.php:37 dokuwiki\plugin\sqlite\SQLiteDB should be used instead!
2023-08-14 20:16:00		dbglog() is deprecated. It was called from auth_plugin_authwordpress::getUserData() in /var/www/akdtu.dk/public_html/wiki/lib/plugins/authwordpress/auth.php:202 \dokuwiki\Logger should be used instead!
2023-08-14 20:16:01		dbglog() is deprecated. It was called from helper_plugin_davcal::__construct() in /var/www/akdtu.dk/public_html/wiki/lib/plugins/davcal/helper.php:20 \dokuwiki\Logger should be used instead!
2023-08-14 20:16:01		require(syntax.php) is deprecated. It was called from require() in /var/www/akdtu.dk/public_html/wiki/lib/plugins/anchor/syntax.php:4 Autoloading should be used instead!
2023-08-14 20:16:01		helper_plugin_sqlite::init() is deprecated. It was called from helper_plugin_davcal::getDB() in /var/www/akdtu.dk/public_html/wiki/lib/plugins/davcal/helper.php:37 dokuwiki\plugin\sqlite\SQLiteDB should be used instead!
2023-08-14 20:16:01		dbglog() is deprecated. It was called from helper_plugin_davcal::__construct() in /var/www/akdtu.dk/public_html/wiki/lib/plugins/davcal/helper.php:20 \dokuwiki\Logger should be used instead!
2023-08-14 20:16:01		helper_plugin_sqlite::init() is deprecated. It was called from helper_plugin_davcal::getDB() in /var/www/akdtu.dk/public_html/wiki/lib/plugins/davcal/helper.php:37 dokuwiki\plugin\sqlite\SQLiteDB should be used instead!
2023-08-14 20:16:01		dbglog() is deprecated. It was called from helper_plugin_davcal::__construct() in /var/www/akdtu.dk/public_html/wiki/lib/plugins/davcal/helper.php:20 \dokuwiki\Logger should be used instead!
2023-08-14 20:16:01		dbglog() is deprecated. It was called from helper_plugin_davcal::__construct() in /var/www/akdtu.dk/public_html/wiki/lib/plugins/davcal/helper.php:20 \dokuwiki\Logger should be used instead!
2023-08-14 20:16:01		helper_plugin_sqlite::init() is deprecated. It was called from helper_plugin_davcal::getDB() in /var/www/akdtu.dk/public_html/wiki/lib/plugins/davcal/helper.php:37 dokuwiki\plugin\sqlite\SQLiteDB should be used instead!
2023-08-14 20:16:01		dbglog() is deprecated. It was called from helper_plugin_davcal::__construct() in /var/www/akdtu.dk/public_html/wiki/lib/plugins/davcal/helper.php:20 \dokuwiki\Logger should be used instead!
2023-08-14 20:16:12		dbglog() is deprecated. It was called from helper_plugin_davcal::__construct() in /var/www/akdtu.dk/public_html/wiki/lib/plugins/davcal/helper.php:20 \dokuwiki\Logger should be used instead!
2023-08-14 20:16:12		helper_plugin_sqlite::init() is deprecated. It was called from helper_plugin_davcal::getDB() in /var/www/akdtu.dk/public_html/wiki/lib/plugins/davcal/helper.php:37 dokuwiki\plugin\sqlite\SQLiteDB should be used instead!
2023-08-14 20:16:12		dbglog() is deprecated. It was called from helper_plugin_davcal::__construct() in /var/www/akdtu.dk/public_html/wiki/lib/plugins/davcal/helper.php:20 \dokuwiki\Logger should be used instead!
2023-08-14 20:16:12		dbglog() is deprecated. It was called from auth_plugin_authwordpress::getUserData() in /var/www/akdtu.dk/public_html/wiki/lib/plugins/authwordpress/auth.php:202 \dokuwiki\Logger should be used instead!
2023-08-14 20:16:12		dbglog() is deprecated. It was called from helper_plugin_davcal::__construct() in /var/www/akdtu.dk/public_html/wiki/lib/plugins/davcal/helper.php:20 \dokuwiki\Logger should be used instead!
2023-08-14 20:16:12		dbglog() is deprecated. It was called from helper_plugin_davcal::__construct() in /var/www/akdtu.dk/public_html/wiki/lib/plugins/davcal/helper.php:20 \dokuwiki\Logger should be used instead!
2023-08-14 20:16:12		helper_plugin_sqlite::init() is deprecated. It was called from helper_plugin_davcal::getDB() in /var/www/akdtu.dk/public_html/wiki/lib/plugins/davcal/helper.php:37 dokuwiki\plugin\sqlite\SQLiteDB should be used instead!
2023-08-14 20:16:12		dbglog() is deprecated. It was called from helper_plugin_davcal::__construct() in /var/www/akdtu.dk/public_html/wiki/lib/plugins/davcal/helper.php:20 \dokuwiki\Logger should be used instead!
2023-08-14 20:16:13		dbglog() is deprecated. It was called from helper_plugin_davcal::__construct() in /var/www/akdtu.dk/public_html/wiki/lib/plugins/davcal/helper.php:20 \dokuwiki\Logger should be used instead!
2023-08-14 20:16:13		helper_plugin_sqlite::init() is deprecated. It was called from helper_plugin_davcal::getDB() in /var/www/akdtu.dk/public_html/wiki/lib/plugins/davcal/helper.php:37 dokuwiki\plugin\sqlite\SQLiteDB should be used instead!
2023-08-14 20:16:13		dbglog() is deprecated. It was called from helper_plugin_davcal::__construct() in /var/www/akdtu.dk/public_html/wiki/lib/plugins/davcal/helper.php:20 \dokuwiki\Logger should be used instead!
2023-08-14 20:16:13		dbglog() is deprecated. It was called from helper_plugin_davcal::__construct() in /var/www/akdtu.dk/public_html/wiki/lib/plugins/davcal/helper.php:20 \dokuwiki\Logger should be used instead!
2023-08-14 20:16:35		dbglog() is deprecated. It was called from helper_plugin_davcal::__construct() in /var/www/akdtu.dk/public_html/wiki/lib/plugins/davcal/helper.php:20 \dokuwiki\Logger should be used instead!
2023-08-14 20:16:35		helper_plugin_sqlite::init() is deprecated. It was called from helper_plugin_davcal::getDB() in /var/www/akdtu.dk/public_html/wiki/lib/plugins/davcal/helper.php:37 dokuwiki\plugin\sqlite\SQLiteDB should be used instead!
2023-08-14 20:16:36		dbglog() is deprecated. It was called from helper_plugin_davcal::__construct() in /var/www/akdtu.dk/public_html/wiki/lib/plugins/davcal/helper.php:20 \dokuwiki\Logger should be used instead!
2023-08-14 20:16:36		helper_plugin_sqlite::init() is deprecated. It was called from helper_plugin_davcal::getDB() in /var/www/akdtu.dk/public_html/wiki/lib/plugins/davcal/helper.php:37 dokuwiki\plugin\sqlite\SQLiteDB should be used instead!
2023-08-14 20:16:36		dbglog() is deprecated. It was called from helper_plugin_davcal::__construct() in /var/www/akdtu.dk/public_html/wiki/lib/plugins/davcal/helper.php:20 \dokuwiki\Logger should be used instead!
2023-08-14 20:16:36		helper_plugin_sqlite::init() is deprecated. It was called from helper_plugin_davcal::getDB() in /var/www/akdtu.dk/public_html/wiki/lib/plugins/davcal/helper.php:37 dokuwiki\plugin\sqlite\SQLiteDB should be used instead!
2023-08-14 20:16:37		dbglog() is deprecated. It was called from helper_plugin_davcal::__construct() in /var/www/akdtu.dk/public_html/wiki/lib/plugins/davcal/helper.php:20 \dokuwiki\Logger should be used instead!
2023-08-14 20:16:37		helper_plugin_sqlite::init() is deprecated. It was called from helper_plugin_davcal::getDB() in /var/www/akdtu.dk/public_html/wiki/lib/plugins/davcal/helper.php:37 dokuwiki\plugin\sqlite\SQLiteDB should be used instead!
2023-08-14 20:16:37		dbglog() is deprecated. It was called from helper_plugin_davcal::__construct() in /var/www/akdtu.dk/public_html/wiki/lib/plugins/davcal/helper.php:20 \dokuwiki\Logger should be used instead!
2023-08-14 20:16:37		helper_plugin_sqlite::init() is deprecated. It was called from helper_plugin_davcal::getDB() in /var/www/akdtu.dk/public_html/wiki/lib/plugins/davcal/helper.php:37 dokuwiki\plugin\sqlite\SQLiteDB should be used instead!
2023-08-14 20:16:37		dbglog() is deprecated. It was called from helper_plugin_davcal::__construct() in /var/www/akdtu.dk/public_html/wiki/lib/plugins/davcal/helper.php:20 \dokuwiki\Logger should be used instead!
2023-08-14 20:16:37		helper_plugin_sqlite::init() is deprecated. It was called from helper_plugin_davcal::getDB() in /var/www/akdtu.dk/public_html/wiki/lib/plugins/davcal/helper.php:37 dokuwiki\plugin\sqlite\SQLiteDB should be used instead!
2023-08-14 20:16:40		dbglog() is deprecated. It was called from helper_plugin_davcal::__construct() in /var/www/akdtu.dk/public_html/wiki/lib/plugins/davcal/helper.php:20 \dokuwiki\Logger should be used instead!
2023-08-14 20:16:40		helper_plugin_sqlite::init() is deprecated. It was called from helper_plugin_davcal::getDB() in /var/www/akdtu.dk/public_html/wiki/lib/plugins/davcal/helper.php:37 dokuwiki\plugin\sqlite\SQLiteDB should be used instead!
2023-08-14 20:16:42		dbglog() is deprecated. It was called from helper_plugin_davcal::__construct() in /var/www/akdtu.dk/public_html/wiki/lib/plugins/davcal/helper.php:20 \dokuwiki\Logger should be used instead!
2023-08-14 20:16:42		helper_plugin_sqlite::init() is deprecated. It was called from helper_plugin_davcal::getDB() in /var/www/akdtu.dk/public_html/wiki/lib/plugins/davcal/helper.php:37 dokuwiki\plugin\sqlite\SQLiteDB should be used instead!
2023-08-14 20:16:43		dbglog() is deprecated. It was called from helper_plugin_davcal::__construct() in /var/www/akdtu.dk/public_html/wiki/lib/plugins/davcal/helper.php:20 \dokuwiki\Logger should be used instead!
2023-08-14 20:16:43		helper_plugin_sqlite::init() is deprecated. It was called from helper_plugin_davcal::getDB() in /var/www/akdtu.dk/public_html/wiki/lib/plugins/davcal/helper.php:37 dokuwiki\plugin\sqlite\SQLiteDB should be used instead!
2023-08-14 20:30:35		dbglog() is deprecated. It was called from helper_plugin_davcal::__construct() in /var/www/akdtu.dk/public_html/wiki/lib/plugins/davcal/helper.php:20 \dokuwiki\Logger should be used instead!
2023-08-14 20:30:35		dbglog() is deprecated. It was called from auth_plugin_authwordpress::getUserData() in /var/www/akdtu.dk/public_html/wiki/lib/plugins/authwordpress/auth.php:202 \dokuwiki\Logger should be used instead!
2023-08-14 20:30:35		dbglog() is deprecated. It was called from auth_plugin_authwordpress::checkPass() in /var/www/akdtu.dk/public_html/wiki/lib/plugins/authwordpress/auth.php:125 \dokuwiki\Logger should be used instead!
2023-08-14 20:30:35		dbglog() is deprecated. It was called from auth_plugin_authwordpress::getUserData() in /var/www/akdtu.dk/public_html/wiki/lib/plugins/authwordpress/auth.php:202 \dokuwiki\Logger should be used instead!
2023-08-14 20:30:35		dbglog() is deprecated. It was called from auth_plugin_authwordpress::getUserData() in /var/www/akdtu.dk/public_html/wiki/lib/plugins/authwordpress/auth.php:202 \dokuwiki\Logger should be used instead!
2023-08-14 20:30:35		dbglog() is deprecated. It was called from helper_plugin_davcal::__construct() in /var/www/akdtu.dk/public_html/wiki/lib/plugins/davcal/helper.php:20 \dokuwiki\Logger should be used instead!
2023-08-14 20:30:35		dbglog() is deprecated. It was called from helper_plugin_davcal::__construct() in /var/www/akdtu.dk/public_html/wiki/lib/plugins/davcal/helper.php:20 \dokuwiki\Logger should be used instead!
2023-08-14 20:30:36		dbglog() is deprecated. It was called from helper_plugin_davcal::__construct() in /var/www/akdtu.dk/public_html/wiki/lib/plugins/davcal/helper.php:20 \dokuwiki\Logger should be used instead!
2023-08-14 20:30:36		dbglog() is deprecated. It was called from helper_plugin_davcal::__construct() in /var/www/akdtu.dk/public_html/wiki/lib/plugins/davcal/helper.php:20 \dokuwiki\Logger should be used instead!
2023-08-14 20:30:37		dbglog() is deprecated. It was called from helper_plugin_davcal::__construct() in /var/www/akdtu.dk/public_html/wiki/lib/plugins/davcal/helper.php:20 \dokuwiki\Logger should be used instead!
2023-08-14 20:30:37		helper_plugin_sqlite::init() is deprecated. It was called from helper_plugin_davcal::getDB() in /var/www/akdtu.dk/public_html/wiki/lib/plugins/davcal/helper.php:37 dokuwiki\plugin\sqlite\SQLiteDB should be used instead!
2023-08-14 20:30:37		dbglog() is deprecated. It was called from helper_plugin_davcal::__construct() in /var/www/akdtu.dk/public_html/wiki/lib/plugins/davcal/helper.php:20 \dokuwiki\Logger should be used instead!
2023-08-14 20:30:37		helper_plugin_sqlite::init() is deprecated. It was called from helper_plugin_davcal::getDB() in /var/www/akdtu.dk/public_html/wiki/lib/plugins/davcal/helper.php:37 dokuwiki\plugin\sqlite\SQLiteDB should be used instead!
2023-08-14 20:30:38		dbglog() is deprecated. It was called from helper_plugin_davcal::__construct() in /var/www/akdtu.dk/public_html/wiki/lib/plugins/davcal/helper.php:20 \dokuwiki\Logger should be used instead!
2023-08-14 20:30:38		dbglog() is deprecated. It was called from helper_plugin_davcal::__construct() in /var/www/akdtu.dk/public_html/wiki/lib/plugins/davcal/helper.php:20 \dokuwiki\Logger should be used instead!
2023-08-14 20:30:45		dbglog() is deprecated. It was called from helper_plugin_davcal::__construct() in /var/www/akdtu.dk/public_html/wiki/lib/plugins/davcal/helper.php:20 \dokuwiki\Logger should be used instead!
2023-08-14 20:30:45		dbglog() is deprecated. It was called from auth_plugin_authwordpress::getUserData() in /var/www/akdtu.dk/public_html/wiki/lib/plugins/authwordpress/auth.php:202 \dokuwiki\Logger should be used instead!
2023-08-14 20:30:45		dbglog() is deprecated. It was called from helper_plugin_davcal::__construct() in /var/www/akdtu.dk/public_html/wiki/lib/plugins/davcal/helper.php:20 \dokuwiki\Logger should be used instead!
2023-08-14 20:30:46		dbglog() is deprecated. It was called from helper_plugin_davcal::__construct() in /var/www/akdtu.dk/public_html/wiki/lib/plugins/davcal/helper.php:20 \dokuwiki\Logger should be used instead!
2023-08-14 20:30:46		dbglog() is deprecated. It was called from helper_plugin_davcal::__construct() in /var/www/akdtu.dk/public_html/wiki/lib/plugins/davcal/helper.php:20 \dokuwiki\Logger should be used instead!
2023-08-14 20:30:51		dbglog() is deprecated. It was called from helper_plugin_davcal::__construct() in /var/www/akdtu.dk/public_html/wiki/lib/plugins/davcal/helper.php:20 \dokuwiki\Logger should be used instead!
2023-08-14 20:30:51		dbglog() is deprecated. It was called from auth_plugin_authwordpress::getUserData() in /var/www/akdtu.dk/public_html/wiki/lib/plugins/authwordpress/auth.php:202 \dokuwiki\Logger should be used instead!
2023-08-14 20:30:52		dbglog() is deprecated. It was called from helper_plugin_davcal::__construct() in /var/www/akdtu.dk/public_html/wiki/lib/plugins/davcal/helper.php:20 \dokuwiki\Logger should be used instead!
2023-08-14 20:30:52		dbglog() is deprecated. It was called from helper_plugin_davcal::__construct() in /var/www/akdtu.dk/public_html/wiki/lib/plugins/davcal/helper.php:20 \dokuwiki\Logger should be used instead!
2023-08-14 20:30:52		helper_plugin_sqlite::init() is deprecated. It was called from helper_plugin_davcal::getDB() in /var/www/akdtu.dk/public_html/wiki/lib/plugins/davcal/helper.php:37 dokuwiki\plugin\sqlite\SQLiteDB should be used instead!
2023-08-14 20:30:52		dbglog() is deprecated. It was called from helper_plugin_davcal::__construct() in /var/www/akdtu.dk/public_html/wiki/lib/plugins/davcal/helper.php:20 \dokuwiki\Logger should be used instead!
2023-08-14 20:30:52		helper_plugin_sqlite::init() is deprecated. It was called from helper_plugin_davcal::getDB() in /var/www/akdtu.dk/public_html/wiki/lib/plugins/davcal/helper.php:37 dokuwiki\plugin\sqlite\SQLiteDB should be used instead!
2023-08-14 20:30:52		dbglog() is deprecated. It was called from helper_plugin_davcal::__construct() in /var/www/akdtu.dk/public_html/wiki/lib/plugins/davcal/helper.php:20 \dokuwiki\Logger should be used instead!
2023-08-14 20:30:53		dbglog() is deprecated. It was called from helper_plugin_davcal::__construct() in /var/www/akdtu.dk/public_html/wiki/lib/plugins/davcal/helper.php:20 \dokuwiki\Logger should be used instead!
