2023-12-18 13:44:36		dbglog() is deprecated. It was called from helper_plugin_davcal::__construct() in /var/www/akdtu.dk/public_html/wiki/lib/plugins/davcal/helper.php:20 \dokuwiki\Logger should be used instead!
2023-12-18 13:44:36		dbglog() is deprecated. It was called from helper_plugin_davcal::__construct() in /var/www/akdtu.dk/public_html/wiki/lib/plugins/davcal/helper.php:20 \dokuwiki\Logger should be used instead!
2023-12-18 13:44:36		dbglog() is deprecated. It was called from helper_plugin_davcal::__construct() in /var/www/akdtu.dk/public_html/wiki/lib/plugins/davcal/helper.php:20 \dokuwiki\Logger should be used instead!
2023-12-18 13:44:37		dbglog() is deprecated. It was called from helper_plugin_davcal::__construct() in /var/www/akdtu.dk/public_html/wiki/lib/plugins/davcal/helper.php:20 \dokuwiki\Logger should be used instead!
2023-12-18 13:44:37		dbglog() is deprecated. It was called from helper_plugin_davcal::__construct() in /var/www/akdtu.dk/public_html/wiki/lib/plugins/davcal/helper.php:20 \dokuwiki\Logger should be used instead!
2023-12-18 13:44:37		dbglog() is deprecated. It was called from helper_plugin_davcal::__construct() in /var/www/akdtu.dk/public_html/wiki/lib/plugins/davcal/helper.php:20 \dokuwiki\Logger should be used instead!
2023-12-18 13:44:37		dbglog() is deprecated. It was called from helper_plugin_davcal::__construct() in /var/www/akdtu.dk/public_html/wiki/lib/plugins/davcal/helper.php:20 \dokuwiki\Logger should be used instead!
2023-12-18 13:44:37		dbglog() is deprecated. It was called from helper_plugin_davcal::__construct() in /var/www/akdtu.dk/public_html/wiki/lib/plugins/davcal/helper.php:20 \dokuwiki\Logger should be used instead!
2023-12-18 13:44:38		dbglog() is deprecated. It was called from helper_plugin_davcal::__construct() in /var/www/akdtu.dk/public_html/wiki/lib/plugins/davcal/helper.php:20 \dokuwiki\Logger should be used instead!
2023-12-18 13:44:38		dbglog() is deprecated. It was called from helper_plugin_davcal::__construct() in /var/www/akdtu.dk/public_html/wiki/lib/plugins/davcal/helper.php:20 \dokuwiki\Logger should be used instead!
2023-12-18 13:44:38		dbglog() is deprecated. It was called from helper_plugin_davcal::__construct() in /var/www/akdtu.dk/public_html/wiki/lib/plugins/davcal/helper.php:20 \dokuwiki\Logger should be used instead!
2023-12-18 13:44:38		dbglog() is deprecated. It was called from helper_plugin_davcal::__construct() in /var/www/akdtu.dk/public_html/wiki/lib/plugins/davcal/helper.php:20 \dokuwiki\Logger should be used instead!
2023-12-18 13:44:38		dbglog() is deprecated. It was called from helper_plugin_davcal::__construct() in /var/www/akdtu.dk/public_html/wiki/lib/plugins/davcal/helper.php:20 \dokuwiki\Logger should be used instead!
2023-12-18 13:44:38		dbglog() is deprecated. It was called from helper_plugin_davcal::__construct() in /var/www/akdtu.dk/public_html/wiki/lib/plugins/davcal/helper.php:20 \dokuwiki\Logger should be used instead!
2023-12-18 13:44:38		dbglog() is deprecated. It was called from helper_plugin_davcal::__construct() in /var/www/akdtu.dk/public_html/wiki/lib/plugins/davcal/helper.php:20 \dokuwiki\Logger should be used instead!
2023-12-18 13:44:38		dbglog() is deprecated. It was called from helper_plugin_davcal::__construct() in /var/www/akdtu.dk/public_html/wiki/lib/plugins/davcal/helper.php:20 \dokuwiki\Logger should be used instead!
2023-12-18 13:44:38		dbglog() is deprecated. It was called from helper_plugin_davcal::__construct() in /var/www/akdtu.dk/public_html/wiki/lib/plugins/davcal/helper.php:20 \dokuwiki\Logger should be used instead!
2023-12-18 13:44:43		dbglog() is deprecated. It was called from helper_plugin_davcal::__construct() in /var/www/akdtu.dk/public_html/wiki/lib/plugins/davcal/helper.php:20 \dokuwiki\Logger should be used instead!
2023-12-18 13:44:43		require(syntax.php) is deprecated. It was called from require() in /var/www/akdtu.dk/public_html/wiki/lib/plugins/akdtu/syntax.php:12 Autoloading should be used instead!
2023-12-18 13:44:43		dbglog() is deprecated. It was called from helper_plugin_davcal::__construct() in /var/www/akdtu.dk/public_html/wiki/lib/plugins/davcal/helper.php:20 \dokuwiki\Logger should be used instead!
2023-12-18 13:44:43		dbglog() is deprecated. It was called from helper_plugin_davcal::__construct() in /var/www/akdtu.dk/public_html/wiki/lib/plugins/davcal/helper.php:20 \dokuwiki\Logger should be used instead!
2023-12-18 13:44:43		dbglog() is deprecated. It was called from helper_plugin_davcal::__construct() in /var/www/akdtu.dk/public_html/wiki/lib/plugins/davcal/helper.php:20 \dokuwiki\Logger should be used instead!
2023-12-18 13:44:54		dbglog() is deprecated. It was called from helper_plugin_davcal::__construct() in /var/www/akdtu.dk/public_html/wiki/lib/plugins/davcal/helper.php:20 \dokuwiki\Logger should be used instead!
2023-12-18 13:44:54		dbglog() is deprecated. It was called from helper_plugin_davcal::__construct() in /var/www/akdtu.dk/public_html/wiki/lib/plugins/davcal/helper.php:20 \dokuwiki\Logger should be used instead!
2023-12-18 13:44:55		dbglog() is deprecated. It was called from helper_plugin_davcal::__construct() in /var/www/akdtu.dk/public_html/wiki/lib/plugins/davcal/helper.php:20 \dokuwiki\Logger should be used instead!
2023-12-18 13:44:55		dbglog() is deprecated. It was called from helper_plugin_davcal::__construct() in /var/www/akdtu.dk/public_html/wiki/lib/plugins/davcal/helper.php:20 \dokuwiki\Logger should be used instead!
2023-12-18 13:46:08		dbglog() is deprecated. It was called from helper_plugin_davcal::__construct() in /var/www/akdtu.dk/public_html/wiki/lib/plugins/davcal/helper.php:20 \dokuwiki\Logger should be used instead!
2023-12-18 13:46:08		dbglog() is deprecated. It was called from helper_plugin_davcal::__construct() in /var/www/akdtu.dk/public_html/wiki/lib/plugins/davcal/helper.php:20 \dokuwiki\Logger should be used instead!
2023-12-18 13:46:08		dbglog() is deprecated. It was called from helper_plugin_davcal::__construct() in /var/www/akdtu.dk/public_html/wiki/lib/plugins/davcal/helper.php:20 \dokuwiki\Logger should be used instead!
2023-12-18 13:46:08		dbglog() is deprecated. It was called from helper_plugin_davcal::__construct() in /var/www/akdtu.dk/public_html/wiki/lib/plugins/davcal/helper.php:20 \dokuwiki\Logger should be used instead!
2023-12-18 13:46:22		dbglog() is deprecated. It was called from helper_plugin_davcal::__construct() in /var/www/akdtu.dk/public_html/wiki/lib/plugins/davcal/helper.php:20 \dokuwiki\Logger should be used instead!
2023-12-18 13:46:22		helper_plugin_sqlite::init() is deprecated. It was called from helper_plugin_davcal::getDB() in /var/www/akdtu.dk/public_html/wiki/lib/plugins/davcal/helper.php:37 dokuwiki\plugin\sqlite\SQLiteDB should be used instead!
2023-12-18 13:46:22		dbglog() is deprecated. It was called from helper_plugin_davcal::__construct() in /var/www/akdtu.dk/public_html/wiki/lib/plugins/davcal/helper.php:20 \dokuwiki\Logger should be used instead!
2023-12-18 13:46:22		require(syntax.php) is deprecated. It was called from require() in /var/www/akdtu.dk/public_html/wiki/lib/plugins/akdtu/syntax.php:12 Autoloading should be used instead!
2023-12-18 13:46:23		dbglog() is deprecated. It was called from helper_plugin_davcal::__construct() in /var/www/akdtu.dk/public_html/wiki/lib/plugins/davcal/helper.php:20 \dokuwiki\Logger should be used instead!
2023-12-18 13:46:23		dbglog() is deprecated. It was called from helper_plugin_davcal::__construct() in /var/www/akdtu.dk/public_html/wiki/lib/plugins/davcal/helper.php:20 \dokuwiki\Logger should be used instead!
2023-12-18 13:46:23		dbglog() is deprecated. It was called from helper_plugin_davcal::__construct() in /var/www/akdtu.dk/public_html/wiki/lib/plugins/davcal/helper.php:20 \dokuwiki\Logger should be used instead!
2023-12-18 13:46:25		dbglog() is deprecated. It was called from helper_plugin_davcal::__construct() in /var/www/akdtu.dk/public_html/wiki/lib/plugins/davcal/helper.php:20 \dokuwiki\Logger should be used instead!
2023-12-18 13:46:25		dbglog() is deprecated. It was called from helper_plugin_davcal::__construct() in /var/www/akdtu.dk/public_html/wiki/lib/plugins/davcal/helper.php:20 \dokuwiki\Logger should be used instead!
2023-12-18 13:46:27		dbglog() is deprecated. It was called from helper_plugin_davcal::__construct() in /var/www/akdtu.dk/public_html/wiki/lib/plugins/davcal/helper.php:20 \dokuwiki\Logger should be used instead!
2023-12-18 13:46:27		dbglog() is deprecated. It was called from helper_plugin_davcal::__construct() in /var/www/akdtu.dk/public_html/wiki/lib/plugins/davcal/helper.php:20 \dokuwiki\Logger should be used instead!
2023-12-18 13:51:38		dbglog() is deprecated. It was called from helper_plugin_davcal::__construct() in /var/www/akdtu.dk/public_html/wiki/lib/plugins/davcal/helper.php:20 \dokuwiki\Logger should be used instead!
2023-12-18 13:51:39		dbglog() is deprecated. It was called from helper_plugin_davcal::__construct() in /var/www/akdtu.dk/public_html/wiki/lib/plugins/davcal/helper.php:20 \dokuwiki\Logger should be used instead!
2023-12-18 13:51:39		dbglog() is deprecated. It was called from helper_plugin_davcal::__construct() in /var/www/akdtu.dk/public_html/wiki/lib/plugins/davcal/helper.php:20 \dokuwiki\Logger should be used instead!
2023-12-18 13:51:39		dbglog() is deprecated. It was called from helper_plugin_davcal::__construct() in /var/www/akdtu.dk/public_html/wiki/lib/plugins/davcal/helper.php:20 \dokuwiki\Logger should be used instead!
2023-12-18 13:51:43		dbglog() is deprecated. It was called from helper_plugin_davcal::__construct() in /var/www/akdtu.dk/public_html/wiki/lib/plugins/davcal/helper.php:20 \dokuwiki\Logger should be used instead!
2023-12-18 13:51:43		helper_plugin_sqlite::init() is deprecated. It was called from helper_plugin_davcal::getDB() in /var/www/akdtu.dk/public_html/wiki/lib/plugins/davcal/helper.php:37 dokuwiki\plugin\sqlite\SQLiteDB should be used instead!
2023-12-18 13:51:43		dbglog() is deprecated. It was called from helper_plugin_davcal::__construct() in /var/www/akdtu.dk/public_html/wiki/lib/plugins/davcal/helper.php:20 \dokuwiki\Logger should be used instead!
2023-12-18 13:51:43		require(syntax.php) is deprecated. It was called from require() in /var/www/akdtu.dk/public_html/wiki/lib/plugins/akdtu/syntax.php:12 Autoloading should be used instead!
2023-12-18 13:51:43		dbglog() is deprecated. It was called from helper_plugin_davcal::__construct() in /var/www/akdtu.dk/public_html/wiki/lib/plugins/davcal/helper.php:20 \dokuwiki\Logger should be used instead!
2023-12-18 13:51:43		require(syntax.php) is deprecated. It was called from require() in /var/www/akdtu.dk/public_html/wiki/lib/plugins/akdtu/syntax.php:12 Autoloading should be used instead!
2023-12-18 13:51:43		dbglog() is deprecated. It was called from helper_plugin_davcal::__construct() in /var/www/akdtu.dk/public_html/wiki/lib/plugins/davcal/helper.php:20 \dokuwiki\Logger should be used instead!
2023-12-18 13:51:43		dbglog() is deprecated. It was called from helper_plugin_davcal::__construct() in /var/www/akdtu.dk/public_html/wiki/lib/plugins/davcal/helper.php:20 \dokuwiki\Logger should be used instead!
2023-12-18 13:54:38		dbglog() is deprecated. It was called from helper_plugin_davcal::__construct() in /var/www/akdtu.dk/public_html/wiki/lib/plugins/davcal/helper.php:20 \dokuwiki\Logger should be used instead!
2023-12-18 13:54:38		require(syntax.php) is deprecated. It was called from require() in /var/www/akdtu.dk/public_html/wiki/lib/plugins/akdtu/syntax.php:12 Autoloading should be used instead!
2023-12-18 13:54:38		dbglog() is deprecated. It was called from helper_plugin_davcal::__construct() in /var/www/akdtu.dk/public_html/wiki/lib/plugins/davcal/helper.php:20 \dokuwiki\Logger should be used instead!
2023-12-18 13:54:39		dbglog() is deprecated. It was called from helper_plugin_davcal::__construct() in /var/www/akdtu.dk/public_html/wiki/lib/plugins/davcal/helper.php:20 \dokuwiki\Logger should be used instead!
2023-12-18 13:54:39		dbglog() is deprecated. It was called from helper_plugin_davcal::__construct() in /var/www/akdtu.dk/public_html/wiki/lib/plugins/davcal/helper.php:20 \dokuwiki\Logger should be used instead!
2023-12-18 13:54:50		dbglog() is deprecated. It was called from helper_plugin_davcal::__construct() in /var/www/akdtu.dk/public_html/wiki/lib/plugins/davcal/helper.php:20 \dokuwiki\Logger should be used instead!
2023-12-18 13:54:50		helper_plugin_sqlite::init() is deprecated. It was called from helper_plugin_davcal::getDB() in /var/www/akdtu.dk/public_html/wiki/lib/plugins/davcal/helper.php:37 dokuwiki\plugin\sqlite\SQLiteDB should be used instead!
2023-12-18 13:54:50		dbglog() is deprecated. It was called from helper_plugin_davcal::__construct() in /var/www/akdtu.dk/public_html/wiki/lib/plugins/davcal/helper.php:20 \dokuwiki\Logger should be used instead!
2023-12-18 13:54:50		require(syntax.php) is deprecated. It was called from require() in /var/www/akdtu.dk/public_html/wiki/lib/plugins/akdtu/syntax.php:12 Autoloading should be used instead!
2023-12-18 13:54:50		dbglog() is deprecated. It was called from helper_plugin_davcal::__construct() in /var/www/akdtu.dk/public_html/wiki/lib/plugins/davcal/helper.php:20 \dokuwiki\Logger should be used instead!
2023-12-18 13:54:50		require(syntax.php) is deprecated. It was called from require() in /var/www/akdtu.dk/public_html/wiki/lib/plugins/akdtu/syntax.php:12 Autoloading should be used instead!
2023-12-18 13:54:51		dbglog() is deprecated. It was called from helper_plugin_davcal::__construct() in /var/www/akdtu.dk/public_html/wiki/lib/plugins/davcal/helper.php:20 \dokuwiki\Logger should be used instead!
2023-12-18 13:54:51		dbglog() is deprecated. It was called from helper_plugin_davcal::__construct() in /var/www/akdtu.dk/public_html/wiki/lib/plugins/davcal/helper.php:20 \dokuwiki\Logger should be used instead!
2023-12-18 13:56:44		dbglog() is deprecated. It was called from helper_plugin_davcal::__construct() in /var/www/akdtu.dk/public_html/wiki/lib/plugins/davcal/helper.php:20 \dokuwiki\Logger should be used instead!
2023-12-18 13:56:44		require(syntax.php) is deprecated. It was called from require() in /var/www/akdtu.dk/public_html/wiki/lib/plugins/akdtu/syntax.php:12 Autoloading should be used instead!
2023-12-18 13:56:44		dbglog() is deprecated. It was called from helper_plugin_davcal::__construct() in /var/www/akdtu.dk/public_html/wiki/lib/plugins/davcal/helper.php:20 \dokuwiki\Logger should be used instead!
2023-12-18 13:56:45		dbglog() is deprecated. It was called from helper_plugin_davcal::__construct() in /var/www/akdtu.dk/public_html/wiki/lib/plugins/davcal/helper.php:20 \dokuwiki\Logger should be used instead!
2023-12-18 13:56:45		dbglog() is deprecated. It was called from helper_plugin_davcal::__construct() in /var/www/akdtu.dk/public_html/wiki/lib/plugins/davcal/helper.php:20 \dokuwiki\Logger should be used instead!
2023-12-18 13:57:22		dbglog() is deprecated. It was called from helper_plugin_davcal::__construct() in /var/www/akdtu.dk/public_html/wiki/lib/plugins/davcal/helper.php:20 \dokuwiki\Logger should be used instead!
2023-12-18 13:57:52		dbglog() is deprecated. It was called from helper_plugin_davcal::__construct() in /var/www/akdtu.dk/public_html/wiki/lib/plugins/davcal/helper.php:20 \dokuwiki\Logger should be used instead!
2023-12-18 13:58:22		dbglog() is deprecated. It was called from helper_plugin_davcal::__construct() in /var/www/akdtu.dk/public_html/wiki/lib/plugins/davcal/helper.php:20 \dokuwiki\Logger should be used instead!
2023-12-18 13:58:52		dbglog() is deprecated. It was called from helper_plugin_davcal::__construct() in /var/www/akdtu.dk/public_html/wiki/lib/plugins/davcal/helper.php:20 \dokuwiki\Logger should be used instead!
2023-12-18 13:59:35		dbglog() is deprecated. It was called from helper_plugin_davcal::__construct() in /var/www/akdtu.dk/public_html/wiki/lib/plugins/davcal/helper.php:20 \dokuwiki\Logger should be used instead!
2023-12-18 14:00:07		dbglog() is deprecated. It was called from helper_plugin_davcal::__construct() in /var/www/akdtu.dk/public_html/wiki/lib/plugins/davcal/helper.php:20 \dokuwiki\Logger should be used instead!
2023-12-18 14:00:07		dbglog() is deprecated. It was called from auth_plugin_authwordpress::logDebug() in /var/www/akdtu.dk/public_html/wiki/lib/plugins/authwordpress/auth.php:381 \dokuwiki\Logger should be used instead!
2023-12-18 14:00:07		dbglog() is deprecated. It was called from auth_plugin_authwordpress::logDebug() in /var/www/akdtu.dk/public_html/wiki/lib/plugins/authwordpress/auth.php:381 \dokuwiki\Logger should be used instead!
2023-12-18 14:00:07		dbglog() is deprecated. It was called from auth_plugin_authwordpress::logDebug() in /var/www/akdtu.dk/public_html/wiki/lib/plugins/authwordpress/auth.php:381 \dokuwiki\Logger should be used instead!
2023-12-18 14:00:37		dbglog() is deprecated. It was called from helper_plugin_davcal::__construct() in /var/www/akdtu.dk/public_html/wiki/lib/plugins/davcal/helper.php:20 \dokuwiki\Logger should be used instead!
2023-12-18 14:01:08		dbglog() is deprecated. It was called from helper_plugin_davcal::__construct() in /var/www/akdtu.dk/public_html/wiki/lib/plugins/davcal/helper.php:20 \dokuwiki\Logger should be used instead!
2023-12-18 14:01:39		dbglog() is deprecated. It was called from helper_plugin_davcal::__construct() in /var/www/akdtu.dk/public_html/wiki/lib/plugins/davcal/helper.php:20 \dokuwiki\Logger should be used instead!
2023-12-18 14:02:10		dbglog() is deprecated. It was called from helper_plugin_davcal::__construct() in /var/www/akdtu.dk/public_html/wiki/lib/plugins/davcal/helper.php:20 \dokuwiki\Logger should be used instead!
2023-12-18 14:02:39		dbglog() is deprecated. It was called from helper_plugin_davcal::__construct() in /var/www/akdtu.dk/public_html/wiki/lib/plugins/davcal/helper.php:20 \dokuwiki\Logger should be used instead!
2023-12-18 14:03:10		dbglog() is deprecated. It was called from helper_plugin_davcal::__construct() in /var/www/akdtu.dk/public_html/wiki/lib/plugins/davcal/helper.php:20 \dokuwiki\Logger should be used instead!
2023-12-18 14:03:44		dbglog() is deprecated. It was called from helper_plugin_davcal::__construct() in /var/www/akdtu.dk/public_html/wiki/lib/plugins/davcal/helper.php:20 \dokuwiki\Logger should be used instead!
2023-12-18 14:04:29		dbglog() is deprecated. It was called from helper_plugin_davcal::__construct() in /var/www/akdtu.dk/public_html/wiki/lib/plugins/davcal/helper.php:20 \dokuwiki\Logger should be used instead!
2023-12-18 14:05:02		dbglog() is deprecated. It was called from helper_plugin_davcal::__construct() in /var/www/akdtu.dk/public_html/wiki/lib/plugins/davcal/helper.php:20 \dokuwiki\Logger should be used instead!
2023-12-18 14:05:33		dbglog() is deprecated. It was called from helper_plugin_davcal::__construct() in /var/www/akdtu.dk/public_html/wiki/lib/plugins/davcal/helper.php:20 \dokuwiki\Logger should be used instead!
2023-12-18 14:06:04		dbglog() is deprecated. It was called from helper_plugin_davcal::__construct() in /var/www/akdtu.dk/public_html/wiki/lib/plugins/davcal/helper.php:20 \dokuwiki\Logger should be used instead!
2023-12-18 14:06:34		dbglog() is deprecated. It was called from helper_plugin_davcal::__construct() in /var/www/akdtu.dk/public_html/wiki/lib/plugins/davcal/helper.php:20 \dokuwiki\Logger should be used instead!
2023-12-18 14:07:11		dbglog() is deprecated. It was called from helper_plugin_davcal::__construct() in /var/www/akdtu.dk/public_html/wiki/lib/plugins/davcal/helper.php:20 \dokuwiki\Logger should be used instead!
2023-12-18 14:07:26		dbglog() is deprecated. It was called from helper_plugin_davcal::__construct() in /var/www/akdtu.dk/public_html/wiki/lib/plugins/davcal/helper.php:20 \dokuwiki\Logger should be used instead!
2023-12-18 14:07:26		require(syntax.php) is deprecated. It was called from require() in /var/www/akdtu.dk/public_html/wiki/lib/plugins/akdtu/syntax.php:12 Autoloading should be used instead!
2023-12-18 14:07:26		dbglog() is deprecated. It was called from helper_plugin_davcal::__construct() in /var/www/akdtu.dk/public_html/wiki/lib/plugins/davcal/helper.php:20 \dokuwiki\Logger should be used instead!
2023-12-18 14:07:26		dbglog() is deprecated. It was called from helper_plugin_davcal::__construct() in /var/www/akdtu.dk/public_html/wiki/lib/plugins/davcal/helper.php:20 \dokuwiki\Logger should be used instead!
2023-12-18 14:07:26		dbglog() is deprecated. It was called from helper_plugin_davcal::__construct() in /var/www/akdtu.dk/public_html/wiki/lib/plugins/davcal/helper.php:20 \dokuwiki\Logger should be used instead!
2023-12-18 14:07:26		dbglog() is deprecated. It was called from helper_plugin_davcal::__construct() in /var/www/akdtu.dk/public_html/wiki/lib/plugins/davcal/helper.php:20 \dokuwiki\Logger should be used instead!
2023-12-18 14:07:27		dbglog() is deprecated. It was called from helper_plugin_davcal::__construct() in /var/www/akdtu.dk/public_html/wiki/lib/plugins/davcal/helper.php:20 \dokuwiki\Logger should be used instead!
2023-12-18 14:07:27		dbglog() is deprecated. It was called from helper_plugin_davcal::__construct() in /var/www/akdtu.dk/public_html/wiki/lib/plugins/davcal/helper.php:20 \dokuwiki\Logger should be used instead!
2023-12-18 14:08:12		dbglog() is deprecated. It was called from helper_plugin_davcal::__construct() in /var/www/akdtu.dk/public_html/wiki/lib/plugins/davcal/helper.php:20 \dokuwiki\Logger should be used instead!
2023-12-18 14:08:44		dbglog() is deprecated. It was called from helper_plugin_davcal::__construct() in /var/www/akdtu.dk/public_html/wiki/lib/plugins/davcal/helper.php:20 \dokuwiki\Logger should be used instead!
2023-12-18 14:09:16		dbglog() is deprecated. It was called from helper_plugin_davcal::__construct() in /var/www/akdtu.dk/public_html/wiki/lib/plugins/davcal/helper.php:20 \dokuwiki\Logger should be used instead!
2023-12-18 14:09:16		require(syntax.php) is deprecated. It was called from require() in /var/www/akdtu.dk/public_html/wiki/lib/plugins/akdtu/syntax.php:12 Autoloading should be used instead!
2023-12-18 14:09:17		dbglog() is deprecated. It was called from helper_plugin_davcal::__construct() in /var/www/akdtu.dk/public_html/wiki/lib/plugins/davcal/helper.php:20 \dokuwiki\Logger should be used instead!
2023-12-18 14:09:17		dbglog() is deprecated. It was called from helper_plugin_davcal::__construct() in /var/www/akdtu.dk/public_html/wiki/lib/plugins/davcal/helper.php:20 \dokuwiki\Logger should be used instead!
2023-12-18 14:09:17		dbglog() is deprecated. It was called from helper_plugin_davcal::__construct() in /var/www/akdtu.dk/public_html/wiki/lib/plugins/davcal/helper.php:20 \dokuwiki\Logger should be used instead!
2023-12-18 14:09:17		dbglog() is deprecated. It was called from helper_plugin_davcal::__construct() in /var/www/akdtu.dk/public_html/wiki/lib/plugins/davcal/helper.php:20 \dokuwiki\Logger should be used instead!
2023-12-18 14:09:17		dbglog() is deprecated. It was called from helper_plugin_davcal::__construct() in /var/www/akdtu.dk/public_html/wiki/lib/plugins/davcal/helper.php:20 \dokuwiki\Logger should be used instead!
2023-12-18 14:09:17		dbglog() is deprecated. It was called from helper_plugin_davcal::__construct() in /var/www/akdtu.dk/public_html/wiki/lib/plugins/davcal/helper.php:20 \dokuwiki\Logger should be used instead!
2023-12-18 14:09:17		dbglog() is deprecated. It was called from helper_plugin_davcal::__construct() in /var/www/akdtu.dk/public_html/wiki/lib/plugins/davcal/helper.php:20 \dokuwiki\Logger should be used instead!
2023-12-18 14:10:04		dbglog() is deprecated. It was called from helper_plugin_davcal::__construct() in /var/www/akdtu.dk/public_html/wiki/lib/plugins/davcal/helper.php:20 \dokuwiki\Logger should be used instead!
2023-12-18 14:10:41		dbglog() is deprecated. It was called from helper_plugin_davcal::__construct() in /var/www/akdtu.dk/public_html/wiki/lib/plugins/davcal/helper.php:20 \dokuwiki\Logger should be used instead!
2023-12-18 14:11:20		dbglog() is deprecated. It was called from helper_plugin_davcal::__construct() in /var/www/akdtu.dk/public_html/wiki/lib/plugins/davcal/helper.php:20 \dokuwiki\Logger should be used instead!
2023-12-18 14:11:54		dbglog() is deprecated. It was called from helper_plugin_davcal::__construct() in /var/www/akdtu.dk/public_html/wiki/lib/plugins/davcal/helper.php:20 \dokuwiki\Logger should be used instead!
2023-12-18 14:11:54		require(syntax.php) is deprecated. It was called from require() in /var/www/akdtu.dk/public_html/wiki/lib/plugins/akdtu/syntax.php:12 Autoloading should be used instead!
2023-12-18 14:11:54		dbglog() is deprecated. It was called from helper_plugin_davcal::__construct() in /var/www/akdtu.dk/public_html/wiki/lib/plugins/davcal/helper.php:20 \dokuwiki\Logger should be used instead!
2023-12-18 14:11:54		dbglog() is deprecated. It was called from helper_plugin_davcal::__construct() in /var/www/akdtu.dk/public_html/wiki/lib/plugins/davcal/helper.php:20 \dokuwiki\Logger should be used instead!
2023-12-18 14:11:54		dbglog() is deprecated. It was called from helper_plugin_davcal::__construct() in /var/www/akdtu.dk/public_html/wiki/lib/plugins/davcal/helper.php:20 \dokuwiki\Logger should be used instead!
2023-12-18 14:11:56		dbglog() is deprecated. It was called from helper_plugin_davcal::__construct() in /var/www/akdtu.dk/public_html/wiki/lib/plugins/davcal/helper.php:20 \dokuwiki\Logger should be used instead!
2023-12-18 14:11:56		dbglog() is deprecated. It was called from helper_plugin_davcal::__construct() in /var/www/akdtu.dk/public_html/wiki/lib/plugins/davcal/helper.php:20 \dokuwiki\Logger should be used instead!
2023-12-18 14:11:56		dbglog() is deprecated. It was called from helper_plugin_davcal::__construct() in /var/www/akdtu.dk/public_html/wiki/lib/plugins/davcal/helper.php:20 \dokuwiki\Logger should be used instead!
2023-12-18 14:11:56		dbglog() is deprecated. It was called from helper_plugin_davcal::__construct() in /var/www/akdtu.dk/public_html/wiki/lib/plugins/davcal/helper.php:20 \dokuwiki\Logger should be used instead!
2023-12-18 14:12:23		dbglog() is deprecated. It was called from helper_plugin_davcal::__construct() in /var/www/akdtu.dk/public_html/wiki/lib/plugins/davcal/helper.php:20 \dokuwiki\Logger should be used instead!
2023-12-18 14:12:23		require(syntax.php) is deprecated. It was called from require() in /var/www/akdtu.dk/public_html/wiki/lib/plugins/akdtu/syntax.php:12 Autoloading should be used instead!
2023-12-18 14:12:23		dbglog() is deprecated. It was called from helper_plugin_davcal::__construct() in /var/www/akdtu.dk/public_html/wiki/lib/plugins/davcal/helper.php:20 \dokuwiki\Logger should be used instead!
2023-12-18 14:12:23		dbglog() is deprecated. It was called from helper_plugin_davcal::__construct() in /var/www/akdtu.dk/public_html/wiki/lib/plugins/davcal/helper.php:20 \dokuwiki\Logger should be used instead!
2023-12-18 14:12:23		dbglog() is deprecated. It was called from helper_plugin_davcal::__construct() in /var/www/akdtu.dk/public_html/wiki/lib/plugins/davcal/helper.php:20 \dokuwiki\Logger should be used instead!
2023-12-18 14:12:23		dbglog() is deprecated. It was called from helper_plugin_davcal::__construct() in /var/www/akdtu.dk/public_html/wiki/lib/plugins/davcal/helper.php:20 \dokuwiki\Logger should be used instead!
2023-12-18 14:12:23		dbglog() is deprecated. It was called from helper_plugin_davcal::__construct() in /var/www/akdtu.dk/public_html/wiki/lib/plugins/davcal/helper.php:20 \dokuwiki\Logger should be used instead!
2023-12-18 14:12:23		dbglog() is deprecated. It was called from helper_plugin_davcal::__construct() in /var/www/akdtu.dk/public_html/wiki/lib/plugins/davcal/helper.php:20 \dokuwiki\Logger should be used instead!
2023-12-18 14:12:23		dbglog() is deprecated. It was called from helper_plugin_davcal::__construct() in /var/www/akdtu.dk/public_html/wiki/lib/plugins/davcal/helper.php:20 \dokuwiki\Logger should be used instead!
2023-12-18 14:13:38		dbglog() is deprecated. It was called from helper_plugin_davcal::__construct() in /var/www/akdtu.dk/public_html/wiki/lib/plugins/davcal/helper.php:20 \dokuwiki\Logger should be used instead!
2023-12-18 14:13:39		dbglog() is deprecated. It was called from helper_plugin_davcal::__construct() in /var/www/akdtu.dk/public_html/wiki/lib/plugins/davcal/helper.php:20 \dokuwiki\Logger should be used instead!
2023-12-18 14:13:39		dbglog() is deprecated. It was called from helper_plugin_davcal::__construct() in /var/www/akdtu.dk/public_html/wiki/lib/plugins/davcal/helper.php:20 \dokuwiki\Logger should be used instead!
2023-12-18 14:13:39		dbglog() is deprecated. It was called from helper_plugin_davcal::__construct() in /var/www/akdtu.dk/public_html/wiki/lib/plugins/davcal/helper.php:20 \dokuwiki\Logger should be used instead!
2023-12-18 14:13:39		dbglog() is deprecated. It was called from helper_plugin_davcal::__construct() in /var/www/akdtu.dk/public_html/wiki/lib/plugins/davcal/helper.php:20 \dokuwiki\Logger should be used instead!
2023-12-18 14:13:39		dbglog() is deprecated. It was called from helper_plugin_davcal::__construct() in /var/www/akdtu.dk/public_html/wiki/lib/plugins/davcal/helper.php:20 \dokuwiki\Logger should be used instead!
2023-12-18 14:13:39		dbglog() is deprecated. It was called from helper_plugin_davcal::__construct() in /var/www/akdtu.dk/public_html/wiki/lib/plugins/davcal/helper.php:20 \dokuwiki\Logger should be used instead!
2023-12-18 14:15:24		dbglog() is deprecated. It was called from helper_plugin_davcal::__construct() in /var/www/akdtu.dk/public_html/wiki/lib/plugins/davcal/helper.php:20 \dokuwiki\Logger should be used instead!
2023-12-18 14:15:24		dbglog() is deprecated. It was called from auth_plugin_authwordpress::logDebug() in /var/www/akdtu.dk/public_html/wiki/lib/plugins/authwordpress/auth.php:381 \dokuwiki\Logger should be used instead!
2023-12-18 14:15:24		dbglog() is deprecated. It was called from auth_plugin_authwordpress::logDebug() in /var/www/akdtu.dk/public_html/wiki/lib/plugins/authwordpress/auth.php:381 \dokuwiki\Logger should be used instead!
2023-12-18 14:15:24		dbglog() is deprecated. It was called from auth_plugin_authwordpress::logDebug() in /var/www/akdtu.dk/public_html/wiki/lib/plugins/authwordpress/auth.php:381 \dokuwiki\Logger should be used instead!
2023-12-18 14:15:29		dbglog() is deprecated. It was called from helper_plugin_davcal::__construct() in /var/www/akdtu.dk/public_html/wiki/lib/plugins/davcal/helper.php:20 \dokuwiki\Logger should be used instead!
2023-12-18 14:15:29		require(syntax.php) is deprecated. It was called from require() in /var/www/akdtu.dk/public_html/wiki/lib/plugins/akdtu/syntax.php:12 Autoloading should be used instead!
2023-12-18 14:15:29		dbglog() is deprecated. It was called from helper_plugin_davcal::__construct() in /var/www/akdtu.dk/public_html/wiki/lib/plugins/davcal/helper.php:20 \dokuwiki\Logger should be used instead!
2023-12-18 14:15:29		dbglog() is deprecated. It was called from helper_plugin_davcal::__construct() in /var/www/akdtu.dk/public_html/wiki/lib/plugins/davcal/helper.php:20 \dokuwiki\Logger should be used instead!
2023-12-18 14:15:30		dbglog() is deprecated. It was called from helper_plugin_davcal::__construct() in /var/www/akdtu.dk/public_html/wiki/lib/plugins/davcal/helper.php:20 \dokuwiki\Logger should be used instead!
2023-12-18 14:15:30		dbglog() is deprecated. It was called from helper_plugin_davcal::__construct() in /var/www/akdtu.dk/public_html/wiki/lib/plugins/davcal/helper.php:20 \dokuwiki\Logger should be used instead!
2023-12-18 14:15:30		dbglog() is deprecated. It was called from helper_plugin_davcal::__construct() in /var/www/akdtu.dk/public_html/wiki/lib/plugins/davcal/helper.php:20 \dokuwiki\Logger should be used instead!
2023-12-18 14:15:30		dbglog() is deprecated. It was called from helper_plugin_davcal::__construct() in /var/www/akdtu.dk/public_html/wiki/lib/plugins/davcal/helper.php:20 \dokuwiki\Logger should be used instead!
2023-12-18 14:15:30		dbglog() is deprecated. It was called from helper_plugin_davcal::__construct() in /var/www/akdtu.dk/public_html/wiki/lib/plugins/davcal/helper.php:20 \dokuwiki\Logger should be used instead!
2023-12-18 14:15:30		dbglog() is deprecated. It was called from helper_plugin_davcal::__construct() in /var/www/akdtu.dk/public_html/wiki/lib/plugins/davcal/helper.php:20 \dokuwiki\Logger should be used instead!
2023-12-18 14:15:30		dbglog() is deprecated. It was called from helper_plugin_davcal::__construct() in /var/www/akdtu.dk/public_html/wiki/lib/plugins/davcal/helper.php:20 \dokuwiki\Logger should be used instead!
2023-12-18 14:15:30		dbglog() is deprecated. It was called from helper_plugin_davcal::__construct() in /var/www/akdtu.dk/public_html/wiki/lib/plugins/davcal/helper.php:20 \dokuwiki\Logger should be used instead!
2023-12-18 14:15:38		dbglog() is deprecated. It was called from helper_plugin_davcal::__construct() in /var/www/akdtu.dk/public_html/wiki/lib/plugins/davcal/helper.php:20 \dokuwiki\Logger should be used instead!
2023-12-18 14:15:38		helper_plugin_sqlite::init() is deprecated. It was called from helper_plugin_davcal::getDB() in /var/www/akdtu.dk/public_html/wiki/lib/plugins/davcal/helper.php:37 dokuwiki\plugin\sqlite\SQLiteDB should be used instead!
2023-12-18 14:15:39		dbglog() is deprecated. It was called from helper_plugin_davcal::__construct() in /var/www/akdtu.dk/public_html/wiki/lib/plugins/davcal/helper.php:20 \dokuwiki\Logger should be used instead!
2023-12-18 14:15:39		require(syntax.php) is deprecated. It was called from require() in /var/www/akdtu.dk/public_html/wiki/lib/plugins/akdtu/syntax.php:12 Autoloading should be used instead!
2023-12-18 14:15:39		dbglog() is deprecated. It was called from helper_plugin_davcal::__construct() in /var/www/akdtu.dk/public_html/wiki/lib/plugins/davcal/helper.php:20 \dokuwiki\Logger should be used instead!
2023-12-18 14:15:39		dbglog() is deprecated. It was called from helper_plugin_davcal::__construct() in /var/www/akdtu.dk/public_html/wiki/lib/plugins/davcal/helper.php:20 \dokuwiki\Logger should be used instead!
2023-12-18 14:15:39		dbglog() is deprecated. It was called from helper_plugin_davcal::__construct() in /var/www/akdtu.dk/public_html/wiki/lib/plugins/davcal/helper.php:20 \dokuwiki\Logger should be used instead!
2023-12-18 14:15:40		dbglog() is deprecated. It was called from helper_plugin_davcal::__construct() in /var/www/akdtu.dk/public_html/wiki/lib/plugins/davcal/helper.php:20 \dokuwiki\Logger should be used instead!
2023-12-18 14:15:41		require(syntax.php) is deprecated. It was called from require() in /var/www/akdtu.dk/public_html/wiki/lib/plugins/akdtu/syntax.php:12 Autoloading should be used instead!
2023-12-18 14:16:05		dbglog() is deprecated. It was called from helper_plugin_davcal::__construct() in /var/www/akdtu.dk/public_html/wiki/lib/plugins/davcal/helper.php:20 \dokuwiki\Logger should be used instead!
2023-12-18 14:16:05		dbglog() is deprecated. It was called from helper_plugin_davcal::__construct() in /var/www/akdtu.dk/public_html/wiki/lib/plugins/davcal/helper.php:20 \dokuwiki\Logger should be used instead!
2023-12-18 14:16:05		dbglog() is deprecated. It was called from helper_plugin_davcal::__construct() in /var/www/akdtu.dk/public_html/wiki/lib/plugins/davcal/helper.php:20 \dokuwiki\Logger should be used instead!
2023-12-18 14:16:05		dbglog() is deprecated. It was called from helper_plugin_davcal::__construct() in /var/www/akdtu.dk/public_html/wiki/lib/plugins/davcal/helper.php:20 \dokuwiki\Logger should be used instead!
2023-12-18 14:16:05		dbglog() is deprecated. It was called from helper_plugin_davcal::__construct() in /var/www/akdtu.dk/public_html/wiki/lib/plugins/davcal/helper.php:20 \dokuwiki\Logger should be used instead!
2023-12-18 14:16:05		dbglog() is deprecated. It was called from helper_plugin_davcal::__construct() in /var/www/akdtu.dk/public_html/wiki/lib/plugins/davcal/helper.php:20 \dokuwiki\Logger should be used instead!
2023-12-18 14:16:05		dbglog() is deprecated. It was called from helper_plugin_davcal::__construct() in /var/www/akdtu.dk/public_html/wiki/lib/plugins/davcal/helper.php:20 \dokuwiki\Logger should be used instead!
2023-12-18 14:16:18		dbglog() is deprecated. It was called from helper_plugin_davcal::__construct() in /var/www/akdtu.dk/public_html/wiki/lib/plugins/davcal/helper.php:20 \dokuwiki\Logger should be used instead!
2023-12-18 14:16:18		require(syntax.php) is deprecated. It was called from require() in /var/www/akdtu.dk/public_html/wiki/lib/plugins/akdtu/syntax.php:12 Autoloading should be used instead!
2023-12-18 14:16:18		dbglog() is deprecated. It was called from helper_plugin_davcal::__construct() in /var/www/akdtu.dk/public_html/wiki/lib/plugins/davcal/helper.php:20 \dokuwiki\Logger should be used instead!
2023-12-18 14:16:18		dbglog() is deprecated. It was called from helper_plugin_davcal::__construct() in /var/www/akdtu.dk/public_html/wiki/lib/plugins/davcal/helper.php:20 \dokuwiki\Logger should be used instead!
2023-12-18 14:16:18		dbglog() is deprecated. It was called from helper_plugin_davcal::__construct() in /var/www/akdtu.dk/public_html/wiki/lib/plugins/davcal/helper.php:20 \dokuwiki\Logger should be used instead!
2023-12-18 14:16:18		dbglog() is deprecated. It was called from helper_plugin_davcal::__construct() in /var/www/akdtu.dk/public_html/wiki/lib/plugins/davcal/helper.php:20 \dokuwiki\Logger should be used instead!
2023-12-18 14:16:18		dbglog() is deprecated. It was called from helper_plugin_davcal::__construct() in /var/www/akdtu.dk/public_html/wiki/lib/plugins/davcal/helper.php:20 \dokuwiki\Logger should be used instead!
2023-12-18 14:16:18		dbglog() is deprecated. It was called from helper_plugin_davcal::__construct() in /var/www/akdtu.dk/public_html/wiki/lib/plugins/davcal/helper.php:20 \dokuwiki\Logger should be used instead!
2023-12-18 14:16:18		dbglog() is deprecated. It was called from helper_plugin_davcal::__construct() in /var/www/akdtu.dk/public_html/wiki/lib/plugins/davcal/helper.php:20 \dokuwiki\Logger should be used instead!
2023-12-18 14:16:23		dbglog() is deprecated. It was called from helper_plugin_davcal::__construct() in /var/www/akdtu.dk/public_html/wiki/lib/plugins/davcal/helper.php:20 \dokuwiki\Logger should be used instead!
2023-12-18 14:16:23		helper_plugin_sqlite::init() is deprecated. It was called from helper_plugin_davcal::getDB() in /var/www/akdtu.dk/public_html/wiki/lib/plugins/davcal/helper.php:37 dokuwiki\plugin\sqlite\SQLiteDB should be used instead!
2023-12-18 14:16:23		dbglog() is deprecated. It was called from helper_plugin_davcal::__construct() in /var/www/akdtu.dk/public_html/wiki/lib/plugins/davcal/helper.php:20 \dokuwiki\Logger should be used instead!
2023-12-18 14:16:23		require(syntax.php) is deprecated. It was called from require() in /var/www/akdtu.dk/public_html/wiki/lib/plugins/akdtu/syntax.php:12 Autoloading should be used instead!
2023-12-18 14:16:23		dbglog() is deprecated. It was called from helper_plugin_davcal::__construct() in /var/www/akdtu.dk/public_html/wiki/lib/plugins/davcal/helper.php:20 \dokuwiki\Logger should be used instead!
2023-12-18 14:16:24		require(syntax.php) is deprecated. It was called from require() in /var/www/akdtu.dk/public_html/wiki/lib/plugins/akdtu/syntax.php:12 Autoloading should be used instead!
2023-12-18 14:16:24		dbglog() is deprecated. It was called from helper_plugin_davcal::__construct() in /var/www/akdtu.dk/public_html/wiki/lib/plugins/davcal/helper.php:20 \dokuwiki\Logger should be used instead!
2023-12-18 14:16:24		dbglog() is deprecated. It was called from helper_plugin_davcal::__construct() in /var/www/akdtu.dk/public_html/wiki/lib/plugins/davcal/helper.php:20 \dokuwiki\Logger should be used instead!
2023-12-18 14:16:25		dbglog() is deprecated. It was called from helper_plugin_davcal::__construct() in /var/www/akdtu.dk/public_html/wiki/lib/plugins/davcal/helper.php:20 \dokuwiki\Logger should be used instead!
2023-12-18 14:16:25		require(syntax.php) is deprecated. It was called from require() in /var/www/akdtu.dk/public_html/wiki/lib/plugins/akdtu/syntax.php:12 Autoloading should be used instead!
2023-12-18 14:16:34		dbglog() is deprecated. It was called from helper_plugin_davcal::__construct() in /var/www/akdtu.dk/public_html/wiki/lib/plugins/davcal/helper.php:20 \dokuwiki\Logger should be used instead!
2023-12-18 14:16:34		dbglog() is deprecated. It was called from helper_plugin_davcal::__construct() in /var/www/akdtu.dk/public_html/wiki/lib/plugins/davcal/helper.php:20 \dokuwiki\Logger should be used instead!
2023-12-18 14:16:34		dbglog() is deprecated. It was called from helper_plugin_davcal::__construct() in /var/www/akdtu.dk/public_html/wiki/lib/plugins/davcal/helper.php:20 \dokuwiki\Logger should be used instead!
2023-12-18 14:16:34		dbglog() is deprecated. It was called from helper_plugin_davcal::__construct() in /var/www/akdtu.dk/public_html/wiki/lib/plugins/davcal/helper.php:20 \dokuwiki\Logger should be used instead!
2023-12-18 14:16:45		dbglog() is deprecated. It was called from helper_plugin_davcal::__construct() in /var/www/akdtu.dk/public_html/wiki/lib/plugins/davcal/helper.php:20 \dokuwiki\Logger should be used instead!
2023-12-18 14:16:45		helper_plugin_sqlite::init() is deprecated. It was called from helper_plugin_davcal::getDB() in /var/www/akdtu.dk/public_html/wiki/lib/plugins/davcal/helper.php:37 dokuwiki\plugin\sqlite\SQLiteDB should be used instead!
2023-12-18 14:16:45		dbglog() is deprecated. It was called from helper_plugin_davcal::__construct() in /var/www/akdtu.dk/public_html/wiki/lib/plugins/davcal/helper.php:20 \dokuwiki\Logger should be used instead!
2023-12-18 14:16:45		require(syntax.php) is deprecated. It was called from require() in /var/www/akdtu.dk/public_html/wiki/lib/plugins/akdtu/syntax.php:12 Autoloading should be used instead!
2023-12-18 14:16:46		dbglog() is deprecated. It was called from helper_plugin_davcal::__construct() in /var/www/akdtu.dk/public_html/wiki/lib/plugins/davcal/helper.php:20 \dokuwiki\Logger should be used instead!
2023-12-18 14:16:46		require(syntax.php) is deprecated. It was called from require() in /var/www/akdtu.dk/public_html/wiki/lib/plugins/akdtu/syntax.php:12 Autoloading should be used instead!
2023-12-18 14:16:46		dbglog() is deprecated. It was called from helper_plugin_davcal::__construct() in /var/www/akdtu.dk/public_html/wiki/lib/plugins/davcal/helper.php:20 \dokuwiki\Logger should be used instead!
2023-12-18 14:16:46		dbglog() is deprecated. It was called from helper_plugin_davcal::__construct() in /var/www/akdtu.dk/public_html/wiki/lib/plugins/davcal/helper.php:20 \dokuwiki\Logger should be used instead!
2023-12-18 14:16:46		dbglog() is deprecated. It was called from helper_plugin_davcal::__construct() in /var/www/akdtu.dk/public_html/wiki/lib/plugins/davcal/helper.php:20 \dokuwiki\Logger should be used instead!
2023-12-18 14:16:47		require(syntax.php) is deprecated. It was called from require() in /var/www/akdtu.dk/public_html/wiki/lib/plugins/akdtu/syntax.php:12 Autoloading should be used instead!
2023-12-18 14:17:02		dbglog() is deprecated. It was called from helper_plugin_davcal::__construct() in /var/www/akdtu.dk/public_html/wiki/lib/plugins/davcal/helper.php:20 \dokuwiki\Logger should be used instead!
2023-12-18 14:17:03		dbglog() is deprecated. It was called from helper_plugin_davcal::__construct() in /var/www/akdtu.dk/public_html/wiki/lib/plugins/davcal/helper.php:20 \dokuwiki\Logger should be used instead!
2023-12-18 14:17:03		dbglog() is deprecated. It was called from helper_plugin_davcal::__construct() in /var/www/akdtu.dk/public_html/wiki/lib/plugins/davcal/helper.php:20 \dokuwiki\Logger should be used instead!
2023-12-18 14:17:03		dbglog() is deprecated. It was called from helper_plugin_davcal::__construct() in /var/www/akdtu.dk/public_html/wiki/lib/plugins/davcal/helper.php:20 \dokuwiki\Logger should be used instead!
2023-12-18 14:17:36		dbglog() is deprecated. It was called from helper_plugin_davcal::__construct() in /var/www/akdtu.dk/public_html/wiki/lib/plugins/davcal/helper.php:20 \dokuwiki\Logger should be used instead!
2023-12-18 14:17:36		dbglog() is deprecated. It was called from helper_plugin_davcal::__construct() in /var/www/akdtu.dk/public_html/wiki/lib/plugins/davcal/helper.php:20 \dokuwiki\Logger should be used instead!
2023-12-18 14:17:36		dbglog() is deprecated. It was called from helper_plugin_davcal::__construct() in /var/www/akdtu.dk/public_html/wiki/lib/plugins/davcal/helper.php:20 \dokuwiki\Logger should be used instead!
2023-12-18 14:17:36		dbglog() is deprecated. It was called from helper_plugin_davcal::__construct() in /var/www/akdtu.dk/public_html/wiki/lib/plugins/davcal/helper.php:20 \dokuwiki\Logger should be used instead!
2023-12-18 14:17:58		dbglog() is deprecated. It was called from helper_plugin_davcal::__construct() in /var/www/akdtu.dk/public_html/wiki/lib/plugins/davcal/helper.php:20 \dokuwiki\Logger should be used instead!
2023-12-18 14:17:58		require(syntax.php) is deprecated. It was called from require() in /var/www/akdtu.dk/public_html/wiki/lib/plugins/akdtu/syntax.php:12 Autoloading should be used instead!
2023-12-18 14:17:59		dbglog() is deprecated. It was called from helper_plugin_davcal::__construct() in /var/www/akdtu.dk/public_html/wiki/lib/plugins/davcal/helper.php:20 \dokuwiki\Logger should be used instead!
2023-12-18 14:17:59		dbglog() is deprecated. It was called from helper_plugin_davcal::__construct() in /var/www/akdtu.dk/public_html/wiki/lib/plugins/davcal/helper.php:20 \dokuwiki\Logger should be used instead!
2023-12-18 14:17:59		dbglog() is deprecated. It was called from helper_plugin_davcal::__construct() in /var/www/akdtu.dk/public_html/wiki/lib/plugins/davcal/helper.php:20 \dokuwiki\Logger should be used instead!
2023-12-18 14:17:59		dbglog() is deprecated. It was called from helper_plugin_davcal::__construct() in /var/www/akdtu.dk/public_html/wiki/lib/plugins/davcal/helper.php:20 \dokuwiki\Logger should be used instead!
2023-12-18 14:17:59		dbglog() is deprecated. It was called from helper_plugin_davcal::__construct() in /var/www/akdtu.dk/public_html/wiki/lib/plugins/davcal/helper.php:20 \dokuwiki\Logger should be used instead!
2023-12-18 14:17:59		dbglog() is deprecated. It was called from helper_plugin_davcal::__construct() in /var/www/akdtu.dk/public_html/wiki/lib/plugins/davcal/helper.php:20 \dokuwiki\Logger should be used instead!
2023-12-18 14:18:01		dbglog() is deprecated. It was called from helper_plugin_davcal::__construct() in /var/www/akdtu.dk/public_html/wiki/lib/plugins/davcal/helper.php:20 \dokuwiki\Logger should be used instead!
2023-12-18 14:18:32		dbglog() is deprecated. It was called from helper_plugin_davcal::__construct() in /var/www/akdtu.dk/public_html/wiki/lib/plugins/davcal/helper.php:20 \dokuwiki\Logger should be used instead!
2023-12-18 14:18:32		helper_plugin_sqlite::init() is deprecated. It was called from helper_plugin_davcal::getDB() in /var/www/akdtu.dk/public_html/wiki/lib/plugins/davcal/helper.php:37 dokuwiki\plugin\sqlite\SQLiteDB should be used instead!
2023-12-18 14:18:32		dbglog() is deprecated. It was called from helper_plugin_davcal::__construct() in /var/www/akdtu.dk/public_html/wiki/lib/plugins/davcal/helper.php:20 \dokuwiki\Logger should be used instead!
2023-12-18 14:18:32		require(syntax.php) is deprecated. It was called from require() in /var/www/akdtu.dk/public_html/wiki/lib/plugins/akdtu/syntax.php:12 Autoloading should be used instead!
2023-12-18 14:18:32		dbglog() is deprecated. It was called from helper_plugin_davcal::__construct() in /var/www/akdtu.dk/public_html/wiki/lib/plugins/davcal/helper.php:20 \dokuwiki\Logger should be used instead!
2023-12-18 14:18:32		require(syntax.php) is deprecated. It was called from require() in /var/www/akdtu.dk/public_html/wiki/lib/plugins/akdtu/syntax.php:12 Autoloading should be used instead!
2023-12-18 14:18:32		dbglog() is deprecated. It was called from helper_plugin_davcal::__construct() in /var/www/akdtu.dk/public_html/wiki/lib/plugins/davcal/helper.php:20 \dokuwiki\Logger should be used instead!
2023-12-18 14:18:33		dbglog() is deprecated. It was called from helper_plugin_davcal::__construct() in /var/www/akdtu.dk/public_html/wiki/lib/plugins/davcal/helper.php:20 \dokuwiki\Logger should be used instead!
2023-12-18 14:18:33		dbglog() is deprecated. It was called from helper_plugin_davcal::__construct() in /var/www/akdtu.dk/public_html/wiki/lib/plugins/davcal/helper.php:20 \dokuwiki\Logger should be used instead!
2023-12-18 14:18:33		require(syntax.php) is deprecated. It was called from require() in /var/www/akdtu.dk/public_html/wiki/lib/plugins/akdtu/syntax.php:12 Autoloading should be used instead!
2023-12-18 14:18:46		dbglog() is deprecated. It was called from helper_plugin_davcal::__construct() in /var/www/akdtu.dk/public_html/wiki/lib/plugins/davcal/helper.php:20 \dokuwiki\Logger should be used instead!
2023-12-18 14:18:46		dbglog() is deprecated. It was called from helper_plugin_davcal::__construct() in /var/www/akdtu.dk/public_html/wiki/lib/plugins/davcal/helper.php:20 \dokuwiki\Logger should be used instead!
2023-12-18 14:18:46		dbglog() is deprecated. It was called from helper_plugin_davcal::__construct() in /var/www/akdtu.dk/public_html/wiki/lib/plugins/davcal/helper.php:20 \dokuwiki\Logger should be used instead!
2023-12-18 14:18:46		dbglog() is deprecated. It was called from helper_plugin_davcal::__construct() in /var/www/akdtu.dk/public_html/wiki/lib/plugins/davcal/helper.php:20 \dokuwiki\Logger should be used instead!
2023-12-18 14:19:12		dbglog() is deprecated. It was called from helper_plugin_davcal::__construct() in /var/www/akdtu.dk/public_html/wiki/lib/plugins/davcal/helper.php:20 \dokuwiki\Logger should be used instead!
2023-12-18 14:19:12		require(syntax.php) is deprecated. It was called from require() in /var/www/akdtu.dk/public_html/wiki/lib/plugins/akdtu/syntax.php:12 Autoloading should be used instead!
2023-12-18 14:19:12		Doku_Handler::_addCall() is deprecated. It was called from syntax_plugin_wrap_div::handle() in /var/www/akdtu.dk/public_html/wiki/lib/plugins/wrap/syntax/div.php:49 addCall should be used instead!
2023-12-18 14:19:12		dbglog() is deprecated. It was called from helper_plugin_davcal::__construct() in /var/www/akdtu.dk/public_html/wiki/lib/plugins/davcal/helper.php:20 \dokuwiki\Logger should be used instead!
2023-12-18 14:19:12		dbglog() is deprecated. It was called from helper_plugin_davcal::__construct() in /var/www/akdtu.dk/public_html/wiki/lib/plugins/davcal/helper.php:20 \dokuwiki\Logger should be used instead!
2023-12-18 14:19:12		dbglog() is deprecated. It was called from helper_plugin_davcal::__construct() in /var/www/akdtu.dk/public_html/wiki/lib/plugins/davcal/helper.php:20 \dokuwiki\Logger should be used instead!
2023-12-18 14:19:13		dbglog() is deprecated. It was called from helper_plugin_davcal::__construct() in /var/www/akdtu.dk/public_html/wiki/lib/plugins/davcal/helper.php:20 \dokuwiki\Logger should be used instead!
2023-12-18 14:19:13		dbglog() is deprecated. It was called from helper_plugin_davcal::__construct() in /var/www/akdtu.dk/public_html/wiki/lib/plugins/davcal/helper.php:20 \dokuwiki\Logger should be used instead!
2023-12-18 14:19:13		dbglog() is deprecated. It was called from helper_plugin_davcal::__construct() in /var/www/akdtu.dk/public_html/wiki/lib/plugins/davcal/helper.php:20 \dokuwiki\Logger should be used instead!
2023-12-18 14:19:13		dbglog() is deprecated. It was called from helper_plugin_davcal::__construct() in /var/www/akdtu.dk/public_html/wiki/lib/plugins/davcal/helper.php:20 \dokuwiki\Logger should be used instead!
2023-12-18 14:19:42		dbglog() is deprecated. It was called from helper_plugin_davcal::__construct() in /var/www/akdtu.dk/public_html/wiki/lib/plugins/davcal/helper.php:20 \dokuwiki\Logger should be used instead!
2023-12-18 14:19:46		dbglog() is deprecated. It was called from helper_plugin_davcal::__construct() in /var/www/akdtu.dk/public_html/wiki/lib/plugins/davcal/helper.php:20 \dokuwiki\Logger should be used instead!
2023-12-18 14:19:46		require(syntax.php) is deprecated. It was called from require() in /var/www/akdtu.dk/public_html/wiki/lib/plugins/akdtu/syntax.php:12 Autoloading should be used instead!
2023-12-18 14:19:46		dbglog() is deprecated. It was called from helper_plugin_davcal::__construct() in /var/www/akdtu.dk/public_html/wiki/lib/plugins/davcal/helper.php:20 \dokuwiki\Logger should be used instead!
2023-12-18 14:19:46		dbglog() is deprecated. It was called from helper_plugin_davcal::__construct() in /var/www/akdtu.dk/public_html/wiki/lib/plugins/davcal/helper.php:20 \dokuwiki\Logger should be used instead!
2023-12-18 14:19:46		dbglog() is deprecated. It was called from helper_plugin_davcal::__construct() in /var/www/akdtu.dk/public_html/wiki/lib/plugins/davcal/helper.php:20 \dokuwiki\Logger should be used instead!
2023-12-18 14:19:47		dbglog() is deprecated. It was called from helper_plugin_davcal::__construct() in /var/www/akdtu.dk/public_html/wiki/lib/plugins/davcal/helper.php:20 \dokuwiki\Logger should be used instead!
2023-12-18 14:19:47		dbglog() is deprecated. It was called from helper_plugin_davcal::__construct() in /var/www/akdtu.dk/public_html/wiki/lib/plugins/davcal/helper.php:20 \dokuwiki\Logger should be used instead!
2023-12-18 14:19:47		dbglog() is deprecated. It was called from helper_plugin_davcal::__construct() in /var/www/akdtu.dk/public_html/wiki/lib/plugins/davcal/helper.php:20 \dokuwiki\Logger should be used instead!
2023-12-18 14:19:47		dbglog() is deprecated. It was called from helper_plugin_davcal::__construct() in /var/www/akdtu.dk/public_html/wiki/lib/plugins/davcal/helper.php:20 \dokuwiki\Logger should be used instead!
2023-12-18 14:20:04		dbglog() is deprecated. It was called from helper_plugin_davcal::__construct() in /var/www/akdtu.dk/public_html/wiki/lib/plugins/davcal/helper.php:20 \dokuwiki\Logger should be used instead!
2023-12-18 14:20:04		require(syntax.php) is deprecated. It was called from require() in /var/www/akdtu.dk/public_html/wiki/lib/plugins/akdtu/syntax.php:12 Autoloading should be used instead!
2023-12-18 14:20:05		dbglog() is deprecated. It was called from helper_plugin_davcal::__construct() in /var/www/akdtu.dk/public_html/wiki/lib/plugins/davcal/helper.php:20 \dokuwiki\Logger should be used instead!
2023-12-18 14:20:05		dbglog() is deprecated. It was called from helper_plugin_davcal::__construct() in /var/www/akdtu.dk/public_html/wiki/lib/plugins/davcal/helper.php:20 \dokuwiki\Logger should be used instead!
2023-12-18 14:20:05		dbglog() is deprecated. It was called from helper_plugin_davcal::__construct() in /var/www/akdtu.dk/public_html/wiki/lib/plugins/davcal/helper.php:20 \dokuwiki\Logger should be used instead!
2023-12-18 14:20:06		dbglog() is deprecated. It was called from helper_plugin_davcal::__construct() in /var/www/akdtu.dk/public_html/wiki/lib/plugins/davcal/helper.php:20 \dokuwiki\Logger should be used instead!
2023-12-18 14:20:06		dbglog() is deprecated. It was called from helper_plugin_davcal::__construct() in /var/www/akdtu.dk/public_html/wiki/lib/plugins/davcal/helper.php:20 \dokuwiki\Logger should be used instead!
2023-12-18 14:20:06		dbglog() is deprecated. It was called from helper_plugin_davcal::__construct() in /var/www/akdtu.dk/public_html/wiki/lib/plugins/davcal/helper.php:20 \dokuwiki\Logger should be used instead!
2023-12-18 14:20:06		dbglog() is deprecated. It was called from helper_plugin_davcal::__construct() in /var/www/akdtu.dk/public_html/wiki/lib/plugins/davcal/helper.php:20 \dokuwiki\Logger should be used instead!
2023-12-18 14:20:35		dbglog() is deprecated. It was called from helper_plugin_davcal::__construct() in /var/www/akdtu.dk/public_html/wiki/lib/plugins/davcal/helper.php:20 \dokuwiki\Logger should be used instead!
2023-12-18 14:20:49		dbglog() is deprecated. It was called from helper_plugin_davcal::__construct() in /var/www/akdtu.dk/public_html/wiki/lib/plugins/davcal/helper.php:20 \dokuwiki\Logger should be used instead!
2023-12-18 14:20:49		require(syntax.php) is deprecated. It was called from require() in /var/www/akdtu.dk/public_html/wiki/lib/plugins/akdtu/syntax.php:12 Autoloading should be used instead!
2023-12-18 14:20:49		dbglog() is deprecated. It was called from helper_plugin_davcal::__construct() in /var/www/akdtu.dk/public_html/wiki/lib/plugins/davcal/helper.php:20 \dokuwiki\Logger should be used instead!
2023-12-18 14:20:49		dbglog() is deprecated. It was called from helper_plugin_davcal::__construct() in /var/www/akdtu.dk/public_html/wiki/lib/plugins/davcal/helper.php:20 \dokuwiki\Logger should be used instead!
2023-12-18 14:20:49		dbglog() is deprecated. It was called from helper_plugin_davcal::__construct() in /var/www/akdtu.dk/public_html/wiki/lib/plugins/davcal/helper.php:20 \dokuwiki\Logger should be used instead!
2023-12-18 14:21:19		dbglog() is deprecated. It was called from helper_plugin_davcal::__construct() in /var/www/akdtu.dk/public_html/wiki/lib/plugins/davcal/helper.php:20 \dokuwiki\Logger should be used instead!
2023-12-18 14:21:49		dbglog() is deprecated. It was called from helper_plugin_davcal::__construct() in /var/www/akdtu.dk/public_html/wiki/lib/plugins/davcal/helper.php:20 \dokuwiki\Logger should be used instead!
2023-12-18 14:21:59		dbglog() is deprecated. It was called from helper_plugin_davcal::__construct() in /var/www/akdtu.dk/public_html/wiki/lib/plugins/davcal/helper.php:20 \dokuwiki\Logger should be used instead!
2023-12-18 14:21:59		require(syntax.php) is deprecated. It was called from require() in /var/www/akdtu.dk/public_html/wiki/lib/plugins/akdtu/syntax.php:12 Autoloading should be used instead!
2023-12-18 14:22:00		dbglog() is deprecated. It was called from helper_plugin_davcal::__construct() in /var/www/akdtu.dk/public_html/wiki/lib/plugins/davcal/helper.php:20 \dokuwiki\Logger should be used instead!
2023-12-18 14:22:00		dbglog() is deprecated. It was called from helper_plugin_davcal::__construct() in /var/www/akdtu.dk/public_html/wiki/lib/plugins/davcal/helper.php:20 \dokuwiki\Logger should be used instead!
2023-12-18 14:22:00		dbglog() is deprecated. It was called from helper_plugin_davcal::__construct() in /var/www/akdtu.dk/public_html/wiki/lib/plugins/davcal/helper.php:20 \dokuwiki\Logger should be used instead!
2023-12-18 14:22:01		dbglog() is deprecated. It was called from helper_plugin_davcal::__construct() in /var/www/akdtu.dk/public_html/wiki/lib/plugins/davcal/helper.php:20 \dokuwiki\Logger should be used instead!
2023-12-18 14:22:01		dbglog() is deprecated. It was called from helper_plugin_davcal::__construct() in /var/www/akdtu.dk/public_html/wiki/lib/plugins/davcal/helper.php:20 \dokuwiki\Logger should be used instead!
2023-12-18 14:22:01		dbglog() is deprecated. It was called from helper_plugin_davcal::__construct() in /var/www/akdtu.dk/public_html/wiki/lib/plugins/davcal/helper.php:20 \dokuwiki\Logger should be used instead!
2023-12-18 14:22:01		dbglog() is deprecated. It was called from helper_plugin_davcal::__construct() in /var/www/akdtu.dk/public_html/wiki/lib/plugins/davcal/helper.php:20 \dokuwiki\Logger should be used instead!
2023-12-18 14:22:54		dbglog() is deprecated. It was called from helper_plugin_davcal::__construct() in /var/www/akdtu.dk/public_html/wiki/lib/plugins/davcal/helper.php:20 \dokuwiki\Logger should be used instead!
2023-12-18 14:22:54		helper_plugin_sqlite::init() is deprecated. It was called from helper_plugin_davcal::getDB() in /var/www/akdtu.dk/public_html/wiki/lib/plugins/davcal/helper.php:37 dokuwiki\plugin\sqlite\SQLiteDB should be used instead!
2023-12-18 14:22:54		dbglog() is deprecated. It was called from helper_plugin_davcal::__construct() in /var/www/akdtu.dk/public_html/wiki/lib/plugins/davcal/helper.php:20 \dokuwiki\Logger should be used instead!
2023-12-18 14:22:54		require(syntax.php) is deprecated. It was called from require() in /var/www/akdtu.dk/public_html/wiki/lib/plugins/akdtu/syntax.php:12 Autoloading should be used instead!
2023-12-18 14:22:54		dbglog() is deprecated. It was called from helper_plugin_davcal::__construct() in /var/www/akdtu.dk/public_html/wiki/lib/plugins/davcal/helper.php:20 \dokuwiki\Logger should be used instead!
2023-12-18 14:22:54		require(syntax.php) is deprecated. It was called from require() in /var/www/akdtu.dk/public_html/wiki/lib/plugins/akdtu/syntax.php:12 Autoloading should be used instead!
2023-12-18 14:22:54		dbglog() is deprecated. It was called from helper_plugin_davcal::__construct() in /var/www/akdtu.dk/public_html/wiki/lib/plugins/davcal/helper.php:20 \dokuwiki\Logger should be used instead!
2023-12-18 14:22:54		dbglog() is deprecated. It was called from helper_plugin_davcal::__construct() in /var/www/akdtu.dk/public_html/wiki/lib/plugins/davcal/helper.php:20 \dokuwiki\Logger should be used instead!
2023-12-18 14:22:57		dbglog() is deprecated. It was called from helper_plugin_davcal::__construct() in /var/www/akdtu.dk/public_html/wiki/lib/plugins/davcal/helper.php:20 \dokuwiki\Logger should be used instead!
2023-12-18 14:22:57		require(syntax.php) is deprecated. It was called from require() in /var/www/akdtu.dk/public_html/wiki/lib/plugins/akdtu/syntax.php:12 Autoloading should be used instead!
2023-12-18 14:23:09		dbglog() is deprecated. It was called from helper_plugin_davcal::__construct() in /var/www/akdtu.dk/public_html/wiki/lib/plugins/davcal/helper.php:20 \dokuwiki\Logger should be used instead!
2023-12-18 14:23:09		dbglog() is deprecated. It was called from helper_plugin_davcal::__construct() in /var/www/akdtu.dk/public_html/wiki/lib/plugins/davcal/helper.php:20 \dokuwiki\Logger should be used instead!
2023-12-18 14:23:10		dbglog() is deprecated. It was called from helper_plugin_davcal::__construct() in /var/www/akdtu.dk/public_html/wiki/lib/plugins/davcal/helper.php:20 \dokuwiki\Logger should be used instead!
2023-12-18 14:23:10		dbglog() is deprecated. It was called from helper_plugin_davcal::__construct() in /var/www/akdtu.dk/public_html/wiki/lib/plugins/davcal/helper.php:20 \dokuwiki\Logger should be used instead!
2023-12-18 14:23:20		dbglog() is deprecated. It was called from helper_plugin_davcal::__construct() in /var/www/akdtu.dk/public_html/wiki/lib/plugins/davcal/helper.php:20 \dokuwiki\Logger should be used instead!
2023-12-18 14:23:20		helper_plugin_sqlite::init() is deprecated. It was called from helper_plugin_davcal::getDB() in /var/www/akdtu.dk/public_html/wiki/lib/plugins/davcal/helper.php:37 dokuwiki\plugin\sqlite\SQLiteDB should be used instead!
2023-12-18 14:23:20		dbglog() is deprecated. It was called from helper_plugin_davcal::__construct() in /var/www/akdtu.dk/public_html/wiki/lib/plugins/davcal/helper.php:20 \dokuwiki\Logger should be used instead!
2023-12-18 14:23:20		require(syntax.php) is deprecated. It was called from require() in /var/www/akdtu.dk/public_html/wiki/lib/plugins/akdtu/syntax.php:12 Autoloading should be used instead!
2023-12-18 14:23:20		dbglog() is deprecated. It was called from helper_plugin_davcal::__construct() in /var/www/akdtu.dk/public_html/wiki/lib/plugins/davcal/helper.php:20 \dokuwiki\Logger should be used instead!
2023-12-18 14:23:20		require(syntax.php) is deprecated. It was called from require() in /var/www/akdtu.dk/public_html/wiki/lib/plugins/akdtu/syntax.php:12 Autoloading should be used instead!
2023-12-18 14:23:20		dbglog() is deprecated. It was called from helper_plugin_davcal::__construct() in /var/www/akdtu.dk/public_html/wiki/lib/plugins/davcal/helper.php:20 \dokuwiki\Logger should be used instead!
2023-12-18 14:23:20		dbglog() is deprecated. It was called from helper_plugin_davcal::__construct() in /var/www/akdtu.dk/public_html/wiki/lib/plugins/davcal/helper.php:20 \dokuwiki\Logger should be used instead!
2023-12-18 15:42:54		dbglog() is deprecated. It was called from helper_plugin_davcal::__construct() in /var/www/akdtu.dk/public_html/wiki/lib/plugins/davcal/helper.php:20 \dokuwiki\Logger should be used instead!
2023-12-18 15:42:54		require(syntax.php) is deprecated. It was called from require() in /var/www/akdtu.dk/public_html/wiki/lib/plugins/akdtu/syntax.php:12 Autoloading should be used instead!
2023-12-18 15:42:54		dbglog() is deprecated. It was called from helper_plugin_davcal::__construct() in /var/www/akdtu.dk/public_html/wiki/lib/plugins/davcal/helper.php:20 \dokuwiki\Logger should be used instead!
2023-12-18 15:42:54		dbglog() is deprecated. It was called from helper_plugin_davcal::__construct() in /var/www/akdtu.dk/public_html/wiki/lib/plugins/davcal/helper.php:20 \dokuwiki\Logger should be used instead!
2023-12-18 15:42:54		dbglog() is deprecated. It was called from helper_plugin_davcal::__construct() in /var/www/akdtu.dk/public_html/wiki/lib/plugins/davcal/helper.php:20 \dokuwiki\Logger should be used instead!
2023-12-18 15:42:54		dbglog() is deprecated. It was called from helper_plugin_davcal::__construct() in /var/www/akdtu.dk/public_html/wiki/lib/plugins/davcal/helper.php:20 \dokuwiki\Logger should be used instead!
2023-12-18 15:42:54		dbglog() is deprecated. It was called from helper_plugin_davcal::__construct() in /var/www/akdtu.dk/public_html/wiki/lib/plugins/davcal/helper.php:20 \dokuwiki\Logger should be used instead!
2023-12-18 15:42:54		dbglog() is deprecated. It was called from helper_plugin_davcal::__construct() in /var/www/akdtu.dk/public_html/wiki/lib/plugins/davcal/helper.php:20 \dokuwiki\Logger should be used instead!
2023-12-18 15:43:16		dbglog() is deprecated. It was called from helper_plugin_davcal::__construct() in /var/www/akdtu.dk/public_html/wiki/lib/plugins/davcal/helper.php:20 \dokuwiki\Logger should be used instead!
2023-12-18 15:43:16		helper_plugin_sqlite::init() is deprecated. It was called from helper_plugin_davcal::getDB() in /var/www/akdtu.dk/public_html/wiki/lib/plugins/davcal/helper.php:37 dokuwiki\plugin\sqlite\SQLiteDB should be used instead!
2023-12-18 15:43:16		dbglog() is deprecated. It was called from helper_plugin_davcal::__construct() in /var/www/akdtu.dk/public_html/wiki/lib/plugins/davcal/helper.php:20 \dokuwiki\Logger should be used instead!
2023-12-18 15:43:16		require(syntax.php) is deprecated. It was called from require() in /var/www/akdtu.dk/public_html/wiki/lib/plugins/akdtu/syntax.php:12 Autoloading should be used instead!
2023-12-18 15:43:17		dbglog() is deprecated. It was called from helper_plugin_davcal::__construct() in /var/www/akdtu.dk/public_html/wiki/lib/plugins/davcal/helper.php:20 \dokuwiki\Logger should be used instead!
2023-12-18 15:43:17		require(syntax.php) is deprecated. It was called from require() in /var/www/akdtu.dk/public_html/wiki/lib/plugins/akdtu/syntax.php:12 Autoloading should be used instead!
2023-12-18 15:43:17		dbglog() is deprecated. It was called from helper_plugin_davcal::__construct() in /var/www/akdtu.dk/public_html/wiki/lib/plugins/davcal/helper.php:20 \dokuwiki\Logger should be used instead!
2023-12-18 15:43:17		dbglog() is deprecated. It was called from helper_plugin_davcal::__construct() in /var/www/akdtu.dk/public_html/wiki/lib/plugins/davcal/helper.php:20 \dokuwiki\Logger should be used instead!
