2023-05-22 08:12:57		dbglog() is deprecated. It was called from auth_plugin_authwordpress::getUserData() in /var/www/akdtu.dk/public_html/wiki/lib/plugins/authwordpress/auth.php:202 \dokuwiki\Logger should be used instead!
2023-05-22 08:12:57		dbglog() is deprecated. It was called from auth_plugin_authwordpress::checkPass() in /var/www/akdtu.dk/public_html/wiki/lib/plugins/authwordpress/auth.php:125 \dokuwiki\Logger should be used instead!
2023-05-22 08:12:57		dbglog() is deprecated. It was called from auth_plugin_authwordpress::getUserData() in /var/www/akdtu.dk/public_html/wiki/lib/plugins/authwordpress/auth.php:202 \dokuwiki\Logger should be used instead!
2023-05-22 08:12:57		dbglog() is deprecated. It was called from auth_plugin_authwordpress::getUserData() in /var/www/akdtu.dk/public_html/wiki/lib/plugins/authwordpress/auth.php:202 \dokuwiki\Logger should be used instead!
2023-05-22 08:13:01		dbglog() is deprecated. It was called from auth_plugin_authwordpress::getUserData() in /var/www/akdtu.dk/public_html/wiki/lib/plugins/authwordpress/auth.php:202 \dokuwiki\Logger should be used instead!
2023-05-22 08:13:13		require(syntax.php) is deprecated. It was called from require() in /var/www/akdtu.dk/public_html/wiki/lib/plugins/anchor/syntax.php:4 Autoloading should be used instead!
2023-05-22 08:13:13		dbglog() is deprecated. It was called from auth_plugin_authwordpress::getUserData() in /var/www/akdtu.dk/public_html/wiki/lib/plugins/authwordpress/auth.php:202 \dokuwiki\Logger should be used instead!
2023-05-22 08:13:25		dbglog() is deprecated. It was called from auth_plugin_authwordpress::getUserData() in /var/www/akdtu.dk/public_html/wiki/lib/plugins/authwordpress/auth.php:202 \dokuwiki\Logger should be used instead!
2023-05-22 08:13:51		dbglog() is deprecated. It was called from auth_plugin_authwordpress::getUserData() in /var/www/akdtu.dk/public_html/wiki/lib/plugins/authwordpress/auth.php:202 \dokuwiki\Logger should be used instead!
2023-05-22 08:14:00		require(syntax.php) is deprecated. It was called from require() in /var/www/akdtu.dk/public_html/wiki/lib/plugins/anchor/syntax.php:4 Autoloading should be used instead!
2023-05-22 08:14:00		dbglog() is deprecated. It was called from auth_plugin_authwordpress::getUserData() in /var/www/akdtu.dk/public_html/wiki/lib/plugins/authwordpress/auth.php:202 \dokuwiki\Logger should be used instead!
2023-05-22 08:14:05		dbglog() is deprecated. It was called from auth_plugin_authwordpress::getUserData() in /var/www/akdtu.dk/public_html/wiki/lib/plugins/authwordpress/auth.php:202 \dokuwiki\Logger should be used instead!
2023-05-22 08:14:17		require(syntax.php) is deprecated. It was called from require() in /var/www/akdtu.dk/public_html/wiki/lib/plugins/anchor/syntax.php:4 Autoloading should be used instead!
2023-05-22 08:14:17		dbglog() is deprecated. It was called from auth_plugin_authwordpress::getUserData() in /var/www/akdtu.dk/public_html/wiki/lib/plugins/authwordpress/auth.php:202 \dokuwiki\Logger should be used instead!
2023-05-22 08:14:22		dbglog() is deprecated. It was called from auth_plugin_authwordpress::getUserData() in /var/www/akdtu.dk/public_html/wiki/lib/plugins/authwordpress/auth.php:202 \dokuwiki\Logger should be used instead!
2023-05-22 08:14:30		require(syntax.php) is deprecated. It was called from require() in /var/www/akdtu.dk/public_html/wiki/lib/plugins/anchor/syntax.php:4 Autoloading should be used instead!
2023-05-22 08:14:30		Doku_Handler::_addCall() is deprecated. It was called from syntax_plugin_wrap_div::handle() in /var/www/akdtu.dk/public_html/wiki/lib/plugins/wrap/syntax/div.php:61 addCall should be used instead!
2023-05-22 08:14:30		Doku_Handler::_addCall() is deprecated. It was called from syntax_plugin_wrap_div::handle() in /var/www/akdtu.dk/public_html/wiki/lib/plugins/wrap/syntax/div.php:49 addCall should be used instead!
2023-05-22 08:14:30		Doku_Handler::_addCall() is deprecated. It was called from syntax_plugin_wrap_div::handle() in /var/www/akdtu.dk/public_html/wiki/lib/plugins/wrap/syntax/div.php:49 addCall should be used instead!
2023-05-22 08:14:30		Doku_Handler::_addCall() is deprecated. It was called from syntax_plugin_wrap_div::handle() in /var/www/akdtu.dk/public_html/wiki/lib/plugins/wrap/syntax/div.php:49 addCall should be used instead!
2023-05-22 08:14:30		Doku_Handler::_addCall() is deprecated. It was called from syntax_plugin_wrap_div::handle() in /var/www/akdtu.dk/public_html/wiki/lib/plugins/wrap/syntax/div.php:49 addCall should be used instead!
2023-05-22 08:14:30		Doku_Handler::_addCall() is deprecated. It was called from syntax_plugin_wrap_div::handle() in /var/www/akdtu.dk/public_html/wiki/lib/plugins/wrap/syntax/div.php:49 addCall should be used instead!
2023-05-22 08:14:30		Doku_Handler::_addCall() is deprecated. It was called from syntax_plugin_wrap_div::handle() in /var/www/akdtu.dk/public_html/wiki/lib/plugins/wrap/syntax/div.php:49 addCall should be used instead!
2023-05-22 08:14:30		Doku_Handler::_addCall() is deprecated. It was called from syntax_plugin_wrap_div::handle() in /var/www/akdtu.dk/public_html/wiki/lib/plugins/wrap/syntax/div.php:49 addCall should be used instead!
2023-05-22 08:14:30		Doku_Handler::_addCall() is deprecated. It was called from syntax_plugin_wrap_div::handle() in /var/www/akdtu.dk/public_html/wiki/lib/plugins/wrap/syntax/div.php:49 addCall should be used instead!
2023-05-22 08:14:30		Doku_Handler::_addCall() is deprecated. It was called from syntax_plugin_wrap_div::handle() in /var/www/akdtu.dk/public_html/wiki/lib/plugins/wrap/syntax/div.php:49 addCall should be used instead!
2023-05-22 08:14:30		Doku_Handler::_addCall() is deprecated. It was called from syntax_plugin_wrap_div::handle() in /var/www/akdtu.dk/public_html/wiki/lib/plugins/wrap/syntax/div.php:49 addCall should be used instead!
2023-05-22 08:14:30		Doku_Handler::_addCall() is deprecated. It was called from syntax_plugin_wrap_div::handle() in /var/www/akdtu.dk/public_html/wiki/lib/plugins/wrap/syntax/div.php:49 addCall should be used instead!
2023-05-22 08:14:30		Doku_Handler::_addCall() is deprecated. It was called from syntax_plugin_wrap_div::handle() in /var/www/akdtu.dk/public_html/wiki/lib/plugins/wrap/syntax/div.php:49 addCall should be used instead!
2023-05-22 08:14:30		Doku_Handler::_addCall() is deprecated. It was called from syntax_plugin_wrap_div::handle() in /var/www/akdtu.dk/public_html/wiki/lib/plugins/wrap/syntax/div.php:49 addCall should be used instead!
2023-05-22 08:14:30		Doku_Handler::_addCall() is deprecated. It was called from syntax_plugin_wrap_span::handle() in /var/www/akdtu.dk/public_html/wiki/lib/plugins/wrap/syntax/span.php:47 addCall should be used instead!
2023-05-22 08:14:30		Doku_Handler::_addCall() is deprecated. It was called from syntax_plugin_wrap_div::handle() in /var/www/akdtu.dk/public_html/wiki/lib/plugins/wrap/syntax/div.php:49 addCall should be used instead!
2023-05-22 08:14:30		Doku_Handler::_addCall() is deprecated. It was called from syntax_plugin_wrap_div::handle() in /var/www/akdtu.dk/public_html/wiki/lib/plugins/wrap/syntax/div.php:49 addCall should be used instead!
2023-05-22 08:14:30		Doku_Handler::_addCall() is deprecated. It was called from syntax_plugin_wrap_span::handle() in /var/www/akdtu.dk/public_html/wiki/lib/plugins/wrap/syntax/span.php:47 addCall should be used instead!
2023-05-22 08:14:30		Doku_Handler::_addCall() is deprecated. It was called from syntax_plugin_wrap_div::handle() in /var/www/akdtu.dk/public_html/wiki/lib/plugins/wrap/syntax/div.php:49 addCall should be used instead!
2023-05-22 08:14:30		Doku_Handler::_addCall() is deprecated. It was called from syntax_plugin_wrap_div::handle() in /var/www/akdtu.dk/public_html/wiki/lib/plugins/wrap/syntax/div.php:49 addCall should be used instead!
2023-05-22 08:14:30		Doku_Handler::_addCall() is deprecated. It was called from syntax_plugin_wrap_span::handle() in /var/www/akdtu.dk/public_html/wiki/lib/plugins/wrap/syntax/span.php:47 addCall should be used instead!
2023-05-22 08:14:30		Doku_Handler::_addCall() is deprecated. It was called from syntax_plugin_wrap_div::handle() in /var/www/akdtu.dk/public_html/wiki/lib/plugins/wrap/syntax/div.php:49 addCall should be used instead!
2023-05-22 08:14:30		Doku_Handler::_addCall() is deprecated. It was called from syntax_plugin_wrap_span::handle() in /var/www/akdtu.dk/public_html/wiki/lib/plugins/wrap/syntax/span.php:47 addCall should be used instead!
2023-05-22 08:14:30		Doku_Handler::_addCall() is deprecated. It was called from syntax_plugin_wrap_div::handle() in /var/www/akdtu.dk/public_html/wiki/lib/plugins/wrap/syntax/div.php:49 addCall should be used instead!
2023-05-22 08:14:30		Doku_Handler::_addCall() is deprecated. It was called from syntax_plugin_wrap_div::handle() in /var/www/akdtu.dk/public_html/wiki/lib/plugins/wrap/syntax/div.php:49 addCall should be used instead!
2023-05-22 08:14:30		Doku_Handler::_addCall() is deprecated. It was called from syntax_plugin_wrap_span::handle() in /var/www/akdtu.dk/public_html/wiki/lib/plugins/wrap/syntax/span.php:47 addCall should be used instead!
2023-05-22 08:14:30		Doku_Handler::_addCall() is deprecated. It was called from syntax_plugin_wrap_div::handle() in /var/www/akdtu.dk/public_html/wiki/lib/plugins/wrap/syntax/div.php:49 addCall should be used instead!
2023-05-22 08:14:30		Doku_Handler::_addCall() is deprecated. It was called from syntax_plugin_wrap_span::handle() in /var/www/akdtu.dk/public_html/wiki/lib/plugins/wrap/syntax/span.php:47 addCall should be used instead!
2023-05-22 08:14:30		Doku_Handler::_addCall() is deprecated. It was called from syntax_plugin_wrap_div::handle() in /var/www/akdtu.dk/public_html/wiki/lib/plugins/wrap/syntax/div.php:49 addCall should be used instead!
2023-05-22 08:14:30		Doku_Handler::_addCall() is deprecated. It was called from syntax_plugin_wrap_div::handle() in /var/www/akdtu.dk/public_html/wiki/lib/plugins/wrap/syntax/div.php:49 addCall should be used instead!
2023-05-22 08:14:30		Doku_Handler::_addCall() is deprecated. It was called from syntax_plugin_wrap_span::handle() in /var/www/akdtu.dk/public_html/wiki/lib/plugins/wrap/syntax/span.php:47 addCall should be used instead!
2023-05-22 08:14:30		Doku_Handler::_addCall() is deprecated. It was called from syntax_plugin_wrap_div::handle() in /var/www/akdtu.dk/public_html/wiki/lib/plugins/wrap/syntax/div.php:49 addCall should be used instead!
2023-05-22 08:14:30		Doku_Handler::_addCall() is deprecated. It was called from syntax_plugin_wrap_span::handle() in /var/www/akdtu.dk/public_html/wiki/lib/plugins/wrap/syntax/span.php:47 addCall should be used instead!
2023-05-22 08:14:30		Doku_Handler::_addCall() is deprecated. It was called from syntax_plugin_wrap_div::handle() in /var/www/akdtu.dk/public_html/wiki/lib/plugins/wrap/syntax/div.php:49 addCall should be used instead!
2023-05-22 08:14:30		Doku_Handler::_addCall() is deprecated. It was called from syntax_plugin_wrap_div::handle() in /var/www/akdtu.dk/public_html/wiki/lib/plugins/wrap/syntax/div.php:49 addCall should be used instead!
2023-05-22 08:14:30		Doku_Handler::_addCall() is deprecated. It was called from syntax_plugin_wrap_span::handle() in /var/www/akdtu.dk/public_html/wiki/lib/plugins/wrap/syntax/span.php:47 addCall should be used instead!
2023-05-22 08:14:30		Doku_Handler::_addCall() is deprecated. It was called from syntax_plugin_wrap_div::handle() in /var/www/akdtu.dk/public_html/wiki/lib/plugins/wrap/syntax/div.php:49 addCall should be used instead!
2023-05-22 08:14:30		Doku_Handler::_addCall() is deprecated. It was called from syntax_plugin_wrap_div::handle() in /var/www/akdtu.dk/public_html/wiki/lib/plugins/wrap/syntax/div.php:49 addCall should be used instead!
2023-05-22 08:14:30		Doku_Handler::_addCall() is deprecated. It was called from syntax_plugin_wrap_span::handle() in /var/www/akdtu.dk/public_html/wiki/lib/plugins/wrap/syntax/span.php:47 addCall should be used instead!
2023-05-22 08:14:30		Doku_Handler::_addCall() is deprecated. It was called from syntax_plugin_wrap_span::handle() in /var/www/akdtu.dk/public_html/wiki/lib/plugins/wrap/syntax/span.php:47 addCall should be used instead!
2023-05-22 08:14:30		Doku_Handler::_addCall() is deprecated. It was called from syntax_plugin_wrap_div::handle() in /var/www/akdtu.dk/public_html/wiki/lib/plugins/wrap/syntax/div.php:49 addCall should be used instead!
2023-05-22 08:14:30		dbglog() is deprecated. It was called from auth_plugin_authwordpress::getUserData() in /var/www/akdtu.dk/public_html/wiki/lib/plugins/authwordpress/auth.php:202 \dokuwiki\Logger should be used instead!
2023-05-22 08:14:37		dbglog() is deprecated. It was called from auth_plugin_authwordpress::getUserData() in /var/www/akdtu.dk/public_html/wiki/lib/plugins/authwordpress/auth.php:202 \dokuwiki\Logger should be used instead!
2023-05-22 08:15:21		dbglog() is deprecated. It was called from auth_plugin_authwordpress::getUserData() in /var/www/akdtu.dk/public_html/wiki/lib/plugins/authwordpress/auth.php:202 \dokuwiki\Logger should be used instead!
2023-05-22 08:16:32		dbglog() is deprecated. It was called from auth_plugin_authwordpress::getUserData() in /var/www/akdtu.dk/public_html/wiki/lib/plugins/authwordpress/auth.php:202 \dokuwiki\Logger should be used instead!
2023-05-22 08:16:45		dbglog() is deprecated. It was called from auth_plugin_authwordpress::getUserData() in /var/www/akdtu.dk/public_html/wiki/lib/plugins/authwordpress/auth.php:202 \dokuwiki\Logger should be used instead!
2023-05-22 08:18:45		dbglog() is deprecated. It was called from auth_plugin_authwordpress::getUserData() in /var/www/akdtu.dk/public_html/wiki/lib/plugins/authwordpress/auth.php:202 \dokuwiki\Logger should be used instead!
2023-05-22 08:18:51		dbglog() is deprecated. It was called from auth_plugin_authwordpress::getUserData() in /var/www/akdtu.dk/public_html/wiki/lib/plugins/authwordpress/auth.php:202 \dokuwiki\Logger should be used instead!
2023-05-22 08:19:04		dbglog() is deprecated. It was called from auth_plugin_authwordpress::getUserData() in /var/www/akdtu.dk/public_html/wiki/lib/plugins/authwordpress/auth.php:202 \dokuwiki\Logger should be used instead!
2023-05-22 08:20:16		dbglog() is deprecated. It was called from auth_plugin_authwordpress::getUserData() in /var/www/akdtu.dk/public_html/wiki/lib/plugins/authwordpress/auth.php:202 \dokuwiki\Logger should be used instead!
2023-05-22 08:20:21		dbglog() is deprecated. It was called from auth_plugin_authwordpress::getUserData() in /var/www/akdtu.dk/public_html/wiki/lib/plugins/authwordpress/auth.php:202 \dokuwiki\Logger should be used instead!
2023-05-22 08:21:40		dbglog() is deprecated. It was called from auth_plugin_authwordpress::getUserData() in /var/www/akdtu.dk/public_html/wiki/lib/plugins/authwordpress/auth.php:202 \dokuwiki\Logger should be used instead!
