2023-06-14 11:08:36		require(syntax.php) is deprecated. It was called from require() in /var/www/akdtu.dk/public_html/wiki/lib/plugins/anchor/syntax.php:4 Autoloading should be used instead!
2023-06-14 11:09:00		dbglog() is deprecated. It was called from auth_plugin_authwordpress::getUserData() in /var/www/akdtu.dk/public_html/wiki/lib/plugins/authwordpress/auth.php:202 \dokuwiki\Logger should be used instead!
2023-06-14 11:09:00		dbglog() is deprecated. It was called from auth_plugin_authwordpress::checkPass() in /var/www/akdtu.dk/public_html/wiki/lib/plugins/authwordpress/auth.php:125 \dokuwiki\Logger should be used instead!
2023-06-14 11:09:00		dbglog() is deprecated. It was called from auth_plugin_authwordpress::getUserData() in /var/www/akdtu.dk/public_html/wiki/lib/plugins/authwordpress/auth.php:202 \dokuwiki\Logger should be used instead!
2023-06-14 11:09:00		require(syntax.php) is deprecated. It was called from require() in /var/www/akdtu.dk/public_html/wiki/lib/plugins/anchor/syntax.php:4 Autoloading should be used instead!
2023-06-14 11:09:01		dbglog() is deprecated. It was called from auth_plugin_authwordpress::getUserData() in /var/www/akdtu.dk/public_html/wiki/lib/plugins/authwordpress/auth.php:202 \dokuwiki\Logger should be used instead!
2023-06-14 11:09:12		require(syntax.php) is deprecated. It was called from require() in /var/www/akdtu.dk/public_html/wiki/lib/plugins/anchor/syntax.php:4 Autoloading should be used instead!
2023-06-14 11:09:12		dbglog() is deprecated. It was called from auth_plugin_authwordpress::getUserData() in /var/www/akdtu.dk/public_html/wiki/lib/plugins/authwordpress/auth.php:202 \dokuwiki\Logger should be used instead!
2023-06-14 11:10:01		require(syntax.php) is deprecated. It was called from require() in /var/www/akdtu.dk/public_html/wiki/lib/plugins/anchor/syntax.php:4 Autoloading should be used instead!
2023-06-14 11:10:02		Doku_Handler::_addCall() is deprecated. It was called from syntax_plugin_wrap_div::handle() in /var/www/akdtu.dk/public_html/wiki/lib/plugins/wrap/syntax/div.php:49 addCall should be used instead!
2023-06-14 11:10:02		Doku_Handler::_addCall() is deprecated. It was called from syntax_plugin_wrap_div::handle() in /var/www/akdtu.dk/public_html/wiki/lib/plugins/wrap/syntax/div.php:49 addCall should be used instead!
2023-06-14 11:10:02		Doku_Handler::_addCall() is deprecated. It was called from syntax_plugin_wrap_div::handle() in /var/www/akdtu.dk/public_html/wiki/lib/plugins/wrap/syntax/div.php:49 addCall should be used instead!
2023-06-14 11:10:02		dbglog() is deprecated. It was called from auth_plugin_authwordpress::getUserData() in /var/www/akdtu.dk/public_html/wiki/lib/plugins/authwordpress/auth.php:202 \dokuwiki\Logger should be used instead!
2023-06-14 11:10:03		require(syntax.php) is deprecated. It was called from require() in /var/www/akdtu.dk/public_html/wiki/lib/plugins/anchor/syntax.php:4 Autoloading should be used instead!
2023-06-14 11:10:09		require(syntax.php) is deprecated. It was called from require() in /var/www/akdtu.dk/public_html/wiki/lib/plugins/anchor/syntax.php:4 Autoloading should be used instead!
2023-06-14 11:11:40		require(syntax.php) is deprecated. It was called from require() in /var/www/akdtu.dk/public_html/wiki/lib/plugins/anchor/syntax.php:4 Autoloading should be used instead!
2023-06-14 11:11:40		Doku_Handler::_addCall() is deprecated. It was called from syntax_plugin_wrap_div::handle() in /var/www/akdtu.dk/public_html/wiki/lib/plugins/wrap/syntax/div.php:49 addCall should be used instead!
2023-06-14 11:11:49		require(syntax.php) is deprecated. It was called from require() in /var/www/akdtu.dk/public_html/wiki/lib/plugins/anchor/syntax.php:4 Autoloading should be used instead!
2023-06-14 11:11:49		Doku_Handler::_addCall() is deprecated. It was called from syntax_plugin_wrap_div::handle() in /var/www/akdtu.dk/public_html/wiki/lib/plugins/wrap/syntax/div.php:49 addCall should be used instead!
2023-06-14 11:12:01		require(syntax.php) is deprecated. It was called from require() in /var/www/akdtu.dk/public_html/wiki/lib/plugins/anchor/syntax.php:4 Autoloading should be used instead!
2023-06-14 11:12:01		Doku_Handler::_addCall() is deprecated. It was called from syntax_plugin_wrap_div::handle() in /var/www/akdtu.dk/public_html/wiki/lib/plugins/wrap/syntax/div.php:49 addCall should be used instead!
2023-06-14 11:12:11		require(syntax.php) is deprecated. It was called from require() in /var/www/akdtu.dk/public_html/wiki/lib/plugins/anchor/syntax.php:4 Autoloading should be used instead!
2023-06-14 11:12:48		require(syntax.php) is deprecated. It was called from require() in /var/www/akdtu.dk/public_html/wiki/lib/plugins/anchor/syntax.php:4 Autoloading should be used instead!
2023-06-14 11:12:56		require(syntax.php) is deprecated. It was called from require() in /var/www/akdtu.dk/public_html/wiki/lib/plugins/anchor/syntax.php:4 Autoloading should be used instead!
2023-06-14 11:13:03		require(syntax.php) is deprecated. It was called from require() in /var/www/akdtu.dk/public_html/wiki/lib/plugins/anchor/syntax.php:4 Autoloading should be used instead!
2023-06-14 11:13:49		require(syntax.php) is deprecated. It was called from require() in /var/www/akdtu.dk/public_html/wiki/lib/plugins/anchor/syntax.php:4 Autoloading should be used instead!
2023-06-14 11:15:14		require(syntax.php) is deprecated. It was called from require() in /var/www/akdtu.dk/public_html/wiki/lib/plugins/anchor/syntax.php:4 Autoloading should be used instead!
2023-06-14 11:18:29		require(syntax.php) is deprecated. It was called from require() in /var/www/akdtu.dk/public_html/wiki/lib/plugins/anchor/syntax.php:4 Autoloading should be used instead!
2023-06-14 11:19:37		require(syntax.php) is deprecated. It was called from require() in /var/www/akdtu.dk/public_html/wiki/lib/plugins/anchor/syntax.php:4 Autoloading should be used instead!
2023-06-14 11:19:57		require(syntax.php) is deprecated. It was called from require() in /var/www/akdtu.dk/public_html/wiki/lib/plugins/anchor/syntax.php:4 Autoloading should be used instead!
2023-06-14 11:20:12		require(syntax.php) is deprecated. It was called from require() in /var/www/akdtu.dk/public_html/wiki/lib/plugins/anchor/syntax.php:4 Autoloading should be used instead!
2023-06-14 11:20:22		require(syntax.php) is deprecated. It was called from require() in /var/www/akdtu.dk/public_html/wiki/lib/plugins/anchor/syntax.php:4 Autoloading should be used instead!
2023-06-14 11:20:40		require(syntax.php) is deprecated. It was called from require() in /var/www/akdtu.dk/public_html/wiki/lib/plugins/anchor/syntax.php:4 Autoloading should be used instead!
2023-06-14 11:21:07		require(syntax.php) is deprecated. It was called from require() in /var/www/akdtu.dk/public_html/wiki/lib/plugins/anchor/syntax.php:4 Autoloading should be used instead!
2023-06-14 11:21:18		require(syntax.php) is deprecated. It was called from require() in /var/www/akdtu.dk/public_html/wiki/lib/plugins/anchor/syntax.php:4 Autoloading should be used instead!
2023-06-14 11:24:36		dbglog() is deprecated. It was called from auth_plugin_authwordpress::getUserData() in /var/www/akdtu.dk/public_html/wiki/lib/plugins/authwordpress/auth.php:202 \dokuwiki\Logger should be used instead!
2023-06-14 11:24:36		dbglog() is deprecated. It was called from auth_plugin_authwordpress::checkPass() in /var/www/akdtu.dk/public_html/wiki/lib/plugins/authwordpress/auth.php:125 \dokuwiki\Logger should be used instead!
2023-06-14 11:24:36		dbglog() is deprecated. It was called from auth_plugin_authwordpress::getUserData() in /var/www/akdtu.dk/public_html/wiki/lib/plugins/authwordpress/auth.php:202 \dokuwiki\Logger should be used instead!
2023-06-14 11:27:38		require(syntax.php) is deprecated. It was called from require() in /var/www/akdtu.dk/public_html/wiki/lib/plugins/anchor/syntax.php:4 Autoloading should be used instead!
2023-06-14 11:28:58		require(syntax.php) is deprecated. It was called from require() in /var/www/akdtu.dk/public_html/wiki/lib/plugins/anchor/syntax.php:4 Autoloading should be used instead!
2023-06-14 11:31:10		require(syntax.php) is deprecated. It was called from require() in /var/www/akdtu.dk/public_html/wiki/lib/plugins/anchor/syntax.php:4 Autoloading should be used instead!
2023-06-14 11:32:02		require(syntax.php) is deprecated. It was called from require() in /var/www/akdtu.dk/public_html/wiki/lib/plugins/anchor/syntax.php:4 Autoloading should be used instead!
2023-06-14 11:33:12		require(syntax.php) is deprecated. It was called from require() in /var/www/akdtu.dk/public_html/wiki/lib/plugins/anchor/syntax.php:4 Autoloading should be used instead!
2023-06-14 11:33:12		Doku_Handler::_addCall() is deprecated. It was called from syntax_plugin_wrap_div::handle() in /var/www/akdtu.dk/public_html/wiki/lib/plugins/wrap/syntax/div.php:49 addCall should be used instead!
2023-06-14 11:33:24		require(syntax.php) is deprecated. It was called from require() in /var/www/akdtu.dk/public_html/wiki/lib/plugins/anchor/syntax.php:4 Autoloading should be used instead!
2023-06-14 11:33:24		Doku_Handler::_addCall() is deprecated. It was called from syntax_plugin_wrap_div::handle() in /var/www/akdtu.dk/public_html/wiki/lib/plugins/wrap/syntax/div.php:49 addCall should be used instead!
2023-06-14 11:33:44		require(syntax.php) is deprecated. It was called from require() in /var/www/akdtu.dk/public_html/wiki/lib/plugins/anchor/syntax.php:4 Autoloading should be used instead!
2023-06-14 11:33:44		Doku_Handler::_addCall() is deprecated. It was called from syntax_plugin_wrap_div::handle() in /var/www/akdtu.dk/public_html/wiki/lib/plugins/wrap/syntax/div.php:49 addCall should be used instead!
2023-06-14 11:33:52		require(syntax.php) is deprecated. It was called from require() in /var/www/akdtu.dk/public_html/wiki/lib/plugins/anchor/syntax.php:4 Autoloading should be used instead!
2023-06-14 11:33:52		Doku_Handler::_addCall() is deprecated. It was called from syntax_plugin_wrap_div::handle() in /var/www/akdtu.dk/public_html/wiki/lib/plugins/wrap/syntax/div.php:49 addCall should be used instead!
2023-06-14 11:34:05		require(syntax.php) is deprecated. It was called from require() in /var/www/akdtu.dk/public_html/wiki/lib/plugins/anchor/syntax.php:4 Autoloading should be used instead!
2023-06-14 11:34:05		Doku_Handler::_addCall() is deprecated. It was called from syntax_plugin_wrap_div::handle() in /var/www/akdtu.dk/public_html/wiki/lib/plugins/wrap/syntax/div.php:49 addCall should be used instead!
2023-06-14 11:34:15		require(syntax.php) is deprecated. It was called from require() in /var/www/akdtu.dk/public_html/wiki/lib/plugins/anchor/syntax.php:4 Autoloading should be used instead!
2023-06-14 11:34:15		Doku_Handler::_addCall() is deprecated. It was called from syntax_plugin_wrap_div::handle() in /var/www/akdtu.dk/public_html/wiki/lib/plugins/wrap/syntax/div.php:49 addCall should be used instead!
2023-06-14 11:34:29		require(syntax.php) is deprecated. It was called from require() in /var/www/akdtu.dk/public_html/wiki/lib/plugins/anchor/syntax.php:4 Autoloading should be used instead!
2023-06-14 11:34:29		Doku_Handler::_addCall() is deprecated. It was called from syntax_plugin_wrap_div::handle() in /var/www/akdtu.dk/public_html/wiki/lib/plugins/wrap/syntax/div.php:49 addCall should be used instead!
2023-06-14 11:34:29		Doku_Handler::_addCall() is deprecated. It was called from syntax_plugin_wrap_div::handle() in /var/www/akdtu.dk/public_html/wiki/lib/plugins/wrap/syntax/div.php:49 addCall should be used instead!
2023-06-14 11:34:29		Doku_Handler::_addCall() is deprecated. It was called from syntax_plugin_wrap_div::handle() in /var/www/akdtu.dk/public_html/wiki/lib/plugins/wrap/syntax/div.php:49 addCall should be used instead!
2023-06-14 11:34:29		Doku_Handler::_addCall() is deprecated. It was called from syntax_plugin_wrap_div::handle() in /var/www/akdtu.dk/public_html/wiki/lib/plugins/wrap/syntax/div.php:49 addCall should be used instead!
2023-06-14 11:34:29		Doku_Handler::_addCall() is deprecated. It was called from syntax_plugin_wrap_div::handle() in /var/www/akdtu.dk/public_html/wiki/lib/plugins/wrap/syntax/div.php:49 addCall should be used instead!
2023-06-14 11:34:29		Doku_Handler::_addCall() is deprecated. It was called from syntax_plugin_wrap_div::handle() in /var/www/akdtu.dk/public_html/wiki/lib/plugins/wrap/syntax/div.php:49 addCall should be used instead!
2023-06-14 11:34:29		Doku_Handler::_addCall() is deprecated. It was called from syntax_plugin_wrap_div::handle() in /var/www/akdtu.dk/public_html/wiki/lib/plugins/wrap/syntax/div.php:49 addCall should be used instead!
2023-06-14 11:34:29		dbglog() is deprecated. It was called from auth_plugin_authwordpress::getUserData() in /var/www/akdtu.dk/public_html/wiki/lib/plugins/authwordpress/auth.php:202 \dokuwiki\Logger should be used instead!
2023-06-14 11:34:29		require(syntax.php) is deprecated. It was called from require() in /var/www/akdtu.dk/public_html/wiki/lib/plugins/anchor/syntax.php:4 Autoloading should be used instead!
2023-06-14 11:34:29		Doku_Handler::_addCall() is deprecated. It was called from syntax_plugin_wrap_div::handle() in /var/www/akdtu.dk/public_html/wiki/lib/plugins/wrap/syntax/div.php:49 addCall should be used instead!
2023-06-14 11:34:34		require(syntax.php) is deprecated. It was called from require() in /var/www/akdtu.dk/public_html/wiki/lib/plugins/anchor/syntax.php:4 Autoloading should be used instead!
2023-06-14 11:34:34		Doku_Handler::_addCall() is deprecated. It was called from syntax_plugin_wrap_div::handle() in /var/www/akdtu.dk/public_html/wiki/lib/plugins/wrap/syntax/div.php:49 addCall should be used instead!
2023-06-14 11:37:00		dbglog() is deprecated. It was called from auth_plugin_authwordpress::getUserData() in /var/www/akdtu.dk/public_html/wiki/lib/plugins/authwordpress/auth.php:202 \dokuwiki\Logger should be used instead!
2023-06-14 11:37:14		require(syntax.php) is deprecated. It was called from require() in /var/www/akdtu.dk/public_html/wiki/lib/plugins/anchor/syntax.php:4 Autoloading should be used instead!
2023-06-14 11:37:14		Doku_Handler::_addCall() is deprecated. It was called from syntax_plugin_wrap_div::handle() in /var/www/akdtu.dk/public_html/wiki/lib/plugins/wrap/syntax/div.php:49 addCall should be used instead!
2023-06-14 11:37:14		dbglog() is deprecated. It was called from auth_plugin_authwordpress::getUserData() in /var/www/akdtu.dk/public_html/wiki/lib/plugins/authwordpress/auth.php:202 \dokuwiki\Logger should be used instead!
2023-06-14 11:37:55		require(syntax.php) is deprecated. It was called from require() in /var/www/akdtu.dk/public_html/wiki/lib/plugins/anchor/syntax.php:4 Autoloading should be used instead!
2023-06-14 11:37:55		Doku_Handler::_addCall() is deprecated. It was called from syntax_plugin_wrap_div::handle() in /var/www/akdtu.dk/public_html/wiki/lib/plugins/wrap/syntax/div.php:49 addCall should be used instead!
2023-06-14 11:37:55		dbglog() is deprecated. It was called from auth_plugin_authwordpress::getUserData() in /var/www/akdtu.dk/public_html/wiki/lib/plugins/authwordpress/auth.php:202 \dokuwiki\Logger should be used instead!
2023-06-14 11:38:04		require(syntax.php) is deprecated. It was called from require() in /var/www/akdtu.dk/public_html/wiki/lib/plugins/anchor/syntax.php:4 Autoloading should be used instead!
2023-06-14 11:38:04		Doku_Handler::_addCall() is deprecated. It was called from syntax_plugin_wrap_div::handle() in /var/www/akdtu.dk/public_html/wiki/lib/plugins/wrap/syntax/div.php:49 addCall should be used instead!
2023-06-14 11:38:04		dbglog() is deprecated. It was called from auth_plugin_authwordpress::getUserData() in /var/www/akdtu.dk/public_html/wiki/lib/plugins/authwordpress/auth.php:202 \dokuwiki\Logger should be used instead!
2023-06-14 11:38:08		require(syntax.php) is deprecated. It was called from require() in /var/www/akdtu.dk/public_html/wiki/lib/plugins/anchor/syntax.php:4 Autoloading should be used instead!
2023-06-14 11:38:08		Doku_Handler::_addCall() is deprecated. It was called from syntax_plugin_wrap_div::handle() in /var/www/akdtu.dk/public_html/wiki/lib/plugins/wrap/syntax/div.php:49 addCall should be used instead!
2023-06-14 11:38:08		dbglog() is deprecated. It was called from auth_plugin_authwordpress::getUserData() in /var/www/akdtu.dk/public_html/wiki/lib/plugins/authwordpress/auth.php:202 \dokuwiki\Logger should be used instead!
2023-06-14 11:38:15		require(syntax.php) is deprecated. It was called from require() in /var/www/akdtu.dk/public_html/wiki/lib/plugins/pagebreak/syntax.php:12 Autoloading should be used instead!
2023-06-14 11:38:15		dbglog() is deprecated. It was called from auth_plugin_authwordpress::getUserData() in /var/www/akdtu.dk/public_html/wiki/lib/plugins/authwordpress/auth.php:202 \dokuwiki\Logger should be used instead!
2023-06-14 11:38:18		dbglog() is deprecated. It was called from auth_plugin_authwordpress::getUserData() in /var/www/akdtu.dk/public_html/wiki/lib/plugins/authwordpress/auth.php:202 \dokuwiki\Logger should be used instead!
2023-06-14 11:45:29		dbglog() is deprecated. It was called from auth_plugin_authwordpress::getUserData() in /var/www/akdtu.dk/public_html/wiki/lib/plugins/authwordpress/auth.php:202 \dokuwiki\Logger should be used instead!
2023-06-14 11:45:29		dbglog() is deprecated. It was called from auth_plugin_authwordpress::checkPass() in /var/www/akdtu.dk/public_html/wiki/lib/plugins/authwordpress/auth.php:125 \dokuwiki\Logger should be used instead!
2023-06-14 11:45:29		dbglog() is deprecated. It was called from auth_plugin_authwordpress::getUserData() in /var/www/akdtu.dk/public_html/wiki/lib/plugins/authwordpress/auth.php:202 \dokuwiki\Logger should be used instead!
2023-06-14 11:45:29		dbglog() is deprecated. It was called from auth_plugin_authwordpress::getUserData() in /var/www/akdtu.dk/public_html/wiki/lib/plugins/authwordpress/auth.php:202 \dokuwiki\Logger should be used instead!
2023-06-14 11:45:44		require(syntax.php) is deprecated. It was called from require() in /var/www/akdtu.dk/public_html/wiki/lib/plugins/anchor/syntax.php:4 Autoloading should be used instead!
2023-06-14 11:45:44		Doku_Handler::_addCall() is deprecated. It was called from syntax_plugin_wrap_div::handle() in /var/www/akdtu.dk/public_html/wiki/lib/plugins/wrap/syntax/div.php:49 addCall should be used instead!
2023-06-14 11:45:44		dbglog() is deprecated. It was called from auth_plugin_authwordpress::getUserData() in /var/www/akdtu.dk/public_html/wiki/lib/plugins/authwordpress/auth.php:202 \dokuwiki\Logger should be used instead!
2023-06-14 11:49:28		require(syntax.php) is deprecated. It was called from require() in /var/www/akdtu.dk/public_html/wiki/lib/plugins/anchor/syntax.php:4 Autoloading should be used instead!
2023-06-14 11:49:28		Doku_Handler::_addCall() is deprecated. It was called from syntax_plugin_wrap_div::handle() in /var/www/akdtu.dk/public_html/wiki/lib/plugins/wrap/syntax/div.php:49 addCall should be used instead!
2023-06-14 11:49:28		dbglog() is deprecated. It was called from auth_plugin_authwordpress::getUserData() in /var/www/akdtu.dk/public_html/wiki/lib/plugins/authwordpress/auth.php:202 \dokuwiki\Logger should be used instead!
2023-06-14 11:49:42		require(syntax.php) is deprecated. It was called from require() in /var/www/akdtu.dk/public_html/wiki/lib/plugins/anchor/syntax.php:4 Autoloading should be used instead!
2023-06-14 11:49:42		Doku_Handler::_addCall() is deprecated. It was called from syntax_plugin_wrap_div::handle() in /var/www/akdtu.dk/public_html/wiki/lib/plugins/wrap/syntax/div.php:49 addCall should be used instead!
2023-06-14 11:49:42		Doku_Handler::_addCall() is deprecated. It was called from syntax_plugin_wrap_div::handle() in /var/www/akdtu.dk/public_html/wiki/lib/plugins/wrap/syntax/div.php:49 addCall should be used instead!
2023-06-14 11:49:42		Doku_Handler::_addCall() is deprecated. It was called from syntax_plugin_wrap_div::handle() in /var/www/akdtu.dk/public_html/wiki/lib/plugins/wrap/syntax/div.php:49 addCall should be used instead!
2023-06-14 11:49:42		dbglog() is deprecated. It was called from auth_plugin_authwordpress::getUserData() in /var/www/akdtu.dk/public_html/wiki/lib/plugins/authwordpress/auth.php:202 \dokuwiki\Logger should be used instead!
2023-06-14 11:49:49		dbglog() is deprecated. It was called from auth_plugin_authwordpress::getUserData() in /var/www/akdtu.dk/public_html/wiki/lib/plugins/authwordpress/auth.php:202 \dokuwiki\Logger should be used instead!
2023-06-14 11:49:56		dbglog() is deprecated. It was called from auth_plugin_authwordpress::getUserData() in /var/www/akdtu.dk/public_html/wiki/lib/plugins/authwordpress/auth.php:202 \dokuwiki\Logger should be used instead!
2023-06-14 11:50:20		require(syntax.php) is deprecated. It was called from require() in /var/www/akdtu.dk/public_html/wiki/lib/plugins/anchor/syntax.php:4 Autoloading should be used instead!
2023-06-14 11:50:20		Doku_Handler::_addCall() is deprecated. It was called from syntax_plugin_wrap_div::handle() in /var/www/akdtu.dk/public_html/wiki/lib/plugins/wrap/syntax/div.php:49 addCall should be used instead!
2023-06-14 11:50:20		Doku_Handler::_addCall() is deprecated. It was called from syntax_plugin_wrap_div::handle() in /var/www/akdtu.dk/public_html/wiki/lib/plugins/wrap/syntax/div.php:49 addCall should be used instead!
2023-06-14 11:50:20		Doku_Handler::_addCall() is deprecated. It was called from syntax_plugin_wrap_div::handle() in /var/www/akdtu.dk/public_html/wiki/lib/plugins/wrap/syntax/div.php:49 addCall should be used instead!
2023-06-14 11:50:20		Doku_Handler::_addCall() is deprecated. It was called from syntax_plugin_wrap_div::handle() in /var/www/akdtu.dk/public_html/wiki/lib/plugins/wrap/syntax/div.php:49 addCall should be used instead!
2023-06-14 11:50:20		Doku_Handler::_addCall() is deprecated. It was called from syntax_plugin_wrap_div::handle() in /var/www/akdtu.dk/public_html/wiki/lib/plugins/wrap/syntax/div.php:49 addCall should be used instead!
2023-06-14 11:50:20		Doku_Handler::_addCall() is deprecated. It was called from syntax_plugin_wrap_div::handle() in /var/www/akdtu.dk/public_html/wiki/lib/plugins/wrap/syntax/div.php:49 addCall should be used instead!
2023-06-14 11:50:20		Doku_Handler::_addCall() is deprecated. It was called from syntax_plugin_wrap_div::handle() in /var/www/akdtu.dk/public_html/wiki/lib/plugins/wrap/syntax/div.php:49 addCall should be used instead!
2023-06-14 11:50:20		Doku_Handler::_addCall() is deprecated. It was called from syntax_plugin_wrap_div::handle() in /var/www/akdtu.dk/public_html/wiki/lib/plugins/wrap/syntax/div.php:49 addCall should be used instead!
2023-06-14 11:50:20		Doku_Handler::_addCall() is deprecated. It was called from syntax_plugin_wrap_div::handle() in /var/www/akdtu.dk/public_html/wiki/lib/plugins/wrap/syntax/div.php:49 addCall should be used instead!
2023-06-14 11:50:20		dbglog() is deprecated. It was called from auth_plugin_authwordpress::getUserData() in /var/www/akdtu.dk/public_html/wiki/lib/plugins/authwordpress/auth.php:202 \dokuwiki\Logger should be used instead!
2023-06-14 11:50:20		require(syntax.php) is deprecated. It was called from require() in /var/www/akdtu.dk/public_html/wiki/lib/plugins/anchor/syntax.php:4 Autoloading should be used instead!
2023-06-14 11:50:27		require(syntax.php) is deprecated. It was called from require() in /var/www/akdtu.dk/public_html/wiki/lib/plugins/anchor/syntax.php:4 Autoloading should be used instead!
2023-06-14 11:50:27		Doku_Handler::_addCall() is deprecated. It was called from syntax_plugin_wrap_div::handle() in /var/www/akdtu.dk/public_html/wiki/lib/plugins/wrap/syntax/div.php:49 addCall should be used instead!
2023-06-14 11:50:27		Doku_Handler::_addCall() is deprecated. It was called from syntax_plugin_wrap_div::handle() in /var/www/akdtu.dk/public_html/wiki/lib/plugins/wrap/syntax/div.php:49 addCall should be used instead!
2023-06-14 11:50:27		Doku_Handler::_addCall() is deprecated. It was called from syntax_plugin_wrap_div::handle() in /var/www/akdtu.dk/public_html/wiki/lib/plugins/wrap/syntax/div.php:49 addCall should be used instead!
2023-06-14 11:50:27		Doku_Handler::_addCall() is deprecated. It was called from syntax_plugin_wrap_div::handle() in /var/www/akdtu.dk/public_html/wiki/lib/plugins/wrap/syntax/div.php:49 addCall should be used instead!
2023-06-14 11:50:27		Doku_Handler::_addCall() is deprecated. It was called from syntax_plugin_wrap_div::handle() in /var/www/akdtu.dk/public_html/wiki/lib/plugins/wrap/syntax/div.php:49 addCall should be used instead!
2023-06-14 11:50:27		Doku_Handler::_addCall() is deprecated. It was called from syntax_plugin_wrap_div::handle() in /var/www/akdtu.dk/public_html/wiki/lib/plugins/wrap/syntax/div.php:49 addCall should be used instead!
2023-06-14 11:50:27		Doku_Handler::_addCall() is deprecated. It was called from syntax_plugin_wrap_div::handle() in /var/www/akdtu.dk/public_html/wiki/lib/plugins/wrap/syntax/div.php:49 addCall should be used instead!
2023-06-14 11:50:27		Doku_Handler::_addCall() is deprecated. It was called from syntax_plugin_wrap_div::handle() in /var/www/akdtu.dk/public_html/wiki/lib/plugins/wrap/syntax/div.php:49 addCall should be used instead!
2023-06-14 11:50:27		Doku_Handler::_addCall() is deprecated. It was called from syntax_plugin_wrap_div::handle() in /var/www/akdtu.dk/public_html/wiki/lib/plugins/wrap/syntax/div.php:49 addCall should be used instead!
2023-06-14 11:50:27		Doku_Handler::_addCall() is deprecated. It was called from syntax_plugin_wrap_div::handle() in /var/www/akdtu.dk/public_html/wiki/lib/plugins/wrap/syntax/div.php:49 addCall should be used instead!
2023-06-14 11:50:27		Doku_Handler::_addCall() is deprecated. It was called from syntax_plugin_wrap_div::handle() in /var/www/akdtu.dk/public_html/wiki/lib/plugins/wrap/syntax/div.php:49 addCall should be used instead!
2023-06-14 11:50:27		Doku_Handler::_addCall() is deprecated. It was called from syntax_plugin_wrap_div::handle() in /var/www/akdtu.dk/public_html/wiki/lib/plugins/wrap/syntax/div.php:49 addCall should be used instead!
2023-06-14 11:50:27		Doku_Handler::_addCall() is deprecated. It was called from syntax_plugin_wrap_div::handle() in /var/www/akdtu.dk/public_html/wiki/lib/plugins/wrap/syntax/div.php:49 addCall should be used instead!
2023-06-14 11:50:27		Doku_Handler::_addCall() is deprecated. It was called from syntax_plugin_wrap_div::handle() in /var/www/akdtu.dk/public_html/wiki/lib/plugins/wrap/syntax/div.php:49 addCall should be used instead!
2023-06-14 11:50:27		Doku_Handler::_addCall() is deprecated. It was called from syntax_plugin_wrap_div::handle() in /var/www/akdtu.dk/public_html/wiki/lib/plugins/wrap/syntax/div.php:49 addCall should be used instead!
2023-06-14 11:50:27		Doku_Handler::_addCall() is deprecated. It was called from syntax_plugin_wrap_div::handle() in /var/www/akdtu.dk/public_html/wiki/lib/plugins/wrap/syntax/div.php:49 addCall should be used instead!
2023-06-14 11:50:27		Doku_Handler::_addCall() is deprecated. It was called from syntax_plugin_wrap_div::handle() in /var/www/akdtu.dk/public_html/wiki/lib/plugins/wrap/syntax/div.php:49 addCall should be used instead!
2023-06-14 11:50:27		Doku_Handler::_addCall() is deprecated. It was called from syntax_plugin_wrap_div::handle() in /var/www/akdtu.dk/public_html/wiki/lib/plugins/wrap/syntax/div.php:49 addCall should be used instead!
2023-06-14 11:50:27		Doku_Handler::_addCall() is deprecated. It was called from syntax_plugin_wrap_div::handle() in /var/www/akdtu.dk/public_html/wiki/lib/plugins/wrap/syntax/div.php:49 addCall should be used instead!
2023-06-14 11:50:27		Doku_Handler::_addCall() is deprecated. It was called from syntax_plugin_wrap_div::handle() in /var/www/akdtu.dk/public_html/wiki/lib/plugins/wrap/syntax/div.php:49 addCall should be used instead!
2023-06-14 11:50:27		Doku_Handler::_addCall() is deprecated. It was called from syntax_plugin_wrap_div::handle() in /var/www/akdtu.dk/public_html/wiki/lib/plugins/wrap/syntax/div.php:49 addCall should be used instead!
2023-06-14 11:50:27		Doku_Handler::_addCall() is deprecated. It was called from syntax_plugin_wrap_div::handle() in /var/www/akdtu.dk/public_html/wiki/lib/plugins/wrap/syntax/div.php:49 addCall should be used instead!
2023-06-14 11:50:27		Doku_Handler::_addCall() is deprecated. It was called from syntax_plugin_wrap_div::handle() in /var/www/akdtu.dk/public_html/wiki/lib/plugins/wrap/syntax/div.php:49 addCall should be used instead!
2023-06-14 11:50:27		Doku_Handler::_addCall() is deprecated. It was called from syntax_plugin_wrap_div::handle() in /var/www/akdtu.dk/public_html/wiki/lib/plugins/wrap/syntax/div.php:49 addCall should be used instead!
2023-06-14 11:50:27		Doku_Handler::_addCall() is deprecated. It was called from syntax_plugin_wrap_div::handle() in /var/www/akdtu.dk/public_html/wiki/lib/plugins/wrap/syntax/div.php:49 addCall should be used instead!
2023-06-14 11:50:27		Doku_Handler::_addCall() is deprecated. It was called from syntax_plugin_wrap_div::handle() in /var/www/akdtu.dk/public_html/wiki/lib/plugins/wrap/syntax/div.php:49 addCall should be used instead!
2023-06-14 11:50:27		Doku_Handler::_addCall() is deprecated. It was called from syntax_plugin_wrap_div::handle() in /var/www/akdtu.dk/public_html/wiki/lib/plugins/wrap/syntax/div.php:49 addCall should be used instead!
2023-06-14 11:50:27		Doku_Handler::_addCall() is deprecated. It was called from syntax_plugin_wrap_div::handle() in /var/www/akdtu.dk/public_html/wiki/lib/plugins/wrap/syntax/div.php:49 addCall should be used instead!
2023-06-14 11:50:27		Doku_Handler::_addCall() is deprecated. It was called from syntax_plugin_wrap_div::handle() in /var/www/akdtu.dk/public_html/wiki/lib/plugins/wrap/syntax/div.php:49 addCall should be used instead!
2023-06-14 11:50:27		Doku_Handler::_addCall() is deprecated. It was called from syntax_plugin_wrap_div::handle() in /var/www/akdtu.dk/public_html/wiki/lib/plugins/wrap/syntax/div.php:49 addCall should be used instead!
2023-06-14 11:50:27		Doku_Handler::_addCall() is deprecated. It was called from syntax_plugin_wrap_div::handle() in /var/www/akdtu.dk/public_html/wiki/lib/plugins/wrap/syntax/div.php:49 addCall should be used instead!
2023-06-14 11:50:27		Doku_Handler::_addCall() is deprecated. It was called from syntax_plugin_wrap_div::handle() in /var/www/akdtu.dk/public_html/wiki/lib/plugins/wrap/syntax/div.php:49 addCall should be used instead!
2023-06-14 11:50:27		Doku_Handler::_addCall() is deprecated. It was called from syntax_plugin_wrap_div::handle() in /var/www/akdtu.dk/public_html/wiki/lib/plugins/wrap/syntax/div.php:49 addCall should be used instead!
2023-06-14 11:50:27		Doku_Handler::_addCall() is deprecated. It was called from syntax_plugin_wrap_div::handle() in /var/www/akdtu.dk/public_html/wiki/lib/plugins/wrap/syntax/div.php:49 addCall should be used instead!
2023-06-14 11:50:27		Doku_Handler::_addCall() is deprecated. It was called from syntax_plugin_wrap_div::handle() in /var/www/akdtu.dk/public_html/wiki/lib/plugins/wrap/syntax/div.php:49 addCall should be used instead!
2023-06-14 11:50:27		Doku_Handler::_addCall() is deprecated. It was called from syntax_plugin_wrap_div::handle() in /var/www/akdtu.dk/public_html/wiki/lib/plugins/wrap/syntax/div.php:49 addCall should be used instead!
2023-06-14 11:50:28		Doku_Handler::_addCall() is deprecated. It was called from syntax_plugin_wrap_div::handle() in /var/www/akdtu.dk/public_html/wiki/lib/plugins/wrap/syntax/div.php:49 addCall should be used instead!
2023-06-14 11:50:28		Doku_Handler::_addCall() is deprecated. It was called from syntax_plugin_wrap_div::handle() in /var/www/akdtu.dk/public_html/wiki/lib/plugins/wrap/syntax/div.php:49 addCall should be used instead!
2023-06-14 11:50:28		Doku_Handler::_addCall() is deprecated. It was called from syntax_plugin_wrap_div::handle() in /var/www/akdtu.dk/public_html/wiki/lib/plugins/wrap/syntax/div.php:49 addCall should be used instead!
2023-06-14 11:50:28		Doku_Handler::_addCall() is deprecated. It was called from syntax_plugin_wrap_div::handle() in /var/www/akdtu.dk/public_html/wiki/lib/plugins/wrap/syntax/div.php:49 addCall should be used instead!
2023-06-14 11:50:28		Doku_Handler::_addCall() is deprecated. It was called from syntax_plugin_wrap_div::handle() in /var/www/akdtu.dk/public_html/wiki/lib/plugins/wrap/syntax/div.php:49 addCall should be used instead!
2023-06-14 11:50:28		Doku_Handler::_addCall() is deprecated. It was called from syntax_plugin_wrap_div::handle() in /var/www/akdtu.dk/public_html/wiki/lib/plugins/wrap/syntax/div.php:49 addCall should be used instead!
2023-06-14 11:50:28		Doku_Handler::_addCall() is deprecated. It was called from syntax_plugin_wrap_div::handle() in /var/www/akdtu.dk/public_html/wiki/lib/plugins/wrap/syntax/div.php:49 addCall should be used instead!
2023-06-14 11:50:28		Doku_Handler::_addCall() is deprecated. It was called from syntax_plugin_wrap_div::handle() in /var/www/akdtu.dk/public_html/wiki/lib/plugins/wrap/syntax/div.php:49 addCall should be used instead!
2023-06-14 11:50:28		dbglog() is deprecated. It was called from auth_plugin_authwordpress::getUserData() in /var/www/akdtu.dk/public_html/wiki/lib/plugins/authwordpress/auth.php:202 \dokuwiki\Logger should be used instead!
2023-06-14 11:53:06		dbglog() is deprecated. It was called from auth_plugin_authwordpress::getUserData() in /var/www/akdtu.dk/public_html/wiki/lib/plugins/authwordpress/auth.php:202 \dokuwiki\Logger should be used instead!
2023-06-14 11:54:52		require(syntax.php) is deprecated. It was called from require() in /var/www/akdtu.dk/public_html/wiki/lib/plugins/anchor/syntax.php:4 Autoloading should be used instead!
2023-06-14 11:54:52		Doku_Handler::_addCall() is deprecated. It was called from syntax_plugin_wrap_div::handle() in /var/www/akdtu.dk/public_html/wiki/lib/plugins/wrap/syntax/div.php:49 addCall should be used instead!
2023-06-14 11:54:52		dbglog() is deprecated. It was called from auth_plugin_authwordpress::getUserData() in /var/www/akdtu.dk/public_html/wiki/lib/plugins/authwordpress/auth.php:202 \dokuwiki\Logger should be used instead!
2023-06-14 11:55:20		require(syntax.php) is deprecated. It was called from require() in /var/www/akdtu.dk/public_html/wiki/lib/plugins/anchor/syntax.php:4 Autoloading should be used instead!
2023-06-14 11:55:20		Doku_Handler::_addCall() is deprecated. It was called from syntax_plugin_wrap_div::handle() in /var/www/akdtu.dk/public_html/wiki/lib/plugins/wrap/syntax/div.php:49 addCall should be used instead!
2023-06-14 11:55:20		dbglog() is deprecated. It was called from auth_plugin_authwordpress::getUserData() in /var/www/akdtu.dk/public_html/wiki/lib/plugins/authwordpress/auth.php:202 \dokuwiki\Logger should be used instead!
2023-06-14 11:55:49		require(syntax.php) is deprecated. It was called from require() in /var/www/akdtu.dk/public_html/wiki/lib/plugins/anchor/syntax.php:4 Autoloading should be used instead!
2023-06-14 11:55:49		Doku_Handler::_addCall() is deprecated. It was called from syntax_plugin_wrap_div::handle() in /var/www/akdtu.dk/public_html/wiki/lib/plugins/wrap/syntax/div.php:49 addCall should be used instead!
2023-06-14 11:55:49		dbglog() is deprecated. It was called from auth_plugin_authwordpress::getUserData() in /var/www/akdtu.dk/public_html/wiki/lib/plugins/authwordpress/auth.php:202 \dokuwiki\Logger should be used instead!
2023-06-14 11:56:11		require(syntax.php) is deprecated. It was called from require() in /var/www/akdtu.dk/public_html/wiki/lib/plugins/anchor/syntax.php:4 Autoloading should be used instead!
2023-06-14 11:56:11		Doku_Handler::_addCall() is deprecated. It was called from syntax_plugin_wrap_div::handle() in /var/www/akdtu.dk/public_html/wiki/lib/plugins/wrap/syntax/div.php:49 addCall should be used instead!
2023-06-14 11:56:11		dbglog() is deprecated. It was called from auth_plugin_authwordpress::getUserData() in /var/www/akdtu.dk/public_html/wiki/lib/plugins/authwordpress/auth.php:202 \dokuwiki\Logger should be used instead!
2023-06-14 11:56:21		require(syntax.php) is deprecated. It was called from require() in /var/www/akdtu.dk/public_html/wiki/lib/plugins/anchor/syntax.php:4 Autoloading should be used instead!
2023-06-14 11:56:21		Doku_Handler::_addCall() is deprecated. It was called from syntax_plugin_wrap_div::handle() in /var/www/akdtu.dk/public_html/wiki/lib/plugins/wrap/syntax/div.php:49 addCall should be used instead!
2023-06-14 11:56:21		dbglog() is deprecated. It was called from auth_plugin_authwordpress::getUserData() in /var/www/akdtu.dk/public_html/wiki/lib/plugins/authwordpress/auth.php:202 \dokuwiki\Logger should be used instead!
2023-06-14 11:56:21		require(syntax.php) is deprecated. It was called from require() in /var/www/akdtu.dk/public_html/wiki/lib/plugins/anchor/syntax.php:4 Autoloading should be used instead!
2023-06-14 11:56:21		Doku_Handler::_addCall() is deprecated. It was called from syntax_plugin_wrap_div::handle() in /var/www/akdtu.dk/public_html/wiki/lib/plugins/wrap/syntax/div.php:49 addCall should be used instead!
2023-06-14 11:56:25		require(syntax.php) is deprecated. It was called from require() in /var/www/akdtu.dk/public_html/wiki/lib/plugins/anchor/syntax.php:4 Autoloading should be used instead!
2023-06-14 11:56:25		Doku_Handler::_addCall() is deprecated. It was called from syntax_plugin_wrap_div::handle() in /var/www/akdtu.dk/public_html/wiki/lib/plugins/wrap/syntax/div.php:49 addCall should be used instead!
2023-06-14 11:57:03		dbglog() is deprecated. It was called from auth_plugin_authwordpress::getUserData() in /var/www/akdtu.dk/public_html/wiki/lib/plugins/authwordpress/auth.php:202 \dokuwiki\Logger should be used instead!
2023-06-14 11:57:13		require(syntax.php) is deprecated. It was called from require() in /var/www/akdtu.dk/public_html/wiki/lib/plugins/anchor/syntax.php:4 Autoloading should be used instead!
2023-06-14 11:57:13		Doku_Handler::_addCall() is deprecated. It was called from syntax_plugin_wrap_div::handle() in /var/www/akdtu.dk/public_html/wiki/lib/plugins/wrap/syntax/div.php:49 addCall should be used instead!
2023-06-14 11:57:13		dbglog() is deprecated. It was called from auth_plugin_authwordpress::getUserData() in /var/www/akdtu.dk/public_html/wiki/lib/plugins/authwordpress/auth.php:202 \dokuwiki\Logger should be used instead!
2023-06-14 11:57:13		require(syntax.php) is deprecated. It was called from require() in /var/www/akdtu.dk/public_html/wiki/lib/plugins/anchor/syntax.php:4 Autoloading should be used instead!
2023-06-14 11:57:13		Doku_Handler::_addCall() is deprecated. It was called from syntax_plugin_wrap_div::handle() in /var/www/akdtu.dk/public_html/wiki/lib/plugins/wrap/syntax/div.php:49 addCall should be used instead!
2023-06-14 11:57:18		require(syntax.php) is deprecated. It was called from require() in /var/www/akdtu.dk/public_html/wiki/lib/plugins/anchor/syntax.php:4 Autoloading should be used instead!
2023-06-14 11:57:18		Doku_Handler::_addCall() is deprecated. It was called from syntax_plugin_wrap_div::handle() in /var/www/akdtu.dk/public_html/wiki/lib/plugins/wrap/syntax/div.php:49 addCall should be used instead!
2023-06-14 11:58:10		dbglog() is deprecated. It was called from auth_plugin_authwordpress::getUserData() in /var/www/akdtu.dk/public_html/wiki/lib/plugins/authwordpress/auth.php:202 \dokuwiki\Logger should be used instead!
2023-06-14 11:58:33		require(syntax.php) is deprecated. It was called from require() in /var/www/akdtu.dk/public_html/wiki/lib/plugins/anchor/syntax.php:4 Autoloading should be used instead!
2023-06-14 11:58:33		Doku_Handler::_addCall() is deprecated. It was called from syntax_plugin_wrap_div::handle() in /var/www/akdtu.dk/public_html/wiki/lib/plugins/wrap/syntax/div.php:49 addCall should be used instead!
2023-06-14 11:58:33		dbglog() is deprecated. It was called from auth_plugin_authwordpress::getUserData() in /var/www/akdtu.dk/public_html/wiki/lib/plugins/authwordpress/auth.php:202 \dokuwiki\Logger should be used instead!
2023-06-14 11:59:12		require(syntax.php) is deprecated. It was called from require() in /var/www/akdtu.dk/public_html/wiki/lib/plugins/anchor/syntax.php:4 Autoloading should be used instead!
2023-06-14 11:59:12		Doku_Handler::_addCall() is deprecated. It was called from syntax_plugin_wrap_div::handle() in /var/www/akdtu.dk/public_html/wiki/lib/plugins/wrap/syntax/div.php:49 addCall should be used instead!
2023-06-14 11:59:12		dbglog() is deprecated. It was called from auth_plugin_authwordpress::getUserData() in /var/www/akdtu.dk/public_html/wiki/lib/plugins/authwordpress/auth.php:202 \dokuwiki\Logger should be used instead!
2023-06-14 11:59:28		require(syntax.php) is deprecated. It was called from require() in /var/www/akdtu.dk/public_html/wiki/lib/plugins/anchor/syntax.php:4 Autoloading should be used instead!
2023-06-14 11:59:28		Doku_Handler::_addCall() is deprecated. It was called from syntax_plugin_wrap_div::handle() in /var/www/akdtu.dk/public_html/wiki/lib/plugins/wrap/syntax/div.php:49 addCall should be used instead!
2023-06-14 11:59:28		dbglog() is deprecated. It was called from auth_plugin_authwordpress::getUserData() in /var/www/akdtu.dk/public_html/wiki/lib/plugins/authwordpress/auth.php:202 \dokuwiki\Logger should be used instead!
2023-06-14 11:59:46		require(syntax.php) is deprecated. It was called from require() in /var/www/akdtu.dk/public_html/wiki/lib/plugins/anchor/syntax.php:4 Autoloading should be used instead!
2023-06-14 11:59:46		Doku_Handler::_addCall() is deprecated. It was called from syntax_plugin_wrap_div::handle() in /var/www/akdtu.dk/public_html/wiki/lib/plugins/wrap/syntax/div.php:49 addCall should be used instead!
2023-06-14 11:59:46		dbglog() is deprecated. It was called from auth_plugin_authwordpress::getUserData() in /var/www/akdtu.dk/public_html/wiki/lib/plugins/authwordpress/auth.php:202 \dokuwiki\Logger should be used instead!
2023-06-14 11:59:53		require(syntax.php) is deprecated. It was called from require() in /var/www/akdtu.dk/public_html/wiki/lib/plugins/anchor/syntax.php:4 Autoloading should be used instead!
2023-06-14 11:59:53		Doku_Handler::_addCall() is deprecated. It was called from syntax_plugin_wrap_div::handle() in /var/www/akdtu.dk/public_html/wiki/lib/plugins/wrap/syntax/div.php:49 addCall should be used instead!
2023-06-14 11:59:53		dbglog() is deprecated. It was called from auth_plugin_authwordpress::getUserData() in /var/www/akdtu.dk/public_html/wiki/lib/plugins/authwordpress/auth.php:202 \dokuwiki\Logger should be used instead!
2023-06-14 11:59:53		require(syntax.php) is deprecated. It was called from require() in /var/www/akdtu.dk/public_html/wiki/lib/plugins/anchor/syntax.php:4 Autoloading should be used instead!
2023-06-14 11:59:53		Doku_Handler::_addCall() is deprecated. It was called from syntax_plugin_wrap_div::handle() in /var/www/akdtu.dk/public_html/wiki/lib/plugins/wrap/syntax/div.php:49 addCall should be used instead!
2023-06-14 11:59:56		require(syntax.php) is deprecated. It was called from require() in /var/www/akdtu.dk/public_html/wiki/lib/plugins/anchor/syntax.php:4 Autoloading should be used instead!
2023-06-14 11:59:56		Doku_Handler::_addCall() is deprecated. It was called from syntax_plugin_wrap_div::handle() in /var/www/akdtu.dk/public_html/wiki/lib/plugins/wrap/syntax/div.php:49 addCall should be used instead!
2023-06-14 12:00:48		dbglog() is deprecated. It was called from auth_plugin_authwordpress::getUserData() in /var/www/akdtu.dk/public_html/wiki/lib/plugins/authwordpress/auth.php:202 \dokuwiki\Logger should be used instead!
2023-06-14 12:00:48		dbglog() is deprecated. It was called from auth_plugin_authwordpress::checkPass() in /var/www/akdtu.dk/public_html/wiki/lib/plugins/authwordpress/auth.php:125 \dokuwiki\Logger should be used instead!
2023-06-14 12:00:48		dbglog() is deprecated. It was called from auth_plugin_authwordpress::getUserData() in /var/www/akdtu.dk/public_html/wiki/lib/plugins/authwordpress/auth.php:202 \dokuwiki\Logger should be used instead!
2023-06-14 12:01:47		dbglog() is deprecated. It was called from auth_plugin_authwordpress::getUserData() in /var/www/akdtu.dk/public_html/wiki/lib/plugins/authwordpress/auth.php:202 \dokuwiki\Logger should be used instead!
2023-06-14 12:01:47		dbglog() is deprecated. It was called from auth_plugin_authwordpress::checkPass() in /var/www/akdtu.dk/public_html/wiki/lib/plugins/authwordpress/auth.php:125 \dokuwiki\Logger should be used instead!
2023-06-14 12:01:47		dbglog() is deprecated. It was called from auth_plugin_authwordpress::getUserData() in /var/www/akdtu.dk/public_html/wiki/lib/plugins/authwordpress/auth.php:202 \dokuwiki\Logger should be used instead!
2023-06-14 12:01:47		dbglog() is deprecated. It was called from auth_plugin_authwordpress::getUserData() in /var/www/akdtu.dk/public_html/wiki/lib/plugins/authwordpress/auth.php:202 \dokuwiki\Logger should be used instead!
2023-06-14 12:01:53		require(syntax.php) is deprecated. It was called from require() in /var/www/akdtu.dk/public_html/wiki/lib/plugins/anchor/syntax.php:4 Autoloading should be used instead!
2023-06-14 12:01:53		Doku_Handler::_addCall() is deprecated. It was called from syntax_plugin_wrap_div::handle() in /var/www/akdtu.dk/public_html/wiki/lib/plugins/wrap/syntax/div.php:49 addCall should be used instead!
2023-06-14 12:01:53		dbglog() is deprecated. It was called from auth_plugin_authwordpress::getUserData() in /var/www/akdtu.dk/public_html/wiki/lib/plugins/authwordpress/auth.php:202 \dokuwiki\Logger should be used instead!
2023-06-14 12:02:04		require(syntax.php) is deprecated. It was called from require() in /var/www/akdtu.dk/public_html/wiki/lib/plugins/anchor/syntax.php:4 Autoloading should be used instead!
2023-06-14 12:02:04		Doku_Handler::_addCall() is deprecated. It was called from syntax_plugin_wrap_div::handle() in /var/www/akdtu.dk/public_html/wiki/lib/plugins/wrap/syntax/div.php:49 addCall should be used instead!
2023-06-14 12:02:04		dbglog() is deprecated. It was called from auth_plugin_authwordpress::getUserData() in /var/www/akdtu.dk/public_html/wiki/lib/plugins/authwordpress/auth.php:202 \dokuwiki\Logger should be used instead!
2023-06-14 12:02:39		require(syntax.php) is deprecated. It was called from require() in /var/www/akdtu.dk/public_html/wiki/lib/plugins/anchor/syntax.php:4 Autoloading should be used instead!
2023-06-14 12:02:39		Doku_Handler::_addCall() is deprecated. It was called from syntax_plugin_wrap_div::handle() in /var/www/akdtu.dk/public_html/wiki/lib/plugins/wrap/syntax/div.php:49 addCall should be used instead!
2023-06-14 12:02:39		dbglog() is deprecated. It was called from auth_plugin_authwordpress::getUserData() in /var/www/akdtu.dk/public_html/wiki/lib/plugins/authwordpress/auth.php:202 \dokuwiki\Logger should be used instead!
2023-06-14 12:02:40		require(syntax.php) is deprecated. It was called from require() in /var/www/akdtu.dk/public_html/wiki/lib/plugins/anchor/syntax.php:4 Autoloading should be used instead!
2023-06-14 12:02:40		Doku_Handler::_addCall() is deprecated. It was called from syntax_plugin_wrap_div::handle() in /var/www/akdtu.dk/public_html/wiki/lib/plugins/wrap/syntax/div.php:49 addCall should be used instead!
2023-06-14 12:02:45		require(syntax.php) is deprecated. It was called from require() in /var/www/akdtu.dk/public_html/wiki/lib/plugins/pagebreak/syntax.php:12 Autoloading should be used instead!
2023-06-14 12:19:20		dbglog() is deprecated. It was called from auth_plugin_authwordpress::getUserData() in /var/www/akdtu.dk/public_html/wiki/lib/plugins/authwordpress/auth.php:202 \dokuwiki\Logger should be used instead!
2023-06-14 12:19:20		dbglog() is deprecated. It was called from auth_plugin_authwordpress::checkPass() in /var/www/akdtu.dk/public_html/wiki/lib/plugins/authwordpress/auth.php:125 \dokuwiki\Logger should be used instead!
2023-06-14 12:19:20		dbglog() is deprecated. It was called from auth_plugin_authwordpress::getUserData() in /var/www/akdtu.dk/public_html/wiki/lib/plugins/authwordpress/auth.php:202 \dokuwiki\Logger should be used instead!
2023-06-14 12:19:20		require(syntax.php) is deprecated. It was called from require() in /var/www/akdtu.dk/public_html/wiki/lib/plugins/pagebreak/syntax.php:12 Autoloading should be used instead!
2023-06-14 12:19:20		dbglog() is deprecated. It was called from auth_plugin_authwordpress::getUserData() in /var/www/akdtu.dk/public_html/wiki/lib/plugins/authwordpress/auth.php:202 \dokuwiki\Logger should be used instead!
