2023-04-20 19:23:42		dbglog() is deprecated. It was called from auth_plugin_authwordpress::getUserData() in /var/www/akdtu.dk/public_html/wiki/lib/plugins/authwordpress/auth.php:202 \dokuwiki\Logger should be used instead!
2023-04-20 19:23:42		dbglog() is deprecated. It was called from auth_plugin_authwordpress::checkPass() in /var/www/akdtu.dk/public_html/wiki/lib/plugins/authwordpress/auth.php:125 \dokuwiki\Logger should be used instead!
2023-04-20 19:23:42		dbglog() is deprecated. It was called from auth_plugin_authwordpress::getUserData() in /var/www/akdtu.dk/public_html/wiki/lib/plugins/authwordpress/auth.php:202 \dokuwiki\Logger should be used instead!
2023-04-20 19:23:42		dbglog() is deprecated. It was called from auth_plugin_authwordpress::getUserData() in /var/www/akdtu.dk/public_html/wiki/lib/plugins/authwordpress/auth.php:202 \dokuwiki\Logger should be used instead!
2023-04-20 19:23:46		require(syntax.php) is deprecated. It was called from require() in /var/www/akdtu.dk/public_html/wiki/lib/plugins/anchor/syntax.php:4 Autoloading should be used instead!
2023-04-20 19:23:46		dbglog() is deprecated. It was called from auth_plugin_authwordpress::getUserData() in /var/www/akdtu.dk/public_html/wiki/lib/plugins/authwordpress/auth.php:202 \dokuwiki\Logger should be used instead!
2023-04-20 19:35:07		dbglog() is deprecated. It was called from auth_plugin_authwordpress::getUserData() in /var/www/akdtu.dk/public_html/wiki/lib/plugins/authwordpress/auth.php:202 \dokuwiki\Logger should be used instead!
2023-04-20 19:51:40		dbglog() is deprecated. It was called from auth_plugin_authwordpress::getUserData() in /var/www/akdtu.dk/public_html/wiki/lib/plugins/authwordpress/auth.php:202 \dokuwiki\Logger should be used instead!
2023-04-20 19:51:40		dbglog() is deprecated. It was called from auth_plugin_authwordpress::checkPass() in /var/www/akdtu.dk/public_html/wiki/lib/plugins/authwordpress/auth.php:125 \dokuwiki\Logger should be used instead!
2023-04-20 19:51:40		dbglog() is deprecated. It was called from auth_plugin_authwordpress::getUserData() in /var/www/akdtu.dk/public_html/wiki/lib/plugins/authwordpress/auth.php:202 \dokuwiki\Logger should be used instead!
2023-04-20 19:51:40		require(syntax.php) is deprecated. It was called from require() in /var/www/akdtu.dk/public_html/wiki/lib/plugins/anchor/syntax.php:4 Autoloading should be used instead!
2023-04-20 19:51:45		require(syntax.php) is deprecated. It was called from require() in /var/www/akdtu.dk/public_html/wiki/lib/plugins/anchor/syntax.php:4 Autoloading should be used instead!
2023-04-20 19:51:45		dbglog() is deprecated. It was called from auth_plugin_authwordpress::getUserData() in /var/www/akdtu.dk/public_html/wiki/lib/plugins/authwordpress/auth.php:202 \dokuwiki\Logger should be used instead!
2023-04-20 19:52:24		require(syntax.php) is deprecated. It was called from require() in /var/www/akdtu.dk/public_html/wiki/lib/plugins/anchor/syntax.php:4 Autoloading should be used instead!
2023-04-20 19:52:24		dbglog() is deprecated. It was called from auth_plugin_authwordpress::getUserData() in /var/www/akdtu.dk/public_html/wiki/lib/plugins/authwordpress/auth.php:202 \dokuwiki\Logger should be used instead!
2023-04-20 19:52:24		require(syntax.php) is deprecated. It was called from require() in /var/www/akdtu.dk/public_html/wiki/lib/plugins/anchor/syntax.php:4 Autoloading should be used instead!
2023-04-20 19:52:29		require(syntax.php) is deprecated. It was called from require() in /var/www/akdtu.dk/public_html/wiki/lib/plugins/anchor/syntax.php:4 Autoloading should be used instead!
2023-04-20 19:52:39		dbglog() is deprecated. It was called from auth_plugin_authwordpress::getUserData() in /var/www/akdtu.dk/public_html/wiki/lib/plugins/authwordpress/auth.php:202 \dokuwiki\Logger should be used instead!
2023-04-20 19:52:41		dbglog() is deprecated. It was called from auth_plugin_authwordpress::getUserData() in /var/www/akdtu.dk/public_html/wiki/lib/plugins/authwordpress/auth.php:202 \dokuwiki\Logger should be used instead!
2023-04-20 19:54:13		require(syntax.php) is deprecated. It was called from require() in /var/www/akdtu.dk/public_html/wiki/lib/plugins/anchor/syntax.php:4 Autoloading should be used instead!
2023-04-20 19:54:20		require(syntax.php) is deprecated. It was called from require() in /var/www/akdtu.dk/public_html/wiki/lib/plugins/anchor/syntax.php:4 Autoloading should be used instead!
2023-04-20 19:54:20		dbglog() is deprecated. It was called from auth_plugin_authwordpress::getUserData() in /var/www/akdtu.dk/public_html/wiki/lib/plugins/authwordpress/auth.php:202 \dokuwiki\Logger should be used instead!
2023-04-20 19:54:38		dbglog() is deprecated. It was called from auth_plugin_authwordpress::getUserData() in /var/www/akdtu.dk/public_html/wiki/lib/plugins/authwordpress/auth.php:202 \dokuwiki\Logger should be used instead!
2023-04-20 19:55:04		require(syntax.php) is deprecated. It was called from require() in /var/www/akdtu.dk/public_html/wiki/lib/plugins/anchor/syntax.php:4 Autoloading should be used instead!
2023-04-20 19:55:04		dbglog() is deprecated. It was called from auth_plugin_authwordpress::getUserData() in /var/www/akdtu.dk/public_html/wiki/lib/plugins/authwordpress/auth.php:202 \dokuwiki\Logger should be used instead!
2023-04-20 19:55:04		require(syntax.php) is deprecated. It was called from require() in /var/www/akdtu.dk/public_html/wiki/lib/plugins/anchor/syntax.php:4 Autoloading should be used instead!
2023-04-20 21:35:34		dbglog() is deprecated. It was called from auth_plugin_authwordpress::getUserData() in /var/www/akdtu.dk/public_html/wiki/lib/plugins/authwordpress/auth.php:202 \dokuwiki\Logger should be used instead!
2023-04-20 21:35:35		dbglog() is deprecated. It was called from auth_plugin_authwordpress::checkPass() in /var/www/akdtu.dk/public_html/wiki/lib/plugins/authwordpress/auth.php:125 \dokuwiki\Logger should be used instead!
2023-04-20 21:35:35		dbglog() is deprecated. It was called from auth_plugin_authwordpress::getUserData() in /var/www/akdtu.dk/public_html/wiki/lib/plugins/authwordpress/auth.php:202 \dokuwiki\Logger should be used instead!
2023-04-20 21:35:49		require(syntax.php) is deprecated. It was called from require() in /var/www/akdtu.dk/public_html/wiki/lib/plugins/anchor/syntax.php:4 Autoloading should be used instead!
2023-04-20 21:35:49		Doku_Handler::_addCall() is deprecated. It was called from syntax_plugin_wrap_div::handle() in /var/www/akdtu.dk/public_html/wiki/lib/plugins/wrap/syntax/div.php:49 addCall should be used instead!
2023-04-20 21:35:49		Doku_Handler::_addCall() is deprecated. It was called from syntax_plugin_wrap_div::handle() in /var/www/akdtu.dk/public_html/wiki/lib/plugins/wrap/syntax/div.php:49 addCall should be used instead!
2023-04-20 21:35:49		Doku_Handler::_addCall() is deprecated. It was called from syntax_plugin_wrap_div::handle() in /var/www/akdtu.dk/public_html/wiki/lib/plugins/wrap/syntax/div.php:49 addCall should be used instead!
2023-04-20 21:35:49		Doku_Handler::_addCall() is deprecated. It was called from syntax_plugin_wrap_div::handle() in /var/www/akdtu.dk/public_html/wiki/lib/plugins/wrap/syntax/div.php:49 addCall should be used instead!
2023-04-20 21:35:49		Doku_Handler::_addCall() is deprecated. It was called from syntax_plugin_wrap_div::handle() in /var/www/akdtu.dk/public_html/wiki/lib/plugins/wrap/syntax/div.php:49 addCall should be used instead!
2023-04-20 21:35:49		Doku_Handler::_addCall() is deprecated. It was called from syntax_plugin_wrap_div::handle() in /var/www/akdtu.dk/public_html/wiki/lib/plugins/wrap/syntax/div.php:49 addCall should be used instead!
2023-04-20 21:35:49		Doku_Handler::_addCall() is deprecated. It was called from syntax_plugin_wrap_div::handle() in /var/www/akdtu.dk/public_html/wiki/lib/plugins/wrap/syntax/div.php:49 addCall should be used instead!
2023-04-20 21:35:49		Doku_Handler::_addCall() is deprecated. It was called from syntax_plugin_wrap_div::handle() in /var/www/akdtu.dk/public_html/wiki/lib/plugins/wrap/syntax/div.php:49 addCall should be used instead!
2023-04-20 21:35:49		Doku_Handler::_addCall() is deprecated. It was called from syntax_plugin_wrap_div::handle() in /var/www/akdtu.dk/public_html/wiki/lib/plugins/wrap/syntax/div.php:49 addCall should be used instead!
2023-04-20 21:35:49		Doku_Handler::_addCall() is deprecated. It was called from syntax_plugin_wrap_div::handle() in /var/www/akdtu.dk/public_html/wiki/lib/plugins/wrap/syntax/div.php:49 addCall should be used instead!
2023-04-20 21:35:49		Doku_Handler::_addCall() is deprecated. It was called from syntax_plugin_wrap_div::handle() in /var/www/akdtu.dk/public_html/wiki/lib/plugins/wrap/syntax/div.php:49 addCall should be used instead!
2023-04-20 21:35:49		Doku_Handler::_addCall() is deprecated. It was called from syntax_plugin_wrap_div::handle() in /var/www/akdtu.dk/public_html/wiki/lib/plugins/wrap/syntax/div.php:49 addCall should be used instead!
2023-04-20 21:35:49		Doku_Handler::_addCall() is deprecated. It was called from syntax_plugin_wrap_div::handle() in /var/www/akdtu.dk/public_html/wiki/lib/plugins/wrap/syntax/div.php:49 addCall should be used instead!
2023-04-20 21:35:49		Doku_Handler::_addCall() is deprecated. It was called from syntax_plugin_wrap_div::handle() in /var/www/akdtu.dk/public_html/wiki/lib/plugins/wrap/syntax/div.php:49 addCall should be used instead!
2023-04-20 21:35:49		Doku_Handler::_addCall() is deprecated. It was called from syntax_plugin_wrap_div::handle() in /var/www/akdtu.dk/public_html/wiki/lib/plugins/wrap/syntax/div.php:49 addCall should be used instead!
2023-04-20 21:35:49		Doku_Handler::_addCall() is deprecated. It was called from syntax_plugin_wrap_div::handle() in /var/www/akdtu.dk/public_html/wiki/lib/plugins/wrap/syntax/div.php:49 addCall should be used instead!
2023-04-20 21:35:49		Doku_Handler::_addCall() is deprecated. It was called from syntax_plugin_wrap_div::handle() in /var/www/akdtu.dk/public_html/wiki/lib/plugins/wrap/syntax/div.php:49 addCall should be used instead!
2023-04-20 21:35:49		Doku_Handler::_addCall() is deprecated. It was called from syntax_plugin_wrap_div::handle() in /var/www/akdtu.dk/public_html/wiki/lib/plugins/wrap/syntax/div.php:49 addCall should be used instead!
2023-04-20 21:35:49		Doku_Handler::_addCall() is deprecated. It was called from syntax_plugin_wrap_div::handle() in /var/www/akdtu.dk/public_html/wiki/lib/plugins/wrap/syntax/div.php:49 addCall should be used instead!
2023-04-20 21:35:49		Doku_Handler::_addCall() is deprecated. It was called from syntax_plugin_wrap_div::handle() in /var/www/akdtu.dk/public_html/wiki/lib/plugins/wrap/syntax/div.php:49 addCall should be used instead!
2023-04-20 21:35:49		Doku_Handler::_addCall() is deprecated. It was called from syntax_plugin_wrap_div::handle() in /var/www/akdtu.dk/public_html/wiki/lib/plugins/wrap/syntax/div.php:49 addCall should be used instead!
2023-04-20 21:35:49		Doku_Handler::_addCall() is deprecated. It was called from syntax_plugin_wrap_div::handle() in /var/www/akdtu.dk/public_html/wiki/lib/plugins/wrap/syntax/div.php:49 addCall should be used instead!
2023-04-20 21:35:49		Doku_Handler::_addCall() is deprecated. It was called from syntax_plugin_wrap_div::handle() in /var/www/akdtu.dk/public_html/wiki/lib/plugins/wrap/syntax/div.php:49 addCall should be used instead!
2023-04-20 21:35:49		Doku_Handler::_addCall() is deprecated. It was called from syntax_plugin_wrap_div::handle() in /var/www/akdtu.dk/public_html/wiki/lib/plugins/wrap/syntax/div.php:49 addCall should be used instead!
2023-04-20 21:35:49		Doku_Handler::_addCall() is deprecated. It was called from syntax_plugin_wrap_div::handle() in /var/www/akdtu.dk/public_html/wiki/lib/plugins/wrap/syntax/div.php:49 addCall should be used instead!
2023-04-20 21:35:49		Doku_Handler::_addCall() is deprecated. It was called from syntax_plugin_wrap_div::handle() in /var/www/akdtu.dk/public_html/wiki/lib/plugins/wrap/syntax/div.php:49 addCall should be used instead!
2023-04-20 21:35:49		Doku_Handler::_addCall() is deprecated. It was called from syntax_plugin_wrap_div::handle() in /var/www/akdtu.dk/public_html/wiki/lib/plugins/wrap/syntax/div.php:49 addCall should be used instead!
2023-04-20 21:35:49		Doku_Handler::_addCall() is deprecated. It was called from syntax_plugin_wrap_div::handle() in /var/www/akdtu.dk/public_html/wiki/lib/plugins/wrap/syntax/div.php:49 addCall should be used instead!
2023-04-20 21:35:49		Doku_Handler::_addCall() is deprecated. It was called from syntax_plugin_wrap_div::handle() in /var/www/akdtu.dk/public_html/wiki/lib/plugins/wrap/syntax/div.php:49 addCall should be used instead!
2023-04-20 21:35:49		Doku_Handler::_addCall() is deprecated. It was called from syntax_plugin_wrap_div::handle() in /var/www/akdtu.dk/public_html/wiki/lib/plugins/wrap/syntax/div.php:49 addCall should be used instead!
2023-04-20 21:35:49		Doku_Handler::_addCall() is deprecated. It was called from syntax_plugin_wrap_div::handle() in /var/www/akdtu.dk/public_html/wiki/lib/plugins/wrap/syntax/div.php:49 addCall should be used instead!
2023-04-20 21:35:49		Doku_Handler::_addCall() is deprecated. It was called from syntax_plugin_wrap_div::handle() in /var/www/akdtu.dk/public_html/wiki/lib/plugins/wrap/syntax/div.php:49 addCall should be used instead!
2023-04-20 21:35:49		Doku_Handler::_addCall() is deprecated. It was called from syntax_plugin_wrap_div::handle() in /var/www/akdtu.dk/public_html/wiki/lib/plugins/wrap/syntax/div.php:49 addCall should be used instead!
2023-04-20 21:35:49		Doku_Handler::_addCall() is deprecated. It was called from syntax_plugin_wrap_div::handle() in /var/www/akdtu.dk/public_html/wiki/lib/plugins/wrap/syntax/div.php:49 addCall should be used instead!
2023-04-20 21:35:49		Doku_Handler::_addCall() is deprecated. It was called from syntax_plugin_wrap_div::handle() in /var/www/akdtu.dk/public_html/wiki/lib/plugins/wrap/syntax/div.php:49 addCall should be used instead!
2023-04-20 21:35:49		Doku_Handler::_addCall() is deprecated. It was called from syntax_plugin_wrap_div::handle() in /var/www/akdtu.dk/public_html/wiki/lib/plugins/wrap/syntax/div.php:49 addCall should be used instead!
2023-04-20 21:35:49		Doku_Handler::_addCall() is deprecated. It was called from syntax_plugin_wrap_div::handle() in /var/www/akdtu.dk/public_html/wiki/lib/plugins/wrap/syntax/div.php:49 addCall should be used instead!
2023-04-20 21:35:49		Doku_Handler::_addCall() is deprecated. It was called from syntax_plugin_wrap_div::handle() in /var/www/akdtu.dk/public_html/wiki/lib/plugins/wrap/syntax/div.php:49 addCall should be used instead!
2023-04-20 21:35:49		Doku_Handler::_addCall() is deprecated. It was called from syntax_plugin_wrap_div::handle() in /var/www/akdtu.dk/public_html/wiki/lib/plugins/wrap/syntax/div.php:49 addCall should be used instead!
2023-04-20 21:35:49		Doku_Handler::_addCall() is deprecated. It was called from syntax_plugin_wrap_div::handle() in /var/www/akdtu.dk/public_html/wiki/lib/plugins/wrap/syntax/div.php:49 addCall should be used instead!
2023-04-20 21:35:49		Doku_Handler::_addCall() is deprecated. It was called from syntax_plugin_wrap_div::handle() in /var/www/akdtu.dk/public_html/wiki/lib/plugins/wrap/syntax/div.php:49 addCall should be used instead!
2023-04-20 21:35:49		Doku_Handler::_addCall() is deprecated. It was called from syntax_plugin_wrap_div::handle() in /var/www/akdtu.dk/public_html/wiki/lib/plugins/wrap/syntax/div.php:49 addCall should be used instead!
2023-04-20 21:35:49		Doku_Handler::_addCall() is deprecated. It was called from syntax_plugin_wrap_div::handle() in /var/www/akdtu.dk/public_html/wiki/lib/plugins/wrap/syntax/div.php:49 addCall should be used instead!
2023-04-20 21:35:49		Doku_Handler::_addCall() is deprecated. It was called from syntax_plugin_wrap_div::handle() in /var/www/akdtu.dk/public_html/wiki/lib/plugins/wrap/syntax/div.php:49 addCall should be used instead!
2023-04-20 21:35:49		Doku_Handler::_addCall() is deprecated. It was called from syntax_plugin_wrap_div::handle() in /var/www/akdtu.dk/public_html/wiki/lib/plugins/wrap/syntax/div.php:49 addCall should be used instead!
2023-04-20 21:35:49		Doku_Handler::_addCall() is deprecated. It was called from syntax_plugin_wrap_div::handle() in /var/www/akdtu.dk/public_html/wiki/lib/plugins/wrap/syntax/div.php:49 addCall should be used instead!
2023-04-20 21:35:49		Doku_Handler::_addCall() is deprecated. It was called from syntax_plugin_wrap_div::handle() in /var/www/akdtu.dk/public_html/wiki/lib/plugins/wrap/syntax/div.php:49 addCall should be used instead!
2023-04-20 21:35:49		Doku_Handler::_addCall() is deprecated. It was called from syntax_plugin_wrap_div::handle() in /var/www/akdtu.dk/public_html/wiki/lib/plugins/wrap/syntax/div.php:49 addCall should be used instead!
2023-04-20 21:35:49		Doku_Handler::_addCall() is deprecated. It was called from syntax_plugin_wrap_div::handle() in /var/www/akdtu.dk/public_html/wiki/lib/plugins/wrap/syntax/div.php:49 addCall should be used instead!
2023-04-20 21:35:49		Doku_Handler::_addCall() is deprecated. It was called from syntax_plugin_wrap_div::handle() in /var/www/akdtu.dk/public_html/wiki/lib/plugins/wrap/syntax/div.php:49 addCall should be used instead!
2023-04-20 21:35:49		Doku_Handler::_addCall() is deprecated. It was called from syntax_plugin_wrap_div::handle() in /var/www/akdtu.dk/public_html/wiki/lib/plugins/wrap/syntax/div.php:49 addCall should be used instead!
2023-04-20 21:35:49		Doku_Handler::_addCall() is deprecated. It was called from syntax_plugin_wrap_div::handle() in /var/www/akdtu.dk/public_html/wiki/lib/plugins/wrap/syntax/div.php:49 addCall should be used instead!
2023-04-20 21:35:49		Doku_Handler::_addCall() is deprecated. It was called from syntax_plugin_wrap_div::handle() in /var/www/akdtu.dk/public_html/wiki/lib/plugins/wrap/syntax/div.php:49 addCall should be used instead!
2023-04-20 21:35:49		Doku_Handler::_addCall() is deprecated. It was called from syntax_plugin_wrap_div::handle() in /var/www/akdtu.dk/public_html/wiki/lib/plugins/wrap/syntax/div.php:49 addCall should be used instead!
2023-04-20 21:35:49		Doku_Handler::_addCall() is deprecated. It was called from syntax_plugin_wrap_div::handle() in /var/www/akdtu.dk/public_html/wiki/lib/plugins/wrap/syntax/div.php:49 addCall should be used instead!
2023-04-20 21:35:49		Doku_Handler::_addCall() is deprecated. It was called from syntax_plugin_wrap_div::handle() in /var/www/akdtu.dk/public_html/wiki/lib/plugins/wrap/syntax/div.php:49 addCall should be used instead!
2023-04-20 21:35:49		Doku_Handler::_addCall() is deprecated. It was called from syntax_plugin_wrap_div::handle() in /var/www/akdtu.dk/public_html/wiki/lib/plugins/wrap/syntax/div.php:49 addCall should be used instead!
2023-04-20 21:35:49		Doku_Handler::_addCall() is deprecated. It was called from syntax_plugin_wrap_div::handle() in /var/www/akdtu.dk/public_html/wiki/lib/plugins/wrap/syntax/div.php:49 addCall should be used instead!
2023-04-20 21:35:49		Doku_Handler::_addCall() is deprecated. It was called from syntax_plugin_wrap_div::handle() in /var/www/akdtu.dk/public_html/wiki/lib/plugins/wrap/syntax/div.php:49 addCall should be used instead!
2023-04-20 21:35:49		Doku_Handler::_addCall() is deprecated. It was called from syntax_plugin_wrap_div::handle() in /var/www/akdtu.dk/public_html/wiki/lib/plugins/wrap/syntax/div.php:49 addCall should be used instead!
2023-04-20 21:35:49		Doku_Handler::_addCall() is deprecated. It was called from syntax_plugin_wrap_div::handle() in /var/www/akdtu.dk/public_html/wiki/lib/plugins/wrap/syntax/div.php:49 addCall should be used instead!
2023-04-20 21:35:49		Doku_Handler::_addCall() is deprecated. It was called from syntax_plugin_wrap_div::handle() in /var/www/akdtu.dk/public_html/wiki/lib/plugins/wrap/syntax/div.php:49 addCall should be used instead!
2023-04-20 21:35:49		Doku_Handler::_addCall() is deprecated. It was called from syntax_plugin_wrap_div::handle() in /var/www/akdtu.dk/public_html/wiki/lib/plugins/wrap/syntax/div.php:49 addCall should be used instead!
2023-04-20 21:35:49		Doku_Handler::_addCall() is deprecated. It was called from syntax_plugin_wrap_div::handle() in /var/www/akdtu.dk/public_html/wiki/lib/plugins/wrap/syntax/div.php:49 addCall should be used instead!
2023-04-20 21:35:49		Doku_Handler::_addCall() is deprecated. It was called from syntax_plugin_wrap_div::handle() in /var/www/akdtu.dk/public_html/wiki/lib/plugins/wrap/syntax/div.php:49 addCall should be used instead!
2023-04-20 21:35:49		Doku_Handler::_addCall() is deprecated. It was called from syntax_plugin_wrap_div::handle() in /var/www/akdtu.dk/public_html/wiki/lib/plugins/wrap/syntax/div.php:49 addCall should be used instead!
2023-04-20 21:35:49		Doku_Handler::_addCall() is deprecated. It was called from syntax_plugin_wrap_div::handle() in /var/www/akdtu.dk/public_html/wiki/lib/plugins/wrap/syntax/div.php:49 addCall should be used instead!
2023-04-20 21:35:49		Doku_Handler::_addCall() is deprecated. It was called from syntax_plugin_wrap_div::handle() in /var/www/akdtu.dk/public_html/wiki/lib/plugins/wrap/syntax/div.php:49 addCall should be used instead!
2023-04-20 21:35:49		Doku_Handler::_addCall() is deprecated. It was called from syntax_plugin_wrap_div::handle() in /var/www/akdtu.dk/public_html/wiki/lib/plugins/wrap/syntax/div.php:49 addCall should be used instead!
2023-04-20 21:35:49		Doku_Handler::_addCall() is deprecated. It was called from syntax_plugin_wrap_div::handle() in /var/www/akdtu.dk/public_html/wiki/lib/plugins/wrap/syntax/div.php:49 addCall should be used instead!
2023-04-20 21:35:49		Doku_Handler::_addCall() is deprecated. It was called from syntax_plugin_wrap_div::handle() in /var/www/akdtu.dk/public_html/wiki/lib/plugins/wrap/syntax/div.php:49 addCall should be used instead!
2023-04-20 21:35:49		Doku_Handler::_addCall() is deprecated. It was called from syntax_plugin_wrap_div::handle() in /var/www/akdtu.dk/public_html/wiki/lib/plugins/wrap/syntax/div.php:49 addCall should be used instead!
2023-04-20 21:35:49		Doku_Handler::_addCall() is deprecated. It was called from syntax_plugin_wrap_div::handle() in /var/www/akdtu.dk/public_html/wiki/lib/plugins/wrap/syntax/div.php:49 addCall should be used instead!
2023-04-20 21:35:49		Doku_Handler::_addCall() is deprecated. It was called from syntax_plugin_wrap_div::handle() in /var/www/akdtu.dk/public_html/wiki/lib/plugins/wrap/syntax/div.php:49 addCall should be used instead!
2023-04-20 21:35:49		Doku_Handler::_addCall() is deprecated. It was called from syntax_plugin_wrap_div::handle() in /var/www/akdtu.dk/public_html/wiki/lib/plugins/wrap/syntax/div.php:49 addCall should be used instead!
2023-04-20 21:35:49		Doku_Handler::_addCall() is deprecated. It was called from syntax_plugin_wrap_div::handle() in /var/www/akdtu.dk/public_html/wiki/lib/plugins/wrap/syntax/div.php:49 addCall should be used instead!
2023-04-20 21:35:49		Doku_Handler::_addCall() is deprecated. It was called from syntax_plugin_wrap_div::handle() in /var/www/akdtu.dk/public_html/wiki/lib/plugins/wrap/syntax/div.php:49 addCall should be used instead!
2023-04-20 21:35:49		Doku_Handler::_addCall() is deprecated. It was called from syntax_plugin_wrap_div::handle() in /var/www/akdtu.dk/public_html/wiki/lib/plugins/wrap/syntax/div.php:49 addCall should be used instead!
2023-04-20 21:35:49		Doku_Handler::_addCall() is deprecated. It was called from syntax_plugin_wrap_div::handle() in /var/www/akdtu.dk/public_html/wiki/lib/plugins/wrap/syntax/div.php:49 addCall should be used instead!
2023-04-20 21:35:49		Doku_Handler::_addCall() is deprecated. It was called from syntax_plugin_wrap_div::handle() in /var/www/akdtu.dk/public_html/wiki/lib/plugins/wrap/syntax/div.php:49 addCall should be used instead!
2023-04-20 21:35:49		dbglog() is deprecated. It was called from auth_plugin_authwordpress::getUserData() in /var/www/akdtu.dk/public_html/wiki/lib/plugins/authwordpress/auth.php:202 \dokuwiki\Logger should be used instead!
2023-04-20 21:37:42		dbglog() is deprecated. It was called from auth_plugin_authwordpress::getUserData() in /var/www/akdtu.dk/public_html/wiki/lib/plugins/authwordpress/auth.php:202 \dokuwiki\Logger should be used instead!
2023-04-20 21:40:04		require(syntax.php) is deprecated. It was called from require() in /var/www/akdtu.dk/public_html/wiki/lib/plugins/anchor/syntax.php:4 Autoloading should be used instead!
2023-04-20 21:40:04		dbglog() is deprecated. It was called from auth_plugin_authwordpress::getUserData() in /var/www/akdtu.dk/public_html/wiki/lib/plugins/authwordpress/auth.php:202 \dokuwiki\Logger should be used instead!
2023-04-20 21:40:21		require(syntax.php) is deprecated. It was called from require() in /var/www/akdtu.dk/public_html/wiki/lib/plugins/anchor/syntax.php:4 Autoloading should be used instead!
2023-04-20 21:40:21		dbglog() is deprecated. It was called from auth_plugin_authwordpress::getUserData() in /var/www/akdtu.dk/public_html/wiki/lib/plugins/authwordpress/auth.php:202 \dokuwiki\Logger should be used instead!
2023-04-20 21:40:46		require(syntax.php) is deprecated. It was called from require() in /var/www/akdtu.dk/public_html/wiki/lib/plugins/pagebreak/syntax.php:12 Autoloading should be used instead!
2023-04-20 21:40:46		dbglog() is deprecated. It was called from auth_plugin_authwordpress::getUserData() in /var/www/akdtu.dk/public_html/wiki/lib/plugins/authwordpress/auth.php:202 \dokuwiki\Logger should be used instead!
2023-04-20 21:41:26		dbglog() is deprecated. It was called from auth_plugin_authwordpress::getUserData() in /var/www/akdtu.dk/public_html/wiki/lib/plugins/authwordpress/auth.php:202 \dokuwiki\Logger should be used instead!
