2024-06-25 16:23:19		dbglog() is deprecated. It was called from helper_plugin_davcal::__construct() in /var/www/akdtu.dk/public_html/wiki/lib/plugins/davcal/helper.php:20 \dokuwiki\Logger should be used instead!
2024-06-25 16:23:20		dbglog() is deprecated. It was called from helper_plugin_davcal::__construct() in /var/www/akdtu.dk/public_html/wiki/lib/plugins/davcal/helper.php:20 \dokuwiki\Logger should be used instead!
2024-06-25 16:23:20		dbglog() is deprecated. It was called from helper_plugin_davcal::__construct() in /var/www/akdtu.dk/public_html/wiki/lib/plugins/davcal/helper.php:20 \dokuwiki\Logger should be used instead!
2024-06-25 16:23:20		dbglog() is deprecated. It was called from helper_plugin_davcal::__construct() in /var/www/akdtu.dk/public_html/wiki/lib/plugins/davcal/helper.php:20 \dokuwiki\Logger should be used instead!
2024-06-25 16:23:20		dbglog() is deprecated. It was called from helper_plugin_davcal::__construct() in /var/www/akdtu.dk/public_html/wiki/lib/plugins/davcal/helper.php:20 \dokuwiki\Logger should be used instead!
2024-06-25 16:23:23		dbglog() is deprecated. It was called from helper_plugin_davcal::__construct() in /var/www/akdtu.dk/public_html/wiki/lib/plugins/davcal/helper.php:20 \dokuwiki\Logger should be used instead!
2024-06-25 16:23:23		dbglog() is deprecated. It was called from helper_plugin_davcal::__construct() in /var/www/akdtu.dk/public_html/wiki/lib/plugins/davcal/helper.php:20 \dokuwiki\Logger should be used instead!
2024-06-25 16:23:25		dbglog() is deprecated. It was called from helper_plugin_davcal::__construct() in /var/www/akdtu.dk/public_html/wiki/lib/plugins/davcal/helper.php:20 \dokuwiki\Logger should be used instead!
2024-06-25 16:24:15		dbglog() is deprecated. It was called from helper_plugin_davcal::__construct() in /var/www/akdtu.dk/public_html/wiki/lib/plugins/davcal/helper.php:20 \dokuwiki\Logger should be used instead!
2024-06-25 16:24:16		dbglog() is deprecated. It was called from helper_plugin_davcal::__construct() in /var/www/akdtu.dk/public_html/wiki/lib/plugins/davcal/helper.php:20 \dokuwiki\Logger should be used instead!
2024-06-25 16:24:16		dbglog() is deprecated. It was called from helper_plugin_davcal::__construct() in /var/www/akdtu.dk/public_html/wiki/lib/plugins/davcal/helper.php:20 \dokuwiki\Logger should be used instead!
2024-06-25 16:24:16		dbglog() is deprecated. It was called from helper_plugin_davcal::__construct() in /var/www/akdtu.dk/public_html/wiki/lib/plugins/davcal/helper.php:20 \dokuwiki\Logger should be used instead!
2024-06-25 16:24:18		dbglog() is deprecated. It was called from helper_plugin_davcal::__construct() in /var/www/akdtu.dk/public_html/wiki/lib/plugins/davcal/helper.php:20 \dokuwiki\Logger should be used instead!
2024-06-25 16:24:18		dbglog() is deprecated. It was called from helper_plugin_davcal::__construct() in /var/www/akdtu.dk/public_html/wiki/lib/plugins/davcal/helper.php:20 \dokuwiki\Logger should be used instead!
2024-06-25 16:24:18		dbglog() is deprecated. It was called from helper_plugin_davcal::__construct() in /var/www/akdtu.dk/public_html/wiki/lib/plugins/davcal/helper.php:20 \dokuwiki\Logger should be used instead!
2024-06-25 16:37:19		dbglog() is deprecated. It was called from helper_plugin_davcal::__construct() in /var/www/akdtu.dk/public_html/wiki/lib/plugins/davcal/helper.php:20 \dokuwiki\Logger should be used instead!
2024-06-25 16:37:25		dbglog() is deprecated. It was called from helper_plugin_davcal::__construct() in /var/www/akdtu.dk/public_html/wiki/lib/plugins/davcal/helper.php:20 \dokuwiki\Logger should be used instead!
2024-06-25 16:37:30		dbglog() is deprecated. It was called from helper_plugin_davcal::__construct() in /var/www/akdtu.dk/public_html/wiki/lib/plugins/davcal/helper.php:20 \dokuwiki\Logger should be used instead!
2024-06-25 16:37:30		dbglog() is deprecated. It was called from helper_plugin_davcal::__construct() in /var/www/akdtu.dk/public_html/wiki/lib/plugins/davcal/helper.php:20 \dokuwiki\Logger should be used instead!
2024-06-25 16:37:35		dbglog() is deprecated. It was called from helper_plugin_davcal::__construct() in /var/www/akdtu.dk/public_html/wiki/lib/plugins/davcal/helper.php:20 \dokuwiki\Logger should be used instead!
2024-06-25 16:37:35		dbglog() is deprecated. It was called from helper_plugin_davcal::__construct() in /var/www/akdtu.dk/public_html/wiki/lib/plugins/davcal/helper.php:20 \dokuwiki\Logger should be used instead!
2024-06-25 16:37:36		dbglog() is deprecated. It was called from helper_plugin_davcal::__construct() in /var/www/akdtu.dk/public_html/wiki/lib/plugins/davcal/helper.php:20 \dokuwiki\Logger should be used instead!
2024-06-25 16:37:36		dbglog() is deprecated. It was called from helper_plugin_davcal::__construct() in /var/www/akdtu.dk/public_html/wiki/lib/plugins/davcal/helper.php:20 \dokuwiki\Logger should be used instead!
2024-06-25 16:37:38		dbglog() is deprecated. It was called from helper_plugin_davcal::__construct() in /var/www/akdtu.dk/public_html/wiki/lib/plugins/davcal/helper.php:20 \dokuwiki\Logger should be used instead!
2024-06-25 16:37:38		dbglog() is deprecated. It was called from helper_plugin_davcal::__construct() in /var/www/akdtu.dk/public_html/wiki/lib/plugins/davcal/helper.php:20 \dokuwiki\Logger should be used instead!
2024-06-25 16:38:23		dbglog() is deprecated. It was called from helper_plugin_davcal::__construct() in /var/www/akdtu.dk/public_html/wiki/lib/plugins/davcal/helper.php:20 \dokuwiki\Logger should be used instead!
2024-06-25 16:38:23		helper_plugin_sqlite::init() is deprecated. It was called from helper_plugin_davcal::getDB() in /var/www/akdtu.dk/public_html/wiki/lib/plugins/davcal/helper.php:37 dokuwiki\plugin\sqlite\SQLiteDB should be used instead!
2024-06-25 16:38:23		dbglog() is deprecated. It was called from helper_plugin_davcal::__construct() in /var/www/akdtu.dk/public_html/wiki/lib/plugins/davcal/helper.php:20 \dokuwiki\Logger should be used instead!
2024-06-25 16:38:23		require(syntax.php) is deprecated. It was called from require() in /var/www/akdtu.dk/public_html/wiki/lib/plugins/akdtu/syntax.php:12 Autoloading should be used instead!
2024-06-25 16:38:24		dbglog() is deprecated. It was called from helper_plugin_davcal::__construct() in /var/www/akdtu.dk/public_html/wiki/lib/plugins/davcal/helper.php:20 \dokuwiki\Logger should be used instead!
2024-06-25 16:38:24		require(syntax.php) is deprecated. It was called from require() in /var/www/akdtu.dk/public_html/wiki/lib/plugins/akdtu/syntax.php:12 Autoloading should be used instead!
2024-06-25 16:38:24		dbglog() is deprecated. It was called from helper_plugin_davcal::__construct() in /var/www/akdtu.dk/public_html/wiki/lib/plugins/davcal/helper.php:20 \dokuwiki\Logger should be used instead!
2024-06-25 16:38:25		dbglog() is deprecated. It was called from helper_plugin_davcal::__construct() in /var/www/akdtu.dk/public_html/wiki/lib/plugins/davcal/helper.php:20 \dokuwiki\Logger should be used instead!
2024-06-25 16:38:52		dbglog() is deprecated. It was called from helper_plugin_davcal::__construct() in /var/www/akdtu.dk/public_html/wiki/lib/plugins/davcal/helper.php:20 \dokuwiki\Logger should be used instead!
2024-06-25 16:38:52		dbglog() is deprecated. It was called from helper_plugin_davcal::__construct() in /var/www/akdtu.dk/public_html/wiki/lib/plugins/davcal/helper.php:20 \dokuwiki\Logger should be used instead!
2024-06-25 16:38:54		dbglog() is deprecated. It was called from helper_plugin_davcal::__construct() in /var/www/akdtu.dk/public_html/wiki/lib/plugins/davcal/helper.php:20 \dokuwiki\Logger should be used instead!
2024-06-25 16:38:54		dbglog() is deprecated. It was called from helper_plugin_davcal::__construct() in /var/www/akdtu.dk/public_html/wiki/lib/plugins/davcal/helper.php:20 \dokuwiki\Logger should be used instead!
2024-06-25 16:39:14		dbglog() is deprecated. It was called from helper_plugin_davcal::__construct() in /var/www/akdtu.dk/public_html/wiki/lib/plugins/davcal/helper.php:20 \dokuwiki\Logger should be used instead!
2024-06-25 16:39:14		helper_plugin_sqlite::init() is deprecated. It was called from helper_plugin_davcal::getDB() in /var/www/akdtu.dk/public_html/wiki/lib/plugins/davcal/helper.php:37 dokuwiki\plugin\sqlite\SQLiteDB should be used instead!
2024-06-25 16:39:14		dbglog() is deprecated. It was called from helper_plugin_davcal::__construct() in /var/www/akdtu.dk/public_html/wiki/lib/plugins/davcal/helper.php:20 \dokuwiki\Logger should be used instead!
2024-06-25 16:39:14		require(syntax.php) is deprecated. It was called from require() in /var/www/akdtu.dk/public_html/wiki/lib/plugins/akdtu/syntax.php:12 Autoloading should be used instead!
2024-06-25 16:39:14		dbglog() is deprecated. It was called from helper_plugin_davcal::__construct() in /var/www/akdtu.dk/public_html/wiki/lib/plugins/davcal/helper.php:20 \dokuwiki\Logger should be used instead!
2024-06-25 16:39:14		require(syntax.php) is deprecated. It was called from require() in /var/www/akdtu.dk/public_html/wiki/lib/plugins/akdtu/syntax.php:12 Autoloading should be used instead!
2024-06-25 16:39:15		dbglog() is deprecated. It was called from helper_plugin_davcal::__construct() in /var/www/akdtu.dk/public_html/wiki/lib/plugins/davcal/helper.php:20 \dokuwiki\Logger should be used instead!
2024-06-25 16:39:15		dbglog() is deprecated. It was called from helper_plugin_davcal::__construct() in /var/www/akdtu.dk/public_html/wiki/lib/plugins/davcal/helper.php:20 \dokuwiki\Logger should be used instead!
2024-06-25 16:39:32		dbglog() is deprecated. It was called from helper_plugin_davcal::__construct() in /var/www/akdtu.dk/public_html/wiki/lib/plugins/davcal/helper.php:20 \dokuwiki\Logger should be used instead!
2024-06-25 16:39:32		require(syntax.php) is deprecated. It was called from require() in /var/www/akdtu.dk/public_html/wiki/lib/plugins/akdtu/syntax.php:12 Autoloading should be used instead!
2024-06-25 16:39:32		dbglog() is deprecated. It was called from helper_plugin_davcal::__construct() in /var/www/akdtu.dk/public_html/wiki/lib/plugins/davcal/helper.php:20 \dokuwiki\Logger should be used instead!
2024-06-25 16:39:33		dbglog() is deprecated. It was called from helper_plugin_davcal::__construct() in /var/www/akdtu.dk/public_html/wiki/lib/plugins/davcal/helper.php:20 \dokuwiki\Logger should be used instead!
2024-06-25 16:39:34		dbglog() is deprecated. It was called from helper_plugin_davcal::__construct() in /var/www/akdtu.dk/public_html/wiki/lib/plugins/davcal/helper.php:20 \dokuwiki\Logger should be used instead!
2024-06-25 16:39:34		dbglog() is deprecated. It was called from helper_plugin_davcal::__construct() in /var/www/akdtu.dk/public_html/wiki/lib/plugins/davcal/helper.php:20 \dokuwiki\Logger should be used instead!
2024-06-25 16:39:42		dbglog() is deprecated. It was called from helper_plugin_davcal::__construct() in /var/www/akdtu.dk/public_html/wiki/lib/plugins/davcal/helper.php:20 \dokuwiki\Logger should be used instead!
2024-06-25 16:39:42		dbglog() is deprecated. It was called from helper_plugin_davcal::__construct() in /var/www/akdtu.dk/public_html/wiki/lib/plugins/davcal/helper.php:20 \dokuwiki\Logger should be used instead!
2024-06-25 16:39:43		dbglog() is deprecated. It was called from helper_plugin_davcal::__construct() in /var/www/akdtu.dk/public_html/wiki/lib/plugins/davcal/helper.php:20 \dokuwiki\Logger should be used instead!
2024-06-25 16:39:43		dbglog() is deprecated. It was called from helper_plugin_davcal::__construct() in /var/www/akdtu.dk/public_html/wiki/lib/plugins/davcal/helper.php:20 \dokuwiki\Logger should be used instead!
2024-06-25 16:39:44		dbglog() is deprecated. It was called from helper_plugin_davcal::__construct() in /var/www/akdtu.dk/public_html/wiki/lib/plugins/davcal/helper.php:20 \dokuwiki\Logger should be used instead!
2024-06-25 16:39:44		dbglog() is deprecated. It was called from helper_plugin_davcal::__construct() in /var/www/akdtu.dk/public_html/wiki/lib/plugins/davcal/helper.php:20 \dokuwiki\Logger should be used instead!
2024-06-25 16:39:45		dbglog() is deprecated. It was called from helper_plugin_davcal::__construct() in /var/www/akdtu.dk/public_html/wiki/lib/plugins/davcal/helper.php:20 \dokuwiki\Logger should be used instead!
2024-06-25 16:39:45		dbglog() is deprecated. It was called from helper_plugin_davcal::__construct() in /var/www/akdtu.dk/public_html/wiki/lib/plugins/davcal/helper.php:20 \dokuwiki\Logger should be used instead!
2024-06-25 16:50:26		dbglog() is deprecated. It was called from helper_plugin_davcal::__construct() in /var/www/akdtu.dk/public_html/wiki/lib/plugins/davcal/helper.php:20 \dokuwiki\Logger should be used instead!
2024-06-25 16:50:27		dbglog() is deprecated. It was called from helper_plugin_davcal::__construct() in /var/www/akdtu.dk/public_html/wiki/lib/plugins/davcal/helper.php:20 \dokuwiki\Logger should be used instead!
2024-06-25 16:50:28		dbglog() is deprecated. It was called from helper_plugin_davcal::__construct() in /var/www/akdtu.dk/public_html/wiki/lib/plugins/davcal/helper.php:20 \dokuwiki\Logger should be used instead!
2024-06-25 16:50:28		dbglog() is deprecated. It was called from helper_plugin_davcal::__construct() in /var/www/akdtu.dk/public_html/wiki/lib/plugins/davcal/helper.php:20 \dokuwiki\Logger should be used instead!
2024-06-25 16:50:29		dbglog() is deprecated. It was called from helper_plugin_davcal::__construct() in /var/www/akdtu.dk/public_html/wiki/lib/plugins/davcal/helper.php:20 \dokuwiki\Logger should be used instead!
2024-06-25 16:50:29		dbglog() is deprecated. It was called from helper_plugin_davcal::__construct() in /var/www/akdtu.dk/public_html/wiki/lib/plugins/davcal/helper.php:20 \dokuwiki\Logger should be used instead!
2024-06-25 16:50:30		dbglog() is deprecated. It was called from helper_plugin_davcal::__construct() in /var/www/akdtu.dk/public_html/wiki/lib/plugins/davcal/helper.php:20 \dokuwiki\Logger should be used instead!
2024-06-25 16:50:30		dbglog() is deprecated. It was called from helper_plugin_davcal::__construct() in /var/www/akdtu.dk/public_html/wiki/lib/plugins/davcal/helper.php:20 \dokuwiki\Logger should be used instead!
2024-06-25 16:50:33		dbglog() is deprecated. It was called from helper_plugin_davcal::__construct() in /var/www/akdtu.dk/public_html/wiki/lib/plugins/davcal/helper.php:20 \dokuwiki\Logger should be used instead!
2024-06-25 16:50:33		dbglog() is deprecated. It was called from helper_plugin_davcal::__construct() in /var/www/akdtu.dk/public_html/wiki/lib/plugins/davcal/helper.php:20 \dokuwiki\Logger should be used instead!
2024-06-25 16:51:04		dbglog() is deprecated. It was called from helper_plugin_davcal::__construct() in /var/www/akdtu.dk/public_html/wiki/lib/plugins/davcal/helper.php:20 \dokuwiki\Logger should be used instead!
2024-06-25 17:15:31		dbglog() is deprecated. It was called from helper_plugin_davcal::__construct() in /var/www/akdtu.dk/public_html/wiki/lib/plugins/davcal/helper.php:20 \dokuwiki\Logger should be used instead!
2024-06-25 17:15:31		dbglog() is deprecated. It was called from auth_plugin_authwordpress::logDebug() in /var/www/akdtu.dk/public_html/wiki/lib/plugins/authwordpress/auth.php:381 \dokuwiki\Logger should be used instead!
2024-06-25 17:15:31		dbglog() is deprecated. It was called from auth_plugin_authwordpress::logDebug() in /var/www/akdtu.dk/public_html/wiki/lib/plugins/authwordpress/auth.php:381 \dokuwiki\Logger should be used instead!
2024-06-25 17:15:31		dbglog() is deprecated. It was called from auth_plugin_authwordpress::logDebug() in /var/www/akdtu.dk/public_html/wiki/lib/plugins/authwordpress/auth.php:381 \dokuwiki\Logger should be used instead!
2024-06-25 17:15:58		dbglog() is deprecated. It was called from helper_plugin_davcal::__construct() in /var/www/akdtu.dk/public_html/wiki/lib/plugins/davcal/helper.php:20 \dokuwiki\Logger should be used instead!
2024-06-25 17:15:59		require(syntax.php) is deprecated. It was called from require() in /var/www/akdtu.dk/public_html/wiki/lib/plugins/akdtu/syntax.php:12 Autoloading should be used instead!
2024-06-25 17:15:59		dbglog() is deprecated. It was called from helper_plugin_davcal::__construct() in /var/www/akdtu.dk/public_html/wiki/lib/plugins/davcal/helper.php:20 \dokuwiki\Logger should be used instead!
2024-06-25 17:15:59		dbglog() is deprecated. It was called from helper_plugin_davcal::__construct() in /var/www/akdtu.dk/public_html/wiki/lib/plugins/davcal/helper.php:20 \dokuwiki\Logger should be used instead!
2024-06-25 17:15:59		dbglog() is deprecated. It was called from helper_plugin_davcal::__construct() in /var/www/akdtu.dk/public_html/wiki/lib/plugins/davcal/helper.php:20 \dokuwiki\Logger should be used instead!
2024-06-25 17:15:59		dbglog() is deprecated. It was called from helper_plugin_davcal::__construct() in /var/www/akdtu.dk/public_html/wiki/lib/plugins/davcal/helper.php:20 \dokuwiki\Logger should be used instead!
2024-06-25 17:16:01		dbglog() is deprecated. It was called from helper_plugin_davcal::__construct() in /var/www/akdtu.dk/public_html/wiki/lib/plugins/davcal/helper.php:20 \dokuwiki\Logger should be used instead!
2024-06-25 17:16:01		dbglog() is deprecated. It was called from helper_plugin_davcal::__construct() in /var/www/akdtu.dk/public_html/wiki/lib/plugins/davcal/helper.php:20 \dokuwiki\Logger should be used instead!
2024-06-25 17:16:01		dbglog() is deprecated. It was called from helper_plugin_davcal::__construct() in /var/www/akdtu.dk/public_html/wiki/lib/plugins/davcal/helper.php:20 \dokuwiki\Logger should be used instead!
2024-06-25 17:16:12		dbglog() is deprecated. It was called from helper_plugin_davcal::__construct() in /var/www/akdtu.dk/public_html/wiki/lib/plugins/davcal/helper.php:20 \dokuwiki\Logger should be used instead!
2024-06-25 17:16:12		require(syntax.php) is deprecated. It was called from require() in /var/www/akdtu.dk/public_html/wiki/lib/plugins/akdtu/syntax.php:12 Autoloading should be used instead!
2024-06-25 17:16:12		dbglog() is deprecated. It was called from helper_plugin_davcal::__construct() in /var/www/akdtu.dk/public_html/wiki/lib/plugins/davcal/helper.php:20 \dokuwiki\Logger should be used instead!
2024-06-25 17:16:13		dbglog() is deprecated. It was called from helper_plugin_davcal::__construct() in /var/www/akdtu.dk/public_html/wiki/lib/plugins/davcal/helper.php:20 \dokuwiki\Logger should be used instead!
2024-06-25 17:16:13		dbglog() is deprecated. It was called from helper_plugin_davcal::__construct() in /var/www/akdtu.dk/public_html/wiki/lib/plugins/davcal/helper.php:20 \dokuwiki\Logger should be used instead!
2024-06-25 17:16:13		dbglog() is deprecated. It was called from helper_plugin_davcal::__construct() in /var/www/akdtu.dk/public_html/wiki/lib/plugins/davcal/helper.php:20 \dokuwiki\Logger should be used instead!
2024-06-25 17:16:33		dbglog() is deprecated. It was called from helper_plugin_davcal::__construct() in /var/www/akdtu.dk/public_html/wiki/lib/plugins/davcal/helper.php:20 \dokuwiki\Logger should be used instead!
2024-06-25 17:16:33		require(syntax.php) is deprecated. It was called from require() in /var/www/akdtu.dk/public_html/wiki/lib/plugins/akdtu/syntax.php:12 Autoloading should be used instead!
2024-06-25 17:16:33		dbglog() is deprecated. It was called from helper_plugin_davcal::__construct() in /var/www/akdtu.dk/public_html/wiki/lib/plugins/davcal/helper.php:20 \dokuwiki\Logger should be used instead!
2024-06-25 17:16:34		dbglog() is deprecated. It was called from helper_plugin_davcal::__construct() in /var/www/akdtu.dk/public_html/wiki/lib/plugins/davcal/helper.php:20 \dokuwiki\Logger should be used instead!
2024-06-25 17:16:34		dbglog() is deprecated. It was called from helper_plugin_davcal::__construct() in /var/www/akdtu.dk/public_html/wiki/lib/plugins/davcal/helper.php:20 \dokuwiki\Logger should be used instead!
2024-06-25 17:16:34		dbglog() is deprecated. It was called from helper_plugin_davcal::__construct() in /var/www/akdtu.dk/public_html/wiki/lib/plugins/davcal/helper.php:20 \dokuwiki\Logger should be used instead!
2024-06-25 17:16:50		dbglog() is deprecated. It was called from helper_plugin_davcal::__construct() in /var/www/akdtu.dk/public_html/wiki/lib/plugins/davcal/helper.php:20 \dokuwiki\Logger should be used instead!
2024-06-25 17:16:50		helper_plugin_sqlite::init() is deprecated. It was called from helper_plugin_davcal::getDB() in /var/www/akdtu.dk/public_html/wiki/lib/plugins/davcal/helper.php:37 dokuwiki\plugin\sqlite\SQLiteDB should be used instead!
2024-06-25 17:16:50		dbglog() is deprecated. It was called from helper_plugin_davcal::__construct() in /var/www/akdtu.dk/public_html/wiki/lib/plugins/davcal/helper.php:20 \dokuwiki\Logger should be used instead!
2024-06-25 17:16:50		require(syntax.php) is deprecated. It was called from require() in /var/www/akdtu.dk/public_html/wiki/lib/plugins/akdtu/syntax.php:12 Autoloading should be used instead!
2024-06-25 17:16:50		dbglog() is deprecated. It was called from helper_plugin_davcal::__construct() in /var/www/akdtu.dk/public_html/wiki/lib/plugins/davcal/helper.php:20 \dokuwiki\Logger should be used instead!
2024-06-25 17:16:50		require(syntax.php) is deprecated. It was called from require() in /var/www/akdtu.dk/public_html/wiki/lib/plugins/akdtu/syntax.php:12 Autoloading should be used instead!
2024-06-25 17:16:51		dbglog() is deprecated. It was called from helper_plugin_davcal::__construct() in /var/www/akdtu.dk/public_html/wiki/lib/plugins/davcal/helper.php:20 \dokuwiki\Logger should be used instead!
2024-06-25 17:16:51		dbglog() is deprecated. It was called from helper_plugin_davcal::__construct() in /var/www/akdtu.dk/public_html/wiki/lib/plugins/davcal/helper.php:20 \dokuwiki\Logger should be used instead!
2024-06-25 17:16:51		dbglog() is deprecated. It was called from helper_plugin_davcal::__construct() in /var/www/akdtu.dk/public_html/wiki/lib/plugins/davcal/helper.php:20 \dokuwiki\Logger should be used instead!
2024-06-25 17:16:53		dbglog() is deprecated. It was called from helper_plugin_davcal::__construct() in /var/www/akdtu.dk/public_html/wiki/lib/plugins/davcal/helper.php:20 \dokuwiki\Logger should be used instead!
2024-06-25 17:16:53		require(syntax.php) is deprecated. It was called from require() in /var/www/akdtu.dk/public_html/wiki/lib/plugins/akdtu/syntax.php:12 Autoloading should be used instead!
2024-06-25 17:16:53		dbglog() is deprecated. It was called from helper_plugin_davcal::__construct() in /var/www/akdtu.dk/public_html/wiki/lib/plugins/davcal/helper.php:20 \dokuwiki\Logger should be used instead!
2024-06-25 17:16:53		dbglog() is deprecated. It was called from helper_plugin_davcal::__construct() in /var/www/akdtu.dk/public_html/wiki/lib/plugins/davcal/helper.php:20 \dokuwiki\Logger should be used instead!
2024-06-25 17:16:54		dbglog() is deprecated. It was called from helper_plugin_davcal::__construct() in /var/www/akdtu.dk/public_html/wiki/lib/plugins/davcal/helper.php:20 \dokuwiki\Logger should be used instead!
2024-06-25 17:16:54		dbglog() is deprecated. It was called from helper_plugin_davcal::__construct() in /var/www/akdtu.dk/public_html/wiki/lib/plugins/davcal/helper.php:20 \dokuwiki\Logger should be used instead!
2024-06-25 17:31:55		dbglog() is deprecated. It was called from helper_plugin_davcal::__construct() in /var/www/akdtu.dk/public_html/wiki/lib/plugins/davcal/helper.php:20 \dokuwiki\Logger should be used instead!
2024-06-25 17:31:55		require(syntax.php) is deprecated. It was called from require() in /var/www/akdtu.dk/public_html/wiki/lib/plugins/akdtu/syntax.php:12 Autoloading should be used instead!
2024-06-25 17:31:55		dbglog() is deprecated. It was called from helper_plugin_davcal::__construct() in /var/www/akdtu.dk/public_html/wiki/lib/plugins/davcal/helper.php:20 \dokuwiki\Logger should be used instead!
2024-06-25 17:31:55		dbglog() is deprecated. It was called from helper_plugin_davcal::__construct() in /var/www/akdtu.dk/public_html/wiki/lib/plugins/davcal/helper.php:20 \dokuwiki\Logger should be used instead!
2024-06-25 17:31:55		dbglog() is deprecated. It was called from helper_plugin_davcal::__construct() in /var/www/akdtu.dk/public_html/wiki/lib/plugins/davcal/helper.php:20 \dokuwiki\Logger should be used instead!
2024-06-25 17:31:55		dbglog() is deprecated. It was called from helper_plugin_davcal::__construct() in /var/www/akdtu.dk/public_html/wiki/lib/plugins/davcal/helper.php:20 \dokuwiki\Logger should be used instead!
2024-06-25 17:31:58		dbglog() is deprecated. It was called from helper_plugin_davcal::__construct() in /var/www/akdtu.dk/public_html/wiki/lib/plugins/davcal/helper.php:20 \dokuwiki\Logger should be used instead!
2024-06-25 17:31:58		require(syntax.php) is deprecated. It was called from require() in /var/www/akdtu.dk/public_html/wiki/lib/plugins/akdtu/syntax.php:12 Autoloading should be used instead!
2024-06-25 17:31:59		dbglog() is deprecated. It was called from helper_plugin_davcal::__construct() in /var/www/akdtu.dk/public_html/wiki/lib/plugins/davcal/helper.php:20 \dokuwiki\Logger should be used instead!
2024-06-25 17:32:00		dbglog() is deprecated. It was called from helper_plugin_davcal::__construct() in /var/www/akdtu.dk/public_html/wiki/lib/plugins/davcal/helper.php:20 \dokuwiki\Logger should be used instead!
2024-06-25 17:32:01		dbglog() is deprecated. It was called from helper_plugin_davcal::__construct() in /var/www/akdtu.dk/public_html/wiki/lib/plugins/davcal/helper.php:20 \dokuwiki\Logger should be used instead!
2024-06-25 17:32:01		dbglog() is deprecated. It was called from helper_plugin_davcal::__construct() in /var/www/akdtu.dk/public_html/wiki/lib/plugins/davcal/helper.php:20 \dokuwiki\Logger should be used instead!
2024-06-25 17:32:01		dbglog() is deprecated. It was called from helper_plugin_davcal::__construct() in /var/www/akdtu.dk/public_html/wiki/lib/plugins/davcal/helper.php:20 \dokuwiki\Logger should be used instead!
2024-06-25 17:32:01		dbglog() is deprecated. It was called from helper_plugin_davcal::__construct() in /var/www/akdtu.dk/public_html/wiki/lib/plugins/davcal/helper.php:20 \dokuwiki\Logger should be used instead!
2024-06-25 17:32:01		dbglog() is deprecated. It was called from helper_plugin_davcal::__construct() in /var/www/akdtu.dk/public_html/wiki/lib/plugins/davcal/helper.php:20 \dokuwiki\Logger should be used instead!
2024-06-25 17:46:32		dbglog() is deprecated. It was called from helper_plugin_davcal::__construct() in /var/www/akdtu.dk/public_html/wiki/lib/plugins/davcal/helper.php:20 \dokuwiki\Logger should be used instead!
2024-06-25 17:46:32		require(syntax.php) is deprecated. It was called from require() in /var/www/akdtu.dk/public_html/wiki/lib/plugins/akdtu/syntax.php:12 Autoloading should be used instead!
2024-06-25 17:46:32		dbglog() is deprecated. It was called from helper_plugin_davcal::__construct() in /var/www/akdtu.dk/public_html/wiki/lib/plugins/davcal/helper.php:20 \dokuwiki\Logger should be used instead!
2024-06-25 17:46:36		dbglog() is deprecated. It was called from helper_plugin_davcal::__construct() in /var/www/akdtu.dk/public_html/wiki/lib/plugins/davcal/helper.php:20 \dokuwiki\Logger should be used instead!
2024-06-25 17:46:36		require(syntax.php) is deprecated. It was called from require() in /var/www/akdtu.dk/public_html/wiki/lib/plugins/akdtu/syntax.php:12 Autoloading should be used instead!
2024-06-25 17:46:36		dbglog() is deprecated. It was called from helper_plugin_davcal::__construct() in /var/www/akdtu.dk/public_html/wiki/lib/plugins/davcal/helper.php:20 \dokuwiki\Logger should be used instead!
2024-06-25 17:46:37		dbglog() is deprecated. It was called from helper_plugin_davcal::__construct() in /var/www/akdtu.dk/public_html/wiki/lib/plugins/davcal/helper.php:20 \dokuwiki\Logger should be used instead!
2024-06-25 17:46:37		dbglog() is deprecated. It was called from helper_plugin_davcal::__construct() in /var/www/akdtu.dk/public_html/wiki/lib/plugins/davcal/helper.php:20 \dokuwiki\Logger should be used instead!
2024-06-25 17:46:37		dbglog() is deprecated. It was called from helper_plugin_davcal::__construct() in /var/www/akdtu.dk/public_html/wiki/lib/plugins/davcal/helper.php:20 \dokuwiki\Logger should be used instead!
2024-06-25 17:46:39		dbglog() is deprecated. It was called from helper_plugin_davcal::__construct() in /var/www/akdtu.dk/public_html/wiki/lib/plugins/davcal/helper.php:20 \dokuwiki\Logger should be used instead!
2024-06-25 17:46:39		dbglog() is deprecated. It was called from helper_plugin_davcal::__construct() in /var/www/akdtu.dk/public_html/wiki/lib/plugins/davcal/helper.php:20 \dokuwiki\Logger should be used instead!
2024-06-25 17:46:39		dbglog() is deprecated. It was called from helper_plugin_davcal::__construct() in /var/www/akdtu.dk/public_html/wiki/lib/plugins/davcal/helper.php:20 \dokuwiki\Logger should be used instead!
2024-06-25 17:50:09		dbglog() is deprecated. It was called from helper_plugin_davcal::__construct() in /var/www/akdtu.dk/public_html/wiki/lib/plugins/davcal/helper.php:20 \dokuwiki\Logger should be used instead!
2024-06-25 17:50:09		dbglog() is deprecated. It was called from auth_plugin_authwordpress::logDebug() in /var/www/akdtu.dk/public_html/wiki/lib/plugins/authwordpress/auth.php:381 \dokuwiki\Logger should be used instead!
2024-06-25 17:50:09		dbglog() is deprecated. It was called from auth_plugin_authwordpress::logDebug() in /var/www/akdtu.dk/public_html/wiki/lib/plugins/authwordpress/auth.php:381 \dokuwiki\Logger should be used instead!
2024-06-25 17:50:09		dbglog() is deprecated. It was called from auth_plugin_authwordpress::logDebug() in /var/www/akdtu.dk/public_html/wiki/lib/plugins/authwordpress/auth.php:381 \dokuwiki\Logger should be used instead!
2024-06-25 17:50:32		dbglog() is deprecated. It was called from helper_plugin_davcal::__construct() in /var/www/akdtu.dk/public_html/wiki/lib/plugins/davcal/helper.php:20 \dokuwiki\Logger should be used instead!
2024-06-25 17:50:32		require(syntax.php) is deprecated. It was called from require() in /var/www/akdtu.dk/public_html/wiki/lib/plugins/akdtu/syntax.php:12 Autoloading should be used instead!
2024-06-25 17:50:32		dbglog() is deprecated. It was called from helper_plugin_davcal::__construct() in /var/www/akdtu.dk/public_html/wiki/lib/plugins/davcal/helper.php:20 \dokuwiki\Logger should be used instead!
2024-06-25 17:50:32		dbglog() is deprecated. It was called from helper_plugin_davcal::__construct() in /var/www/akdtu.dk/public_html/wiki/lib/plugins/davcal/helper.php:20 \dokuwiki\Logger should be used instead!
2024-06-25 17:50:32		dbglog() is deprecated. It was called from helper_plugin_davcal::__construct() in /var/www/akdtu.dk/public_html/wiki/lib/plugins/davcal/helper.php:20 \dokuwiki\Logger should be used instead!
2024-06-25 17:50:33		dbglog() is deprecated. It was called from helper_plugin_davcal::__construct() in /var/www/akdtu.dk/public_html/wiki/lib/plugins/davcal/helper.php:20 \dokuwiki\Logger should be used instead!
2024-06-25 17:50:35		dbglog() is deprecated. It was called from helper_plugin_davcal::__construct() in /var/www/akdtu.dk/public_html/wiki/lib/plugins/davcal/helper.php:20 \dokuwiki\Logger should be used instead!
2024-06-25 17:50:35		dbglog() is deprecated. It was called from helper_plugin_davcal::__construct() in /var/www/akdtu.dk/public_html/wiki/lib/plugins/davcal/helper.php:20 \dokuwiki\Logger should be used instead!
2024-06-25 17:50:35		dbglog() is deprecated. It was called from helper_plugin_davcal::__construct() in /var/www/akdtu.dk/public_html/wiki/lib/plugins/davcal/helper.php:20 \dokuwiki\Logger should be used instead!
2024-06-25 17:50:36		dbglog() is deprecated. It was called from helper_plugin_davcal::__construct() in /var/www/akdtu.dk/public_html/wiki/lib/plugins/davcal/helper.php:20 \dokuwiki\Logger should be used instead!
2024-06-25 17:50:36		helper_plugin_sqlite::init() is deprecated. It was called from helper_plugin_davcal::getDB() in /var/www/akdtu.dk/public_html/wiki/lib/plugins/davcal/helper.php:37 dokuwiki\plugin\sqlite\SQLiteDB should be used instead!
2024-06-25 17:50:36		dbglog() is deprecated. It was called from helper_plugin_davcal::__construct() in /var/www/akdtu.dk/public_html/wiki/lib/plugins/davcal/helper.php:20 \dokuwiki\Logger should be used instead!
2024-06-25 17:50:36		require(syntax.php) is deprecated. It was called from require() in /var/www/akdtu.dk/public_html/wiki/lib/plugins/akdtu/syntax.php:12 Autoloading should be used instead!
2024-06-25 17:50:37		dbglog() is deprecated. It was called from helper_plugin_davcal::__construct() in /var/www/akdtu.dk/public_html/wiki/lib/plugins/davcal/helper.php:20 \dokuwiki\Logger should be used instead!
2024-06-25 17:50:37		require(syntax.php) is deprecated. It was called from require() in /var/www/akdtu.dk/public_html/wiki/lib/plugins/akdtu/syntax.php:12 Autoloading should be used instead!
2024-06-25 17:50:37		dbglog() is deprecated. It was called from helper_plugin_davcal::__construct() in /var/www/akdtu.dk/public_html/wiki/lib/plugins/davcal/helper.php:20 \dokuwiki\Logger should be used instead!
2024-06-25 17:50:37		dbglog() is deprecated. It was called from helper_plugin_davcal::__construct() in /var/www/akdtu.dk/public_html/wiki/lib/plugins/davcal/helper.php:20 \dokuwiki\Logger should be used instead!
2024-06-25 17:50:37		dbglog() is deprecated. It was called from helper_plugin_davcal::__construct() in /var/www/akdtu.dk/public_html/wiki/lib/plugins/davcal/helper.php:20 \dokuwiki\Logger should be used instead!
2024-06-25 17:51:03		dbglog() is deprecated. It was called from helper_plugin_davcal::__construct() in /var/www/akdtu.dk/public_html/wiki/lib/plugins/davcal/helper.php:20 \dokuwiki\Logger should be used instead!
2024-06-25 17:51:03		dbglog() is deprecated. It was called from helper_plugin_davcal::__construct() in /var/www/akdtu.dk/public_html/wiki/lib/plugins/davcal/helper.php:20 \dokuwiki\Logger should be used instead!
2024-06-25 17:51:04		dbglog() is deprecated. It was called from helper_plugin_davcal::__construct() in /var/www/akdtu.dk/public_html/wiki/lib/plugins/davcal/helper.php:20 \dokuwiki\Logger should be used instead!
2024-06-25 17:51:04		dbglog() is deprecated. It was called from helper_plugin_davcal::__construct() in /var/www/akdtu.dk/public_html/wiki/lib/plugins/davcal/helper.php:20 \dokuwiki\Logger should be used instead!
2024-06-25 17:51:04		dbglog() is deprecated. It was called from helper_plugin_davcal::__construct() in /var/www/akdtu.dk/public_html/wiki/lib/plugins/davcal/helper.php:20 \dokuwiki\Logger should be used instead!
2024-06-25 17:51:25		dbglog() is deprecated. It was called from helper_plugin_davcal::__construct() in /var/www/akdtu.dk/public_html/wiki/lib/plugins/davcal/helper.php:20 \dokuwiki\Logger should be used instead!
2024-06-25 17:51:25		helper_plugin_sqlite::init() is deprecated. It was called from helper_plugin_davcal::getDB() in /var/www/akdtu.dk/public_html/wiki/lib/plugins/davcal/helper.php:37 dokuwiki\plugin\sqlite\SQLiteDB should be used instead!
2024-06-25 17:51:25		dbglog() is deprecated. It was called from helper_plugin_davcal::__construct() in /var/www/akdtu.dk/public_html/wiki/lib/plugins/davcal/helper.php:20 \dokuwiki\Logger should be used instead!
2024-06-25 17:51:25		require(syntax.php) is deprecated. It was called from require() in /var/www/akdtu.dk/public_html/wiki/lib/plugins/akdtu/syntax.php:12 Autoloading should be used instead!
2024-06-25 17:51:25		dbglog() is deprecated. It was called from helper_plugin_davcal::__construct() in /var/www/akdtu.dk/public_html/wiki/lib/plugins/davcal/helper.php:20 \dokuwiki\Logger should be used instead!
2024-06-25 17:51:25		require(syntax.php) is deprecated. It was called from require() in /var/www/akdtu.dk/public_html/wiki/lib/plugins/akdtu/syntax.php:12 Autoloading should be used instead!
2024-06-25 17:51:26		dbglog() is deprecated. It was called from helper_plugin_davcal::__construct() in /var/www/akdtu.dk/public_html/wiki/lib/plugins/davcal/helper.php:20 \dokuwiki\Logger should be used instead!
2024-06-25 17:51:26		dbglog() is deprecated. It was called from helper_plugin_davcal::__construct() in /var/www/akdtu.dk/public_html/wiki/lib/plugins/davcal/helper.php:20 \dokuwiki\Logger should be used instead!
2024-06-25 17:51:26		dbglog() is deprecated. It was called from helper_plugin_davcal::__construct() in /var/www/akdtu.dk/public_html/wiki/lib/plugins/davcal/helper.php:20 \dokuwiki\Logger should be used instead!
2024-06-25 17:51:31		dbglog() is deprecated. It was called from helper_plugin_davcal::__construct() in /var/www/akdtu.dk/public_html/wiki/lib/plugins/davcal/helper.php:20 \dokuwiki\Logger should be used instead!
2024-06-25 17:51:31		require(syntax.php) is deprecated. It was called from require() in /var/www/akdtu.dk/public_html/wiki/lib/plugins/akdtu/syntax.php:12 Autoloading should be used instead!
2024-06-25 17:51:31		dbglog() is deprecated. It was called from helper_plugin_davcal::__construct() in /var/www/akdtu.dk/public_html/wiki/lib/plugins/davcal/helper.php:20 \dokuwiki\Logger should be used instead!
2024-06-25 17:51:32		dbglog() is deprecated. It was called from helper_plugin_davcal::__construct() in /var/www/akdtu.dk/public_html/wiki/lib/plugins/davcal/helper.php:20 \dokuwiki\Logger should be used instead!
2024-06-25 17:51:32		dbglog() is deprecated. It was called from helper_plugin_davcal::__construct() in /var/www/akdtu.dk/public_html/wiki/lib/plugins/davcal/helper.php:20 \dokuwiki\Logger should be used instead!
2024-06-25 17:51:32		dbglog() is deprecated. It was called from helper_plugin_davcal::__construct() in /var/www/akdtu.dk/public_html/wiki/lib/plugins/davcal/helper.php:20 \dokuwiki\Logger should be used instead!
2024-06-25 17:52:02		dbglog() is deprecated. It was called from helper_plugin_davcal::__construct() in /var/www/akdtu.dk/public_html/wiki/lib/plugins/davcal/helper.php:20 \dokuwiki\Logger should be used instead!
2024-06-25 17:52:40		dbglog() is deprecated. It was called from helper_plugin_davcal::__construct() in /var/www/akdtu.dk/public_html/wiki/lib/plugins/davcal/helper.php:20 \dokuwiki\Logger should be used instead!
2024-06-25 17:53:49		dbglog() is deprecated. It was called from helper_plugin_davcal::__construct() in /var/www/akdtu.dk/public_html/wiki/lib/plugins/davcal/helper.php:20 \dokuwiki\Logger should be used instead!
2024-06-25 17:54:20		dbglog() is deprecated. It was called from helper_plugin_davcal::__construct() in /var/www/akdtu.dk/public_html/wiki/lib/plugins/davcal/helper.php:20 \dokuwiki\Logger should be used instead!
2024-06-25 17:54:41		dbglog() is deprecated. It was called from helper_plugin_davcal::__construct() in /var/www/akdtu.dk/public_html/wiki/lib/plugins/davcal/helper.php:20 \dokuwiki\Logger should be used instead!
2024-06-25 17:54:41		require(syntax.php) is deprecated. It was called from require() in /var/www/akdtu.dk/public_html/wiki/lib/plugins/akdtu/syntax.php:12 Autoloading should be used instead!
2024-06-25 17:54:41		dbglog() is deprecated. It was called from helper_plugin_davcal::__construct() in /var/www/akdtu.dk/public_html/wiki/lib/plugins/davcal/helper.php:20 \dokuwiki\Logger should be used instead!
2024-06-25 17:54:42		dbglog() is deprecated. It was called from helper_plugin_davcal::__construct() in /var/www/akdtu.dk/public_html/wiki/lib/plugins/davcal/helper.php:20 \dokuwiki\Logger should be used instead!
2024-06-25 17:54:42		dbglog() is deprecated. It was called from helper_plugin_davcal::__construct() in /var/www/akdtu.dk/public_html/wiki/lib/plugins/davcal/helper.php:20 \dokuwiki\Logger should be used instead!
2024-06-25 17:54:42		dbglog() is deprecated. It was called from helper_plugin_davcal::__construct() in /var/www/akdtu.dk/public_html/wiki/lib/plugins/davcal/helper.php:20 \dokuwiki\Logger should be used instead!
2024-06-25 17:55:00		dbglog() is deprecated. It was called from helper_plugin_davcal::__construct() in /var/www/akdtu.dk/public_html/wiki/lib/plugins/davcal/helper.php:20 \dokuwiki\Logger should be used instead!
2024-06-25 17:55:00		require(syntax.php) is deprecated. It was called from require() in /var/www/akdtu.dk/public_html/wiki/lib/plugins/akdtu/syntax.php:12 Autoloading should be used instead!
2024-06-25 17:55:00		dbglog() is deprecated. It was called from helper_plugin_davcal::__construct() in /var/www/akdtu.dk/public_html/wiki/lib/plugins/davcal/helper.php:20 \dokuwiki\Logger should be used instead!
2024-06-25 17:55:01		dbglog() is deprecated. It was called from helper_plugin_davcal::__construct() in /var/www/akdtu.dk/public_html/wiki/lib/plugins/davcal/helper.php:20 \dokuwiki\Logger should be used instead!
2024-06-25 17:55:01		dbglog() is deprecated. It was called from helper_plugin_davcal::__construct() in /var/www/akdtu.dk/public_html/wiki/lib/plugins/davcal/helper.php:20 \dokuwiki\Logger should be used instead!
2024-06-25 17:55:01		dbglog() is deprecated. It was called from helper_plugin_davcal::__construct() in /var/www/akdtu.dk/public_html/wiki/lib/plugins/davcal/helper.php:20 \dokuwiki\Logger should be used instead!
2024-06-25 17:55:07		dbglog() is deprecated. It was called from helper_plugin_davcal::__construct() in /var/www/akdtu.dk/public_html/wiki/lib/plugins/davcal/helper.php:20 \dokuwiki\Logger should be used instead!
2024-06-25 17:55:37		dbglog() is deprecated. It was called from helper_plugin_davcal::__construct() in /var/www/akdtu.dk/public_html/wiki/lib/plugins/davcal/helper.php:20 \dokuwiki\Logger should be used instead!
2024-06-25 17:55:38		dbglog() is deprecated. It was called from helper_plugin_davcal::__construct() in /var/www/akdtu.dk/public_html/wiki/lib/plugins/davcal/helper.php:20 \dokuwiki\Logger should be used instead!
2024-06-25 17:55:39		dbglog() is deprecated. It was called from helper_plugin_davcal::__construct() in /var/www/akdtu.dk/public_html/wiki/lib/plugins/davcal/helper.php:20 \dokuwiki\Logger should be used instead!
2024-06-25 17:55:39		dbglog() is deprecated. It was called from helper_plugin_davcal::__construct() in /var/www/akdtu.dk/public_html/wiki/lib/plugins/davcal/helper.php:20 \dokuwiki\Logger should be used instead!
2024-06-25 17:55:39		dbglog() is deprecated. It was called from helper_plugin_davcal::__construct() in /var/www/akdtu.dk/public_html/wiki/lib/plugins/davcal/helper.php:20 \dokuwiki\Logger should be used instead!
2024-06-25 17:55:52		dbglog() is deprecated. It was called from helper_plugin_davcal::__construct() in /var/www/akdtu.dk/public_html/wiki/lib/plugins/davcal/helper.php:20 \dokuwiki\Logger should be used instead!
2024-06-25 17:55:52		dbglog() is deprecated. It was called from helper_plugin_davcal::__construct() in /var/www/akdtu.dk/public_html/wiki/lib/plugins/davcal/helper.php:20 \dokuwiki\Logger should be used instead!
2024-06-25 17:55:53		dbglog() is deprecated. It was called from helper_plugin_davcal::__construct() in /var/www/akdtu.dk/public_html/wiki/lib/plugins/davcal/helper.php:20 \dokuwiki\Logger should be used instead!
2024-06-25 17:55:53		dbglog() is deprecated. It was called from helper_plugin_davcal::__construct() in /var/www/akdtu.dk/public_html/wiki/lib/plugins/davcal/helper.php:20 \dokuwiki\Logger should be used instead!
2024-06-25 17:55:53		dbglog() is deprecated. It was called from helper_plugin_davcal::__construct() in /var/www/akdtu.dk/public_html/wiki/lib/plugins/davcal/helper.php:20 \dokuwiki\Logger should be used instead!
2024-06-25 17:56:15		dbglog() is deprecated. It was called from helper_plugin_davcal::__construct() in /var/www/akdtu.dk/public_html/wiki/lib/plugins/davcal/helper.php:20 \dokuwiki\Logger should be used instead!
2024-06-25 17:56:15		helper_plugin_sqlite::init() is deprecated. It was called from helper_plugin_davcal::getDB() in /var/www/akdtu.dk/public_html/wiki/lib/plugins/davcal/helper.php:37 dokuwiki\plugin\sqlite\SQLiteDB should be used instead!
2024-06-25 17:56:15		dbglog() is deprecated. It was called from helper_plugin_davcal::__construct() in /var/www/akdtu.dk/public_html/wiki/lib/plugins/davcal/helper.php:20 \dokuwiki\Logger should be used instead!
2024-06-25 17:56:15		require(syntax.php) is deprecated. It was called from require() in /var/www/akdtu.dk/public_html/wiki/lib/plugins/akdtu/syntax.php:12 Autoloading should be used instead!
2024-06-25 17:56:15		dbglog() is deprecated. It was called from helper_plugin_davcal::__construct() in /var/www/akdtu.dk/public_html/wiki/lib/plugins/davcal/helper.php:20 \dokuwiki\Logger should be used instead!
2024-06-25 17:56:15		require(syntax.php) is deprecated. It was called from require() in /var/www/akdtu.dk/public_html/wiki/lib/plugins/akdtu/syntax.php:12 Autoloading should be used instead!
2024-06-25 17:56:15		dbglog() is deprecated. It was called from helper_plugin_davcal::__construct() in /var/www/akdtu.dk/public_html/wiki/lib/plugins/davcal/helper.php:20 \dokuwiki\Logger should be used instead!
2024-06-25 17:56:15		dbglog() is deprecated. It was called from helper_plugin_davcal::__construct() in /var/www/akdtu.dk/public_html/wiki/lib/plugins/davcal/helper.php:20 \dokuwiki\Logger should be used instead!
2024-06-25 17:56:15		dbglog() is deprecated. It was called from helper_plugin_davcal::__construct() in /var/www/akdtu.dk/public_html/wiki/lib/plugins/davcal/helper.php:20 \dokuwiki\Logger should be used instead!
2024-06-25 17:56:49		dbglog() is deprecated. It was called from helper_plugin_davcal::__construct() in /var/www/akdtu.dk/public_html/wiki/lib/plugins/davcal/helper.php:20 \dokuwiki\Logger should be used instead!
2024-06-25 17:57:06		dbglog() is deprecated. It was called from helper_plugin_davcal::__construct() in /var/www/akdtu.dk/public_html/wiki/lib/plugins/davcal/helper.php:20 \dokuwiki\Logger should be used instead!
2024-06-25 17:57:06		helper_plugin_sqlite::init() is deprecated. It was called from helper_plugin_davcal::getDB() in /var/www/akdtu.dk/public_html/wiki/lib/plugins/davcal/helper.php:37 dokuwiki\plugin\sqlite\SQLiteDB should be used instead!
2024-06-25 17:57:07		dbglog() is deprecated. It was called from helper_plugin_davcal::__construct() in /var/www/akdtu.dk/public_html/wiki/lib/plugins/davcal/helper.php:20 \dokuwiki\Logger should be used instead!
2024-06-25 17:57:07		require(syntax.php) is deprecated. It was called from require() in /var/www/akdtu.dk/public_html/wiki/lib/plugins/akdtu/syntax.php:12 Autoloading should be used instead!
2024-06-25 17:57:07		dbglog() is deprecated. It was called from helper_plugin_davcal::__construct() in /var/www/akdtu.dk/public_html/wiki/lib/plugins/davcal/helper.php:20 \dokuwiki\Logger should be used instead!
2024-06-25 17:57:08		dbglog() is deprecated. It was called from helper_plugin_davcal::__construct() in /var/www/akdtu.dk/public_html/wiki/lib/plugins/davcal/helper.php:20 \dokuwiki\Logger should be used instead!
2024-06-25 17:57:08		dbglog() is deprecated. It was called from helper_plugin_davcal::__construct() in /var/www/akdtu.dk/public_html/wiki/lib/plugins/davcal/helper.php:20 \dokuwiki\Logger should be used instead!
2024-06-25 17:57:09		dbglog() is deprecated. It was called from helper_plugin_davcal::__construct() in /var/www/akdtu.dk/public_html/wiki/lib/plugins/davcal/helper.php:20 \dokuwiki\Logger should be used instead!
2024-06-25 17:58:25		dbglog() is deprecated. It was called from helper_plugin_davcal::__construct() in /var/www/akdtu.dk/public_html/wiki/lib/plugins/davcal/helper.php:20 \dokuwiki\Logger should be used instead!
2024-06-25 17:58:25		dbglog() is deprecated. It was called from helper_plugin_davcal::__construct() in /var/www/akdtu.dk/public_html/wiki/lib/plugins/davcal/helper.php:20 \dokuwiki\Logger should be used instead!
2024-06-25 17:58:26		dbglog() is deprecated. It was called from helper_plugin_davcal::__construct() in /var/www/akdtu.dk/public_html/wiki/lib/plugins/davcal/helper.php:20 \dokuwiki\Logger should be used instead!
2024-06-25 17:58:26		dbglog() is deprecated. It was called from helper_plugin_davcal::__construct() in /var/www/akdtu.dk/public_html/wiki/lib/plugins/davcal/helper.php:20 \dokuwiki\Logger should be used instead!
2024-06-25 17:58:26		dbglog() is deprecated. It was called from helper_plugin_davcal::__construct() in /var/www/akdtu.dk/public_html/wiki/lib/plugins/davcal/helper.php:20 \dokuwiki\Logger should be used instead!
2024-06-25 18:01:53		dbglog() is deprecated. It was called from helper_plugin_davcal::__construct() in /var/www/akdtu.dk/public_html/wiki/lib/plugins/davcal/helper.php:20 \dokuwiki\Logger should be used instead!
2024-06-25 18:02:12		dbglog() is deprecated. It was called from helper_plugin_davcal::__construct() in /var/www/akdtu.dk/public_html/wiki/lib/plugins/davcal/helper.php:20 \dokuwiki\Logger should be used instead!
2024-06-25 18:02:12		helper_plugin_sqlite::init() is deprecated. It was called from helper_plugin_davcal::getDB() in /var/www/akdtu.dk/public_html/wiki/lib/plugins/davcal/helper.php:37 dokuwiki\plugin\sqlite\SQLiteDB should be used instead!
2024-06-25 18:02:12		dbglog() is deprecated. It was called from helper_plugin_davcal::__construct() in /var/www/akdtu.dk/public_html/wiki/lib/plugins/davcal/helper.php:20 \dokuwiki\Logger should be used instead!
2024-06-25 18:02:12		require(syntax.php) is deprecated. It was called from require() in /var/www/akdtu.dk/public_html/wiki/lib/plugins/akdtu/syntax.php:12 Autoloading should be used instead!
2024-06-25 18:02:12		dbglog() is deprecated. It was called from helper_plugin_davcal::__construct() in /var/www/akdtu.dk/public_html/wiki/lib/plugins/davcal/helper.php:20 \dokuwiki\Logger should be used instead!
2024-06-25 18:02:12		require(syntax.php) is deprecated. It was called from require() in /var/www/akdtu.dk/public_html/wiki/lib/plugins/akdtu/syntax.php:12 Autoloading should be used instead!
2024-06-25 18:02:13		dbglog() is deprecated. It was called from helper_plugin_davcal::__construct() in /var/www/akdtu.dk/public_html/wiki/lib/plugins/davcal/helper.php:20 \dokuwiki\Logger should be used instead!
2024-06-25 18:02:13		dbglog() is deprecated. It was called from helper_plugin_davcal::__construct() in /var/www/akdtu.dk/public_html/wiki/lib/plugins/davcal/helper.php:20 \dokuwiki\Logger should be used instead!
2024-06-25 18:02:13		dbglog() is deprecated. It was called from helper_plugin_davcal::__construct() in /var/www/akdtu.dk/public_html/wiki/lib/plugins/davcal/helper.php:20 \dokuwiki\Logger should be used instead!
2024-06-25 18:02:16		dbglog() is deprecated. It was called from helper_plugin_davcal::__construct() in /var/www/akdtu.dk/public_html/wiki/lib/plugins/davcal/helper.php:20 \dokuwiki\Logger should be used instead!
2024-06-25 18:02:16		require(syntax.php) is deprecated. It was called from require() in /var/www/akdtu.dk/public_html/wiki/lib/plugins/akdtu/syntax.php:12 Autoloading should be used instead!
2024-06-25 18:02:16		dbglog() is deprecated. It was called from helper_plugin_davcal::__construct() in /var/www/akdtu.dk/public_html/wiki/lib/plugins/davcal/helper.php:20 \dokuwiki\Logger should be used instead!
2024-06-25 18:02:17		dbglog() is deprecated. It was called from helper_plugin_davcal::__construct() in /var/www/akdtu.dk/public_html/wiki/lib/plugins/davcal/helper.php:20 \dokuwiki\Logger should be used instead!
2024-06-25 18:02:17		dbglog() is deprecated. It was called from helper_plugin_davcal::__construct() in /var/www/akdtu.dk/public_html/wiki/lib/plugins/davcal/helper.php:20 \dokuwiki\Logger should be used instead!
2024-06-25 18:02:17		dbglog() is deprecated. It was called from helper_plugin_davcal::__construct() in /var/www/akdtu.dk/public_html/wiki/lib/plugins/davcal/helper.php:20 \dokuwiki\Logger should be used instead!
2024-06-25 18:02:47		dbglog() is deprecated. It was called from helper_plugin_davcal::__construct() in /var/www/akdtu.dk/public_html/wiki/lib/plugins/davcal/helper.php:20 \dokuwiki\Logger should be used instead!
2024-06-25 18:03:17		dbglog() is deprecated. It was called from helper_plugin_davcal::__construct() in /var/www/akdtu.dk/public_html/wiki/lib/plugins/davcal/helper.php:20 \dokuwiki\Logger should be used instead!
2024-06-25 18:03:48		dbglog() is deprecated. It was called from helper_plugin_davcal::__construct() in /var/www/akdtu.dk/public_html/wiki/lib/plugins/davcal/helper.php:20 \dokuwiki\Logger should be used instead!
2024-06-25 18:04:28		dbglog() is deprecated. It was called from helper_plugin_davcal::__construct() in /var/www/akdtu.dk/public_html/wiki/lib/plugins/davcal/helper.php:20 \dokuwiki\Logger should be used instead!
2024-06-25 18:09:20		dbglog() is deprecated. It was called from helper_plugin_davcal::__construct() in /var/www/akdtu.dk/public_html/wiki/lib/plugins/davcal/helper.php:20 \dokuwiki\Logger should be used instead!
2024-06-25 18:09:20		dbglog() is deprecated. It was called from auth_plugin_authwordpress::logDebug() in /var/www/akdtu.dk/public_html/wiki/lib/plugins/authwordpress/auth.php:381 \dokuwiki\Logger should be used instead!
2024-06-25 18:09:20		dbglog() is deprecated. It was called from auth_plugin_authwordpress::logDebug() in /var/www/akdtu.dk/public_html/wiki/lib/plugins/authwordpress/auth.php:381 \dokuwiki\Logger should be used instead!
2024-06-25 18:09:20		dbglog() is deprecated. It was called from auth_plugin_authwordpress::logDebug() in /var/www/akdtu.dk/public_html/wiki/lib/plugins/authwordpress/auth.php:381 \dokuwiki\Logger should be used instead!
2024-06-25 18:09:50		dbglog() is deprecated. It was called from helper_plugin_davcal::__construct() in /var/www/akdtu.dk/public_html/wiki/lib/plugins/davcal/helper.php:20 \dokuwiki\Logger should be used instead!
2024-06-25 18:09:50		helper_plugin_sqlite::init() is deprecated. It was called from helper_plugin_davcal::getDB() in /var/www/akdtu.dk/public_html/wiki/lib/plugins/davcal/helper.php:37 dokuwiki\plugin\sqlite\SQLiteDB should be used instead!
2024-06-25 18:09:51		dbglog() is deprecated. It was called from helper_plugin_davcal::__construct() in /var/www/akdtu.dk/public_html/wiki/lib/plugins/davcal/helper.php:20 \dokuwiki\Logger should be used instead!
2024-06-25 18:09:51		require(syntax.php) is deprecated. It was called from require() in /var/www/akdtu.dk/public_html/wiki/lib/plugins/akdtu/syntax.php:12 Autoloading should be used instead!
2024-06-25 18:09:51		dbglog() is deprecated. It was called from helper_plugin_davcal::__construct() in /var/www/akdtu.dk/public_html/wiki/lib/plugins/davcal/helper.php:20 \dokuwiki\Logger should be used instead!
2024-06-25 18:09:51		dbglog() is deprecated. It was called from helper_plugin_davcal::__construct() in /var/www/akdtu.dk/public_html/wiki/lib/plugins/davcal/helper.php:20 \dokuwiki\Logger should be used instead!
2024-06-25 18:09:51		dbglog() is deprecated. It was called from helper_plugin_davcal::__construct() in /var/www/akdtu.dk/public_html/wiki/lib/plugins/davcal/helper.php:20 \dokuwiki\Logger should be used instead!
2024-06-25 18:09:51		dbglog() is deprecated. It was called from helper_plugin_davcal::__construct() in /var/www/akdtu.dk/public_html/wiki/lib/plugins/davcal/helper.php:20 \dokuwiki\Logger should be used instead!
2024-06-25 18:09:52		dbglog() is deprecated. It was called from helper_plugin_davcal::__construct() in /var/www/akdtu.dk/public_html/wiki/lib/plugins/davcal/helper.php:20 \dokuwiki\Logger should be used instead!
2024-06-25 18:09:52		dbglog() is deprecated. It was called from helper_plugin_davcal::__construct() in /var/www/akdtu.dk/public_html/wiki/lib/plugins/davcal/helper.php:20 \dokuwiki\Logger should be used instead!
2024-06-25 18:09:52		dbglog() is deprecated. It was called from helper_plugin_davcal::__construct() in /var/www/akdtu.dk/public_html/wiki/lib/plugins/davcal/helper.php:20 \dokuwiki\Logger should be used instead!
2024-06-25 18:10:54		dbglog() is deprecated. It was called from helper_plugin_davcal::__construct() in /var/www/akdtu.dk/public_html/wiki/lib/plugins/davcal/helper.php:20 \dokuwiki\Logger should be used instead!
2024-06-25 18:10:54		dbglog() is deprecated. It was called from helper_plugin_davcal::__construct() in /var/www/akdtu.dk/public_html/wiki/lib/plugins/davcal/helper.php:20 \dokuwiki\Logger should be used instead!
2024-06-25 18:10:55		dbglog() is deprecated. It was called from helper_plugin_davcal::__construct() in /var/www/akdtu.dk/public_html/wiki/lib/plugins/davcal/helper.php:20 \dokuwiki\Logger should be used instead!
2024-06-25 18:10:55		dbglog() is deprecated. It was called from helper_plugin_davcal::__construct() in /var/www/akdtu.dk/public_html/wiki/lib/plugins/davcal/helper.php:20 \dokuwiki\Logger should be used instead!
2024-06-25 18:10:55		dbglog() is deprecated. It was called from helper_plugin_davcal::__construct() in /var/www/akdtu.dk/public_html/wiki/lib/plugins/davcal/helper.php:20 \dokuwiki\Logger should be used instead!
2024-06-25 18:11:36		dbglog() is deprecated. It was called from helper_plugin_davcal::__construct() in /var/www/akdtu.dk/public_html/wiki/lib/plugins/davcal/helper.php:20 \dokuwiki\Logger should be used instead!
2024-06-25 18:12:07		dbglog() is deprecated. It was called from helper_plugin_davcal::__construct() in /var/www/akdtu.dk/public_html/wiki/lib/plugins/davcal/helper.php:20 \dokuwiki\Logger should be used instead!
2024-06-25 18:12:39		dbglog() is deprecated. It was called from helper_plugin_davcal::__construct() in /var/www/akdtu.dk/public_html/wiki/lib/plugins/davcal/helper.php:20 \dokuwiki\Logger should be used instead!
2024-06-25 18:13:32		dbglog() is deprecated. It was called from helper_plugin_davcal::__construct() in /var/www/akdtu.dk/public_html/wiki/lib/plugins/davcal/helper.php:20 \dokuwiki\Logger should be used instead!
2024-06-25 18:13:32		require(syntax.php) is deprecated. It was called from require() in /var/www/akdtu.dk/public_html/wiki/lib/plugins/akdtu/syntax.php:12 Autoloading should be used instead!
2024-06-25 18:13:32		dbglog() is deprecated. It was called from helper_plugin_davcal::__construct() in /var/www/akdtu.dk/public_html/wiki/lib/plugins/davcal/helper.php:20 \dokuwiki\Logger should be used instead!
2024-06-25 18:13:34		dbglog() is deprecated. It was called from helper_plugin_davcal::__construct() in /var/www/akdtu.dk/public_html/wiki/lib/plugins/davcal/helper.php:20 \dokuwiki\Logger should be used instead!
2024-06-25 18:13:34		dbglog() is deprecated. It was called from helper_plugin_davcal::__construct() in /var/www/akdtu.dk/public_html/wiki/lib/plugins/davcal/helper.php:20 \dokuwiki\Logger should be used instead!
2024-06-25 18:13:34		dbglog() is deprecated. It was called from helper_plugin_davcal::__construct() in /var/www/akdtu.dk/public_html/wiki/lib/plugins/davcal/helper.php:20 \dokuwiki\Logger should be used instead!
2024-06-25 18:18:31		dbglog() is deprecated. It was called from helper_plugin_davcal::__construct() in /var/www/akdtu.dk/public_html/wiki/lib/plugins/davcal/helper.php:20 \dokuwiki\Logger should be used instead!
2024-06-25 18:19:00		dbglog() is deprecated. It was called from helper_plugin_davcal::__construct() in /var/www/akdtu.dk/public_html/wiki/lib/plugins/davcal/helper.php:20 \dokuwiki\Logger should be used instead!
2024-06-25 18:19:00		helper_plugin_sqlite::init() is deprecated. It was called from helper_plugin_davcal::getDB() in /var/www/akdtu.dk/public_html/wiki/lib/plugins/davcal/helper.php:37 dokuwiki\plugin\sqlite\SQLiteDB should be used instead!
2024-06-25 18:19:00		dbglog() is deprecated. It was called from helper_plugin_davcal::__construct() in /var/www/akdtu.dk/public_html/wiki/lib/plugins/davcal/helper.php:20 \dokuwiki\Logger should be used instead!
2024-06-25 18:19:00		require(syntax.php) is deprecated. It was called from require() in /var/www/akdtu.dk/public_html/wiki/lib/plugins/akdtu/syntax.php:12 Autoloading should be used instead!
2024-06-25 18:19:01		dbglog() is deprecated. It was called from helper_plugin_davcal::__construct() in /var/www/akdtu.dk/public_html/wiki/lib/plugins/davcal/helper.php:20 \dokuwiki\Logger should be used instead!
2024-06-25 18:19:01		require(syntax.php) is deprecated. It was called from require() in /var/www/akdtu.dk/public_html/wiki/lib/plugins/akdtu/syntax.php:12 Autoloading should be used instead!
2024-06-25 18:19:01		dbglog() is deprecated. It was called from helper_plugin_davcal::__construct() in /var/www/akdtu.dk/public_html/wiki/lib/plugins/davcal/helper.php:20 \dokuwiki\Logger should be used instead!
2024-06-25 18:19:01		dbglog() is deprecated. It was called from helper_plugin_davcal::__construct() in /var/www/akdtu.dk/public_html/wiki/lib/plugins/davcal/helper.php:20 \dokuwiki\Logger should be used instead!
2024-06-25 18:19:01		dbglog() is deprecated. It was called from helper_plugin_davcal::__construct() in /var/www/akdtu.dk/public_html/wiki/lib/plugins/davcal/helper.php:20 \dokuwiki\Logger should be used instead!
2024-06-25 18:19:31		dbglog() is deprecated. It was called from helper_plugin_davcal::__construct() in /var/www/akdtu.dk/public_html/wiki/lib/plugins/davcal/helper.php:20 \dokuwiki\Logger should be used instead!
2024-06-25 18:19:31		dbglog() is deprecated. It was called from helper_plugin_davcal::__construct() in /var/www/akdtu.dk/public_html/wiki/lib/plugins/davcal/helper.php:20 \dokuwiki\Logger should be used instead!
2024-06-25 18:19:32		dbglog() is deprecated. It was called from helper_plugin_davcal::__construct() in /var/www/akdtu.dk/public_html/wiki/lib/plugins/davcal/helper.php:20 \dokuwiki\Logger should be used instead!
2024-06-25 18:19:32		dbglog() is deprecated. It was called from helper_plugin_davcal::__construct() in /var/www/akdtu.dk/public_html/wiki/lib/plugins/davcal/helper.php:20 \dokuwiki\Logger should be used instead!
2024-06-25 18:19:32		dbglog() is deprecated. It was called from helper_plugin_davcal::__construct() in /var/www/akdtu.dk/public_html/wiki/lib/plugins/davcal/helper.php:20 \dokuwiki\Logger should be used instead!
2024-06-25 18:19:59		dbglog() is deprecated. It was called from helper_plugin_davcal::__construct() in /var/www/akdtu.dk/public_html/wiki/lib/plugins/davcal/helper.php:20 \dokuwiki\Logger should be used instead!
2024-06-25 18:19:59		helper_plugin_sqlite::init() is deprecated. It was called from helper_plugin_davcal::getDB() in /var/www/akdtu.dk/public_html/wiki/lib/plugins/davcal/helper.php:37 dokuwiki\plugin\sqlite\SQLiteDB should be used instead!
2024-06-25 18:19:59		dbglog() is deprecated. It was called from helper_plugin_davcal::__construct() in /var/www/akdtu.dk/public_html/wiki/lib/plugins/davcal/helper.php:20 \dokuwiki\Logger should be used instead!
2024-06-25 18:19:59		require(syntax.php) is deprecated. It was called from require() in /var/www/akdtu.dk/public_html/wiki/lib/plugins/akdtu/syntax.php:12 Autoloading should be used instead!
2024-06-25 18:19:59		dbglog() is deprecated. It was called from helper_plugin_davcal::__construct() in /var/www/akdtu.dk/public_html/wiki/lib/plugins/davcal/helper.php:20 \dokuwiki\Logger should be used instead!
2024-06-25 18:19:59		require(syntax.php) is deprecated. It was called from require() in /var/www/akdtu.dk/public_html/wiki/lib/plugins/akdtu/syntax.php:12 Autoloading should be used instead!
2024-06-25 18:19:59		dbglog() is deprecated. It was called from helper_plugin_davcal::__construct() in /var/www/akdtu.dk/public_html/wiki/lib/plugins/davcal/helper.php:20 \dokuwiki\Logger should be used instead!
2024-06-25 18:19:59		dbglog() is deprecated. It was called from helper_plugin_davcal::__construct() in /var/www/akdtu.dk/public_html/wiki/lib/plugins/davcal/helper.php:20 \dokuwiki\Logger should be used instead!
2024-06-25 18:19:59		dbglog() is deprecated. It was called from helper_plugin_davcal::__construct() in /var/www/akdtu.dk/public_html/wiki/lib/plugins/davcal/helper.php:20 \dokuwiki\Logger should be used instead!
2024-06-25 18:20:28		dbglog() is deprecated. It was called from helper_plugin_davcal::__construct() in /var/www/akdtu.dk/public_html/wiki/lib/plugins/davcal/helper.php:20 \dokuwiki\Logger should be used instead!
2024-06-25 18:20:28		require(syntax.php) is deprecated. It was called from require() in /var/www/akdtu.dk/public_html/wiki/lib/plugins/akdtu/syntax.php:12 Autoloading should be used instead!
2024-06-25 18:20:28		dbglog() is deprecated. It was called from helper_plugin_davcal::__construct() in /var/www/akdtu.dk/public_html/wiki/lib/plugins/davcal/helper.php:20 \dokuwiki\Logger should be used instead!
2024-06-25 18:20:29		dbglog() is deprecated. It was called from helper_plugin_davcal::__construct() in /var/www/akdtu.dk/public_html/wiki/lib/plugins/davcal/helper.php:20 \dokuwiki\Logger should be used instead!
2024-06-25 18:20:29		dbglog() is deprecated. It was called from helper_plugin_davcal::__construct() in /var/www/akdtu.dk/public_html/wiki/lib/plugins/davcal/helper.php:20 \dokuwiki\Logger should be used instead!
2024-06-25 18:20:29		dbglog() is deprecated. It was called from helper_plugin_davcal::__construct() in /var/www/akdtu.dk/public_html/wiki/lib/plugins/davcal/helper.php:20 \dokuwiki\Logger should be used instead!
2024-06-25 18:20:50		dbglog() is deprecated. It was called from helper_plugin_davcal::__construct() in /var/www/akdtu.dk/public_html/wiki/lib/plugins/davcal/helper.php:20 \dokuwiki\Logger should be used instead!
2024-06-25 18:20:50		helper_plugin_sqlite::init() is deprecated. It was called from helper_plugin_davcal::getDB() in /var/www/akdtu.dk/public_html/wiki/lib/plugins/davcal/helper.php:37 dokuwiki\plugin\sqlite\SQLiteDB should be used instead!
2024-06-25 18:20:50		dbglog() is deprecated. It was called from helper_plugin_davcal::__construct() in /var/www/akdtu.dk/public_html/wiki/lib/plugins/davcal/helper.php:20 \dokuwiki\Logger should be used instead!
2024-06-25 18:20:50		require(syntax.php) is deprecated. It was called from require() in /var/www/akdtu.dk/public_html/wiki/lib/plugins/akdtu/syntax.php:12 Autoloading should be used instead!
2024-06-25 18:20:50		dbglog() is deprecated. It was called from helper_plugin_davcal::__construct() in /var/www/akdtu.dk/public_html/wiki/lib/plugins/davcal/helper.php:20 \dokuwiki\Logger should be used instead!
2024-06-25 18:20:50		require(syntax.php) is deprecated. It was called from require() in /var/www/akdtu.dk/public_html/wiki/lib/plugins/akdtu/syntax.php:12 Autoloading should be used instead!
2024-06-25 18:20:50		dbglog() is deprecated. It was called from helper_plugin_davcal::__construct() in /var/www/akdtu.dk/public_html/wiki/lib/plugins/davcal/helper.php:20 \dokuwiki\Logger should be used instead!
2024-06-25 18:20:50		dbglog() is deprecated. It was called from helper_plugin_davcal::__construct() in /var/www/akdtu.dk/public_html/wiki/lib/plugins/davcal/helper.php:20 \dokuwiki\Logger should be used instead!
2024-06-25 18:20:50		dbglog() is deprecated. It was called from helper_plugin_davcal::__construct() in /var/www/akdtu.dk/public_html/wiki/lib/plugins/davcal/helper.php:20 \dokuwiki\Logger should be used instead!
2024-06-25 18:23:52		dbglog() is deprecated. It was called from helper_plugin_davcal::__construct() in /var/www/akdtu.dk/public_html/wiki/lib/plugins/davcal/helper.php:20 \dokuwiki\Logger should be used instead!
2024-06-25 18:23:53		dbglog() is deprecated. It was called from helper_plugin_davcal::__construct() in /var/www/akdtu.dk/public_html/wiki/lib/plugins/davcal/helper.php:20 \dokuwiki\Logger should be used instead!
2024-06-25 18:23:55		dbglog() is deprecated. It was called from helper_plugin_davcal::__construct() in /var/www/akdtu.dk/public_html/wiki/lib/plugins/davcal/helper.php:20 \dokuwiki\Logger should be used instead!
2024-06-25 18:23:55		dbglog() is deprecated. It was called from helper_plugin_davcal::__construct() in /var/www/akdtu.dk/public_html/wiki/lib/plugins/davcal/helper.php:20 \dokuwiki\Logger should be used instead!
2024-06-25 18:23:55		dbglog() is deprecated. It was called from helper_plugin_davcal::__construct() in /var/www/akdtu.dk/public_html/wiki/lib/plugins/davcal/helper.php:20 \dokuwiki\Logger should be used instead!
2024-06-25 18:24:16		dbglog() is deprecated. It was called from helper_plugin_davcal::__construct() in /var/www/akdtu.dk/public_html/wiki/lib/plugins/davcal/helper.php:20 \dokuwiki\Logger should be used instead!
2024-06-25 18:24:16		dbglog() is deprecated. It was called from helper_plugin_davcal::__construct() in /var/www/akdtu.dk/public_html/wiki/lib/plugins/davcal/helper.php:20 \dokuwiki\Logger should be used instead!
2024-06-25 18:24:17		dbglog() is deprecated. It was called from helper_plugin_davcal::__construct() in /var/www/akdtu.dk/public_html/wiki/lib/plugins/davcal/helper.php:20 \dokuwiki\Logger should be used instead!
2024-06-25 18:24:17		dbglog() is deprecated. It was called from helper_plugin_davcal::__construct() in /var/www/akdtu.dk/public_html/wiki/lib/plugins/davcal/helper.php:20 \dokuwiki\Logger should be used instead!
2024-06-25 18:24:17		dbglog() is deprecated. It was called from helper_plugin_davcal::__construct() in /var/www/akdtu.dk/public_html/wiki/lib/plugins/davcal/helper.php:20 \dokuwiki\Logger should be used instead!
2024-06-25 18:26:52		dbglog() is deprecated. It was called from helper_plugin_davcal::__construct() in /var/www/akdtu.dk/public_html/wiki/lib/plugins/davcal/helper.php:20 \dokuwiki\Logger should be used instead!
2024-06-25 18:26:52		dbglog() is deprecated. It was called from helper_plugin_davcal::__construct() in /var/www/akdtu.dk/public_html/wiki/lib/plugins/davcal/helper.php:20 \dokuwiki\Logger should be used instead!
2024-06-25 18:26:52		dbglog() is deprecated. It was called from helper_plugin_davcal::__construct() in /var/www/akdtu.dk/public_html/wiki/lib/plugins/davcal/helper.php:20 \dokuwiki\Logger should be used instead!
2024-06-25 18:26:52		dbglog() is deprecated. It was called from helper_plugin_davcal::__construct() in /var/www/akdtu.dk/public_html/wiki/lib/plugins/davcal/helper.php:20 \dokuwiki\Logger should be used instead!
2024-06-25 18:26:52		dbglog() is deprecated. It was called from helper_plugin_davcal::__construct() in /var/www/akdtu.dk/public_html/wiki/lib/plugins/davcal/helper.php:20 \dokuwiki\Logger should be used instead!
2024-06-25 18:26:52		dbglog() is deprecated. It was called from helper_plugin_davcal::__construct() in /var/www/akdtu.dk/public_html/wiki/lib/plugins/davcal/helper.php:20 \dokuwiki\Logger should be used instead!
2024-06-25 18:26:53		dbglog() is deprecated. It was called from helper_plugin_davcal::__construct() in /var/www/akdtu.dk/public_html/wiki/lib/plugins/davcal/helper.php:20 \dokuwiki\Logger should be used instead!
2024-06-25 18:26:53		dbglog() is deprecated. It was called from helper_plugin_davcal::__construct() in /var/www/akdtu.dk/public_html/wiki/lib/plugins/davcal/helper.php:20 \dokuwiki\Logger should be used instead!
2024-06-25 18:26:53		dbglog() is deprecated. It was called from helper_plugin_davcal::__construct() in /var/www/akdtu.dk/public_html/wiki/lib/plugins/davcal/helper.php:20 \dokuwiki\Logger should be used instead!
2024-06-25 18:26:58		dbglog() is deprecated. It was called from helper_plugin_davcal::__construct() in /var/www/akdtu.dk/public_html/wiki/lib/plugins/davcal/helper.php:20 \dokuwiki\Logger should be used instead!
2024-06-25 18:26:58		dbglog() is deprecated. It was called from helper_plugin_davcal::__construct() in /var/www/akdtu.dk/public_html/wiki/lib/plugins/davcal/helper.php:20 \dokuwiki\Logger should be used instead!
2024-06-25 18:26:58		dbglog() is deprecated. It was called from helper_plugin_davcal::__construct() in /var/www/akdtu.dk/public_html/wiki/lib/plugins/davcal/helper.php:20 \dokuwiki\Logger should be used instead!
2024-06-25 18:26:59		dbglog() is deprecated. It was called from helper_plugin_davcal::__construct() in /var/www/akdtu.dk/public_html/wiki/lib/plugins/davcal/helper.php:20 \dokuwiki\Logger should be used instead!
2024-06-25 18:26:59		dbglog() is deprecated. It was called from helper_plugin_davcal::__construct() in /var/www/akdtu.dk/public_html/wiki/lib/plugins/davcal/helper.php:20 \dokuwiki\Logger should be used instead!
2024-06-25 18:26:59		dbglog() is deprecated. It was called from helper_plugin_davcal::__construct() in /var/www/akdtu.dk/public_html/wiki/lib/plugins/davcal/helper.php:20 \dokuwiki\Logger should be used instead!
2024-06-25 18:49:40		dbglog() is deprecated. It was called from helper_plugin_davcal::__construct() in /var/www/akdtu.dk/public_html/wiki/lib/plugins/davcal/helper.php:20 \dokuwiki\Logger should be used instead!
2024-06-25 18:49:40		require(syntax.php) is deprecated. It was called from require() in /var/www/akdtu.dk/public_html/wiki/lib/plugins/akdtu/syntax.php:12 Autoloading should be used instead!
2024-06-25 18:49:40		dbglog() is deprecated. It was called from helper_plugin_davcal::__construct() in /var/www/akdtu.dk/public_html/wiki/lib/plugins/davcal/helper.php:20 \dokuwiki\Logger should be used instead!
2024-06-25 18:49:40		dbglog() is deprecated. It was called from helper_plugin_davcal::__construct() in /var/www/akdtu.dk/public_html/wiki/lib/plugins/davcal/helper.php:20 \dokuwiki\Logger should be used instead!
2024-06-25 18:49:40		dbglog() is deprecated. It was called from helper_plugin_davcal::__construct() in /var/www/akdtu.dk/public_html/wiki/lib/plugins/davcal/helper.php:20 \dokuwiki\Logger should be used instead!
2024-06-25 18:49:40		dbglog() is deprecated. It was called from helper_plugin_davcal::__construct() in /var/www/akdtu.dk/public_html/wiki/lib/plugins/davcal/helper.php:20 \dokuwiki\Logger should be used instead!
2024-06-25 18:49:41		dbglog() is deprecated. It was called from helper_plugin_davcal::__construct() in /var/www/akdtu.dk/public_html/wiki/lib/plugins/davcal/helper.php:20 \dokuwiki\Logger should be used instead!
2024-06-25 18:49:41		dbglog() is deprecated. It was called from helper_plugin_davcal::__construct() in /var/www/akdtu.dk/public_html/wiki/lib/plugins/davcal/helper.php:20 \dokuwiki\Logger should be used instead!
2024-06-25 18:49:41		dbglog() is deprecated. It was called from helper_plugin_davcal::__construct() in /var/www/akdtu.dk/public_html/wiki/lib/plugins/davcal/helper.php:20 \dokuwiki\Logger should be used instead!
