2023-10-28 00:26:40	/var/www/akdtu.dk/public_html/wiki/inc/Parsing/Lexer/ParallelRegex.php(105)	E_WARNING: preg_match() [<a href='http://php.net/manual/en/function.preg-match'>function.preg-match</a>]: Compilation failed: missing closing parenthesis at offset 3904
  #0 [internal function]: dokuwiki\ErrorHandler::errorHandler(2, 'preg_match() [<...', '/var/www/akdtu....', 105, Array)
  #1 /var/www/akdtu.dk/public_html/wiki/inc/Parsing/Lexer/ParallelRegex.php(105): preg_match('/(<adm ?[^>]*>)...', '\n<printable>aaa...', NULL)
  #2 /var/www/akdtu.dk/public_html/wiki/inc/Parsing/Lexer/Lexer.php(293): dokuwiki\Parsing\Lexer\ParallelRegex->split('\n<printable>aaa...', NULL)
  #3 /var/www/akdtu.dk/public_html/wiki/inc/Parsing/Lexer/Lexer.php(143): dokuwiki\Parsing\Lexer\Lexer->reduce('\n<printable>aaa...')
  #4 /var/www/akdtu.dk/public_html/wiki/inc/Parsing/Parser.php(109): dokuwiki\Parsing\Lexer\Lexer->parse('\n<printable>aaa...')
  #5 /var/www/akdtu.dk/public_html/wiki/inc/parserutils.php(234): dokuwiki\Parsing\Parser->parse('\n<printable>aaa...')
  #6 /var/www/akdtu.dk/public_html/wiki/inc/parserutils.php(198): p_get_instructions('<printable>aaa<...')
  #7 /var/www/akdtu.dk/public_html/wiki/inc/parserutils.php(525): p_cached_instructions('/var/www/akdtu....', false, 'opslag:rygning-...')
  #8 /var/www/akdtu.dk/public_html/wiki/inc/parserutils.php(299): p_render_metadata('opslag:rygning-...', Array)
  #9 /var/www/akdtu.dk/public_html/wiki/inc/common.php(266): p_get_metadata('opslag:rygning-...')
  #10 /var/www/akdtu.dk/public_html/wiki/doku.php(97): pageinfo()
  #11 {main}
2023-10-28 00:26:40	/var/www/akdtu.dk/public_html/wiki/inc/actions.php(38)	E_WARNING: Cannot modify header information - headers already sent by (output started at /var/www/akdtu.dk/public_html/wiki/inc/Parsing/Lexer/ParallelRegex.php:105)
  #0 [internal function]: dokuwiki\ErrorHandler::errorHandler(2, 'Cannot modify h...', '/var/www/akdtu....', 38, Array)
  #1 /var/www/akdtu.dk/public_html/wiki/inc/actions.php(38): header('Content-Type: t...')
  #2 [internal function]: act_sendheaders(Array)
  #3 /var/www/akdtu.dk/public_html/wiki/inc/Extension/Event.php(133): call_user_func_array('act_sendheaders', Array)
  #4 /var/www/akdtu.dk/public_html/wiki/inc/Extension/Event.php(199): dokuwiki\Extension\Event->trigger('act_sendheaders', true)
  #5 /var/www/akdtu.dk/public_html/wiki/inc/actions.php(19): dokuwiki\Extension\Event::createAndTrigger('ACTION_HEADERS_...', Array, 'act_sendheaders')
  #6 /var/www/akdtu.dk/public_html/wiki/doku.php(126): act_dispatch()
  #7 {main}
2023-10-28 00:26:40	/var/www/akdtu.dk/public_html/wiki/inc/Parsing/Lexer/ParallelRegex.php(105)	E_WARNING: preg_match() [<a href='http://php.net/manual/en/function.preg-match'>function.preg-match</a>]: Compilation failed: missing closing parenthesis at offset 3904
  #0 [internal function]: dokuwiki\ErrorHandler::errorHandler(2, 'preg_match() [<...', '/var/www/akdtu....', 105, Array)
  #1 /var/www/akdtu.dk/public_html/wiki/inc/Parsing/Lexer/ParallelRegex.php(105): preg_match('/(<adm ?[^>]*>)...', '\n** [[start|Hje...', NULL)
  #2 /var/www/akdtu.dk/public_html/wiki/inc/Parsing/Lexer/Lexer.php(293): dokuwiki\Parsing\Lexer\ParallelRegex->split('\n** [[start|Hje...', NULL)
  #3 /var/www/akdtu.dk/public_html/wiki/inc/Parsing/Lexer/Lexer.php(143): dokuwiki\Parsing\Lexer\Lexer->reduce('\n** [[start|Hje...')
  #4 /var/www/akdtu.dk/public_html/wiki/inc/Parsing/Parser.php(109): dokuwiki\Parsing\Lexer\Lexer->parse('\n** [[start|Hje...')
  #5 /var/www/akdtu.dk/public_html/wiki/inc/parserutils.php(234): dokuwiki\Parsing\Parser->parse('\n** [[start|Hje...')
  #6 /var/www/akdtu.dk/public_html/wiki/inc/parserutils.php(198): p_get_instructions('** [[start|Hjem...')
  #7 /var/www/akdtu.dk/public_html/wiki/inc/parserutils.php(525): p_cached_instructions('/var/www/akdtu....', false, 'sidebar')
  #8 /var/www/akdtu.dk/public_html/wiki/inc/parserutils.php(299): p_render_metadata('sidebar', Array)
  #9 /var/www/akdtu.dk/public_html/wiki/inc/Cache/CacheRenderer.php(81): p_get_metadata('sidebar', 'date valid')
  #10 /var/www/akdtu.dk/public_html/wiki/inc/Cache/Cache.php(79): dokuwiki\Cache\CacheRenderer->addDependencies()
  #11 /var/www/akdtu.dk/public_html/wiki/inc/parserutils.php(152): dokuwiki\Cache\Cache->useCache()
  #12 /var/www/akdtu.dk/public_html/wiki/inc/parserutils.php(96): p_cached_output('/var/www/akdtu....', 'xhtml', 'sidebar')
  #13 /var/www/akdtu.dk/public_html/wiki/inc/template.php(1592): p_wiki_xhtml('sidebar', '', false)
  #14 /var/www/akdtu.dk/public_html/wiki/lib/tpl/readthedokus/tpl_parts/tpl_sidebar.html(12): tpl_include_page('sidebar', 1, 1)
  #15 /var/www/akdtu.dk/public_html/wiki/inc/template.php(1715): include('/var/www/akdtu....')
  #16 /var/www/akdtu.dk/public_html/wiki/lib/tpl/readthedokus/main.php(36): tpl_includeFile('/var/www/akdtu....')
  #17 /var/www/akdtu.dk/public_html/wiki/inc/actions.php(27): include('/var/www/akdtu....')
  #18 /var/www/akdtu.dk/public_html/wiki/doku.php(126): act_dispatch()
  #19 {main}
2023-10-28 11:04:15	/var/www/akdtu.dk/public_html/wiki/lib/plugins/dw2pdf/DokuPDF.class.php(77)	E_WARNING: array_merge() [<a href='http://php.net/manual/en/function.array-merge'>function.array-merge</a>]: Expected parameter 1 to be an array, null given
  #0 [internal function]: dokuwiki\ErrorHandler::errorHandler(2, 'array_merge() [...', '/var/www/akdtu....', 77, Array)
  #1 /var/www/akdtu.dk/public_html/wiki/lib/plugins/dw2pdf/DokuPDF.class.php(77): array_merge(NULL, Array)
  #2 /var/www/akdtu.dk/public_html/wiki/lib/plugins/dw2pdf/action.php(419): DokuPDF->__construct('A4', 'portrait', 11)
  #3 /var/www/akdtu.dk/public_html/wiki/lib/plugins/dw2pdf/action.php(107): action_plugin_dw2pdf->generatePDF('/var/www/akdtu....', Object(dokuwiki\Extension\Event))
  #4 /var/www/akdtu.dk/public_html/wiki/inc/Extension/EventHandler.php(80): action_plugin_dw2pdf->convert(Object(dokuwiki\Extension\Event), Array)
  #5 /var/www/akdtu.dk/public_html/wiki/inc/Extension/Event.php(74): dokuwiki\Extension\EventHandler->process_event(Object(dokuwiki\Extension\Event), 'BEFORE')
  #6 /var/www/akdtu.dk/public_html/wiki/inc/ActionRouter.php(80): dokuwiki\Extension\Event->advise_before()
  #7 /var/www/akdtu.dk/public_html/wiki/inc/ActionRouter.php(48): dokuwiki\ActionRouter->setupAction('export_pdf')
  #8 /var/www/akdtu.dk/public_html/wiki/inc/ActionRouter.php(60): dokuwiki\ActionRouter->__construct()
  #9 /var/www/akdtu.dk/public_html/wiki/inc/actions.php(16): dokuwiki\ActionRouter::getInstance(true)
  #10 /var/www/akdtu.dk/public_html/wiki/doku.php(126): act_dispatch()
  #11 {main}
2023-10-28 11:04:15	/var/www/akdtu.dk/public_html/wiki/inc/common.php(1840)	E_WARNING: Cannot modify header information - headers already sent by (output started at /var/www/akdtu.dk/public_html/wiki/lib/plugins/dw2pdf/DokuPDF.class.php:77)
  #0 [internal function]: dokuwiki\ErrorHandler::errorHandler(2, 'Cannot modify h...', '/var/www/akdtu....', 1840, Array)
  #1 /var/www/akdtu.dk/public_html/wiki/inc/common.php(1840): header('Location: https...')
  #2 /var/www/akdtu.dk/public_html/wiki/inc/Action/Redirect.php(63): send_redirect('https://akdtu.d...')
  #3 [internal function]: dokuwiki\Action\Redirect->redirect(Array)
  #4 /var/www/akdtu.dk/public_html/wiki/inc/Extension/Event.php(133): call_user_func_array(Array, Array)
  #5 /var/www/akdtu.dk/public_html/wiki/inc/Extension/Event.php(199): dokuwiki\Extension\Event->trigger(Array, true)
  #6 /var/www/akdtu.dk/public_html/wiki/inc/Action/Redirect.php(45): dokuwiki\Extension\Event::createAndTrigger('ACTION_SHOW_RED...', Array, Array)
  #7 /var/www/akdtu.dk/public_html/wiki/inc/ActionRouter.php(83): dokuwiki\Action\Redirect->preProcess()
  #8 /var/www/akdtu.dk/public_html/wiki/inc/ActionRouter.php(48): dokuwiki\ActionRouter->setupAction('redirect')
  #9 /var/www/akdtu.dk/public_html/wiki/inc/ActionRouter.php(60): dokuwiki\ActionRouter->__construct()
  #10 /var/www/akdtu.dk/public_html/wiki/inc/actions.php(16): dokuwiki\ActionRouter::getInstance(true)
  #11 /var/www/akdtu.dk/public_html/wiki/doku.php(126): act_dispatch()
  #12 {main}
2023-10-28 11:05:18	/var/www/akdtu.dk/public_html/wiki/lib/plugins/dw2pdf/DokuPDF.class.php(62)	E_WARNING: array_merge() [<a href='http://php.net/manual/en/function.array-merge'>function.array-merge</a>]: Expected parameter 1 to be an array, null given
  #0 [internal function]: dokuwiki\ErrorHandler::errorHandler(2, 'array_merge() [...', '/var/www/akdtu....', 62, Array)
  #1 /var/www/akdtu.dk/public_html/wiki/lib/plugins/dw2pdf/DokuPDF.class.php(62): array_merge(NULL, Array)
  #2 /var/www/akdtu.dk/public_html/wiki/lib/plugins/dw2pdf/action.php(419): DokuPDF->__construct('A4', 'portrait', 11)
  #3 /var/www/akdtu.dk/public_html/wiki/lib/plugins/dw2pdf/action.php(107): action_plugin_dw2pdf->generatePDF('/var/www/akdtu....', Object(dokuwiki\Extension\Event))
  #4 /var/www/akdtu.dk/public_html/wiki/inc/Extension/EventHandler.php(80): action_plugin_dw2pdf->convert(Object(dokuwiki\Extension\Event), Array)
  #5 /var/www/akdtu.dk/public_html/wiki/inc/Extension/Event.php(74): dokuwiki\Extension\EventHandler->process_event(Object(dokuwiki\Extension\Event), 'BEFORE')
  #6 /var/www/akdtu.dk/public_html/wiki/inc/ActionRouter.php(80): dokuwiki\Extension\Event->advise_before()
  #7 /var/www/akdtu.dk/public_html/wiki/inc/ActionRouter.php(48): dokuwiki\ActionRouter->setupAction('export_pdf')
  #8 /var/www/akdtu.dk/public_html/wiki/inc/ActionRouter.php(60): dokuwiki\ActionRouter->__construct()
  #9 /var/www/akdtu.dk/public_html/wiki/inc/actions.php(16): dokuwiki\ActionRouter::getInstance(true)
  #10 /var/www/akdtu.dk/public_html/wiki/doku.php(126): act_dispatch()
  #11 {main}
2023-10-28 11:05:18	/var/www/akdtu.dk/public_html/wiki/inc/common.php(1840)	E_WARNING: Cannot modify header information - headers already sent by (output started at /var/www/akdtu.dk/public_html/wiki/lib/plugins/dw2pdf/DokuPDF.class.php:62)
  #0 [internal function]: dokuwiki\ErrorHandler::errorHandler(2, 'Cannot modify h...', '/var/www/akdtu....', 1840, Array)
  #1 /var/www/akdtu.dk/public_html/wiki/inc/common.php(1840): header('Location: https...')
  #2 /var/www/akdtu.dk/public_html/wiki/inc/Action/Redirect.php(63): send_redirect('https://akdtu.d...')
  #3 [internal function]: dokuwiki\Action\Redirect->redirect(Array)
  #4 /var/www/akdtu.dk/public_html/wiki/inc/Extension/Event.php(133): call_user_func_array(Array, Array)
  #5 /var/www/akdtu.dk/public_html/wiki/inc/Extension/Event.php(199): dokuwiki\Extension\Event->trigger(Array, true)
  #6 /var/www/akdtu.dk/public_html/wiki/inc/Action/Redirect.php(45): dokuwiki\Extension\Event::createAndTrigger('ACTION_SHOW_RED...', Array, Array)
  #7 /var/www/akdtu.dk/public_html/wiki/inc/ActionRouter.php(83): dokuwiki\Action\Redirect->preProcess()
  #8 /var/www/akdtu.dk/public_html/wiki/inc/ActionRouter.php(48): dokuwiki\ActionRouter->setupAction('redirect')
  #9 /var/www/akdtu.dk/public_html/wiki/inc/ActionRouter.php(60): dokuwiki\ActionRouter->__construct()
  #10 /var/www/akdtu.dk/public_html/wiki/inc/actions.php(16): dokuwiki\ActionRouter::getInstance(true)
  #11 /var/www/akdtu.dk/public_html/wiki/doku.php(126): act_dispatch()
  #12 {main}
2023-10-28 11:05:34	/var/www/akdtu.dk/public_html/wiki/lib/plugins/dw2pdf/DokuPDF.class.php(62)	E_WARNING: array_merge() [<a href='http://php.net/manual/en/function.array-merge'>function.array-merge</a>]: Expected parameter 1 to be an array, null given
  #0 [internal function]: dokuwiki\ErrorHandler::errorHandler(2, 'array_merge() [...', '/var/www/akdtu....', 62, Array)
  #1 /var/www/akdtu.dk/public_html/wiki/lib/plugins/dw2pdf/DokuPDF.class.php(62): array_merge(NULL, Array)
  #2 /var/www/akdtu.dk/public_html/wiki/lib/plugins/dw2pdf/action.php(419): DokuPDF->__construct('A4', 'portrait', 11)
  #3 /var/www/akdtu.dk/public_html/wiki/lib/plugins/dw2pdf/action.php(107): action_plugin_dw2pdf->generatePDF('/var/www/akdtu....', Object(dokuwiki\Extension\Event))
  #4 /var/www/akdtu.dk/public_html/wiki/inc/Extension/EventHandler.php(80): action_plugin_dw2pdf->convert(Object(dokuwiki\Extension\Event), Array)
  #5 /var/www/akdtu.dk/public_html/wiki/inc/Extension/Event.php(74): dokuwiki\Extension\EventHandler->process_event(Object(dokuwiki\Extension\Event), 'BEFORE')
  #6 /var/www/akdtu.dk/public_html/wiki/inc/ActionRouter.php(80): dokuwiki\Extension\Event->advise_before()
  #7 /var/www/akdtu.dk/public_html/wiki/inc/ActionRouter.php(48): dokuwiki\ActionRouter->setupAction('export_pdf')
  #8 /var/www/akdtu.dk/public_html/wiki/inc/ActionRouter.php(60): dokuwiki\ActionRouter->__construct()
  #9 /var/www/akdtu.dk/public_html/wiki/inc/actions.php(16): dokuwiki\ActionRouter::getInstance(true)
  #10 /var/www/akdtu.dk/public_html/wiki/doku.php(126): act_dispatch()
  #11 {main}
2023-10-28 11:05:34	/var/www/akdtu.dk/public_html/wiki/inc/common.php(1840)	E_WARNING: Cannot modify header information - headers already sent by (output started at /var/www/akdtu.dk/public_html/wiki/lib/plugins/dw2pdf/DokuPDF.class.php:62)
  #0 [internal function]: dokuwiki\ErrorHandler::errorHandler(2, 'Cannot modify h...', '/var/www/akdtu....', 1840, Array)
  #1 /var/www/akdtu.dk/public_html/wiki/inc/common.php(1840): header('Location: https...')
  #2 /var/www/akdtu.dk/public_html/wiki/inc/Action/Redirect.php(63): send_redirect('https://akdtu.d...')
  #3 [internal function]: dokuwiki\Action\Redirect->redirect(Array)
  #4 /var/www/akdtu.dk/public_html/wiki/inc/Extension/Event.php(133): call_user_func_array(Array, Array)
  #5 /var/www/akdtu.dk/public_html/wiki/inc/Extension/Event.php(199): dokuwiki\Extension\Event->trigger(Array, true)
  #6 /var/www/akdtu.dk/public_html/wiki/inc/Action/Redirect.php(45): dokuwiki\Extension\Event::createAndTrigger('ACTION_SHOW_RED...', Array, Array)
  #7 /var/www/akdtu.dk/public_html/wiki/inc/ActionRouter.php(83): dokuwiki\Action\Redirect->preProcess()
  #8 /var/www/akdtu.dk/public_html/wiki/inc/ActionRouter.php(48): dokuwiki\ActionRouter->setupAction('redirect')
  #9 /var/www/akdtu.dk/public_html/wiki/inc/ActionRouter.php(60): dokuwiki\ActionRouter->__construct()
  #10 /var/www/akdtu.dk/public_html/wiki/inc/actions.php(16): dokuwiki\ActionRouter::getInstance(true)
  #11 /var/www/akdtu.dk/public_html/wiki/doku.php(126): act_dispatch()
  #12 {main}
2023-10-28 11:05:35	/var/www/akdtu.dk/public_html/wiki/lib/plugins/dw2pdf/DokuPDF.class.php(62)	E_WARNING: array_merge() [<a href='http://php.net/manual/en/function.array-merge'>function.array-merge</a>]: Expected parameter 1 to be an array, null given
  #0 [internal function]: dokuwiki\ErrorHandler::errorHandler(2, 'array_merge() [...', '/var/www/akdtu....', 62, Array)
  #1 /var/www/akdtu.dk/public_html/wiki/lib/plugins/dw2pdf/DokuPDF.class.php(62): array_merge(NULL, Array)
  #2 /var/www/akdtu.dk/public_html/wiki/lib/plugins/dw2pdf/action.php(419): DokuPDF->__construct('A4', 'portrait', 11)
  #3 /var/www/akdtu.dk/public_html/wiki/lib/plugins/dw2pdf/action.php(107): action_plugin_dw2pdf->generatePDF('/var/www/akdtu....', Object(dokuwiki\Extension\Event))
  #4 /var/www/akdtu.dk/public_html/wiki/inc/Extension/EventHandler.php(80): action_plugin_dw2pdf->convert(Object(dokuwiki\Extension\Event), Array)
  #5 /var/www/akdtu.dk/public_html/wiki/inc/Extension/Event.php(74): dokuwiki\Extension\EventHandler->process_event(Object(dokuwiki\Extension\Event), 'BEFORE')
  #6 /var/www/akdtu.dk/public_html/wiki/inc/ActionRouter.php(80): dokuwiki\Extension\Event->advise_before()
  #7 /var/www/akdtu.dk/public_html/wiki/inc/ActionRouter.php(48): dokuwiki\ActionRouter->setupAction('export_pdf')
  #8 /var/www/akdtu.dk/public_html/wiki/inc/ActionRouter.php(60): dokuwiki\ActionRouter->__construct()
  #9 /var/www/akdtu.dk/public_html/wiki/inc/actions.php(16): dokuwiki\ActionRouter::getInstance(true)
  #10 /var/www/akdtu.dk/public_html/wiki/doku.php(126): act_dispatch()
  #11 {main}
2023-10-28 11:05:35	/var/www/akdtu.dk/public_html/wiki/inc/common.php(1840)	E_WARNING: Cannot modify header information - headers already sent by (output started at /var/www/akdtu.dk/public_html/wiki/lib/plugins/dw2pdf/DokuPDF.class.php:62)
  #0 [internal function]: dokuwiki\ErrorHandler::errorHandler(2, 'Cannot modify h...', '/var/www/akdtu....', 1840, Array)
  #1 /var/www/akdtu.dk/public_html/wiki/inc/common.php(1840): header('Location: https...')
  #2 /var/www/akdtu.dk/public_html/wiki/inc/Action/Redirect.php(63): send_redirect('https://akdtu.d...')
  #3 [internal function]: dokuwiki\Action\Redirect->redirect(Array)
  #4 /var/www/akdtu.dk/public_html/wiki/inc/Extension/Event.php(133): call_user_func_array(Array, Array)
  #5 /var/www/akdtu.dk/public_html/wiki/inc/Extension/Event.php(199): dokuwiki\Extension\Event->trigger(Array, true)
  #6 /var/www/akdtu.dk/public_html/wiki/inc/Action/Redirect.php(45): dokuwiki\Extension\Event::createAndTrigger('ACTION_SHOW_RED...', Array, Array)
  #7 /var/www/akdtu.dk/public_html/wiki/inc/ActionRouter.php(83): dokuwiki\Action\Redirect->preProcess()
  #8 /var/www/akdtu.dk/public_html/wiki/inc/ActionRouter.php(48): dokuwiki\ActionRouter->setupAction('redirect')
  #9 /var/www/akdtu.dk/public_html/wiki/inc/ActionRouter.php(60): dokuwiki\ActionRouter->__construct()
  #10 /var/www/akdtu.dk/public_html/wiki/inc/actions.php(16): dokuwiki\ActionRouter::getInstance(true)
  #11 /var/www/akdtu.dk/public_html/wiki/doku.php(126): act_dispatch()
  #12 {main}
2023-10-28 11:05:51	/var/www/akdtu.dk/public_html/wiki/lib/plugins/dw2pdf/DokuPDF.class.php(62)	E_WARNING: array_merge() [<a href='http://php.net/manual/en/function.array-merge'>function.array-merge</a>]: Expected parameter 1 to be an array, null given
  #0 [internal function]: dokuwiki\ErrorHandler::errorHandler(2, 'array_merge() [...', '/var/www/akdtu....', 62, Array)
  #1 /var/www/akdtu.dk/public_html/wiki/lib/plugins/dw2pdf/DokuPDF.class.php(62): array_merge(NULL, Array)
  #2 /var/www/akdtu.dk/public_html/wiki/lib/plugins/dw2pdf/action.php(419): DokuPDF->__construct('A4', 'portrait', 11)
  #3 /var/www/akdtu.dk/public_html/wiki/lib/plugins/dw2pdf/action.php(107): action_plugin_dw2pdf->generatePDF('/var/www/akdtu....', Object(dokuwiki\Extension\Event))
  #4 /var/www/akdtu.dk/public_html/wiki/inc/Extension/EventHandler.php(80): action_plugin_dw2pdf->convert(Object(dokuwiki\Extension\Event), Array)
  #5 /var/www/akdtu.dk/public_html/wiki/inc/Extension/Event.php(74): dokuwiki\Extension\EventHandler->process_event(Object(dokuwiki\Extension\Event), 'BEFORE')
  #6 /var/www/akdtu.dk/public_html/wiki/inc/ActionRouter.php(80): dokuwiki\Extension\Event->advise_before()
  #7 /var/www/akdtu.dk/public_html/wiki/inc/ActionRouter.php(48): dokuwiki\ActionRouter->setupAction('export_pdf')
  #8 /var/www/akdtu.dk/public_html/wiki/inc/ActionRouter.php(60): dokuwiki\ActionRouter->__construct()
  #9 /var/www/akdtu.dk/public_html/wiki/inc/actions.php(16): dokuwiki\ActionRouter::getInstance(true)
  #10 /var/www/akdtu.dk/public_html/wiki/doku.php(126): act_dispatch()
  #11 {main}
2023-10-28 11:05:51	/var/www/akdtu.dk/public_html/wiki/inc/common.php(1840)	E_WARNING: Cannot modify header information - headers already sent by (output started at /var/www/akdtu.dk/public_html/wiki/lib/plugins/dw2pdf/DokuPDF.class.php:62)
  #0 [internal function]: dokuwiki\ErrorHandler::errorHandler(2, 'Cannot modify h...', '/var/www/akdtu....', 1840, Array)
  #1 /var/www/akdtu.dk/public_html/wiki/inc/common.php(1840): header('Location: https...')
  #2 /var/www/akdtu.dk/public_html/wiki/inc/Action/Redirect.php(63): send_redirect('https://akdtu.d...')
  #3 [internal function]: dokuwiki\Action\Redirect->redirect(Array)
  #4 /var/www/akdtu.dk/public_html/wiki/inc/Extension/Event.php(133): call_user_func_array(Array, Array)
  #5 /var/www/akdtu.dk/public_html/wiki/inc/Extension/Event.php(199): dokuwiki\Extension\Event->trigger(Array, true)
  #6 /var/www/akdtu.dk/public_html/wiki/inc/Action/Redirect.php(45): dokuwiki\Extension\Event::createAndTrigger('ACTION_SHOW_RED...', Array, Array)
  #7 /var/www/akdtu.dk/public_html/wiki/inc/ActionRouter.php(83): dokuwiki\Action\Redirect->preProcess()
  #8 /var/www/akdtu.dk/public_html/wiki/inc/ActionRouter.php(48): dokuwiki\ActionRouter->setupAction('redirect')
  #9 /var/www/akdtu.dk/public_html/wiki/inc/ActionRouter.php(60): dokuwiki\ActionRouter->__construct()
  #10 /var/www/akdtu.dk/public_html/wiki/inc/actions.php(16): dokuwiki\ActionRouter::getInstance(true)
  #11 /var/www/akdtu.dk/public_html/wiki/doku.php(126): act_dispatch()
  #12 {main}
2023-10-28 11:05:52	/var/www/akdtu.dk/public_html/wiki/lib/plugins/dw2pdf/DokuPDF.class.php(62)	E_WARNING: array_merge() [<a href='http://php.net/manual/en/function.array-merge'>function.array-merge</a>]: Expected parameter 1 to be an array, null given
  #0 [internal function]: dokuwiki\ErrorHandler::errorHandler(2, 'array_merge() [...', '/var/www/akdtu....', 62, Array)
  #1 /var/www/akdtu.dk/public_html/wiki/lib/plugins/dw2pdf/DokuPDF.class.php(62): array_merge(NULL, Array)
  #2 /var/www/akdtu.dk/public_html/wiki/lib/plugins/dw2pdf/action.php(419): DokuPDF->__construct('A4', 'portrait', 11)
  #3 /var/www/akdtu.dk/public_html/wiki/lib/plugins/dw2pdf/action.php(107): action_plugin_dw2pdf->generatePDF('/var/www/akdtu....', Object(dokuwiki\Extension\Event))
  #4 /var/www/akdtu.dk/public_html/wiki/inc/Extension/EventHandler.php(80): action_plugin_dw2pdf->convert(Object(dokuwiki\Extension\Event), Array)
  #5 /var/www/akdtu.dk/public_html/wiki/inc/Extension/Event.php(74): dokuwiki\Extension\EventHandler->process_event(Object(dokuwiki\Extension\Event), 'BEFORE')
  #6 /var/www/akdtu.dk/public_html/wiki/inc/ActionRouter.php(80): dokuwiki\Extension\Event->advise_before()
  #7 /var/www/akdtu.dk/public_html/wiki/inc/ActionRouter.php(48): dokuwiki\ActionRouter->setupAction('export_pdf')
  #8 /var/www/akdtu.dk/public_html/wiki/inc/ActionRouter.php(60): dokuwiki\ActionRouter->__construct()
  #9 /var/www/akdtu.dk/public_html/wiki/inc/actions.php(16): dokuwiki\ActionRouter::getInstance(true)
  #10 /var/www/akdtu.dk/public_html/wiki/doku.php(126): act_dispatch()
  #11 {main}
2023-10-28 11:05:52	/var/www/akdtu.dk/public_html/wiki/inc/common.php(1840)	E_WARNING: Cannot modify header information - headers already sent by (output started at /var/www/akdtu.dk/public_html/wiki/lib/plugins/dw2pdf/DokuPDF.class.php:62)
  #0 [internal function]: dokuwiki\ErrorHandler::errorHandler(2, 'Cannot modify h...', '/var/www/akdtu....', 1840, Array)
  #1 /var/www/akdtu.dk/public_html/wiki/inc/common.php(1840): header('Location: https...')
  #2 /var/www/akdtu.dk/public_html/wiki/inc/Action/Redirect.php(63): send_redirect('https://akdtu.d...')
  #3 [internal function]: dokuwiki\Action\Redirect->redirect(Array)
  #4 /var/www/akdtu.dk/public_html/wiki/inc/Extension/Event.php(133): call_user_func_array(Array, Array)
  #5 /var/www/akdtu.dk/public_html/wiki/inc/Extension/Event.php(199): dokuwiki\Extension\Event->trigger(Array, true)
  #6 /var/www/akdtu.dk/public_html/wiki/inc/Action/Redirect.php(45): dokuwiki\Extension\Event::createAndTrigger('ACTION_SHOW_RED...', Array, Array)
  #7 /var/www/akdtu.dk/public_html/wiki/inc/ActionRouter.php(83): dokuwiki\Action\Redirect->preProcess()
  #8 /var/www/akdtu.dk/public_html/wiki/inc/ActionRouter.php(48): dokuwiki\ActionRouter->setupAction('redirect')
  #9 /var/www/akdtu.dk/public_html/wiki/inc/ActionRouter.php(60): dokuwiki\ActionRouter->__construct()
  #10 /var/www/akdtu.dk/public_html/wiki/inc/actions.php(16): dokuwiki\ActionRouter::getInstance(true)
  #11 /var/www/akdtu.dk/public_html/wiki/doku.php(126): act_dispatch()
  #12 {main}
2023-10-28 11:06:29	/var/www/akdtu.dk/public_html/wiki/lib/plugins/dw2pdf/DokuPDF.class.php(62)	E_WARNING: array_merge() [<a href='http://php.net/manual/en/function.array-merge'>function.array-merge</a>]: Expected parameter 1 to be an array, null given
  #0 [internal function]: dokuwiki\ErrorHandler::errorHandler(2, 'array_merge() [...', '/var/www/akdtu....', 62, Array)
  #1 /var/www/akdtu.dk/public_html/wiki/lib/plugins/dw2pdf/DokuPDF.class.php(62): array_merge(NULL, Array)
  #2 /var/www/akdtu.dk/public_html/wiki/lib/plugins/dw2pdf/action.php(419): DokuPDF->__construct('A4', 'portrait', 11)
  #3 /var/www/akdtu.dk/public_html/wiki/lib/plugins/dw2pdf/action.php(107): action_plugin_dw2pdf->generatePDF('/var/www/akdtu....', Object(dokuwiki\Extension\Event))
  #4 /var/www/akdtu.dk/public_html/wiki/inc/Extension/EventHandler.php(80): action_plugin_dw2pdf->convert(Object(dokuwiki\Extension\Event), Array)
  #5 /var/www/akdtu.dk/public_html/wiki/inc/Extension/Event.php(74): dokuwiki\Extension\EventHandler->process_event(Object(dokuwiki\Extension\Event), 'BEFORE')
  #6 /var/www/akdtu.dk/public_html/wiki/inc/ActionRouter.php(80): dokuwiki\Extension\Event->advise_before()
  #7 /var/www/akdtu.dk/public_html/wiki/inc/ActionRouter.php(48): dokuwiki\ActionRouter->setupAction('export_pdf')
  #8 /var/www/akdtu.dk/public_html/wiki/inc/ActionRouter.php(60): dokuwiki\ActionRouter->__construct()
  #9 /var/www/akdtu.dk/public_html/wiki/inc/actions.php(16): dokuwiki\ActionRouter::getInstance(true)
  #10 /var/www/akdtu.dk/public_html/wiki/doku.php(126): act_dispatch()
  #11 {main}
2023-10-28 11:06:29	/var/www/akdtu.dk/public_html/wiki/inc/common.php(1840)	E_WARNING: Cannot modify header information - headers already sent by (output started at /var/www/akdtu.dk/public_html/wiki/lib/plugins/dw2pdf/DokuPDF.class.php:62)
  #0 [internal function]: dokuwiki\ErrorHandler::errorHandler(2, 'Cannot modify h...', '/var/www/akdtu....', 1840, Array)
  #1 /var/www/akdtu.dk/public_html/wiki/inc/common.php(1840): header('Location: https...')
  #2 /var/www/akdtu.dk/public_html/wiki/inc/Action/Redirect.php(63): send_redirect('https://akdtu.d...')
  #3 [internal function]: dokuwiki\Action\Redirect->redirect(Array)
  #4 /var/www/akdtu.dk/public_html/wiki/inc/Extension/Event.php(133): call_user_func_array(Array, Array)
  #5 /var/www/akdtu.dk/public_html/wiki/inc/Extension/Event.php(199): dokuwiki\Extension\Event->trigger(Array, true)
  #6 /var/www/akdtu.dk/public_html/wiki/inc/Action/Redirect.php(45): dokuwiki\Extension\Event::createAndTrigger('ACTION_SHOW_RED...', Array, Array)
  #7 /var/www/akdtu.dk/public_html/wiki/inc/ActionRouter.php(83): dokuwiki\Action\Redirect->preProcess()
  #8 /var/www/akdtu.dk/public_html/wiki/inc/ActionRouter.php(48): dokuwiki\ActionRouter->setupAction('redirect')
  #9 /var/www/akdtu.dk/public_html/wiki/inc/ActionRouter.php(60): dokuwiki\ActionRouter->__construct()
  #10 /var/www/akdtu.dk/public_html/wiki/inc/actions.php(16): dokuwiki\ActionRouter::getInstance(true)
  #11 /var/www/akdtu.dk/public_html/wiki/doku.php(126): act_dispatch()
  #12 {main}
2023-10-28 11:06:30	/var/www/akdtu.dk/public_html/wiki/lib/plugins/dw2pdf/DokuPDF.class.php(62)	E_WARNING: array_merge() [<a href='http://php.net/manual/en/function.array-merge'>function.array-merge</a>]: Expected parameter 1 to be an array, null given
  #0 [internal function]: dokuwiki\ErrorHandler::errorHandler(2, 'array_merge() [...', '/var/www/akdtu....', 62, Array)
  #1 /var/www/akdtu.dk/public_html/wiki/lib/plugins/dw2pdf/DokuPDF.class.php(62): array_merge(NULL, Array)
  #2 /var/www/akdtu.dk/public_html/wiki/lib/plugins/dw2pdf/action.php(419): DokuPDF->__construct('A4', 'portrait', 11)
  #3 /var/www/akdtu.dk/public_html/wiki/lib/plugins/dw2pdf/action.php(107): action_plugin_dw2pdf->generatePDF('/var/www/akdtu....', Object(dokuwiki\Extension\Event))
  #4 /var/www/akdtu.dk/public_html/wiki/inc/Extension/EventHandler.php(80): action_plugin_dw2pdf->convert(Object(dokuwiki\Extension\Event), Array)
  #5 /var/www/akdtu.dk/public_html/wiki/inc/Extension/Event.php(74): dokuwiki\Extension\EventHandler->process_event(Object(dokuwiki\Extension\Event), 'BEFORE')
  #6 /var/www/akdtu.dk/public_html/wiki/inc/ActionRouter.php(80): dokuwiki\Extension\Event->advise_before()
  #7 /var/www/akdtu.dk/public_html/wiki/inc/ActionRouter.php(48): dokuwiki\ActionRouter->setupAction('export_pdf')
  #8 /var/www/akdtu.dk/public_html/wiki/inc/ActionRouter.php(60): dokuwiki\ActionRouter->__construct()
  #9 /var/www/akdtu.dk/public_html/wiki/inc/actions.php(16): dokuwiki\ActionRouter::getInstance(true)
  #10 /var/www/akdtu.dk/public_html/wiki/doku.php(126): act_dispatch()
  #11 {main}
2023-10-28 11:06:30	/var/www/akdtu.dk/public_html/wiki/inc/common.php(1840)	E_WARNING: Cannot modify header information - headers already sent by (output started at /var/www/akdtu.dk/public_html/wiki/lib/plugins/dw2pdf/DokuPDF.class.php:62)
  #0 [internal function]: dokuwiki\ErrorHandler::errorHandler(2, 'Cannot modify h...', '/var/www/akdtu....', 1840, Array)
  #1 /var/www/akdtu.dk/public_html/wiki/inc/common.php(1840): header('Location: https...')
  #2 /var/www/akdtu.dk/public_html/wiki/inc/Action/Redirect.php(63): send_redirect('https://akdtu.d...')
  #3 [internal function]: dokuwiki\Action\Redirect->redirect(Array)
  #4 /var/www/akdtu.dk/public_html/wiki/inc/Extension/Event.php(133): call_user_func_array(Array, Array)
  #5 /var/www/akdtu.dk/public_html/wiki/inc/Extension/Event.php(199): dokuwiki\Extension\Event->trigger(Array, true)
  #6 /var/www/akdtu.dk/public_html/wiki/inc/Action/Redirect.php(45): dokuwiki\Extension\Event::createAndTrigger('ACTION_SHOW_RED...', Array, Array)
  #7 /var/www/akdtu.dk/public_html/wiki/inc/ActionRouter.php(83): dokuwiki\Action\Redirect->preProcess()
  #8 /var/www/akdtu.dk/public_html/wiki/inc/ActionRouter.php(48): dokuwiki\ActionRouter->setupAction('redirect')
  #9 /var/www/akdtu.dk/public_html/wiki/inc/ActionRouter.php(60): dokuwiki\ActionRouter->__construct()
  #10 /var/www/akdtu.dk/public_html/wiki/inc/actions.php(16): dokuwiki\ActionRouter::getInstance(true)
  #11 /var/www/akdtu.dk/public_html/wiki/doku.php(126): act_dispatch()
  #12 {main}
2023-10-28 11:06:47	/var/www/akdtu.dk/public_html/wiki/lib/plugins/dw2pdf/DokuPDF.class.php(62)	E_WARNING: array_merge() [<a href='http://php.net/manual/en/function.array-merge'>function.array-merge</a>]: Expected parameter 1 to be an array, null given
  #0 [internal function]: dokuwiki\ErrorHandler::errorHandler(2, 'array_merge() [...', '/var/www/akdtu....', 62, Array)
  #1 /var/www/akdtu.dk/public_html/wiki/lib/plugins/dw2pdf/DokuPDF.class.php(62): array_merge(NULL, Array)
  #2 /var/www/akdtu.dk/public_html/wiki/lib/plugins/dw2pdf/action.php(419): DokuPDF->__construct('A4', 'portrait', 11)
  #3 /var/www/akdtu.dk/public_html/wiki/lib/plugins/dw2pdf/action.php(107): action_plugin_dw2pdf->generatePDF('/var/www/akdtu....', Object(dokuwiki\Extension\Event))
  #4 /var/www/akdtu.dk/public_html/wiki/inc/Extension/EventHandler.php(80): action_plugin_dw2pdf->convert(Object(dokuwiki\Extension\Event), Array)
  #5 /var/www/akdtu.dk/public_html/wiki/inc/Extension/Event.php(74): dokuwiki\Extension\EventHandler->process_event(Object(dokuwiki\Extension\Event), 'BEFORE')
  #6 /var/www/akdtu.dk/public_html/wiki/inc/ActionRouter.php(80): dokuwiki\Extension\Event->advise_before()
  #7 /var/www/akdtu.dk/public_html/wiki/inc/ActionRouter.php(48): dokuwiki\ActionRouter->setupAction('export_pdf')
  #8 /var/www/akdtu.dk/public_html/wiki/inc/ActionRouter.php(60): dokuwiki\ActionRouter->__construct()
  #9 /var/www/akdtu.dk/public_html/wiki/inc/actions.php(16): dokuwiki\ActionRouter::getInstance(true)
  #10 /var/www/akdtu.dk/public_html/wiki/doku.php(126): act_dispatch()
  #11 {main}
2023-10-28 11:06:47	/var/www/akdtu.dk/public_html/wiki/inc/common.php(1840)	E_WARNING: Cannot modify header information - headers already sent by (output started at /var/www/akdtu.dk/public_html/wiki/lib/plugins/dw2pdf/DokuPDF.class.php:62)
  #0 [internal function]: dokuwiki\ErrorHandler::errorHandler(2, 'Cannot modify h...', '/var/www/akdtu....', 1840, Array)
  #1 /var/www/akdtu.dk/public_html/wiki/inc/common.php(1840): header('Location: https...')
  #2 /var/www/akdtu.dk/public_html/wiki/inc/Action/Redirect.php(63): send_redirect('https://akdtu.d...')
  #3 [internal function]: dokuwiki\Action\Redirect->redirect(Array)
  #4 /var/www/akdtu.dk/public_html/wiki/inc/Extension/Event.php(133): call_user_func_array(Array, Array)
  #5 /var/www/akdtu.dk/public_html/wiki/inc/Extension/Event.php(199): dokuwiki\Extension\Event->trigger(Array, true)
  #6 /var/www/akdtu.dk/public_html/wiki/inc/Action/Redirect.php(45): dokuwiki\Extension\Event::createAndTrigger('ACTION_SHOW_RED...', Array, Array)
  #7 /var/www/akdtu.dk/public_html/wiki/inc/ActionRouter.php(83): dokuwiki\Action\Redirect->preProcess()
  #8 /var/www/akdtu.dk/public_html/wiki/inc/ActionRouter.php(48): dokuwiki\ActionRouter->setupAction('redirect')
  #9 /var/www/akdtu.dk/public_html/wiki/inc/ActionRouter.php(60): dokuwiki\ActionRouter->__construct()
  #10 /var/www/akdtu.dk/public_html/wiki/inc/actions.php(16): dokuwiki\ActionRouter::getInstance(true)
  #11 /var/www/akdtu.dk/public_html/wiki/doku.php(126): act_dispatch()
  #12 {main}
2023-10-28 11:06:48	/var/www/akdtu.dk/public_html/wiki/lib/plugins/dw2pdf/DokuPDF.class.php(62)	E_WARNING: array_merge() [<a href='http://php.net/manual/en/function.array-merge'>function.array-merge</a>]: Expected parameter 1 to be an array, null given
  #0 [internal function]: dokuwiki\ErrorHandler::errorHandler(2, 'array_merge() [...', '/var/www/akdtu....', 62, Array)
  #1 /var/www/akdtu.dk/public_html/wiki/lib/plugins/dw2pdf/DokuPDF.class.php(62): array_merge(NULL, Array)
  #2 /var/www/akdtu.dk/public_html/wiki/lib/plugins/dw2pdf/action.php(419): DokuPDF->__construct('A4', 'portrait', 11)
  #3 /var/www/akdtu.dk/public_html/wiki/lib/plugins/dw2pdf/action.php(107): action_plugin_dw2pdf->generatePDF('/var/www/akdtu....', Object(dokuwiki\Extension\Event))
  #4 /var/www/akdtu.dk/public_html/wiki/inc/Extension/EventHandler.php(80): action_plugin_dw2pdf->convert(Object(dokuwiki\Extension\Event), Array)
  #5 /var/www/akdtu.dk/public_html/wiki/inc/Extension/Event.php(74): dokuwiki\Extension\EventHandler->process_event(Object(dokuwiki\Extension\Event), 'BEFORE')
  #6 /var/www/akdtu.dk/public_html/wiki/inc/ActionRouter.php(80): dokuwiki\Extension\Event->advise_before()
  #7 /var/www/akdtu.dk/public_html/wiki/inc/ActionRouter.php(48): dokuwiki\ActionRouter->setupAction('export_pdf')
  #8 /var/www/akdtu.dk/public_html/wiki/inc/ActionRouter.php(60): dokuwiki\ActionRouter->__construct()
  #9 /var/www/akdtu.dk/public_html/wiki/inc/actions.php(16): dokuwiki\ActionRouter::getInstance(true)
  #10 /var/www/akdtu.dk/public_html/wiki/doku.php(126): act_dispatch()
  #11 {main}
2023-10-28 11:06:48	/var/www/akdtu.dk/public_html/wiki/inc/common.php(1840)	E_WARNING: Cannot modify header information - headers already sent by (output started at /var/www/akdtu.dk/public_html/wiki/lib/plugins/dw2pdf/DokuPDF.class.php:62)
  #0 [internal function]: dokuwiki\ErrorHandler::errorHandler(2, 'Cannot modify h...', '/var/www/akdtu....', 1840, Array)
  #1 /var/www/akdtu.dk/public_html/wiki/inc/common.php(1840): header('Location: https...')
  #2 /var/www/akdtu.dk/public_html/wiki/inc/Action/Redirect.php(63): send_redirect('https://akdtu.d...')
  #3 [internal function]: dokuwiki\Action\Redirect->redirect(Array)
  #4 /var/www/akdtu.dk/public_html/wiki/inc/Extension/Event.php(133): call_user_func_array(Array, Array)
  #5 /var/www/akdtu.dk/public_html/wiki/inc/Extension/Event.php(199): dokuwiki\Extension\Event->trigger(Array, true)
  #6 /var/www/akdtu.dk/public_html/wiki/inc/Action/Redirect.php(45): dokuwiki\Extension\Event::createAndTrigger('ACTION_SHOW_RED...', Array, Array)
  #7 /var/www/akdtu.dk/public_html/wiki/inc/ActionRouter.php(83): dokuwiki\Action\Redirect->preProcess()
  #8 /var/www/akdtu.dk/public_html/wiki/inc/ActionRouter.php(48): dokuwiki\ActionRouter->setupAction('redirect')
  #9 /var/www/akdtu.dk/public_html/wiki/inc/ActionRouter.php(60): dokuwiki\ActionRouter->__construct()
  #10 /var/www/akdtu.dk/public_html/wiki/inc/actions.php(16): dokuwiki\ActionRouter::getInstance(true)
  #11 /var/www/akdtu.dk/public_html/wiki/doku.php(126): act_dispatch()
  #12 {main}
2023-10-28 11:07:03	/var/www/akdtu.dk/public_html/wiki/lib/plugins/dw2pdf/DokuPDF.class.php(64)	ParseError: syntax error, unexpected '=>' (T_DOUBLE_ARROW), expecting ')'
  #0 /var/www/akdtu.dk/public_html/wiki/lib/plugins/dw2pdf/action.php(107): action_plugin_dw2pdf->generatePDF('/var/www/akdtu....', Object(dokuwiki\Extension\Event))
  #1 /var/www/akdtu.dk/public_html/wiki/inc/Extension/EventHandler.php(80): action_plugin_dw2pdf->convert(Object(dokuwiki\Extension\Event), Array)
  #2 /var/www/akdtu.dk/public_html/wiki/inc/Extension/Event.php(74): dokuwiki\Extension\EventHandler->process_event(Object(dokuwiki\Extension\Event), 'BEFORE')
  #3 /var/www/akdtu.dk/public_html/wiki/inc/ActionRouter.php(80): dokuwiki\Extension\Event->advise_before()
  #4 /var/www/akdtu.dk/public_html/wiki/inc/ActionRouter.php(48): dokuwiki\ActionRouter->setupAction('export_pdf')
  #5 /var/www/akdtu.dk/public_html/wiki/inc/ActionRouter.php(60): dokuwiki\ActionRouter->__construct()
  #6 /var/www/akdtu.dk/public_html/wiki/inc/actions.php(16): dokuwiki\ActionRouter::getInstance(true)
  #7 /var/www/akdtu.dk/public_html/wiki/doku.php(126): act_dispatch()
  #8 {main}
